[INFO] start running src/param_statistics.py ...
[INFO] start running initialize ...
[INFO] finish running initialize ...

[INFO] start running build_validation_model ...
[INFO] finish running build_validation_model ...

====================================================================================================
ImageInput
[u'val_db_reader']
[u'data', u'label']

====================================================================================================
StopGradient
[u'data']
[u'data']

====================================================================================================
StopGradient
[u'label']
[u'label']

====================================================================================================
Conv
[u'data', u'conv1_w', u'conv1_b']
[u'conv1']

====================================================================================================
SpatialBN
[u'conv1', u'res_conv1_bn_s', u'res_conv1_bn_b', u'res_conv1_bn_rm', u'res_conv1_bn_riv']
[u'res_conv1_bn']

====================================================================================================
Relu
[u'res_conv1_bn']
[u'res_conv1_bn']

====================================================================================================
MaxPool
[u'res_conv1_bn']
[u'pool1']

====================================================================================================
Conv
[u'pool1', u'res2_0_branch1_w']
[u'res2_0_branch1']

====================================================================================================
SpatialBN
[u'res2_0_branch1', u'res2_0_branch1_bn_s', u'res2_0_branch1_bn_b', u'res2_0_branch1_bn_rm', u'res2_0_branch1_bn_riv']
[u'res2_0_branch1_bn']

====================================================================================================
Conv
[u'pool1', u'res2_0_branch2a_w']
[u'res2_0_branch2a']

====================================================================================================
SpatialBN
[u'res2_0_branch2a', u'res2_0_branch2a_bn_s', u'res2_0_branch2a_bn_b', u'res2_0_branch2a_bn_rm', u'res2_0_branch2a_bn_riv']
[u'res2_0_branch2a_bn']

====================================================================================================
Relu
[u'res2_0_branch2a_bn']
[u'res2_0_branch2a_bn']

====================================================================================================
Conv
[u'res2_0_branch2a_bn', u'res2_0_branch2b_w']
[u'res2_0_branch2b']

====================================================================================================
SpatialBN
[u'res2_0_branch2b', u'res2_0_branch2b_bn_s', u'res2_0_branch2b_bn_b', u'res2_0_branch2b_bn_rm', u'res2_0_branch2b_bn_riv']
[u'res2_0_branch2b_bn']

====================================================================================================
Relu
[u'res2_0_branch2b_bn']
[u'res2_0_branch2b_bn']

====================================================================================================
Conv
[u'res2_0_branch2b_bn', u'res2_0_branch2c_w']
[u'res2_0_branch2c']

====================================================================================================
SpatialBN
[u'res2_0_branch2c', u'res2_0_branch2c_bn_s', u'res2_0_branch2c_bn_b', u'res2_0_branch2c_bn_rm', u'res2_0_branch2c_bn_riv']
[u'res2_0_branch2c_bn']

====================================================================================================
Sum
[u'res2_0_branch2c_bn', u'res2_0_branch1_bn']
[u'res2_0_branch2c_bn']

====================================================================================================
Relu
[u'res2_0_branch2c_bn']
[u'res2_0_branch2c_bn']

====================================================================================================
Conv
[u'res2_0_branch2c_bn', u'res2_1_branch2a_w']
[u'res2_1_branch2a']

====================================================================================================
SpatialBN
[u'res2_1_branch2a', u'res2_1_branch2a_bn_s', u'res2_1_branch2a_bn_b', u'res2_1_branch2a_bn_rm', u'res2_1_branch2a_bn_riv']
[u'res2_1_branch2a_bn']

====================================================================================================
Relu
[u'res2_1_branch2a_bn']
[u'res2_1_branch2a_bn']

====================================================================================================
Conv
[u'res2_1_branch2a_bn', u'res2_1_branch2b_w']
[u'res2_1_branch2b']

====================================================================================================
SpatialBN
[u'res2_1_branch2b', u'res2_1_branch2b_bn_s', u'res2_1_branch2b_bn_b', u'res2_1_branch2b_bn_rm', u'res2_1_branch2b_bn_riv']
[u'res2_1_branch2b_bn']

====================================================================================================
Relu
[u'res2_1_branch2b_bn']
[u'res2_1_branch2b_bn']

====================================================================================================
Conv
[u'res2_1_branch2b_bn', u'res2_1_branch2c_w']
[u'res2_1_branch2c']

====================================================================================================
SpatialBN
[u'res2_1_branch2c', u'res2_1_branch2c_bn_s', u'res2_1_branch2c_bn_b', u'res2_1_branch2c_bn_rm', u'res2_1_branch2c_bn_riv']
[u'res2_1_branch2c_bn']

====================================================================================================
Sum
[u'res2_1_branch2c_bn', u'res2_0_branch2c_bn']
[u'res2_1_branch2c_bn']

====================================================================================================
Relu
[u'res2_1_branch2c_bn']
[u'res2_1_branch2c_bn']

====================================================================================================
Conv
[u'res2_1_branch2c_bn', u'res2_2_branch2a_w']
[u'res2_2_branch2a']

====================================================================================================
SpatialBN
[u'res2_2_branch2a', u'res2_2_branch2a_bn_s', u'res2_2_branch2a_bn_b', u'res2_2_branch2a_bn_rm', u'res2_2_branch2a_bn_riv']
[u'res2_2_branch2a_bn']

====================================================================================================
Relu
[u'res2_2_branch2a_bn']
[u'res2_2_branch2a_bn']

====================================================================================================
Conv
[u'res2_2_branch2a_bn', u'res2_2_branch2b_w']
[u'res2_2_branch2b']

====================================================================================================
SpatialBN
[u'res2_2_branch2b', u'res2_2_branch2b_bn_s', u'res2_2_branch2b_bn_b', u'res2_2_branch2b_bn_rm', u'res2_2_branch2b_bn_riv']
[u'res2_2_branch2b_bn']

====================================================================================================
Relu
[u'res2_2_branch2b_bn']
[u'res2_2_branch2b_bn']

====================================================================================================
Conv
[u'res2_2_branch2b_bn', u'res2_2_branch2c_w']
[u'res2_2_branch2c']

====================================================================================================
SpatialBN
[u'res2_2_branch2c', u'res2_2_branch2c_bn_s', u'res2_2_branch2c_bn_b', u'res2_2_branch2c_bn_rm', u'res2_2_branch2c_bn_riv']
[u'res2_2_branch2c_bn']

====================================================================================================
Sum
[u'res2_2_branch2c_bn', u'res2_1_branch2c_bn']
[u'res2_2_branch2c_bn']

====================================================================================================
Relu
[u'res2_2_branch2c_bn']
[u'res2_2_branch2c_bn']

====================================================================================================
Conv
[u'res2_2_branch2c_bn', u'res3_0_branch1_w']
[u'res3_0_branch1']

====================================================================================================
SpatialBN
[u'res3_0_branch1', u'res3_0_branch1_bn_s', u'res3_0_branch1_bn_b', u'res3_0_branch1_bn_rm', u'res3_0_branch1_bn_riv']
[u'res3_0_branch1_bn']

====================================================================================================
Conv
[u'res2_2_branch2c_bn', u'res3_0_branch2a_w']
[u'res3_0_branch2a']

====================================================================================================
SpatialBN
[u'res3_0_branch2a', u'res3_0_branch2a_bn_s', u'res3_0_branch2a_bn_b', u'res3_0_branch2a_bn_rm', u'res3_0_branch2a_bn_riv']
[u'res3_0_branch2a_bn']

====================================================================================================
Relu
[u'res3_0_branch2a_bn']
[u'res3_0_branch2a_bn']

====================================================================================================
Conv
[u'res3_0_branch2a_bn', u'res3_0_branch2b_w']
[u'res3_0_branch2b']

====================================================================================================
SpatialBN
[u'res3_0_branch2b', u'res3_0_branch2b_bn_s', u'res3_0_branch2b_bn_b', u'res3_0_branch2b_bn_rm', u'res3_0_branch2b_bn_riv']
[u'res3_0_branch2b_bn']

====================================================================================================
Relu
[u'res3_0_branch2b_bn']
[u'res3_0_branch2b_bn']

====================================================================================================
Conv
[u'res3_0_branch2b_bn', u'res3_0_branch2c_w']
[u'res3_0_branch2c']

====================================================================================================
SpatialBN
[u'res3_0_branch2c', u'res3_0_branch2c_bn_s', u'res3_0_branch2c_bn_b', u'res3_0_branch2c_bn_rm', u'res3_0_branch2c_bn_riv']
[u'res3_0_branch2c_bn']

====================================================================================================
Sum
[u'res3_0_branch2c_bn', u'res3_0_branch1_bn']
[u'res3_0_branch2c_bn']

====================================================================================================
Relu
[u'res3_0_branch2c_bn']
[u'res3_0_branch2c_bn']

====================================================================================================
Conv
[u'res3_0_branch2c_bn', u'res3_1_branch2a_w']
[u'res3_1_branch2a']

====================================================================================================
SpatialBN
[u'res3_1_branch2a', u'res3_1_branch2a_bn_s', u'res3_1_branch2a_bn_b', u'res3_1_branch2a_bn_rm', u'res3_1_branch2a_bn_riv']
[u'res3_1_branch2a_bn']

====================================================================================================
Relu
[u'res3_1_branch2a_bn']
[u'res3_1_branch2a_bn']

====================================================================================================
Conv
[u'res3_1_branch2a_bn', u'res3_1_branch2b_w']
[u'res3_1_branch2b']

====================================================================================================
SpatialBN
[u'res3_1_branch2b', u'res3_1_branch2b_bn_s', u'res3_1_branch2b_bn_b', u'res3_1_branch2b_bn_rm', u'res3_1_branch2b_bn_riv']
[u'res3_1_branch2b_bn']

====================================================================================================
Relu
[u'res3_1_branch2b_bn']
[u'res3_1_branch2b_bn']

====================================================================================================
Conv
[u'res3_1_branch2b_bn', u'res3_1_branch2c_w']
[u'res3_1_branch2c']

====================================================================================================
SpatialBN
[u'res3_1_branch2c', u'res3_1_branch2c_bn_s', u'res3_1_branch2c_bn_b', u'res3_1_branch2c_bn_rm', u'res3_1_branch2c_bn_riv']
[u'res3_1_branch2c_bn']

====================================================================================================
Sum
[u'res3_1_branch2c_bn', u'res3_0_branch2c_bn']
[u'res3_1_branch2c_bn']

====================================================================================================
Relu
[u'res3_1_branch2c_bn']
[u'res3_1_branch2c_bn']

====================================================================================================
Conv
[u'res3_1_branch2c_bn', u'res3_2_branch2a_w']
[u'res3_2_branch2a']

====================================================================================================
SpatialBN
[u'res3_2_branch2a', u'res3_2_branch2a_bn_s', u'res3_2_branch2a_bn_b', u'res3_2_branch2a_bn_rm', u'res3_2_branch2a_bn_riv']
[u'res3_2_branch2a_bn']

====================================================================================================
Relu
[u'res3_2_branch2a_bn']
[u'res3_2_branch2a_bn']

====================================================================================================
Conv
[u'res3_2_branch2a_bn', u'res3_2_branch2b_w']
[u'res3_2_branch2b']

====================================================================================================
SpatialBN
[u'res3_2_branch2b', u'res3_2_branch2b_bn_s', u'res3_2_branch2b_bn_b', u'res3_2_branch2b_bn_rm', u'res3_2_branch2b_bn_riv']
[u'res3_2_branch2b_bn']

====================================================================================================
Relu
[u'res3_2_branch2b_bn']
[u'res3_2_branch2b_bn']

====================================================================================================
Conv
[u'res3_2_branch2b_bn', u'res3_2_branch2c_w']
[u'res3_2_branch2c']

====================================================================================================
SpatialBN
[u'res3_2_branch2c', u'res3_2_branch2c_bn_s', u'res3_2_branch2c_bn_b', u'res3_2_branch2c_bn_rm', u'res3_2_branch2c_bn_riv']
[u'res3_2_branch2c_bn']

====================================================================================================
Sum
[u'res3_2_branch2c_bn', u'res3_1_branch2c_bn']
[u'res3_2_branch2c_bn']

====================================================================================================
Relu
[u'res3_2_branch2c_bn']
[u'res3_2_branch2c_bn']

====================================================================================================
Conv
[u'res3_2_branch2c_bn', u'res3_3_branch2a_w']
[u'res3_3_branch2a']

====================================================================================================
SpatialBN
[u'res3_3_branch2a', u'res3_3_branch2a_bn_s', u'res3_3_branch2a_bn_b', u'res3_3_branch2a_bn_rm', u'res3_3_branch2a_bn_riv']
[u'res3_3_branch2a_bn']

====================================================================================================
Relu
[u'res3_3_branch2a_bn']
[u'res3_3_branch2a_bn']

====================================================================================================
Conv
[u'res3_3_branch2a_bn', u'res3_3_branch2b_w']
[u'res3_3_branch2b']

====================================================================================================
SpatialBN
[u'res3_3_branch2b', u'res3_3_branch2b_bn_s', u'res3_3_branch2b_bn_b', u'res3_3_branch2b_bn_rm', u'res3_3_branch2b_bn_riv']
[u'res3_3_branch2b_bn']

====================================================================================================
Relu
[u'res3_3_branch2b_bn']
[u'res3_3_branch2b_bn']

====================================================================================================
Conv
[u'res3_3_branch2b_bn', u'res3_3_branch2c_w']
[u'res3_3_branch2c']

====================================================================================================
SpatialBN
[u'res3_3_branch2c', u'res3_3_branch2c_bn_s', u'res3_3_branch2c_bn_b', u'res3_3_branch2c_bn_rm', u'res3_3_branch2c_bn_riv']
[u'res3_3_branch2c_bn']

====================================================================================================
Sum
[u'res3_3_branch2c_bn', u'res3_2_branch2c_bn']
[u'res3_3_branch2c_bn']

====================================================================================================
Relu
[u'res3_3_branch2c_bn']
[u'res3_3_branch2c_bn']

====================================================================================================
Conv
[u'res3_3_branch2c_bn', u'res4_0_branch1_w']
[u'res4_0_branch1']

====================================================================================================
SpatialBN
[u'res4_0_branch1', u'res4_0_branch1_bn_s', u'res4_0_branch1_bn_b', u'res4_0_branch1_bn_rm', u'res4_0_branch1_bn_riv']
[u'res4_0_branch1_bn']

====================================================================================================
Conv
[u'res3_3_branch2c_bn', u'res4_0_branch2a_w']
[u'res4_0_branch2a']

====================================================================================================
SpatialBN
[u'res4_0_branch2a', u'res4_0_branch2a_bn_s', u'res4_0_branch2a_bn_b', u'res4_0_branch2a_bn_rm', u'res4_0_branch2a_bn_riv']
[u'res4_0_branch2a_bn']

====================================================================================================
Relu
[u'res4_0_branch2a_bn']
[u'res4_0_branch2a_bn']

====================================================================================================
Conv
[u'res4_0_branch2a_bn', u'res4_0_branch2b_w']
[u'res4_0_branch2b']

====================================================================================================
SpatialBN
[u'res4_0_branch2b', u'res4_0_branch2b_bn_s', u'res4_0_branch2b_bn_b', u'res4_0_branch2b_bn_rm', u'res4_0_branch2b_bn_riv']
[u'res4_0_branch2b_bn']

====================================================================================================
Relu
[u'res4_0_branch2b_bn']
[u'res4_0_branch2b_bn']

====================================================================================================
Conv
[u'res4_0_branch2b_bn', u'res4_0_branch2c_w']
[u'res4_0_branch2c']

====================================================================================================
SpatialBN
[u'res4_0_branch2c', u'res4_0_branch2c_bn_s', u'res4_0_branch2c_bn_b', u'res4_0_branch2c_bn_rm', u'res4_0_branch2c_bn_riv']
[u'res4_0_branch2c_bn']

====================================================================================================
Sum
[u'res4_0_branch2c_bn', u'res4_0_branch1_bn']
[u'res4_0_branch2c_bn']

====================================================================================================
Relu
[u'res4_0_branch2c_bn']
[u'res4_0_branch2c_bn']

====================================================================================================
Conv
[u'res4_0_branch2c_bn', u'res4_1_branch2a_w']
[u'res4_1_branch2a']

====================================================================================================
SpatialBN
[u'res4_1_branch2a', u'res4_1_branch2a_bn_s', u'res4_1_branch2a_bn_b', u'res4_1_branch2a_bn_rm', u'res4_1_branch2a_bn_riv']
[u'res4_1_branch2a_bn']

====================================================================================================
Relu
[u'res4_1_branch2a_bn']
[u'res4_1_branch2a_bn']

====================================================================================================
Conv
[u'res4_1_branch2a_bn', u'res4_1_branch2b_w']
[u'res4_1_branch2b']

====================================================================================================
SpatialBN
[u'res4_1_branch2b', u'res4_1_branch2b_bn_s', u'res4_1_branch2b_bn_b', u'res4_1_branch2b_bn_rm', u'res4_1_branch2b_bn_riv']
[u'res4_1_branch2b_bn']

====================================================================================================
Relu
[u'res4_1_branch2b_bn']
[u'res4_1_branch2b_bn']

====================================================================================================
Conv
[u'res4_1_branch2b_bn', u'res4_1_branch2c_w']
[u'res4_1_branch2c']

====================================================================================================
SpatialBN
[u'res4_1_branch2c', u'res4_1_branch2c_bn_s', u'res4_1_branch2c_bn_b', u'res4_1_branch2c_bn_rm', u'res4_1_branch2c_bn_riv']
[u'res4_1_branch2c_bn']

====================================================================================================
Sum
[u'res4_1_branch2c_bn', u'res4_0_branch2c_bn']
[u'res4_1_branch2c_bn']

====================================================================================================
Relu
[u'res4_1_branch2c_bn']
[u'res4_1_branch2c_bn']

====================================================================================================
Conv
[u'res4_1_branch2c_bn', u'res4_2_branch2a_w']
[u'res4_2_branch2a']

====================================================================================================
SpatialBN
[u'res4_2_branch2a', u'res4_2_branch2a_bn_s', u'res4_2_branch2a_bn_b', u'res4_2_branch2a_bn_rm', u'res4_2_branch2a_bn_riv']
[u'res4_2_branch2a_bn']

====================================================================================================
Relu
[u'res4_2_branch2a_bn']
[u'res4_2_branch2a_bn']

====================================================================================================
Conv
[u'res4_2_branch2a_bn', u'res4_2_branch2b_w']
[u'res4_2_branch2b']

====================================================================================================
SpatialBN
[u'res4_2_branch2b', u'res4_2_branch2b_bn_s', u'res4_2_branch2b_bn_b', u'res4_2_branch2b_bn_rm', u'res4_2_branch2b_bn_riv']
[u'res4_2_branch2b_bn']

====================================================================================================
Relu
[u'res4_2_branch2b_bn']
[u'res4_2_branch2b_bn']

====================================================================================================
Conv
[u'res4_2_branch2b_bn', u'res4_2_branch2c_w']
[u'res4_2_branch2c']

====================================================================================================
SpatialBN
[u'res4_2_branch2c', u'res4_2_branch2c_bn_s', u'res4_2_branch2c_bn_b', u'res4_2_branch2c_bn_rm', u'res4_2_branch2c_bn_riv']
[u'res4_2_branch2c_bn']

====================================================================================================
Sum
[u'res4_2_branch2c_bn', u'res4_1_branch2c_bn']
[u'res4_2_branch2c_bn']

====================================================================================================
Relu
[u'res4_2_branch2c_bn']
[u'res4_2_branch2c_bn']

====================================================================================================
Conv
[u'res4_2_branch2c_bn', u'res4_3_branch2a_w']
[u'res4_3_branch2a']

====================================================================================================
SpatialBN
[u'res4_3_branch2a', u'res4_3_branch2a_bn_s', u'res4_3_branch2a_bn_b', u'res4_3_branch2a_bn_rm', u'res4_3_branch2a_bn_riv']
[u'res4_3_branch2a_bn']

====================================================================================================
Relu
[u'res4_3_branch2a_bn']
[u'res4_3_branch2a_bn']

====================================================================================================
Conv
[u'res4_3_branch2a_bn', u'res4_3_branch2b_w']
[u'res4_3_branch2b']

====================================================================================================
SpatialBN
[u'res4_3_branch2b', u'res4_3_branch2b_bn_s', u'res4_3_branch2b_bn_b', u'res4_3_branch2b_bn_rm', u'res4_3_branch2b_bn_riv']
[u'res4_3_branch2b_bn']

====================================================================================================
Relu
[u'res4_3_branch2b_bn']
[u'res4_3_branch2b_bn']

====================================================================================================
Conv
[u'res4_3_branch2b_bn', u'res4_3_branch2c_w']
[u'res4_3_branch2c']

====================================================================================================
SpatialBN
[u'res4_3_branch2c', u'res4_3_branch2c_bn_s', u'res4_3_branch2c_bn_b', u'res4_3_branch2c_bn_rm', u'res4_3_branch2c_bn_riv']
[u'res4_3_branch2c_bn']

====================================================================================================
Sum
[u'res4_3_branch2c_bn', u'res4_2_branch2c_bn']
[u'res4_3_branch2c_bn']

====================================================================================================
Relu
[u'res4_3_branch2c_bn']
[u'res4_3_branch2c_bn']

====================================================================================================
Conv
[u'res4_3_branch2c_bn', u'res4_4_branch2a_w']
[u'res4_4_branch2a']

====================================================================================================
SpatialBN
[u'res4_4_branch2a', u'res4_4_branch2a_bn_s', u'res4_4_branch2a_bn_b', u'res4_4_branch2a_bn_rm', u'res4_4_branch2a_bn_riv']
[u'res4_4_branch2a_bn']

====================================================================================================
Relu
[u'res4_4_branch2a_bn']
[u'res4_4_branch2a_bn']

====================================================================================================
Conv
[u'res4_4_branch2a_bn', u'res4_4_branch2b_w']
[u'res4_4_branch2b']

====================================================================================================
SpatialBN
[u'res4_4_branch2b', u'res4_4_branch2b_bn_s', u'res4_4_branch2b_bn_b', u'res4_4_branch2b_bn_rm', u'res4_4_branch2b_bn_riv']
[u'res4_4_branch2b_bn']

====================================================================================================
Relu
[u'res4_4_branch2b_bn']
[u'res4_4_branch2b_bn']

====================================================================================================
Conv
[u'res4_4_branch2b_bn', u'res4_4_branch2c_w']
[u'res4_4_branch2c']

====================================================================================================
SpatialBN
[u'res4_4_branch2c', u'res4_4_branch2c_bn_s', u'res4_4_branch2c_bn_b', u'res4_4_branch2c_bn_rm', u'res4_4_branch2c_bn_riv']
[u'res4_4_branch2c_bn']

====================================================================================================
Sum
[u'res4_4_branch2c_bn', u'res4_3_branch2c_bn']
[u'res4_4_branch2c_bn']

====================================================================================================
Relu
[u'res4_4_branch2c_bn']
[u'res4_4_branch2c_bn']

====================================================================================================
Conv
[u'res4_4_branch2c_bn', u'res4_5_branch2a_w']
[u'res4_5_branch2a']

====================================================================================================
SpatialBN
[u'res4_5_branch2a', u'res4_5_branch2a_bn_s', u'res4_5_branch2a_bn_b', u'res4_5_branch2a_bn_rm', u'res4_5_branch2a_bn_riv']
[u'res4_5_branch2a_bn']

====================================================================================================
Relu
[u'res4_5_branch2a_bn']
[u'res4_5_branch2a_bn']

====================================================================================================
Conv
[u'res4_5_branch2a_bn', u'res4_5_branch2b_w']
[u'res4_5_branch2b']

====================================================================================================
SpatialBN
[u'res4_5_branch2b', u'res4_5_branch2b_bn_s', u'res4_5_branch2b_bn_b', u'res4_5_branch2b_bn_rm', u'res4_5_branch2b_bn_riv']
[u'res4_5_branch2b_bn']

====================================================================================================
Relu
[u'res4_5_branch2b_bn']
[u'res4_5_branch2b_bn']

====================================================================================================
Conv
[u'res4_5_branch2b_bn', u'res4_5_branch2c_w']
[u'res4_5_branch2c']

====================================================================================================
SpatialBN
[u'res4_5_branch2c', u'res4_5_branch2c_bn_s', u'res4_5_branch2c_bn_b', u'res4_5_branch2c_bn_rm', u'res4_5_branch2c_bn_riv']
[u'res4_5_branch2c_bn']

====================================================================================================
Sum
[u'res4_5_branch2c_bn', u'res4_4_branch2c_bn']
[u'res4_5_branch2c_bn']

====================================================================================================
Relu
[u'res4_5_branch2c_bn']
[u'res4_5_branch2c_bn']

====================================================================================================
Conv
[u'res4_5_branch2c_bn', u'res5_0_branch1_w']
[u'res5_0_branch1']

====================================================================================================
SpatialBN
[u'res5_0_branch1', u'res5_0_branch1_bn_s', u'res5_0_branch1_bn_b', u'res5_0_branch1_bn_rm', u'res5_0_branch1_bn_riv']
[u'res5_0_branch1_bn']

====================================================================================================
Conv
[u'res4_5_branch2c_bn', u'res5_0_branch2a_w']
[u'res5_0_branch2a']

====================================================================================================
SpatialBN
[u'res5_0_branch2a', u'res5_0_branch2a_bn_s', u'res5_0_branch2a_bn_b', u'res5_0_branch2a_bn_rm', u'res5_0_branch2a_bn_riv']
[u'res5_0_branch2a_bn']

====================================================================================================
Relu
[u'res5_0_branch2a_bn']
[u'res5_0_branch2a_bn']

====================================================================================================
Conv
[u'res5_0_branch2a_bn', u'res5_0_branch2b_w']
[u'res5_0_branch2b']

====================================================================================================
SpatialBN
[u'res5_0_branch2b', u'res5_0_branch2b_bn_s', u'res5_0_branch2b_bn_b', u'res5_0_branch2b_bn_rm', u'res5_0_branch2b_bn_riv']
[u'res5_0_branch2b_bn']

====================================================================================================
Relu
[u'res5_0_branch2b_bn']
[u'res5_0_branch2b_bn']

====================================================================================================
Conv
[u'res5_0_branch2b_bn', u'res5_0_branch2c_w']
[u'res5_0_branch2c']

====================================================================================================
SpatialBN
[u'res5_0_branch2c', u'res5_0_branch2c_bn_s', u'res5_0_branch2c_bn_b', u'res5_0_branch2c_bn_rm', u'res5_0_branch2c_bn_riv']
[u'res5_0_branch2c_bn']

====================================================================================================
Sum
[u'res5_0_branch2c_bn', u'res5_0_branch1_bn']
[u'res5_0_branch2c_bn']

====================================================================================================
Relu
[u'res5_0_branch2c_bn']
[u'res5_0_branch2c_bn']

====================================================================================================
Conv
[u'res5_0_branch2c_bn', u'res5_1_branch2a_w']
[u'res5_1_branch2a']

====================================================================================================
SpatialBN
[u'res5_1_branch2a', u'res5_1_branch2a_bn_s', u'res5_1_branch2a_bn_b', u'res5_1_branch2a_bn_rm', u'res5_1_branch2a_bn_riv']
[u'res5_1_branch2a_bn']

====================================================================================================
Relu
[u'res5_1_branch2a_bn']
[u'res5_1_branch2a_bn']

====================================================================================================
Conv
[u'res5_1_branch2a_bn', u'res5_1_branch2b_w']
[u'res5_1_branch2b']

====================================================================================================
SpatialBN
[u'res5_1_branch2b', u'res5_1_branch2b_bn_s', u'res5_1_branch2b_bn_b', u'res5_1_branch2b_bn_rm', u'res5_1_branch2b_bn_riv']
[u'res5_1_branch2b_bn']

====================================================================================================
Relu
[u'res5_1_branch2b_bn']
[u'res5_1_branch2b_bn']

====================================================================================================
Conv
[u'res5_1_branch2b_bn', u'res5_1_branch2c_w']
[u'res5_1_branch2c']

====================================================================================================
SpatialBN
[u'res5_1_branch2c', u'res5_1_branch2c_bn_s', u'res5_1_branch2c_bn_b', u'res5_1_branch2c_bn_rm', u'res5_1_branch2c_bn_riv']
[u'res5_1_branch2c_bn']

====================================================================================================
Sum
[u'res5_1_branch2c_bn', u'res5_0_branch2c_bn']
[u'res5_1_branch2c_bn']

====================================================================================================
Relu
[u'res5_1_branch2c_bn']
[u'res5_1_branch2c_bn']

====================================================================================================
Conv
[u'res5_1_branch2c_bn', u'res5_2_branch2a_w']
[u'res5_2_branch2a']

====================================================================================================
SpatialBN
[u'res5_2_branch2a', u'res5_2_branch2a_bn_s', u'res5_2_branch2a_bn_b', u'res5_2_branch2a_bn_rm', u'res5_2_branch2a_bn_riv']
[u'res5_2_branch2a_bn']

====================================================================================================
Relu
[u'res5_2_branch2a_bn']
[u'res5_2_branch2a_bn']

====================================================================================================
Conv
[u'res5_2_branch2a_bn', u'res5_2_branch2b_w']
[u'res5_2_branch2b']

====================================================================================================
SpatialBN
[u'res5_2_branch2b', u'res5_2_branch2b_bn_s', u'res5_2_branch2b_bn_b', u'res5_2_branch2b_bn_rm', u'res5_2_branch2b_bn_riv']
[u'res5_2_branch2b_bn']

====================================================================================================
Relu
[u'res5_2_branch2b_bn']
[u'res5_2_branch2b_bn']

====================================================================================================
Conv
[u'res5_2_branch2b_bn', u'res5_2_branch2c_w']
[u'res5_2_branch2c']

====================================================================================================
SpatialBN
[u'res5_2_branch2c', u'res5_2_branch2c_bn_s', u'res5_2_branch2c_bn_b', u'res5_2_branch2c_bn_rm', u'res5_2_branch2c_bn_riv']
[u'res5_2_branch2c_bn']

====================================================================================================
Sum
[u'res5_2_branch2c_bn', u'res5_1_branch2c_bn']
[u'res5_2_branch2c_bn']

====================================================================================================
Relu
[u'res5_2_branch2c_bn']
[u'res5_2_branch2c_bn']

====================================================================================================
AveragePool
[u'res5_2_branch2c_bn']
[u'osme_GAP1_1']

====================================================================================================
FC
[u'osme_GAP1_1', u'osme_fc1_1_w', u'osme_fc1_1_b']
[u'osme_fc1_1']

====================================================================================================
Relu
[u'osme_fc1_1']
[u'osme_fc1_1']

====================================================================================================
FC
[u'osme_fc1_1', u'osme_fc2_1_w', u'osme_fc2_1_b']
[u'osme_fc2_1']

====================================================================================================
Sigmoid
[u'osme_fc2_1']
[u'osme_mask_1']

====================================================================================================
Mul
[u'res5_2_branch2c_bn', u'osme_mask_1']
[u'osme_excitation_1']

====================================================================================================
AveragePool
[u'osme_excitation_1']
[u'osme_GAP2_1']

====================================================================================================
FC
[u'osme_GAP2_1', u'attention_1_w', u'attention_1_b']
[u'attention_1']

====================================================================================================
AveragePool
[u'res5_2_branch2c_bn']
[u'osme_GAP1_2']

====================================================================================================
FC
[u'osme_GAP1_2', u'osme_fc1_2_w', u'osme_fc1_2_b']
[u'osme_fc1_2']

====================================================================================================
Relu
[u'osme_fc1_2']
[u'osme_fc1_2']

====================================================================================================
FC
[u'osme_fc1_2', u'osme_fc2_2_w', u'osme_fc2_2_b']
[u'osme_fc2_2']

====================================================================================================
Sigmoid
[u'osme_fc2_2']
[u'osme_mask_2']

====================================================================================================
Mul
[u'res5_2_branch2c_bn', u'osme_mask_2']
[u'osme_excitation_2']

====================================================================================================
AveragePool
[u'osme_excitation_2']
[u'osme_GAP2_2']

====================================================================================================
FC
[u'osme_GAP2_2', u'attention_2_w', u'attention_2_b']
[u'attention_2']

====================================================================================================
Concat
[u'attention_1', u'attention_2']
[u'combined_feature', u'_combined_feature_concat_dims']

====================================================================================================
FC
[u'combined_feature', u'bi_attention_pred_w', u'bi_attention_pred_b']
[u'bi_attention_pred']

====================================================================================================
SoftmaxWithLoss
[u'bi_attention_pred', u'label']
[u'softmax', u'softmax_loss']

====================================================================================================
Split
[u'bi_attention_pred']
[u'left', u'right']

====================================================================================================
Sub
[u'left', u'right']
[u'diff']

====================================================================================================
Abs
[u'diff']
[u'diff_abs']

====================================================================================================
Mul
[u'diff_abs', u'diff_abs']
[u'diff_square']

====================================================================================================
ReduceBackSum
[u'diff_square']
[u'diff_square_sum']

====================================================================================================
Sqrt
[u'diff_square_sum']
[u'diff_sqrt']

====================================================================================================
ReduceBackSum
[u'diff_sqrt']
[u'diff_norm2']

====================================================================================================
GivenTensorFill
[]
[u'BATCHSIZE']

====================================================================================================
Div
[u'diff_norm2', u'BATCHSIZE']
[u'pc_reg']

====================================================================================================
ConstantFill
[]
[u'pc_weight']

====================================================================================================
Mul
[u'pc_reg', u'pc_weight']
[u'weighted_pc_reg']

====================================================================================================
Sum
[u'softmax_loss', u'weighted_pc_reg']
[u'loss']

====================================================================================================
Accuracy
[u'softmax', u'label']
[u'accuracy']

====================================================================================================
Accuracy
[u'softmax', u'label']
[u'accuracy_5']

[INFO] finish running src/param_statistics.py, total_time is 4.814s
