[INFO] start running src/param_statistics.py ...
[INFO] start running initialize ...
[INFO] finish running initialize ...

[INFO] start running build_validation_model ...
[INFO] finish running build_validation_model ...

====================================================================================================
op type: ImageInput
op output: data
feature map shape: (N, 3, 224, 224)

====================================================================================================
op type: StopGradient
op output: data
feature map shape: (N, 3, 224, 224)

====================================================================================================
op type: StopGradient
op output: label
feature map shape: (N, 3, 224, 224)

====================================================================================================
op type: Conv
op output: conv1
k: 7.0
p: 3.0
s: 2.0
C_in: 3
C_out: 64
conv_params: 9472.0, conv_flops: 118816768.0
feature map shape: (N, 64, 112.0, 112.0)

====================================================================================================
op type: SpatialBN
op output: res_conv1_bn
C_out: 64
bn_params: 128, bn_flops: 802816.0
feature map shape: (N, 64, 112.0, 112.0)

====================================================================================================
op type: Relu
op output: res_conv1_bn
feature map shape: (N, 64, 112.0, 112.0)

====================================================================================================
op type: MaxPool
op output: pool1
k: 3.0
p: 1.0
s: 2.0
C_in: 64
C_out: 64
feature map shape: (N, 64, 56.0, 56.0)

====================================================================================================
op type: Conv
op output: res2_0_branch1
k: 1.0
p: 0.0
s: 1.0
C_in: 64
C_out: 256
conv_params: 16640.0, conv_flops: 52183040.0
feature map shape: (N, 256, 56.0, 56.0)

====================================================================================================
op type: SpatialBN
op output: res2_0_branch1_bn
C_out: 256
bn_params: 512, bn_flops: 802816.0
feature map shape: (N, 256, 56.0, 56.0)

====================================================================================================
op type: Conv
op output: res2_0_branch2a
k: 1.0
p: 0.0
s: 1.0
C_in: 64
C_out: 64
conv_params: 4160.0, conv_flops: 13045760.0
feature map shape: (N, 64, 56.0, 56.0)

====================================================================================================
op type: SpatialBN
op output: res2_0_branch2a_bn
C_out: 64
bn_params: 128, bn_flops: 200704.0
feature map shape: (N, 64, 56.0, 56.0)

====================================================================================================
op type: Relu
op output: res2_0_branch2a_bn
feature map shape: (N, 64, 56.0, 56.0)

====================================================================================================
op type: Conv
op output: res2_0_branch2b
k: 3.0
p: 1.0
s: 1.0
C_in: 64
C_out: 64
conv_params: 36928.0, conv_flops: 115806208.0
feature map shape: (N, 64, 56.0, 56.0)

====================================================================================================
op type: SpatialBN
op output: res2_0_branch2b_bn
C_out: 64
bn_params: 128, bn_flops: 200704.0
feature map shape: (N, 64, 56.0, 56.0)

====================================================================================================
op type: Relu
op output: res2_0_branch2b_bn
feature map shape: (N, 64, 56.0, 56.0)

====================================================================================================
op type: Conv
op output: res2_0_branch2c
k: 1.0
p: 0.0
s: 1.0
C_in: 64
C_out: 256
conv_params: 16640.0, conv_flops: 52183040.0
feature map shape: (N, 256, 56.0, 56.0)

====================================================================================================
op type: SpatialBN
op output: res2_0_branch2c_bn
C_out: 256
bn_params: 512, bn_flops: 802816.0
feature map shape: (N, 256, 56.0, 56.0)

====================================================================================================
op type: Sum
op output: res2_0_branch2c_bn
feature map shape: (N, 256, 56.0, 56.0)

====================================================================================================
op type: Relu
op output: res2_0_branch2c_bn
feature map shape: (N, 256, 56.0, 56.0)

====================================================================================================
op type: Conv
op output: res2_1_branch2a
k: 1.0
p: 0.0
s: 1.0
C_in: 256
C_out: 64
conv_params: 16448.0, conv_flops: 51580928.0
feature map shape: (N, 64, 56.0, 56.0)

====================================================================================================
op type: SpatialBN
op output: res2_1_branch2a_bn
C_out: 64
bn_params: 128, bn_flops: 200704.0
feature map shape: (N, 64, 56.0, 56.0)

====================================================================================================
op type: Relu
op output: res2_1_branch2a_bn
feature map shape: (N, 64, 56.0, 56.0)

====================================================================================================
op type: Conv
op output: res2_1_branch2b
k: 3.0
p: 1.0
s: 1.0
C_in: 64
C_out: 64
conv_params: 36928.0, conv_flops: 115806208.0
feature map shape: (N, 64, 56.0, 56.0)

====================================================================================================
op type: SpatialBN
op output: res2_1_branch2b_bn
C_out: 64
bn_params: 128, bn_flops: 200704.0
feature map shape: (N, 64, 56.0, 56.0)

====================================================================================================
op type: Relu
op output: res2_1_branch2b_bn
feature map shape: (N, 64, 56.0, 56.0)

====================================================================================================
op type: Conv
op output: res2_1_branch2c
k: 1.0
p: 0.0
s: 1.0
C_in: 64
C_out: 256
conv_params: 16640.0, conv_flops: 52183040.0
feature map shape: (N, 256, 56.0, 56.0)

====================================================================================================
op type: SpatialBN
op output: res2_1_branch2c_bn
C_out: 256
bn_params: 512, bn_flops: 802816.0
feature map shape: (N, 256, 56.0, 56.0)

====================================================================================================
op type: Sum
op output: res2_1_branch2c_bn
feature map shape: (N, 256, 56.0, 56.0)

====================================================================================================
op type: Relu
op output: res2_1_branch2c_bn
feature map shape: (N, 256, 56.0, 56.0)

====================================================================================================
op type: Conv
op output: res2_2_branch2a
k: 1.0
p: 0.0
s: 1.0
C_in: 256
C_out: 64
conv_params: 16448.0, conv_flops: 51580928.0
feature map shape: (N, 64, 56.0, 56.0)

====================================================================================================
op type: SpatialBN
op output: res2_2_branch2a_bn
C_out: 64
bn_params: 128, bn_flops: 200704.0
feature map shape: (N, 64, 56.0, 56.0)

====================================================================================================
op type: Relu
op output: res2_2_branch2a_bn
feature map shape: (N, 64, 56.0, 56.0)

====================================================================================================
op type: Conv
op output: res2_2_branch2b
k: 3.0
p: 1.0
s: 1.0
C_in: 64
C_out: 64
conv_params: 36928.0, conv_flops: 115806208.0
feature map shape: (N, 64, 56.0, 56.0)

====================================================================================================
op type: SpatialBN
op output: res2_2_branch2b_bn
C_out: 64
bn_params: 128, bn_flops: 200704.0
feature map shape: (N, 64, 56.0, 56.0)

====================================================================================================
op type: Relu
op output: res2_2_branch2b_bn
feature map shape: (N, 64, 56.0, 56.0)

====================================================================================================
op type: Conv
op output: res2_2_branch2c
k: 1.0
p: 0.0
s: 1.0
C_in: 64
C_out: 256
conv_params: 16640.0, conv_flops: 52183040.0
feature map shape: (N, 256, 56.0, 56.0)

====================================================================================================
op type: SpatialBN
op output: res2_2_branch2c_bn
C_out: 256
bn_params: 512, bn_flops: 802816.0
feature map shape: (N, 256, 56.0, 56.0)

====================================================================================================
op type: Sum
op output: res2_2_branch2c_bn
feature map shape: (N, 256, 56.0, 56.0)

====================================================================================================
op type: Relu
op output: res2_2_branch2c_bn
feature map shape: (N, 256, 56.0, 56.0)

====================================================================================================
op type: Conv
op output: res3_0_branch1
k: 1.0
p: 0.0
s: 2.0
C_in: 256
C_out: 512
conv_params: 131584.0, conv_flops: 103161856.0
feature map shape: (N, 512, 28.0, 28.0)

====================================================================================================
op type: SpatialBN
op output: res3_0_branch1_bn
C_out: 512
bn_params: 1024, bn_flops: 401408.0
feature map shape: (N, 512, 28.0, 28.0)

====================================================================================================
op type: Conv
op output: res3_0_branch2a
k: 1.0
p: 0.0
s: 2.0
C_in: 256
C_out: 128
conv_params: 32896.0, conv_flops: 25790464.0
feature map shape: (N, 128, 28.0, 28.0)

====================================================================================================
op type: SpatialBN
op output: res3_0_branch2a_bn
C_out: 128
bn_params: 256, bn_flops: 100352.0
feature map shape: (N, 128, 28.0, 28.0)

====================================================================================================
op type: Relu
op output: res3_0_branch2a_bn
feature map shape: (N, 128, 28.0, 28.0)

====================================================================================================
op type: Conv
op output: res3_0_branch2b
k: 3.0
p: 1.0
s: 1.0
C_in: 128
C_out: 128
conv_params: 147584.0, conv_flops: 115705856.0
feature map shape: (N, 128, 28.0, 28.0)

====================================================================================================
op type: SpatialBN
op output: res3_0_branch2b_bn
C_out: 128
bn_params: 256, bn_flops: 100352.0
feature map shape: (N, 128, 28.0, 28.0)

====================================================================================================
op type: Relu
op output: res3_0_branch2b_bn
feature map shape: (N, 128, 28.0, 28.0)

====================================================================================================
op type: Conv
op output: res3_0_branch2c
k: 1.0
p: 0.0
s: 1.0
C_in: 128
C_out: 512
conv_params: 66048.0, conv_flops: 51781632.0
feature map shape: (N, 512, 28.0, 28.0)

====================================================================================================
op type: SpatialBN
op output: res3_0_branch2c_bn
C_out: 512
bn_params: 1024, bn_flops: 401408.0
feature map shape: (N, 512, 28.0, 28.0)

====================================================================================================
op type: Sum
op output: res3_0_branch2c_bn
feature map shape: (N, 512, 28.0, 28.0)

====================================================================================================
op type: Relu
op output: res3_0_branch2c_bn
feature map shape: (N, 512, 28.0, 28.0)

====================================================================================================
op type: Conv
op output: res3_1_branch2a
k: 1.0
p: 0.0
s: 1.0
C_in: 512
C_out: 128
conv_params: 65664.0, conv_flops: 51480576.0
feature map shape: (N, 128, 28.0, 28.0)

====================================================================================================
op type: SpatialBN
op output: res3_1_branch2a_bn
C_out: 128
bn_params: 256, bn_flops: 100352.0
feature map shape: (N, 128, 28.0, 28.0)

====================================================================================================
op type: Relu
op output: res3_1_branch2a_bn
feature map shape: (N, 128, 28.0, 28.0)

====================================================================================================
op type: Conv
op output: res3_1_branch2b
k: 3.0
p: 1.0
s: 1.0
C_in: 128
C_out: 128
conv_params: 147584.0, conv_flops: 115705856.0
feature map shape: (N, 128, 28.0, 28.0)

====================================================================================================
op type: SpatialBN
op output: res3_1_branch2b_bn
C_out: 128
bn_params: 256, bn_flops: 100352.0
feature map shape: (N, 128, 28.0, 28.0)

====================================================================================================
op type: Relu
op output: res3_1_branch2b_bn
feature map shape: (N, 128, 28.0, 28.0)

====================================================================================================
op type: Conv
op output: res3_1_branch2c
k: 1.0
p: 0.0
s: 1.0
C_in: 128
C_out: 512
conv_params: 66048.0, conv_flops: 51781632.0
feature map shape: (N, 512, 28.0, 28.0)

====================================================================================================
op type: SpatialBN
op output: res3_1_branch2c_bn
C_out: 512
bn_params: 1024, bn_flops: 401408.0
feature map shape: (N, 512, 28.0, 28.0)

====================================================================================================
op type: Sum
op output: res3_1_branch2c_bn
feature map shape: (N, 512, 28.0, 28.0)

====================================================================================================
op type: Relu
op output: res3_1_branch2c_bn
feature map shape: (N, 512, 28.0, 28.0)

====================================================================================================
op type: Conv
op output: res3_2_branch2a
k: 1.0
p: 0.0
s: 1.0
C_in: 512
C_out: 128
conv_params: 65664.0, conv_flops: 51480576.0
feature map shape: (N, 128, 28.0, 28.0)

====================================================================================================
op type: SpatialBN
op output: res3_2_branch2a_bn
C_out: 128
bn_params: 256, bn_flops: 100352.0
feature map shape: (N, 128, 28.0, 28.0)

====================================================================================================
op type: Relu
op output: res3_2_branch2a_bn
feature map shape: (N, 128, 28.0, 28.0)

====================================================================================================
op type: Conv
op output: res3_2_branch2b
k: 3.0
p: 1.0
s: 1.0
C_in: 128
C_out: 128
conv_params: 147584.0, conv_flops: 115705856.0
feature map shape: (N, 128, 28.0, 28.0)

====================================================================================================
op type: SpatialBN
op output: res3_2_branch2b_bn
C_out: 128
bn_params: 256, bn_flops: 100352.0
feature map shape: (N, 128, 28.0, 28.0)

====================================================================================================
op type: Relu
op output: res3_2_branch2b_bn
feature map shape: (N, 128, 28.0, 28.0)

====================================================================================================
op type: Conv
op output: res3_2_branch2c
k: 1.0
p: 0.0
s: 1.0
C_in: 128
C_out: 512
conv_params: 66048.0, conv_flops: 51781632.0
feature map shape: (N, 512, 28.0, 28.0)

====================================================================================================
op type: SpatialBN
op output: res3_2_branch2c_bn
C_out: 512
bn_params: 1024, bn_flops: 401408.0
feature map shape: (N, 512, 28.0, 28.0)

====================================================================================================
op type: Sum
op output: res3_2_branch2c_bn
feature map shape: (N, 512, 28.0, 28.0)

====================================================================================================
op type: Relu
op output: res3_2_branch2c_bn
feature map shape: (N, 512, 28.0, 28.0)

====================================================================================================
op type: Conv
op output: res3_3_branch2a
k: 1.0
p: 0.0
s: 1.0
C_in: 512
C_out: 128
conv_params: 65664.0, conv_flops: 51480576.0
feature map shape: (N, 128, 28.0, 28.0)

====================================================================================================
op type: SpatialBN
op output: res3_3_branch2a_bn
C_out: 128
bn_params: 256, bn_flops: 100352.0
feature map shape: (N, 128, 28.0, 28.0)

====================================================================================================
op type: Relu
op output: res3_3_branch2a_bn
feature map shape: (N, 128, 28.0, 28.0)

====================================================================================================
op type: Conv
op output: res3_3_branch2b
k: 3.0
p: 1.0
s: 1.0
C_in: 128
C_out: 128
conv_params: 147584.0, conv_flops: 115705856.0
feature map shape: (N, 128, 28.0, 28.0)

====================================================================================================
op type: SpatialBN
op output: res3_3_branch2b_bn
C_out: 128
bn_params: 256, bn_flops: 100352.0
feature map shape: (N, 128, 28.0, 28.0)

====================================================================================================
op type: Relu
op output: res3_3_branch2b_bn
feature map shape: (N, 128, 28.0, 28.0)

====================================================================================================
op type: Conv
op output: res3_3_branch2c
k: 1.0
p: 0.0
s: 1.0
C_in: 128
C_out: 512
conv_params: 66048.0, conv_flops: 51781632.0
feature map shape: (N, 512, 28.0, 28.0)

====================================================================================================
op type: SpatialBN
op output: res3_3_branch2c_bn
C_out: 512
bn_params: 1024, bn_flops: 401408.0
feature map shape: (N, 512, 28.0, 28.0)

====================================================================================================
op type: Sum
op output: res3_3_branch2c_bn
feature map shape: (N, 512, 28.0, 28.0)

====================================================================================================
op type: Relu
op output: res3_3_branch2c_bn
feature map shape: (N, 512, 28.0, 28.0)

====================================================================================================
op type: Conv
op output: res4_0_branch1
k: 1.0
p: 0.0
s: 2.0
C_in: 512
C_out: 1024
conv_params: 525312.0, conv_flops: 102961152.0
feature map shape: (N, 1024, 14.0, 14.0)

====================================================================================================
op type: SpatialBN
op output: res4_0_branch1_bn
C_out: 1024
bn_params: 2048, bn_flops: 200704.0
feature map shape: (N, 1024, 14.0, 14.0)

====================================================================================================
op type: Conv
op output: res4_0_branch2a
k: 1.0
p: 0.0
s: 2.0
C_in: 512
C_out: 256
conv_params: 131328.0, conv_flops: 25740288.0
feature map shape: (N, 256, 14.0, 14.0)

====================================================================================================
op type: SpatialBN
op output: res4_0_branch2a_bn
C_out: 256
bn_params: 512, bn_flops: 50176.0
feature map shape: (N, 256, 14.0, 14.0)

====================================================================================================
op type: Relu
op output: res4_0_branch2a_bn
feature map shape: (N, 256, 14.0, 14.0)

====================================================================================================
op type: Conv
op output: res4_0_branch2b
k: 3.0
p: 1.0
s: 1.0
C_in: 256
C_out: 256
conv_params: 590080.0, conv_flops: 115655680.0
feature map shape: (N, 256, 14.0, 14.0)

====================================================================================================
op type: SpatialBN
op output: res4_0_branch2b_bn
C_out: 256
bn_params: 512, bn_flops: 50176.0
feature map shape: (N, 256, 14.0, 14.0)

====================================================================================================
op type: Relu
op output: res4_0_branch2b_bn
feature map shape: (N, 256, 14.0, 14.0)

====================================================================================================
op type: Conv
op output: res4_0_branch2c
k: 1.0
p: 0.0
s: 1.0
C_in: 256
C_out: 1024
conv_params: 263168.0, conv_flops: 51580928.0
feature map shape: (N, 1024, 14.0, 14.0)

====================================================================================================
op type: SpatialBN
op output: res4_0_branch2c_bn
C_out: 1024
bn_params: 2048, bn_flops: 200704.0
feature map shape: (N, 1024, 14.0, 14.0)

====================================================================================================
op type: Sum
op output: res4_0_branch2c_bn
feature map shape: (N, 1024, 14.0, 14.0)

====================================================================================================
op type: Relu
op output: res4_0_branch2c_bn
feature map shape: (N, 1024, 14.0, 14.0)

====================================================================================================
op type: Conv
op output: res4_1_branch2a
k: 1.0
p: 0.0
s: 1.0
C_in: 1024
C_out: 256
conv_params: 262400.0, conv_flops: 51430400.0
feature map shape: (N, 256, 14.0, 14.0)

====================================================================================================
op type: SpatialBN
op output: res4_1_branch2a_bn
C_out: 256
bn_params: 512, bn_flops: 50176.0
feature map shape: (N, 256, 14.0, 14.0)

====================================================================================================
op type: Relu
op output: res4_1_branch2a_bn
feature map shape: (N, 256, 14.0, 14.0)

====================================================================================================
op type: Conv
op output: res4_1_branch2b
k: 3.0
p: 1.0
s: 1.0
C_in: 256
C_out: 256
conv_params: 590080.0, conv_flops: 115655680.0
feature map shape: (N, 256, 14.0, 14.0)

====================================================================================================
op type: SpatialBN
op output: res4_1_branch2b_bn
C_out: 256
bn_params: 512, bn_flops: 50176.0
feature map shape: (N, 256, 14.0, 14.0)

====================================================================================================
op type: Relu
op output: res4_1_branch2b_bn
feature map shape: (N, 256, 14.0, 14.0)

====================================================================================================
op type: Conv
op output: res4_1_branch2c
k: 1.0
p: 0.0
s: 1.0
C_in: 256
C_out: 1024
conv_params: 263168.0, conv_flops: 51580928.0
feature map shape: (N, 1024, 14.0, 14.0)

====================================================================================================
op type: SpatialBN
op output: res4_1_branch2c_bn
C_out: 1024
bn_params: 2048, bn_flops: 200704.0
feature map shape: (N, 1024, 14.0, 14.0)

====================================================================================================
op type: Sum
op output: res4_1_branch2c_bn
feature map shape: (N, 1024, 14.0, 14.0)

====================================================================================================
op type: Relu
op output: res4_1_branch2c_bn
feature map shape: (N, 1024, 14.0, 14.0)

====================================================================================================
op type: Conv
op output: res4_2_branch2a
k: 1.0
p: 0.0
s: 1.0
C_in: 1024
C_out: 256
conv_params: 262400.0, conv_flops: 51430400.0
feature map shape: (N, 256, 14.0, 14.0)

====================================================================================================
op type: SpatialBN
op output: res4_2_branch2a_bn
C_out: 256
bn_params: 512, bn_flops: 50176.0
feature map shape: (N, 256, 14.0, 14.0)

====================================================================================================
op type: Relu
op output: res4_2_branch2a_bn
feature map shape: (N, 256, 14.0, 14.0)

====================================================================================================
op type: Conv
op output: res4_2_branch2b
k: 3.0
p: 1.0
s: 1.0
C_in: 256
C_out: 256
conv_params: 590080.0, conv_flops: 115655680.0
feature map shape: (N, 256, 14.0, 14.0)

====================================================================================================
op type: SpatialBN
op output: res4_2_branch2b_bn
C_out: 256
bn_params: 512, bn_flops: 50176.0
feature map shape: (N, 256, 14.0, 14.0)

====================================================================================================
op type: Relu
op output: res4_2_branch2b_bn
feature map shape: (N, 256, 14.0, 14.0)

====================================================================================================
op type: Conv
op output: res4_2_branch2c
k: 1.0
p: 0.0
s: 1.0
C_in: 256
C_out: 1024
conv_params: 263168.0, conv_flops: 51580928.0
feature map shape: (N, 1024, 14.0, 14.0)

====================================================================================================
op type: SpatialBN
op output: res4_2_branch2c_bn
C_out: 1024
bn_params: 2048, bn_flops: 200704.0
feature map shape: (N, 1024, 14.0, 14.0)

====================================================================================================
op type: Sum
op output: res4_2_branch2c_bn
feature map shape: (N, 1024, 14.0, 14.0)

====================================================================================================
op type: Relu
op output: res4_2_branch2c_bn
feature map shape: (N, 1024, 14.0, 14.0)

====================================================================================================
op type: Conv
op output: res4_3_branch2a
k: 1.0
p: 0.0
s: 1.0
C_in: 1024
C_out: 256
conv_params: 262400.0, conv_flops: 51430400.0
feature map shape: (N, 256, 14.0, 14.0)

====================================================================================================
op type: SpatialBN
op output: res4_3_branch2a_bn
C_out: 256
bn_params: 512, bn_flops: 50176.0
feature map shape: (N, 256, 14.0, 14.0)

====================================================================================================
op type: Relu
op output: res4_3_branch2a_bn
feature map shape: (N, 256, 14.0, 14.0)

====================================================================================================
op type: Conv
op output: res4_3_branch2b
k: 3.0
p: 1.0
s: 1.0
C_in: 256
C_out: 256
conv_params: 590080.0, conv_flops: 115655680.0
feature map shape: (N, 256, 14.0, 14.0)

====================================================================================================
op type: SpatialBN
op output: res4_3_branch2b_bn
C_out: 256
bn_params: 512, bn_flops: 50176.0
feature map shape: (N, 256, 14.0, 14.0)

====================================================================================================
op type: Relu
op output: res4_3_branch2b_bn
feature map shape: (N, 256, 14.0, 14.0)

====================================================================================================
op type: Conv
op output: res4_3_branch2c
k: 1.0
p: 0.0
s: 1.0
C_in: 256
C_out: 1024
conv_params: 263168.0, conv_flops: 51580928.0
feature map shape: (N, 1024, 14.0, 14.0)

====================================================================================================
op type: SpatialBN
op output: res4_3_branch2c_bn
C_out: 1024
bn_params: 2048, bn_flops: 200704.0
feature map shape: (N, 1024, 14.0, 14.0)

====================================================================================================
op type: Sum
op output: res4_3_branch2c_bn
feature map shape: (N, 1024, 14.0, 14.0)

====================================================================================================
op type: Relu
op output: res4_3_branch2c_bn
feature map shape: (N, 1024, 14.0, 14.0)

====================================================================================================
op type: Conv
op output: res4_4_branch2a
k: 1.0
p: 0.0
s: 1.0
C_in: 1024
C_out: 256
conv_params: 262400.0, conv_flops: 51430400.0
feature map shape: (N, 256, 14.0, 14.0)

====================================================================================================
op type: SpatialBN
op output: res4_4_branch2a_bn
C_out: 256
bn_params: 512, bn_flops: 50176.0
feature map shape: (N, 256, 14.0, 14.0)

====================================================================================================
op type: Relu
op output: res4_4_branch2a_bn
feature map shape: (N, 256, 14.0, 14.0)

====================================================================================================
op type: Conv
op output: res4_4_branch2b
k: 3.0
p: 1.0
s: 1.0
C_in: 256
C_out: 256
conv_params: 590080.0, conv_flops: 115655680.0
feature map shape: (N, 256, 14.0, 14.0)

====================================================================================================
op type: SpatialBN
op output: res4_4_branch2b_bn
C_out: 256
bn_params: 512, bn_flops: 50176.0
feature map shape: (N, 256, 14.0, 14.0)

====================================================================================================
op type: Relu
op output: res4_4_branch2b_bn
feature map shape: (N, 256, 14.0, 14.0)

====================================================================================================
op type: Conv
op output: res4_4_branch2c
k: 1.0
p: 0.0
s: 1.0
C_in: 256
C_out: 1024
conv_params: 263168.0, conv_flops: 51580928.0
feature map shape: (N, 1024, 14.0, 14.0)

====================================================================================================
op type: SpatialBN
op output: res4_4_branch2c_bn
C_out: 1024
bn_params: 2048, bn_flops: 200704.0
feature map shape: (N, 1024, 14.0, 14.0)

====================================================================================================
op type: Sum
op output: res4_4_branch2c_bn
feature map shape: (N, 1024, 14.0, 14.0)

====================================================================================================
op type: Relu
op output: res4_4_branch2c_bn
feature map shape: (N, 1024, 14.0, 14.0)

====================================================================================================
op type: Conv
op output: res4_5_branch2a
k: 1.0
p: 0.0
s: 1.0
C_in: 1024
C_out: 256
conv_params: 262400.0, conv_flops: 51430400.0
feature map shape: (N, 256, 14.0, 14.0)

====================================================================================================
op type: SpatialBN
op output: res4_5_branch2a_bn
C_out: 256
bn_params: 512, bn_flops: 50176.0
feature map shape: (N, 256, 14.0, 14.0)

====================================================================================================
op type: Relu
op output: res4_5_branch2a_bn
feature map shape: (N, 256, 14.0, 14.0)

====================================================================================================
op type: Conv
op output: res4_5_branch2b
k: 3.0
p: 1.0
s: 1.0
C_in: 256
C_out: 256
conv_params: 590080.0, conv_flops: 115655680.0
feature map shape: (N, 256, 14.0, 14.0)

====================================================================================================
op type: SpatialBN
op output: res4_5_branch2b_bn
C_out: 256
bn_params: 512, bn_flops: 50176.0
feature map shape: (N, 256, 14.0, 14.0)

====================================================================================================
op type: Relu
op output: res4_5_branch2b_bn
feature map shape: (N, 256, 14.0, 14.0)

====================================================================================================
op type: Conv
op output: res4_5_branch2c
k: 1.0
p: 0.0
s: 1.0
C_in: 256
C_out: 1024
conv_params: 263168.0, conv_flops: 51580928.0
feature map shape: (N, 1024, 14.0, 14.0)

====================================================================================================
op type: SpatialBN
op output: res4_5_branch2c_bn
C_out: 1024
bn_params: 2048, bn_flops: 200704.0
feature map shape: (N, 1024, 14.0, 14.0)

====================================================================================================
op type: Sum
op output: res4_5_branch2c_bn
feature map shape: (N, 1024, 14.0, 14.0)

====================================================================================================
op type: Relu
op output: res4_5_branch2c_bn
feature map shape: (N, 1024, 14.0, 14.0)

====================================================================================================
op type: Conv
op output: res5_0_branch1
k: 1.0
p: 0.0
s: 2.0
C_in: 1024
C_out: 2048
conv_params: 2099200.0, conv_flops: 102860800.0
feature map shape: (N, 2048, 7.0, 7.0)

====================================================================================================
op type: SpatialBN
op output: res5_0_branch1_bn
C_out: 2048
bn_params: 4096, bn_flops: 100352.0
feature map shape: (N, 2048, 7.0, 7.0)

====================================================================================================
op type: Conv
op output: res5_0_branch2a
k: 1.0
p: 0.0
s: 2.0
C_in: 1024
C_out: 512
conv_params: 524800.0, conv_flops: 25715200.0
feature map shape: (N, 512, 7.0, 7.0)

====================================================================================================
op type: SpatialBN
op output: res5_0_branch2a_bn
C_out: 512
bn_params: 1024, bn_flops: 25088.0
feature map shape: (N, 512, 7.0, 7.0)

====================================================================================================
op type: Relu
op output: res5_0_branch2a_bn
feature map shape: (N, 512, 7.0, 7.0)

====================================================================================================
op type: Conv
op output: res5_0_branch2b
k: 3.0
p: 1.0
s: 1.0
C_in: 512
C_out: 512
conv_params: 2359808.0, conv_flops: 115630592.0
feature map shape: (N, 512, 7.0, 7.0)

====================================================================================================
op type: SpatialBN
op output: res5_0_branch2b_bn
C_out: 512
bn_params: 1024, bn_flops: 25088.0
feature map shape: (N, 512, 7.0, 7.0)

====================================================================================================
op type: Relu
op output: res5_0_branch2b_bn
feature map shape: (N, 512, 7.0, 7.0)

====================================================================================================
op type: Conv
op output: res5_0_branch2c
k: 1.0
p: 0.0
s: 1.0
C_in: 512
C_out: 2048
conv_params: 1050624.0, conv_flops: 51480576.0
feature map shape: (N, 2048, 7.0, 7.0)

====================================================================================================
op type: SpatialBN
op output: res5_0_branch2c_bn
C_out: 2048
bn_params: 4096, bn_flops: 100352.0
feature map shape: (N, 2048, 7.0, 7.0)

====================================================================================================
op type: Sum
op output: res5_0_branch2c_bn
feature map shape: (N, 2048, 7.0, 7.0)

====================================================================================================
op type: Relu
op output: res5_0_branch2c_bn
feature map shape: (N, 2048, 7.0, 7.0)

====================================================================================================
op type: Conv
op output: res5_1_branch2a
k: 1.0
p: 0.0
s: 1.0
C_in: 2048
C_out: 512
conv_params: 1049088.0, conv_flops: 51405312.0
feature map shape: (N, 512, 7.0, 7.0)

====================================================================================================
op type: SpatialBN
op output: res5_1_branch2a_bn
C_out: 512
bn_params: 1024, bn_flops: 25088.0
feature map shape: (N, 512, 7.0, 7.0)

====================================================================================================
op type: Relu
op output: res5_1_branch2a_bn
feature map shape: (N, 512, 7.0, 7.0)

====================================================================================================
op type: Conv
op output: res5_1_branch2b
k: 3.0
p: 1.0
s: 1.0
C_in: 512
C_out: 512
conv_params: 2359808.0, conv_flops: 115630592.0
feature map shape: (N, 512, 7.0, 7.0)

====================================================================================================
op type: SpatialBN
op output: res5_1_branch2b_bn
C_out: 512
bn_params: 1024, bn_flops: 25088.0
feature map shape: (N, 512, 7.0, 7.0)

====================================================================================================
op type: Relu
op output: res5_1_branch2b_bn
feature map shape: (N, 512, 7.0, 7.0)

====================================================================================================
op type: Conv
op output: res5_1_branch2c
k: 1.0
p: 0.0
s: 1.0
C_in: 512
C_out: 2048
conv_params: 1050624.0, conv_flops: 51480576.0
feature map shape: (N, 2048, 7.0, 7.0)

====================================================================================================
op type: SpatialBN
op output: res5_1_branch2c_bn
C_out: 2048
bn_params: 4096, bn_flops: 100352.0
feature map shape: (N, 2048, 7.0, 7.0)

====================================================================================================
op type: Sum
op output: res5_1_branch2c_bn
feature map shape: (N, 2048, 7.0, 7.0)

====================================================================================================
op type: Relu
op output: res5_1_branch2c_bn
feature map shape: (N, 2048, 7.0, 7.0)

====================================================================================================
op type: Conv
op output: res5_2_branch2a
k: 1.0
p: 0.0
s: 1.0
C_in: 2048
C_out: 512
conv_params: 1049088.0, conv_flops: 51405312.0
feature map shape: (N, 512, 7.0, 7.0)

====================================================================================================
op type: SpatialBN
op output: res5_2_branch2a_bn
C_out: 512
bn_params: 1024, bn_flops: 25088.0
feature map shape: (N, 512, 7.0, 7.0)

====================================================================================================
op type: Relu
op output: res5_2_branch2a_bn
feature map shape: (N, 512, 7.0, 7.0)

====================================================================================================
op type: Conv
op output: res5_2_branch2b
k: 3.0
p: 1.0
s: 1.0
C_in: 512
C_out: 512
conv_params: 2359808.0, conv_flops: 115630592.0
feature map shape: (N, 512, 7.0, 7.0)

====================================================================================================
op type: SpatialBN
op output: res5_2_branch2b_bn
C_out: 512
bn_params: 1024, bn_flops: 25088.0
feature map shape: (N, 512, 7.0, 7.0)

====================================================================================================
op type: Relu
op output: res5_2_branch2b_bn
feature map shape: (N, 512, 7.0, 7.0)

====================================================================================================
op type: Conv
op output: res5_2_branch2c
k: 1.0
p: 0.0
s: 1.0
C_in: 512
C_out: 2048
conv_params: 1050624.0, conv_flops: 51480576.0
feature map shape: (N, 2048, 7.0, 7.0)

====================================================================================================
op type: SpatialBN
op output: res5_2_branch2c_bn
C_out: 2048
bn_params: 4096, bn_flops: 100352.0
feature map shape: (N, 2048, 7.0, 7.0)

====================================================================================================
op type: Sum
op output: res5_2_branch2c_bn
attention branch head: Sum
H_sum: 7.0
W_sum: 7.0
feature map shape: (N, 2048, 7.0, 7.0)

====================================================================================================
op type: Relu
op output: res5_2_branch2c_bn
attention branch head: Relu
H_sum: 7.0
W_sum: 7.0
feature map shape: (N, 2048, 7.0, 7.0)

====================================================================================================
op type: AveragePool
op output: osme_GAP1_1
attention branch head: AveragePool
H_sum: 7.0
W_sum: 7.0
k: 7.0
p: 0
s: 1.0
C_in: 2048
C_out: 2048
feature map shape: (N, 2048, 1.0, 1.0)

====================================================================================================
op type: FC
op output: osme_fc1_1
C_in: 2048
C_out: 128
fc_params: 262144, fc_flops: 262144
feature map shape: (N, 128, 1.0, 1.0)

====================================================================================================
op type: Relu
op output: osme_fc1_1
feature map shape: (N, 128, 1.0, 1.0)

====================================================================================================
op type: FC
op output: osme_fc2_1
C_in: 128
C_out: 2048
fc_params: 262144, fc_flops: 262144
feature map shape: (N, 2048, 1.0, 1.0)

====================================================================================================
op type: Sigmoid
op output: osme_mask_1
feature map shape: (N, 2048, 1.0, 1.0)

====================================================================================================
op type: Mul
op output: osme_excitation_1
attention branch head: Mul
H_sum: 7.0
W_sum: 7.0
here, the op is: Mul
feature map shape: (N, 2048, 7.0, 7.0)

====================================================================================================
op type: AveragePool
op output: osme_GAP2_1
k: 7.0
p: 0
s: 1.0
C_in: 2048
C_out: 2048
feature map shape: (N, 2048, 1.0, 1.0)

====================================================================================================
op type: FC
op output: attention_1
C_in: 2048
C_out: 1024
fc_params: 2097152, fc_flops: 2097152
feature map shape: (N, 1024, 1.0, 1.0)

====================================================================================================
op type: AveragePool
op output: osme_GAP1_2
attention branch head: AveragePool
H_sum: 7.0
W_sum: 7.0
k: 7.0
p: 0
s: 1.0
C_in: 1024
C_out: 1024
feature map shape: (N, 1024, 1.0, 1.0)

====================================================================================================
op type: FC
op output: osme_fc1_2
C_in: 2048
C_out: 128
fc_params: 262144, fc_flops: 262144
feature map shape: (N, 128, 1.0, 1.0)

====================================================================================================
op type: Relu
op output: osme_fc1_2
feature map shape: (N, 128, 1.0, 1.0)

====================================================================================================
op type: FC
op output: osme_fc2_2
C_in: 128
C_out: 2048
fc_params: 262144, fc_flops: 262144
feature map shape: (N, 2048, 1.0, 1.0)

====================================================================================================
op type: Sigmoid
op output: osme_mask_2
feature map shape: (N, 2048, 1.0, 1.0)

====================================================================================================
op type: Mul
op output: osme_excitation_2
attention branch head: Mul
H_sum: 7.0
W_sum: 7.0
here, the op is: Mul
feature map shape: (N, 2048, 7.0, 7.0)

====================================================================================================
op type: AveragePool
op output: osme_GAP2_2
k: 7.0
p: 0
s: 1.0
C_in: 2048
C_out: 2048
feature map shape: (N, 2048, 1.0, 1.0)

====================================================================================================
op type: FC
op output: attention_2
C_in: 2048
C_out: 1024
fc_params: 2097152, fc_flops: 2097152
feature map shape: (N, 1024, 1.0, 1.0)

====================================================================================================
op type: Concat
op output: combined_feature
feature map shape: (N, 1024, 1.0, 1.0)

====================================================================================================
op type: FC
op output: bi_attention_pred
C_in: 2048
C_out: 196
fc_params: 401408, fc_flops: 401408
feature map shape: (N, 196, 1.0, 1.0)

====================================================================================================
op type: SoftmaxWithLoss
op output: softmax
feature map shape: (N, 196, 1.0, 1.0)

====================================================================================================
op type: Split
op output: left
feature map shape: (N, 196, 1.0, 1.0)

====================================================================================================
op type: Sub
op output: diff
feature map shape: (N, 196, 1.0, 1.0)

====================================================================================================
op type: Abs
op output: diff_abs
feature map shape: (N, 196, 1.0, 1.0)

====================================================================================================
op type: Mul
op output: diff_square
feature map shape: (N, 196, 1.0, 1.0)

====================================================================================================
op type: ReduceBackSum
op output: diff_square_sum
feature map shape: (N, 196, 1.0, 1.0)

====================================================================================================
op type: Sqrt
op output: diff_sqrt
feature map shape: (N, 196, 1.0, 1.0)

====================================================================================================
op type: ReduceBackSum
op output: diff_norm2
feature map shape: (N, 196, 1.0, 1.0)

====================================================================================================
op type: GivenTensorFill
op output: BATCHSIZE
feature map shape: (N, 196, 1.0, 1.0)

====================================================================================================
op type: Div
op output: pc_reg
feature map shape: (N, 196, 1.0, 1.0)

====================================================================================================
op type: ConstantFill
op output: pc_weight
feature map shape: (N, 196, 1.0, 1.0)

====================================================================================================
op type: Mul
op output: weighted_pc_reg
feature map shape: (N, 196, 1.0, 1.0)

====================================================================================================
op type: Sum
op output: loss
feature map shape: (N, 196, 1.0, 1.0)

====================================================================================================
op type: Accuracy
op output: accuracy
feature map shape: (N, 196, 1.0, 1.0)

====================================================================================================
op type: Accuracy
op output: accuracy_5
feature map shape: (N, 196, 1.0, 1.0)

params: 29178880.0, FLOPs: 3882743808.0
[INFO] finish running src/param_statistics.py, total_time is 6.704s
