[INFO] start running src/param_statistics.py ...
[INFO] start running initialize ...
[INFO] finish running initialize ...

[INFO] start running build_validation_model ...
[INFO] finish running build_validation_model ...

res2_0_branch2a_bn_s : [64]
res2_0_branch2b_bn_rm : [64]
res_conv1_bn_b : [64]
res2_2_branch2a_bn_rm : [64]
res2_2_branch2b_bn_rm : [64]
res4_3_branch2a_bn_b : [256]
res2_1_branch2a_bn_s : [64]
res2_2_branch2a_w : [ 64 256   1   1]
res3_2_branch2c_bn_b : [512]
res5_0_branch2c_bn_s : [2048]
res2_0_branch2a_bn_b : [64]
res_conv1_bn_s : [64]
res5_2_branch2a_bn_rm : [512]
res4_5_branch2b_bn_rm : [256]
res5_0_branch1_bn_riv : [2048]
res2_1_branch2a_bn_b : [64]
res2_1_branch2c_w : [256  64   1   1]
res4_2_branch2c_w : [1024  256    1    1]
res3_1_branch2b_w : [128 128   3   3]
res3_2_branch2c_bn_s : [512]
res3_1_branch2b_bn_riv : [128]
res3_1_branch2a_bn_rm : [128]
res4_4_branch2b_w : [256 256   3   3]
res4_4_branch2c_bn_rm : [1024]
res3_1_branch2b_bn_b : [128]
bi_attention_pred_b : [196]
res3_1_branch2c_bn_b : [512]
res5_2_branch2b_w : [512 512   3   3]
res4_3_branch2a_bn_rm : [256]
res2_1_branch2c_bn_b : [256]
res2_0_branch2b_bn_b : [64]
res4_0_branch2a_bn_s : [256]
res3_2_branch2b_bn_b : [128]
res3_3_branch2a_w : [128 512   1   1]
bi_attention_pred_w : [ 196 2048]
res3_1_branch2b_bn_s : [128]
res3_1_branch2c_bn_s : [512]
res4_0_branch2a_bn_rm : [256]
res5_1_branch2c_w : [2048  512    1    1]
res2_1_branch2c_bn_s : [256]
res2_0_branch2b_bn_s : [64]
res3_2_branch2b_bn_s : [128]
res4_0_branch2a_bn_b : [256]
res4_0_branch2c_bn_b : [1024]
res5_2_branch2b_bn_rm : [512]
res2_1_branch2b_bn_riv : [64]
res3_1_branch2b_bn_rm : [128]
res3_3_branch2b_bn_s : [128]
res5_1_branch2c_bn_s : [2048]
res4_2_branch2a_w : [ 256 1024    1    1]
osme_fc1_2_w : [ 128 2048]
conv1_b : [64]
res2_0_branch2c_bn_b : [256]
res4_0_branch2c_bn_s : [1024]
res4_3_branch2b_bn_rm : [256]
res5_0_branch2b_bn_s : [512]
res3_3_branch2b_bn_b : [128]
res4_3_branch2c_bn_riv : [1024]
res5_1_branch2c_bn_b : [2048]
res2_0_branch1_bn_rm : [256]
res4_1_branch2a_bn_riv : [256]
conv1_w : [64  3  7  7]
res3_0_branch2b_bn_b : [128]
res4_3_branch2b_w : [256 256   3   3]
osme_fc2_2_w : [2048  128]
osme_fc2_1_w : [2048  128]
res2_1_branch2b_bn_rm : [64]
res4_1_branch2c_bn_b : [1024]
res3_2_branch2a_w : [128 512   1   1]
res4_1_branch2b_bn_b : [256]
res5_0_branch2c_bn_b : [2048]
res4_5_branch2c_w : [1024  256    1    1]
res2_0_branch1_w : [256  64   1   1]
res4_4_branch2b_bn_riv : [256]
res2_1_branch2c_bn_rm : [256]
res3_2_branch2c_w : [512 128   1   1]
res3_0_branch2b_bn_s : [128]
res4_1_branch2c_bn_s : [1024]
res4_1_branch2b_bn_s : [256]
res4_0_branch2c_bn_rm : [1024]
res2_2_branch2a_bn_riv : [64]
res5_0_branch2b_w : [512 512   3   3]
res4_1_branch2c_bn_riv : [1024]
attention_1_b : [1024]
res4_4_branch2a_bn_s : [256]
res4_5_branch2c_bn_rm : [1024]
res4_0_branch2b_bn_rm : [256]
res4_5_branch2a_w : [ 256 1024    1    1]
res2_0_branch1_bn_riv : [256]
res4_2_branch2b_bn_s : [256]
res2_2_branch2a_bn_b : [64]
res_conv1_bn_riv : [64]
res4_4_branch2a_bn_b : [256]
res4_3_branch2a_bn_s : [256]
res4_0_branch2c_bn_riv : [1024]
res4_2_branch2b_bn_b : [256]
res2_2_branch2a_bn_s : [64]
res2_0_branch2a_bn_riv : [64]
res3_0_branch2b_bn_rm : [128]
res4_4_branch2a_bn_riv : [256]
res5_0_branch2a_bn_rm : [512]
res5_2_branch2a_bn_riv : [512]
res5_1_branch2b_bn_riv : [512]
res5_1_branch2c_bn_riv : [2048]
osme_fc2_2_b : [2048]
osme_fc1_2_b : [128]
res4_5_branch2b_bn_riv : [256]
res5_2_branch2c_bn_s : [2048]
res3_2_branch2a_bn_rm : [128]
res5_1_branch2a_bn_rm : [512]
res4_2_branch2c_bn_rm : [1024]
res2_0_branch2c_w : [256  64   1   1]
res5_0_branch2a_bn_b : [512]
res3_2_branch2a_bn_s : [128]
res3_0_branch2c_bn_rm : [512]
res5_2_branch2c_bn_b : [2048]
res4_0_branch2b_w : [256 256   3   3]
res3_3_branch2c_w : [512 128   1   1]
res5_2_branch2a_w : [ 512 2048    1    1]
res5_2_branch2c_bn_rm : [2048]
res3_2_branch2a_bn_b : [128]
res5_0_branch2a_bn_s : [512]
res4_1_branch2b_bn_riv : [256]
res3_0_branch2a_bn_s : [128]
res4_4_branch2b_bn_b : [256]
res4_3_branch2b_bn_riv : [256]
res4_2_branch2c_bn_riv : [1024]
attention_1_w : [1024 2048]
res3_2_branch2b_w : [128 128   3   3]
res4_1_branch2a_bn_s : [256]
osme_fc1_1_w : [ 128 2048]
res4_0_branch2b_bn_b : [256]
res3_0_branch2a_bn_b : [128]
res4_4_branch2b_bn_s : [256]
res2_2_branch2b_bn_riv : [64]
res2_1_branch2a_w : [ 64 256   1   1]
osme_fc1_1_b : [128]
res2_2_branch2c_w : [256  64   1   1]
res4_0_branch1_w : [1024  512    1    1]
res4_0_branch2b_bn_s : [256]
res3_3_branch2a_bn_riv : [128]
res4_2_branch2a_bn_b : [256]
res4_5_branch2a_bn_rm : [256]
res3_2_branch2c_bn_rm : [512]
res5_2_branch2b_bn_s : [512]
res2_0_branch2a_bn_rm : [64]
res5_0_branch2b_bn_riv : [512]
res3_1_branch2a_bn_b : [128]
res3_3_branch2b_bn_rm : [128]
res4_3_branch2c_bn_s : [1024]
res3_0_branch1_w : [512 256   1   1]
res4_2_branch2a_bn_s : [256]
res5_2_branch2b_bn_b : [512]
res3_1_branch2a_bn_s : [128]
res4_3_branch2c_bn_b : [1024]
osme_fc2_1_b : [2048]
res4_5_branch2b_w : [256 256   3   3]
res5_0_branch2b_bn_b : [512]
res5_2_branch2a_bn_b : [512]
res5_0_branch2c_bn_riv : [2048]
res5_1_branch2a_bn_s : [512]
res3_3_branch2a_bn_rm : [128]
res4_0_branch2a_bn_riv : [256]
res3_3_branch2c_bn_riv : [512]
res2_1_branch2a_bn_rm : [64]
res2_0_branch1_bn_s : [256]
res2_2_branch2b_bn_s : [64]
res5_2_branch2a_bn_s : [512]
res_conv1_bn_rm : [64]
res5_1_branch2a_bn_b : [512]
res2_0_branch2c_bn_riv : [256]
res3_2_branch2b_bn_rm : [128]
res2_0_branch1_bn_b : [256]
res2_2_branch2b_bn_b : [64]
res2_2_branch2c_bn_s : [256]
res4_2_branch2b_bn_riv : [256]
res4_1_branch2a_bn_b : [256]
res4_0_branch1_bn_rm : [1024]
res4_0_branch1_bn_s : [1024]
res5_0_branch1_bn_s : [2048]
res4_2_branch2a_bn_rm : [256]
res4_0_branch2c_w : [1024  256    1    1]
res4_1_branch2a_w : [ 256 1024    1    1]
res5_0_branch2c_bn_rm : [2048]
res2_2_branch2c_bn_b : [256]
res2_0_branch2b_w : [64 64  3  3]
res3_0_branch1_bn_rm : [512]
res4_0_branch1_bn_b : [1024]
res4_1_branch2c_bn_rm : [1024]
res5_0_branch1_bn_b : [2048]
res4_0_branch2a_w : [256 512   1   1]
res4_1_branch2c_w : [1024  256    1    1]
res2_1_branch2b_bn_s : [64]
res4_2_branch2b_w : [256 256   3   3]
attention_2_w : [1024 2048]
res3_0_branch1_bn_b : [512]
res3_3_branch2c_bn_b : [512]
res3_0_branch1_bn_riv : [512]
res4_2_branch2a_bn_riv : [256]
res4_1_branch2a_bn_rm : [256]
res5_1_branch2b_w : [512 512   3   3]
res3_0_branch2c_bn_riv : [512]
attention_2_b : [1024]
res4_5_branch2c_bn_riv : [1024]
res4_4_branch2c_bn_riv : [1024]
res3_0_branch1_bn_s : [512]
res3_3_branch2c_bn_rm : [512]
res3_3_branch2c_bn_s : [512]
res3_0_branch2a_bn_riv : [128]
res3_3_branch2b_bn_riv : [128]
res5_1_branch2a_w : [ 512 2048    1    1]
res3_1_branch2a_w : [128 512   1   1]
res2_2_branch2b_w : [64 64  3  3]
res3_3_branch2a_bn_b : [128]
res2_1_branch2c_bn_riv : [256]
res4_5_branch2b_bn_b : [256]
res2_1_branch2b_w : [64 64  3  3]
res4_1_branch2b_bn_rm : [256]
res3_1_branch2c_w : [512 128   1   1]
res3_2_branch2a_bn_riv : [128]
res3_3_branch2a_bn_s : [128]
res3_0_branch2b_w : [128 128   3   3]
res4_5_branch2a_bn_riv : [256]
res4_5_branch2b_bn_s : [256]
res2_1_branch2a_bn_riv : [64]
res3_1_branch2c_bn_riv : [512]
res5_1_branch2a_bn_riv : [512]
res3_0_branch2c_bn_b : [512]
res3_0_branch2a_bn_rm : [128]
res4_4_branch2c_bn_b : [1024]
res5_0_branch2a_bn_riv : [512]
res2_2_branch2c_bn_rm : [256]
res5_2_branch2c_bn_riv : [2048]
res3_3_branch2b_w : [128 128   3   3]
res5_2_branch2b_bn_riv : [512]
res4_2_branch2b_bn_rm : [256]
res5_2_branch2c_w : [2048  512    1    1]
res3_0_branch2c_bn_s : [512]
res4_4_branch2c_bn_s : [1024]
res4_4_branch2a_w : [ 256 1024    1    1]
res5_0_branch2b_bn_rm : [512]
res2_0_branch2a_w : [64 64  1  1]
res4_4_branch2b_bn_rm : [256]
res5_1_branch2b_bn_rm : [512]
res4_3_branch2a_bn_riv : [256]
res5_0_branch2c_w : [2048  512    1    1]
res5_1_branch2b_bn_b : [512]
res4_3_branch2a_w : [ 256 1024    1    1]
res3_1_branch2a_bn_riv : [128]
res5_0_branch1_bn_rm : [2048]
res4_3_branch2c_bn_rm : [1024]
res3_2_branch2b_bn_riv : [128]
res2_1_branch2b_bn_b : [64]
res2_0_branch2b_bn_riv : [64]
res4_1_branch2b_w : [256 256   3   3]
res5_1_branch2b_bn_s : [512]
res4_4_branch2c_w : [1024  256    1    1]
res2_0_branch2c_bn_rm : [256]
res5_1_branch2c_bn_rm : [2048]
res4_0_branch2b_bn_riv : [256]
res3_0_branch2c_w : [512 128   1   1]
res2_2_branch2c_bn_riv : [256]
res4_0_branch1_bn_riv : [1024]
res5_0_branch1_w : [2048 1024    1    1]
res3_1_branch2c_bn_rm : [512]
res4_5_branch2c_bn_b : [1024]
res4_3_branch2c_w : [1024  256    1    1]
res4_5_branch2a_bn_s : [256]
res4_3_branch2b_bn_s : [256]
res4_2_branch2c_bn_s : [1024]
res4_4_branch2a_bn_rm : [256]
res3_2_branch2c_bn_riv : [512]
res5_0_branch2a_w : [ 512 1024    1    1]
res4_5_branch2c_bn_s : [1024]
res4_5_branch2a_bn_b : [256]
res4_2_branch2c_bn_b : [1024]
res2_0_branch2c_bn_s : [256]
res4_3_branch2b_bn_b : [256]
res3_0_branch2b_bn_riv : [128]
res3_0_branch2a_w : [128 256   1   1]
[INFO] finish running src/param_statistics.py, total_time is 6.031s
