1 : MultiPrecisionSgdOptimizer_0_lr_cpu
2 : ONE_0_0
3 : _pool1_grad_autosplit_0
4 : _res2_2_branch2c_bn_grad_autosplit_0
5 : _res3_3_branch2c_bn_grad_autosplit_0
6 : _res4_5_branch2c_bn_grad_autosplit_0
7 : conv1
8 : conv1_b
9 : conv1_b_grad
10 : conv1_b_momentum
11 : conv1_grad
12 : conv1_w
13 : conv1_w_grad
14 : conv1_w_momentum
15 : data
16 : data_grad
17 : iteration_mutex
18 : label
19 : loss
20 : loss_autogen_grad
21 : optimizer_iteration
22 : pool1
23 : pool1_grad
24 : pool5
25 : pool5_grad
26 : pred
27 : pred_b
28 : pred_b_grad
29 : pred_b_momentum
30 : pred_grad
31 : pred_w
32 : pred_w_grad
33 : pred_w_momentum
34 : res2_0_branch1
35 : res2_0_branch1_bn
36 : res2_0_branch1_bn_b
37 : res2_0_branch1_bn_b_grad
38 : res2_0_branch1_bn_b_momentum
39 : res2_0_branch1_bn_riv
40 : res2_0_branch1_bn_rm
41 : res2_0_branch1_bn_s
42 : res2_0_branch1_bn_s_grad
43 : res2_0_branch1_bn_s_momentum
44 : res2_0_branch1_bn_siv
45 : res2_0_branch1_bn_sm
46 : res2_0_branch1_grad
47 : res2_0_branch1_w
48 : res2_0_branch1_w_grad
49 : res2_0_branch1_w_momentum
50 : res2_0_branch2a
51 : res2_0_branch2a_bn
52 : res2_0_branch2a_bn_b
53 : res2_0_branch2a_bn_b_grad
54 : res2_0_branch2a_bn_b_momentum
55 : res2_0_branch2a_bn_grad
56 : res2_0_branch2a_bn_riv
57 : res2_0_branch2a_bn_rm
58 : res2_0_branch2a_bn_s
59 : res2_0_branch2a_bn_s_grad
60 : res2_0_branch2a_bn_s_momentum
61 : res2_0_branch2a_bn_siv
62 : res2_0_branch2a_bn_sm
63 : res2_0_branch2a_grad
64 : res2_0_branch2a_w
65 : res2_0_branch2a_w_grad
66 : res2_0_branch2a_w_momentum
67 : res2_0_branch2b
68 : res2_0_branch2b_bn
69 : res2_0_branch2b_bn_b
70 : res2_0_branch2b_bn_b_grad
71 : res2_0_branch2b_bn_b_momentum
72 : res2_0_branch2b_bn_grad
73 : res2_0_branch2b_bn_riv
74 : res2_0_branch2b_bn_rm
75 : res2_0_branch2b_bn_s
76 : res2_0_branch2b_bn_s_grad
77 : res2_0_branch2b_bn_s_momentum
78 : res2_0_branch2b_bn_siv
79 : res2_0_branch2b_bn_sm
80 : res2_0_branch2b_grad
81 : res2_0_branch2b_w
82 : res2_0_branch2b_w_grad
83 : res2_0_branch2b_w_momentum
84 : res2_0_branch2c
85 : res2_0_branch2c_bn
86 : res2_0_branch2c_bn_b
87 : res2_0_branch2c_bn_b_grad
88 : res2_0_branch2c_bn_b_momentum
89 : res2_0_branch2c_bn_grad
90 : res2_0_branch2c_bn_riv
91 : res2_0_branch2c_bn_rm
92 : res2_0_branch2c_bn_s
93 : res2_0_branch2c_bn_s_grad
94 : res2_0_branch2c_bn_s_momentum
95 : res2_0_branch2c_bn_siv
96 : res2_0_branch2c_bn_sm
97 : res2_0_branch2c_grad
98 : res2_0_branch2c_w
99 : res2_0_branch2c_w_grad
100 : res2_0_branch2c_w_momentum
101 : res2_1_branch2a
102 : res2_1_branch2a_bn
103 : res2_1_branch2a_bn_b
104 : res2_1_branch2a_bn_b_grad
105 : res2_1_branch2a_bn_b_momentum
106 : res2_1_branch2a_bn_grad
107 : res2_1_branch2a_bn_riv
108 : res2_1_branch2a_bn_rm
109 : res2_1_branch2a_bn_s
110 : res2_1_branch2a_bn_s_grad
111 : res2_1_branch2a_bn_s_momentum
112 : res2_1_branch2a_bn_siv
113 : res2_1_branch2a_bn_sm
114 : res2_1_branch2a_grad
115 : res2_1_branch2a_w
116 : res2_1_branch2a_w_grad
117 : res2_1_branch2a_w_momentum
118 : res2_1_branch2b
119 : res2_1_branch2b_bn
120 : res2_1_branch2b_bn_b
121 : res2_1_branch2b_bn_b_grad
122 : res2_1_branch2b_bn_b_momentum
123 : res2_1_branch2b_bn_grad
124 : res2_1_branch2b_bn_riv
125 : res2_1_branch2b_bn_rm
126 : res2_1_branch2b_bn_s
127 : res2_1_branch2b_bn_s_grad
128 : res2_1_branch2b_bn_s_momentum
129 : res2_1_branch2b_bn_siv
130 : res2_1_branch2b_bn_sm
131 : res2_1_branch2b_grad
132 : res2_1_branch2b_w
133 : res2_1_branch2b_w_grad
134 : res2_1_branch2b_w_momentum
135 : res2_1_branch2c
136 : res2_1_branch2c_bn
137 : res2_1_branch2c_bn_b
138 : res2_1_branch2c_bn_b_grad
139 : res2_1_branch2c_bn_b_momentum
140 : res2_1_branch2c_bn_grad
141 : res2_1_branch2c_bn_riv
142 : res2_1_branch2c_bn_rm
143 : res2_1_branch2c_bn_s
144 : res2_1_branch2c_bn_s_grad
145 : res2_1_branch2c_bn_s_momentum
146 : res2_1_branch2c_bn_siv
147 : res2_1_branch2c_bn_sm
148 : res2_1_branch2c_grad
149 : res2_1_branch2c_w
150 : res2_1_branch2c_w_grad
151 : res2_1_branch2c_w_momentum
152 : res2_2_branch2a
153 : res2_2_branch2a_bn
154 : res2_2_branch2a_bn_b
155 : res2_2_branch2a_bn_b_grad
156 : res2_2_branch2a_bn_b_momentum
157 : res2_2_branch2a_bn_grad
158 : res2_2_branch2a_bn_riv
159 : res2_2_branch2a_bn_rm
160 : res2_2_branch2a_bn_s
161 : res2_2_branch2a_bn_s_grad
162 : res2_2_branch2a_bn_s_momentum
163 : res2_2_branch2a_bn_siv
164 : res2_2_branch2a_bn_sm
165 : res2_2_branch2a_grad
166 : res2_2_branch2a_w
167 : res2_2_branch2a_w_grad
168 : res2_2_branch2a_w_momentum
169 : res2_2_branch2b
170 : res2_2_branch2b_bn
171 : res2_2_branch2b_bn_b
172 : res2_2_branch2b_bn_b_grad
173 : res2_2_branch2b_bn_b_momentum
174 : res2_2_branch2b_bn_grad
175 : res2_2_branch2b_bn_riv
176 : res2_2_branch2b_bn_rm
177 : res2_2_branch2b_bn_s
178 : res2_2_branch2b_bn_s_grad
179 : res2_2_branch2b_bn_s_momentum
180 : res2_2_branch2b_bn_siv
181 : res2_2_branch2b_bn_sm
182 : res2_2_branch2b_grad
183 : res2_2_branch2b_w
184 : res2_2_branch2b_w_grad
185 : res2_2_branch2b_w_momentum
186 : res2_2_branch2c
187 : res2_2_branch2c_bn
188 : res2_2_branch2c_bn_b
189 : res2_2_branch2c_bn_b_grad
190 : res2_2_branch2c_bn_b_momentum
191 : res2_2_branch2c_bn_grad
192 : res2_2_branch2c_bn_riv
193 : res2_2_branch2c_bn_rm
194 : res2_2_branch2c_bn_s
195 : res2_2_branch2c_bn_s_grad
196 : res2_2_branch2c_bn_s_momentum
197 : res2_2_branch2c_bn_siv
198 : res2_2_branch2c_bn_sm
199 : res2_2_branch2c_grad
200 : res2_2_branch2c_w
201 : res2_2_branch2c_w_grad
202 : res2_2_branch2c_w_momentum
203 : res3_0_branch1
204 : res3_0_branch1_bn
205 : res3_0_branch1_bn_b
206 : res3_0_branch1_bn_b_grad
207 : res3_0_branch1_bn_b_momentum
208 : res3_0_branch1_bn_riv
209 : res3_0_branch1_bn_rm
210 : res3_0_branch1_bn_s
211 : res3_0_branch1_bn_s_grad
212 : res3_0_branch1_bn_s_momentum
213 : res3_0_branch1_bn_siv
214 : res3_0_branch1_bn_sm
215 : res3_0_branch1_grad
216 : res3_0_branch1_w
217 : res3_0_branch1_w_grad
218 : res3_0_branch1_w_momentum
219 : res3_0_branch2a
220 : res3_0_branch2a_bn
221 : res3_0_branch2a_bn_b
222 : res3_0_branch2a_bn_b_grad
223 : res3_0_branch2a_bn_b_momentum
224 : res3_0_branch2a_bn_grad
225 : res3_0_branch2a_bn_riv
226 : res3_0_branch2a_bn_rm
227 : res3_0_branch2a_bn_s
228 : res3_0_branch2a_bn_s_grad
229 : res3_0_branch2a_bn_s_momentum
230 : res3_0_branch2a_bn_siv
231 : res3_0_branch2a_bn_sm
232 : res3_0_branch2a_grad
233 : res3_0_branch2a_w
234 : res3_0_branch2a_w_grad
235 : res3_0_branch2a_w_momentum
236 : res3_0_branch2b
237 : res3_0_branch2b_bn
238 : res3_0_branch2b_bn_b
239 : res3_0_branch2b_bn_b_grad
240 : res3_0_branch2b_bn_b_momentum
241 : res3_0_branch2b_bn_grad
242 : res3_0_branch2b_bn_riv
243 : res3_0_branch2b_bn_rm
244 : res3_0_branch2b_bn_s
245 : res3_0_branch2b_bn_s_grad
246 : res3_0_branch2b_bn_s_momentum
247 : res3_0_branch2b_bn_siv
248 : res3_0_branch2b_bn_sm
249 : res3_0_branch2b_grad
250 : res3_0_branch2b_w
251 : res3_0_branch2b_w_grad
252 : res3_0_branch2b_w_momentum
253 : res3_0_branch2c
254 : res3_0_branch2c_bn
255 : res3_0_branch2c_bn_b
256 : res3_0_branch2c_bn_b_grad
257 : res3_0_branch2c_bn_b_momentum
258 : res3_0_branch2c_bn_grad
259 : res3_0_branch2c_bn_riv
260 : res3_0_branch2c_bn_rm
261 : res3_0_branch2c_bn_s
262 : res3_0_branch2c_bn_s_grad
263 : res3_0_branch2c_bn_s_momentum
264 : res3_0_branch2c_bn_siv
265 : res3_0_branch2c_bn_sm
266 : res3_0_branch2c_grad
267 : res3_0_branch2c_w
268 : res3_0_branch2c_w_grad
269 : res3_0_branch2c_w_momentum
270 : res3_1_branch2a
271 : res3_1_branch2a_bn
272 : res3_1_branch2a_bn_b
273 : res3_1_branch2a_bn_b_grad
274 : res3_1_branch2a_bn_b_momentum
275 : res3_1_branch2a_bn_grad
276 : res3_1_branch2a_bn_riv
277 : res3_1_branch2a_bn_rm
278 : res3_1_branch2a_bn_s
279 : res3_1_branch2a_bn_s_grad
280 : res3_1_branch2a_bn_s_momentum
281 : res3_1_branch2a_bn_siv
282 : res3_1_branch2a_bn_sm
283 : res3_1_branch2a_grad
284 : res3_1_branch2a_w
285 : res3_1_branch2a_w_grad
286 : res3_1_branch2a_w_momentum
287 : res3_1_branch2b
288 : res3_1_branch2b_bn
289 : res3_1_branch2b_bn_b
290 : res3_1_branch2b_bn_b_grad
291 : res3_1_branch2b_bn_b_momentum
292 : res3_1_branch2b_bn_grad
293 : res3_1_branch2b_bn_riv
294 : res3_1_branch2b_bn_rm
295 : res3_1_branch2b_bn_s
296 : res3_1_branch2b_bn_s_grad
297 : res3_1_branch2b_bn_s_momentum
298 : res3_1_branch2b_bn_siv
299 : res3_1_branch2b_bn_sm
300 : res3_1_branch2b_grad
301 : res3_1_branch2b_w
302 : res3_1_branch2b_w_grad
303 : res3_1_branch2b_w_momentum
304 : res3_1_branch2c
305 : res3_1_branch2c_bn
306 : res3_1_branch2c_bn_b
307 : res3_1_branch2c_bn_b_grad
308 : res3_1_branch2c_bn_b_momentum
309 : res3_1_branch2c_bn_grad
310 : res3_1_branch2c_bn_riv
311 : res3_1_branch2c_bn_rm
312 : res3_1_branch2c_bn_s
313 : res3_1_branch2c_bn_s_grad
314 : res3_1_branch2c_bn_s_momentum
315 : res3_1_branch2c_bn_siv
316 : res3_1_branch2c_bn_sm
317 : res3_1_branch2c_grad
318 : res3_1_branch2c_w
319 : res3_1_branch2c_w_grad
320 : res3_1_branch2c_w_momentum
321 : res3_2_branch2a
322 : res3_2_branch2a_bn
323 : res3_2_branch2a_bn_b
324 : res3_2_branch2a_bn_b_grad
325 : res3_2_branch2a_bn_b_momentum
326 : res3_2_branch2a_bn_grad
327 : res3_2_branch2a_bn_riv
328 : res3_2_branch2a_bn_rm
329 : res3_2_branch2a_bn_s
330 : res3_2_branch2a_bn_s_grad
331 : res3_2_branch2a_bn_s_momentum
332 : res3_2_branch2a_bn_siv
333 : res3_2_branch2a_bn_sm
334 : res3_2_branch2a_grad
335 : res3_2_branch2a_w
336 : res3_2_branch2a_w_grad
337 : res3_2_branch2a_w_momentum
338 : res3_2_branch2b
339 : res3_2_branch2b_bn
340 : res3_2_branch2b_bn_b
341 : res3_2_branch2b_bn_b_grad
342 : res3_2_branch2b_bn_b_momentum
343 : res3_2_branch2b_bn_grad
344 : res3_2_branch2b_bn_riv
345 : res3_2_branch2b_bn_rm
346 : res3_2_branch2b_bn_s
347 : res3_2_branch2b_bn_s_grad
348 : res3_2_branch2b_bn_s_momentum
349 : res3_2_branch2b_bn_siv
350 : res3_2_branch2b_bn_sm
351 : res3_2_branch2b_grad
352 : res3_2_branch2b_w
353 : res3_2_branch2b_w_grad
354 : res3_2_branch2b_w_momentum
355 : res3_2_branch2c
356 : res3_2_branch2c_bn
357 : res3_2_branch2c_bn_b
358 : res3_2_branch2c_bn_b_grad
359 : res3_2_branch2c_bn_b_momentum
360 : res3_2_branch2c_bn_grad
361 : res3_2_branch2c_bn_riv
362 : res3_2_branch2c_bn_rm
363 : res3_2_branch2c_bn_s
364 : res3_2_branch2c_bn_s_grad
365 : res3_2_branch2c_bn_s_momentum
366 : res3_2_branch2c_bn_siv
367 : res3_2_branch2c_bn_sm
368 : res3_2_branch2c_grad
369 : res3_2_branch2c_w
370 : res3_2_branch2c_w_grad
371 : res3_2_branch2c_w_momentum
372 : res3_3_branch2a
373 : res3_3_branch2a_bn
374 : res3_3_branch2a_bn_b
375 : res3_3_branch2a_bn_b_grad
376 : res3_3_branch2a_bn_b_momentum
377 : res3_3_branch2a_bn_grad
378 : res3_3_branch2a_bn_riv
379 : res3_3_branch2a_bn_rm
380 : res3_3_branch2a_bn_s
381 : res3_3_branch2a_bn_s_grad
382 : res3_3_branch2a_bn_s_momentum
383 : res3_3_branch2a_bn_siv
384 : res3_3_branch2a_bn_sm
385 : res3_3_branch2a_grad
386 : res3_3_branch2a_w
387 : res3_3_branch2a_w_grad
388 : res3_3_branch2a_w_momentum
389 : res3_3_branch2b
390 : res3_3_branch2b_bn
391 : res3_3_branch2b_bn_b
392 : res3_3_branch2b_bn_b_grad
393 : res3_3_branch2b_bn_b_momentum
394 : res3_3_branch2b_bn_grad
395 : res3_3_branch2b_bn_riv
396 : res3_3_branch2b_bn_rm
397 : res3_3_branch2b_bn_s
398 : res3_3_branch2b_bn_s_grad
399 : res3_3_branch2b_bn_s_momentum
400 : res3_3_branch2b_bn_siv
401 : res3_3_branch2b_bn_sm
402 : res3_3_branch2b_grad
403 : res3_3_branch2b_w
404 : res3_3_branch2b_w_grad
405 : res3_3_branch2b_w_momentum
406 : res3_3_branch2c
407 : res3_3_branch2c_bn
408 : res3_3_branch2c_bn_b
409 : res3_3_branch2c_bn_b_grad
410 : res3_3_branch2c_bn_b_momentum
411 : res3_3_branch2c_bn_grad
412 : res3_3_branch2c_bn_riv
413 : res3_3_branch2c_bn_rm
414 : res3_3_branch2c_bn_s
415 : res3_3_branch2c_bn_s_grad
416 : res3_3_branch2c_bn_s_momentum
417 : res3_3_branch2c_bn_siv
418 : res3_3_branch2c_bn_sm
419 : res3_3_branch2c_grad
420 : res3_3_branch2c_w
421 : res3_3_branch2c_w_grad
422 : res3_3_branch2c_w_momentum
423 : res4_0_branch1
424 : res4_0_branch1_bn
425 : res4_0_branch1_bn_b
426 : res4_0_branch1_bn_b_grad
427 : res4_0_branch1_bn_b_momentum
428 : res4_0_branch1_bn_riv
429 : res4_0_branch1_bn_rm
430 : res4_0_branch1_bn_s
431 : res4_0_branch1_bn_s_grad
432 : res4_0_branch1_bn_s_momentum
433 : res4_0_branch1_bn_siv
434 : res4_0_branch1_bn_sm
435 : res4_0_branch1_grad
436 : res4_0_branch1_w
437 : res4_0_branch1_w_grad
438 : res4_0_branch1_w_momentum
439 : res4_0_branch2a
440 : res4_0_branch2a_bn
441 : res4_0_branch2a_bn_b
442 : res4_0_branch2a_bn_b_grad
443 : res4_0_branch2a_bn_b_momentum
444 : res4_0_branch2a_bn_grad
445 : res4_0_branch2a_bn_riv
446 : res4_0_branch2a_bn_rm
447 : res4_0_branch2a_bn_s
448 : res4_0_branch2a_bn_s_grad
449 : res4_0_branch2a_bn_s_momentum
450 : res4_0_branch2a_bn_siv
451 : res4_0_branch2a_bn_sm
452 : res4_0_branch2a_grad
453 : res4_0_branch2a_w
454 : res4_0_branch2a_w_grad
455 : res4_0_branch2a_w_momentum
456 : res4_0_branch2b
457 : res4_0_branch2b_bn
458 : res4_0_branch2b_bn_b
459 : res4_0_branch2b_bn_b_grad
460 : res4_0_branch2b_bn_b_momentum
461 : res4_0_branch2b_bn_grad
462 : res4_0_branch2b_bn_riv
463 : res4_0_branch2b_bn_rm
464 : res4_0_branch2b_bn_s
465 : res4_0_branch2b_bn_s_grad
466 : res4_0_branch2b_bn_s_momentum
467 : res4_0_branch2b_bn_siv
468 : res4_0_branch2b_bn_sm
469 : res4_0_branch2b_grad
470 : res4_0_branch2b_w
471 : res4_0_branch2b_w_grad
472 : res4_0_branch2b_w_momentum
473 : res4_0_branch2c
474 : res4_0_branch2c_bn
475 : res4_0_branch2c_bn_b
476 : res4_0_branch2c_bn_b_grad
477 : res4_0_branch2c_bn_b_momentum
478 : res4_0_branch2c_bn_grad
479 : res4_0_branch2c_bn_riv
480 : res4_0_branch2c_bn_rm
481 : res4_0_branch2c_bn_s
482 : res4_0_branch2c_bn_s_grad
483 : res4_0_branch2c_bn_s_momentum
484 : res4_0_branch2c_bn_siv
485 : res4_0_branch2c_bn_sm
486 : res4_0_branch2c_grad
487 : res4_0_branch2c_w
488 : res4_0_branch2c_w_grad
489 : res4_0_branch2c_w_momentum
490 : res4_1_branch2a
491 : res4_1_branch2a_bn
492 : res4_1_branch2a_bn_b
493 : res4_1_branch2a_bn_b_grad
494 : res4_1_branch2a_bn_b_momentum
495 : res4_1_branch2a_bn_grad
496 : res4_1_branch2a_bn_riv
497 : res4_1_branch2a_bn_rm
498 : res4_1_branch2a_bn_s
499 : res4_1_branch2a_bn_s_grad
500 : res4_1_branch2a_bn_s_momentum
501 : res4_1_branch2a_bn_siv
502 : res4_1_branch2a_bn_sm
503 : res4_1_branch2a_grad
504 : res4_1_branch2a_w
505 : res4_1_branch2a_w_grad
506 : res4_1_branch2a_w_momentum
507 : res4_1_branch2b
508 : res4_1_branch2b_bn
509 : res4_1_branch2b_bn_b
510 : res4_1_branch2b_bn_b_grad
511 : res4_1_branch2b_bn_b_momentum
512 : res4_1_branch2b_bn_grad
513 : res4_1_branch2b_bn_riv
514 : res4_1_branch2b_bn_rm
515 : res4_1_branch2b_bn_s
516 : res4_1_branch2b_bn_s_grad
517 : res4_1_branch2b_bn_s_momentum
518 : res4_1_branch2b_bn_siv
519 : res4_1_branch2b_bn_sm
520 : res4_1_branch2b_grad
521 : res4_1_branch2b_w
522 : res4_1_branch2b_w_grad
523 : res4_1_branch2b_w_momentum
524 : res4_1_branch2c
525 : res4_1_branch2c_bn
526 : res4_1_branch2c_bn_b
527 : res4_1_branch2c_bn_b_grad
528 : res4_1_branch2c_bn_b_momentum
529 : res4_1_branch2c_bn_grad
530 : res4_1_branch2c_bn_riv
531 : res4_1_branch2c_bn_rm
532 : res4_1_branch2c_bn_s
533 : res4_1_branch2c_bn_s_grad
534 : res4_1_branch2c_bn_s_momentum
535 : res4_1_branch2c_bn_siv
536 : res4_1_branch2c_bn_sm
537 : res4_1_branch2c_grad
538 : res4_1_branch2c_w
539 : res4_1_branch2c_w_grad
540 : res4_1_branch2c_w_momentum
541 : res4_2_branch2a
542 : res4_2_branch2a_bn
543 : res4_2_branch2a_bn_b
544 : res4_2_branch2a_bn_b_grad
545 : res4_2_branch2a_bn_b_momentum
546 : res4_2_branch2a_bn_grad
547 : res4_2_branch2a_bn_riv
548 : res4_2_branch2a_bn_rm
549 : res4_2_branch2a_bn_s
550 : res4_2_branch2a_bn_s_grad
551 : res4_2_branch2a_bn_s_momentum
552 : res4_2_branch2a_bn_siv
553 : res4_2_branch2a_bn_sm
554 : res4_2_branch2a_grad
555 : res4_2_branch2a_w
556 : res4_2_branch2a_w_grad
557 : res4_2_branch2a_w_momentum
558 : res4_2_branch2b
559 : res4_2_branch2b_bn
560 : res4_2_branch2b_bn_b
561 : res4_2_branch2b_bn_b_grad
562 : res4_2_branch2b_bn_b_momentum
563 : res4_2_branch2b_bn_grad
564 : res4_2_branch2b_bn_riv
565 : res4_2_branch2b_bn_rm
566 : res4_2_branch2b_bn_s
567 : res4_2_branch2b_bn_s_grad
568 : res4_2_branch2b_bn_s_momentum
569 : res4_2_branch2b_bn_siv
570 : res4_2_branch2b_bn_sm
571 : res4_2_branch2b_grad
572 : res4_2_branch2b_w
573 : res4_2_branch2b_w_grad
574 : res4_2_branch2b_w_momentum
575 : res4_2_branch2c
576 : res4_2_branch2c_bn
577 : res4_2_branch2c_bn_b
578 : res4_2_branch2c_bn_b_grad
579 : res4_2_branch2c_bn_b_momentum
580 : res4_2_branch2c_bn_grad
581 : res4_2_branch2c_bn_riv
582 : res4_2_branch2c_bn_rm
583 : res4_2_branch2c_bn_s
584 : res4_2_branch2c_bn_s_grad
585 : res4_2_branch2c_bn_s_momentum
586 : res4_2_branch2c_bn_siv
587 : res4_2_branch2c_bn_sm
588 : res4_2_branch2c_grad
589 : res4_2_branch2c_w
590 : res4_2_branch2c_w_grad
591 : res4_2_branch2c_w_momentum
592 : res4_3_branch2a
593 : res4_3_branch2a_bn
594 : res4_3_branch2a_bn_b
595 : res4_3_branch2a_bn_b_grad
596 : res4_3_branch2a_bn_b_momentum
597 : res4_3_branch2a_bn_grad
598 : res4_3_branch2a_bn_riv
599 : res4_3_branch2a_bn_rm
600 : res4_3_branch2a_bn_s
601 : res4_3_branch2a_bn_s_grad
602 : res4_3_branch2a_bn_s_momentum
603 : res4_3_branch2a_bn_siv
604 : res4_3_branch2a_bn_sm
605 : res4_3_branch2a_grad
606 : res4_3_branch2a_w
607 : res4_3_branch2a_w_grad
608 : res4_3_branch2a_w_momentum
609 : res4_3_branch2b
610 : res4_3_branch2b_bn
611 : res4_3_branch2b_bn_b
612 : res4_3_branch2b_bn_b_grad
613 : res4_3_branch2b_bn_b_momentum
614 : res4_3_branch2b_bn_grad
615 : res4_3_branch2b_bn_riv
616 : res4_3_branch2b_bn_rm
617 : res4_3_branch2b_bn_s
618 : res4_3_branch2b_bn_s_grad
619 : res4_3_branch2b_bn_s_momentum
620 : res4_3_branch2b_bn_siv
621 : res4_3_branch2b_bn_sm
622 : res4_3_branch2b_grad
623 : res4_3_branch2b_w
624 : res4_3_branch2b_w_grad
625 : res4_3_branch2b_w_momentum
626 : res4_3_branch2c
627 : res4_3_branch2c_bn
628 : res4_3_branch2c_bn_b
629 : res4_3_branch2c_bn_b_grad
630 : res4_3_branch2c_bn_b_momentum
631 : res4_3_branch2c_bn_grad
632 : res4_3_branch2c_bn_riv
633 : res4_3_branch2c_bn_rm
634 : res4_3_branch2c_bn_s
635 : res4_3_branch2c_bn_s_grad
636 : res4_3_branch2c_bn_s_momentum
637 : res4_3_branch2c_bn_siv
638 : res4_3_branch2c_bn_sm
639 : res4_3_branch2c_grad
640 : res4_3_branch2c_w
641 : res4_3_branch2c_w_grad
642 : res4_3_branch2c_w_momentum
643 : res4_4_branch2a
644 : res4_4_branch2a_bn
645 : res4_4_branch2a_bn_b
646 : res4_4_branch2a_bn_b_grad
647 : res4_4_branch2a_bn_b_momentum
648 : res4_4_branch2a_bn_grad
649 : res4_4_branch2a_bn_riv
650 : res4_4_branch2a_bn_rm
651 : res4_4_branch2a_bn_s
652 : res4_4_branch2a_bn_s_grad
653 : res4_4_branch2a_bn_s_momentum
654 : res4_4_branch2a_bn_siv
655 : res4_4_branch2a_bn_sm
656 : res4_4_branch2a_grad
657 : res4_4_branch2a_w
658 : res4_4_branch2a_w_grad
659 : res4_4_branch2a_w_momentum
660 : res4_4_branch2b
661 : res4_4_branch2b_bn
662 : res4_4_branch2b_bn_b
663 : res4_4_branch2b_bn_b_grad
664 : res4_4_branch2b_bn_b_momentum
665 : res4_4_branch2b_bn_grad
666 : res4_4_branch2b_bn_riv
667 : res4_4_branch2b_bn_rm
668 : res4_4_branch2b_bn_s
669 : res4_4_branch2b_bn_s_grad
670 : res4_4_branch2b_bn_s_momentum
671 : res4_4_branch2b_bn_siv
672 : res4_4_branch2b_bn_sm
673 : res4_4_branch2b_grad
674 : res4_4_branch2b_w
675 : res4_4_branch2b_w_grad
676 : res4_4_branch2b_w_momentum
677 : res4_4_branch2c
678 : res4_4_branch2c_bn
679 : res4_4_branch2c_bn_b
680 : res4_4_branch2c_bn_b_grad
681 : res4_4_branch2c_bn_b_momentum
682 : res4_4_branch2c_bn_grad
683 : res4_4_branch2c_bn_riv
684 : res4_4_branch2c_bn_rm
685 : res4_4_branch2c_bn_s
686 : res4_4_branch2c_bn_s_grad
687 : res4_4_branch2c_bn_s_momentum
688 : res4_4_branch2c_bn_siv
689 : res4_4_branch2c_bn_sm
690 : res4_4_branch2c_grad
691 : res4_4_branch2c_w
692 : res4_4_branch2c_w_grad
693 : res4_4_branch2c_w_momentum
694 : res4_5_branch2a
695 : res4_5_branch2a_bn
696 : res4_5_branch2a_bn_b
697 : res4_5_branch2a_bn_b_grad
698 : res4_5_branch2a_bn_b_momentum
699 : res4_5_branch2a_bn_grad
700 : res4_5_branch2a_bn_riv
701 : res4_5_branch2a_bn_rm
702 : res4_5_branch2a_bn_s
703 : res4_5_branch2a_bn_s_grad
704 : res4_5_branch2a_bn_s_momentum
705 : res4_5_branch2a_bn_siv
706 : res4_5_branch2a_bn_sm
707 : res4_5_branch2a_grad
708 : res4_5_branch2a_w
709 : res4_5_branch2a_w_grad
710 : res4_5_branch2a_w_momentum
711 : res4_5_branch2b
712 : res4_5_branch2b_bn
713 : res4_5_branch2b_bn_b
714 : res4_5_branch2b_bn_b_grad
715 : res4_5_branch2b_bn_b_momentum
716 : res4_5_branch2b_bn_grad
717 : res4_5_branch2b_bn_riv
718 : res4_5_branch2b_bn_rm
719 : res4_5_branch2b_bn_s
720 : res4_5_branch2b_bn_s_grad
721 : res4_5_branch2b_bn_s_momentum
722 : res4_5_branch2b_bn_siv
723 : res4_5_branch2b_bn_sm
724 : res4_5_branch2b_grad
725 : res4_5_branch2b_w
726 : res4_5_branch2b_w_grad
727 : res4_5_branch2b_w_momentum
728 : res4_5_branch2c
729 : res4_5_branch2c_bn
730 : res4_5_branch2c_bn_b
731 : res4_5_branch2c_bn_b_grad
732 : res4_5_branch2c_bn_b_momentum
733 : res4_5_branch2c_bn_grad
734 : res4_5_branch2c_bn_riv
735 : res4_5_branch2c_bn_rm
736 : res4_5_branch2c_bn_s
737 : res4_5_branch2c_bn_s_grad
738 : res4_5_branch2c_bn_s_momentum
739 : res4_5_branch2c_bn_siv
740 : res4_5_branch2c_bn_sm
741 : res4_5_branch2c_grad
742 : res4_5_branch2c_w
743 : res4_5_branch2c_w_grad
744 : res4_5_branch2c_w_momentum
745 : res5_0_branch1
746 : res5_0_branch1_bn
747 : res5_0_branch1_bn_b
748 : res5_0_branch1_bn_b_grad
749 : res5_0_branch1_bn_b_momentum
750 : res5_0_branch1_bn_riv
751 : res5_0_branch1_bn_rm
752 : res5_0_branch1_bn_s
753 : res5_0_branch1_bn_s_grad
754 : res5_0_branch1_bn_s_momentum
755 : res5_0_branch1_bn_siv
756 : res5_0_branch1_bn_sm
757 : res5_0_branch1_grad
758 : res5_0_branch1_w
759 : res5_0_branch1_w_grad
760 : res5_0_branch1_w_momentum
761 : res5_0_branch2a
762 : res5_0_branch2a_bn
763 : res5_0_branch2a_bn_b
764 : res5_0_branch2a_bn_b_grad
765 : res5_0_branch2a_bn_b_momentum
766 : res5_0_branch2a_bn_grad
767 : res5_0_branch2a_bn_riv
768 : res5_0_branch2a_bn_rm
769 : res5_0_branch2a_bn_s
770 : res5_0_branch2a_bn_s_grad
771 : res5_0_branch2a_bn_s_momentum
772 : res5_0_branch2a_bn_siv
773 : res5_0_branch2a_bn_sm
774 : res5_0_branch2a_grad
775 : res5_0_branch2a_w
776 : res5_0_branch2a_w_grad
777 : res5_0_branch2a_w_momentum
778 : res5_0_branch2b
779 : res5_0_branch2b_bn
780 : res5_0_branch2b_bn_b
781 : res5_0_branch2b_bn_b_grad
782 : res5_0_branch2b_bn_b_momentum
783 : res5_0_branch2b_bn_grad
784 : res5_0_branch2b_bn_riv
785 : res5_0_branch2b_bn_rm
786 : res5_0_branch2b_bn_s
787 : res5_0_branch2b_bn_s_grad
788 : res5_0_branch2b_bn_s_momentum
789 : res5_0_branch2b_bn_siv
790 : res5_0_branch2b_bn_sm
791 : res5_0_branch2b_grad
792 : res5_0_branch2b_w
793 : res5_0_branch2b_w_grad
794 : res5_0_branch2b_w_momentum
795 : res5_0_branch2c
796 : res5_0_branch2c_bn
797 : res5_0_branch2c_bn_b
798 : res5_0_branch2c_bn_b_grad
799 : res5_0_branch2c_bn_b_momentum
800 : res5_0_branch2c_bn_grad
801 : res5_0_branch2c_bn_riv
802 : res5_0_branch2c_bn_rm
803 : res5_0_branch2c_bn_s
804 : res5_0_branch2c_bn_s_grad
805 : res5_0_branch2c_bn_s_momentum
806 : res5_0_branch2c_bn_siv
807 : res5_0_branch2c_bn_sm
808 : res5_0_branch2c_grad
809 : res5_0_branch2c_w
810 : res5_0_branch2c_w_grad
811 : res5_0_branch2c_w_momentum
812 : res5_1_branch2a
813 : res5_1_branch2a_bn
814 : res5_1_branch2a_bn_b
815 : res5_1_branch2a_bn_b_grad
816 : res5_1_branch2a_bn_b_momentum
817 : res5_1_branch2a_bn_grad
818 : res5_1_branch2a_bn_riv
819 : res5_1_branch2a_bn_rm
820 : res5_1_branch2a_bn_s
821 : res5_1_branch2a_bn_s_grad
822 : res5_1_branch2a_bn_s_momentum
823 : res5_1_branch2a_bn_siv
824 : res5_1_branch2a_bn_sm
825 : res5_1_branch2a_grad
826 : res5_1_branch2a_w
827 : res5_1_branch2a_w_grad
828 : res5_1_branch2a_w_momentum
829 : res5_1_branch2b
830 : res5_1_branch2b_bn
831 : res5_1_branch2b_bn_b
832 : res5_1_branch2b_bn_b_grad
833 : res5_1_branch2b_bn_b_momentum
834 : res5_1_branch2b_bn_grad
835 : res5_1_branch2b_bn_riv
836 : res5_1_branch2b_bn_rm
837 : res5_1_branch2b_bn_s
838 : res5_1_branch2b_bn_s_grad
839 : res5_1_branch2b_bn_s_momentum
840 : res5_1_branch2b_bn_siv
841 : res5_1_branch2b_bn_sm
842 : res5_1_branch2b_grad
843 : res5_1_branch2b_w
844 : res5_1_branch2b_w_grad
845 : res5_1_branch2b_w_momentum
846 : res5_1_branch2c
847 : res5_1_branch2c_bn
848 : res5_1_branch2c_bn_b
849 : res5_1_branch2c_bn_b_grad
850 : res5_1_branch2c_bn_b_momentum
851 : res5_1_branch2c_bn_grad
852 : res5_1_branch2c_bn_riv
853 : res5_1_branch2c_bn_rm
854 : res5_1_branch2c_bn_s
855 : res5_1_branch2c_bn_s_grad
856 : res5_1_branch2c_bn_s_momentum
857 : res5_1_branch2c_bn_siv
858 : res5_1_branch2c_bn_sm
859 : res5_1_branch2c_grad
860 : res5_1_branch2c_w
861 : res5_1_branch2c_w_grad
862 : res5_1_branch2c_w_momentum
863 : res5_2_branch2a
864 : res5_2_branch2a_bn
865 : res5_2_branch2a_bn_b
866 : res5_2_branch2a_bn_b_grad
867 : res5_2_branch2a_bn_b_momentum
868 : res5_2_branch2a_bn_grad
869 : res5_2_branch2a_bn_riv
870 : res5_2_branch2a_bn_rm
871 : res5_2_branch2a_bn_s
872 : res5_2_branch2a_bn_s_grad
873 : res5_2_branch2a_bn_s_momentum
874 : res5_2_branch2a_bn_siv
875 : res5_2_branch2a_bn_sm
876 : res5_2_branch2a_grad
877 : res5_2_branch2a_w
878 : res5_2_branch2a_w_grad
879 : res5_2_branch2a_w_momentum
880 : res5_2_branch2b
881 : res5_2_branch2b_bn
882 : res5_2_branch2b_bn_b
883 : res5_2_branch2b_bn_b_grad
884 : res5_2_branch2b_bn_b_momentum
885 : res5_2_branch2b_bn_grad
886 : res5_2_branch2b_bn_riv
887 : res5_2_branch2b_bn_rm
888 : res5_2_branch2b_bn_s
889 : res5_2_branch2b_bn_s_grad
890 : res5_2_branch2b_bn_s_momentum
891 : res5_2_branch2b_bn_siv
892 : res5_2_branch2b_bn_sm
893 : res5_2_branch2b_grad
894 : res5_2_branch2b_w
895 : res5_2_branch2b_w_grad
896 : res5_2_branch2b_w_momentum
897 : res5_2_branch2c
898 : res5_2_branch2c_bn
899 : res5_2_branch2c_bn_b
900 : res5_2_branch2c_bn_b_grad
901 : res5_2_branch2c_bn_b_momentum
902 : res5_2_branch2c_bn_grad
903 : res5_2_branch2c_bn_riv
904 : res5_2_branch2c_bn_rm
905 : res5_2_branch2c_bn_s
906 : res5_2_branch2c_bn_s_grad
907 : res5_2_branch2c_bn_s_momentum
908 : res5_2_branch2c_bn_siv
909 : res5_2_branch2c_bn_sm
910 : res5_2_branch2c_grad
911 : res5_2_branch2c_w
912 : res5_2_branch2c_w_grad
913 : res5_2_branch2c_w_momentum
914 : res_conv1_bn
915 : res_conv1_bn_b
916 : res_conv1_bn_b_grad
917 : res_conv1_bn_b_momentum
918 : res_conv1_bn_grad
919 : res_conv1_bn_riv
920 : res_conv1_bn_rm
921 : res_conv1_bn_s
922 : res_conv1_bn_s_grad
923 : res_conv1_bn_s_momentum
924 : res_conv1_bn_siv
925 : res_conv1_bn_sm
926 : softmax
927 : wd_0_0
