hello foo
1 : MultiPrecisionSgdOptimizer_0_lr_cpu
2 : ONE_0_0
3 : SS_0_0
4 : _pool1_grad_autosplit_0
5 : _res2_2_branch2c_bn_grad_autosplit_0
6 : _res3_3_branch2c_bn_grad_autosplit_0
7 : _res4_5_branch2c_bn_grad_autosplit_0
8 : conv1
9 : conv1_b
10 : conv1_b_grad
11 : conv1_b_momentum
12 : conv1_grad
13 : conv1_w
14 : conv1_w_grad
15 : conv1_w_momentum
16 : data
17 : data_grad
18 : iteration_mutex
19 : label
20 : loss
21 : loss_autogen_grad
22 : optimizer_iteration
23 : pool1
24 : pool1_grad
25 : pool5
26 : pool5_grad
27 : pred
28 : pred_b
29 : pred_b_grad
30 : pred_b_momentum
31 : pred_grad
32 : pred_w
33 : pred_w_grad
34 : pred_w_momentum
35 : res2_0_branch1
36 : res2_0_branch1_bn
37 : res2_0_branch1_bn_b
38 : res2_0_branch1_bn_b_grad
39 : res2_0_branch1_bn_b_momentum
40 : res2_0_branch1_bn_riv
41 : res2_0_branch1_bn_rm
42 : res2_0_branch1_bn_s
43 : res2_0_branch1_bn_s_grad
44 : res2_0_branch1_bn_s_momentum
45 : res2_0_branch1_bn_s_sign
46 : res2_0_branch1_bn_siv
47 : res2_0_branch1_bn_sm
48 : res2_0_branch1_grad
49 : res2_0_branch1_w
50 : res2_0_branch1_w_grad
51 : res2_0_branch1_w_momentum
52 : res2_0_branch2a
53 : res2_0_branch2a_bn
54 : res2_0_branch2a_bn_b
55 : res2_0_branch2a_bn_b_grad
56 : res2_0_branch2a_bn_b_momentum
57 : res2_0_branch2a_bn_grad
58 : res2_0_branch2a_bn_riv
59 : res2_0_branch2a_bn_rm
60 : res2_0_branch2a_bn_s
61 : res2_0_branch2a_bn_s_grad
62 : res2_0_branch2a_bn_s_momentum
63 : res2_0_branch2a_bn_s_sign
64 : res2_0_branch2a_bn_siv
65 : res2_0_branch2a_bn_sm
66 : res2_0_branch2a_grad
67 : res2_0_branch2a_w
68 : res2_0_branch2a_w_grad
69 : res2_0_branch2a_w_momentum
70 : res2_0_branch2b
71 : res2_0_branch2b_bn
72 : res2_0_branch2b_bn_b
73 : res2_0_branch2b_bn_b_grad
74 : res2_0_branch2b_bn_b_momentum
75 : res2_0_branch2b_bn_grad
76 : res2_0_branch2b_bn_riv
77 : res2_0_branch2b_bn_rm
78 : res2_0_branch2b_bn_s
79 : res2_0_branch2b_bn_s_grad
80 : res2_0_branch2b_bn_s_momentum
81 : res2_0_branch2b_bn_s_sign
82 : res2_0_branch2b_bn_siv
83 : res2_0_branch2b_bn_sm
84 : res2_0_branch2b_grad
85 : res2_0_branch2b_w
86 : res2_0_branch2b_w_grad
87 : res2_0_branch2b_w_momentum
88 : res2_0_branch2c
89 : res2_0_branch2c_bn
90 : res2_0_branch2c_bn_b
91 : res2_0_branch2c_bn_b_grad
92 : res2_0_branch2c_bn_b_momentum
93 : res2_0_branch2c_bn_grad
94 : res2_0_branch2c_bn_riv
95 : res2_0_branch2c_bn_rm
96 : res2_0_branch2c_bn_s
97 : res2_0_branch2c_bn_s_grad
98 : res2_0_branch2c_bn_s_momentum
99 : res2_0_branch2c_bn_s_sign
100 : res2_0_branch2c_bn_siv
101 : res2_0_branch2c_bn_sm
102 : res2_0_branch2c_grad
103 : res2_0_branch2c_w
104 : res2_0_branch2c_w_grad
105 : res2_0_branch2c_w_momentum
106 : res2_1_branch2a
107 : res2_1_branch2a_bn
108 : res2_1_branch2a_bn_b
109 : res2_1_branch2a_bn_b_grad
110 : res2_1_branch2a_bn_b_momentum
111 : res2_1_branch2a_bn_grad
112 : res2_1_branch2a_bn_riv
113 : res2_1_branch2a_bn_rm
114 : res2_1_branch2a_bn_s
115 : res2_1_branch2a_bn_s_grad
116 : res2_1_branch2a_bn_s_momentum
117 : res2_1_branch2a_bn_s_sign
118 : res2_1_branch2a_bn_siv
119 : res2_1_branch2a_bn_sm
120 : res2_1_branch2a_grad
121 : res2_1_branch2a_w
122 : res2_1_branch2a_w_grad
123 : res2_1_branch2a_w_momentum
124 : res2_1_branch2b
125 : res2_1_branch2b_bn
126 : res2_1_branch2b_bn_b
127 : res2_1_branch2b_bn_b_grad
128 : res2_1_branch2b_bn_b_momentum
129 : res2_1_branch2b_bn_grad
130 : res2_1_branch2b_bn_riv
131 : res2_1_branch2b_bn_rm
132 : res2_1_branch2b_bn_s
133 : res2_1_branch2b_bn_s_grad
134 : res2_1_branch2b_bn_s_momentum
135 : res2_1_branch2b_bn_s_sign
136 : res2_1_branch2b_bn_siv
137 : res2_1_branch2b_bn_sm
138 : res2_1_branch2b_grad
139 : res2_1_branch2b_w
140 : res2_1_branch2b_w_grad
141 : res2_1_branch2b_w_momentum
142 : res2_1_branch2c
143 : res2_1_branch2c_bn
144 : res2_1_branch2c_bn_b
145 : res2_1_branch2c_bn_b_grad
146 : res2_1_branch2c_bn_b_momentum
147 : res2_1_branch2c_bn_grad
148 : res2_1_branch2c_bn_riv
149 : res2_1_branch2c_bn_rm
150 : res2_1_branch2c_bn_s
151 : res2_1_branch2c_bn_s_grad
152 : res2_1_branch2c_bn_s_momentum
153 : res2_1_branch2c_bn_s_sign
154 : res2_1_branch2c_bn_siv
155 : res2_1_branch2c_bn_sm
156 : res2_1_branch2c_grad
157 : res2_1_branch2c_w
158 : res2_1_branch2c_w_grad
159 : res2_1_branch2c_w_momentum
160 : res2_2_branch2a
161 : res2_2_branch2a_bn
162 : res2_2_branch2a_bn_b
163 : res2_2_branch2a_bn_b_grad
164 : res2_2_branch2a_bn_b_momentum
165 : res2_2_branch2a_bn_grad
166 : res2_2_branch2a_bn_riv
167 : res2_2_branch2a_bn_rm
168 : res2_2_branch2a_bn_s
169 : res2_2_branch2a_bn_s_grad
170 : res2_2_branch2a_bn_s_momentum
171 : res2_2_branch2a_bn_s_sign
172 : res2_2_branch2a_bn_siv
173 : res2_2_branch2a_bn_sm
174 : res2_2_branch2a_grad
175 : res2_2_branch2a_w
176 : res2_2_branch2a_w_grad
177 : res2_2_branch2a_w_momentum
178 : res2_2_branch2b
179 : res2_2_branch2b_bn
180 : res2_2_branch2b_bn_b
181 : res2_2_branch2b_bn_b_grad
182 : res2_2_branch2b_bn_b_momentum
183 : res2_2_branch2b_bn_grad
184 : res2_2_branch2b_bn_riv
185 : res2_2_branch2b_bn_rm
186 : res2_2_branch2b_bn_s
187 : res2_2_branch2b_bn_s_grad
188 : res2_2_branch2b_bn_s_momentum
189 : res2_2_branch2b_bn_s_sign
190 : res2_2_branch2b_bn_siv
191 : res2_2_branch2b_bn_sm
192 : res2_2_branch2b_grad
193 : res2_2_branch2b_w
194 : res2_2_branch2b_w_grad
195 : res2_2_branch2b_w_momentum
196 : res2_2_branch2c
197 : res2_2_branch2c_bn
198 : res2_2_branch2c_bn_b
199 : res2_2_branch2c_bn_b_grad
200 : res2_2_branch2c_bn_b_momentum
201 : res2_2_branch2c_bn_grad
202 : res2_2_branch2c_bn_riv
203 : res2_2_branch2c_bn_rm
204 : res2_2_branch2c_bn_s
205 : res2_2_branch2c_bn_s_grad
206 : res2_2_branch2c_bn_s_momentum
207 : res2_2_branch2c_bn_s_sign
208 : res2_2_branch2c_bn_siv
209 : res2_2_branch2c_bn_sm
210 : res2_2_branch2c_grad
211 : res2_2_branch2c_w
212 : res2_2_branch2c_w_grad
213 : res2_2_branch2c_w_momentum
214 : res3_0_branch1
215 : res3_0_branch1_bn
216 : res3_0_branch1_bn_b
217 : res3_0_branch1_bn_b_grad
218 : res3_0_branch1_bn_b_momentum
219 : res3_0_branch1_bn_riv
220 : res3_0_branch1_bn_rm
221 : res3_0_branch1_bn_s
222 : res3_0_branch1_bn_s_grad
223 : res3_0_branch1_bn_s_momentum
224 : res3_0_branch1_bn_s_sign
225 : res3_0_branch1_bn_siv
226 : res3_0_branch1_bn_sm
227 : res3_0_branch1_grad
228 : res3_0_branch1_w
229 : res3_0_branch1_w_grad
230 : res3_0_branch1_w_momentum
231 : res3_0_branch2a
232 : res3_0_branch2a_bn
233 : res3_0_branch2a_bn_b
234 : res3_0_branch2a_bn_b_grad
235 : res3_0_branch2a_bn_b_momentum
236 : res3_0_branch2a_bn_grad
237 : res3_0_branch2a_bn_riv
238 : res3_0_branch2a_bn_rm
239 : res3_0_branch2a_bn_s
240 : res3_0_branch2a_bn_s_grad
241 : res3_0_branch2a_bn_s_momentum
242 : res3_0_branch2a_bn_s_sign
243 : res3_0_branch2a_bn_siv
244 : res3_0_branch2a_bn_sm
245 : res3_0_branch2a_grad
246 : res3_0_branch2a_w
247 : res3_0_branch2a_w_grad
248 : res3_0_branch2a_w_momentum
249 : res3_0_branch2b
250 : res3_0_branch2b_bn
251 : res3_0_branch2b_bn_b
252 : res3_0_branch2b_bn_b_grad
253 : res3_0_branch2b_bn_b_momentum
254 : res3_0_branch2b_bn_grad
255 : res3_0_branch2b_bn_riv
256 : res3_0_branch2b_bn_rm
257 : res3_0_branch2b_bn_s
258 : res3_0_branch2b_bn_s_grad
259 : res3_0_branch2b_bn_s_momentum
260 : res3_0_branch2b_bn_s_sign
261 : res3_0_branch2b_bn_siv
262 : res3_0_branch2b_bn_sm
263 : res3_0_branch2b_grad
264 : res3_0_branch2b_w
265 : res3_0_branch2b_w_grad
266 : res3_0_branch2b_w_momentum
267 : res3_0_branch2c
268 : res3_0_branch2c_bn
269 : res3_0_branch2c_bn_b
270 : res3_0_branch2c_bn_b_grad
271 : res3_0_branch2c_bn_b_momentum
272 : res3_0_branch2c_bn_grad
273 : res3_0_branch2c_bn_riv
274 : res3_0_branch2c_bn_rm
275 : res3_0_branch2c_bn_s
276 : res3_0_branch2c_bn_s_grad
277 : res3_0_branch2c_bn_s_momentum
278 : res3_0_branch2c_bn_s_sign
279 : res3_0_branch2c_bn_siv
280 : res3_0_branch2c_bn_sm
281 : res3_0_branch2c_grad
282 : res3_0_branch2c_w
283 : res3_0_branch2c_w_grad
284 : res3_0_branch2c_w_momentum
285 : res3_1_branch2a
286 : res3_1_branch2a_bn
287 : res3_1_branch2a_bn_b
288 : res3_1_branch2a_bn_b_grad
289 : res3_1_branch2a_bn_b_momentum
290 : res3_1_branch2a_bn_grad
291 : res3_1_branch2a_bn_riv
292 : res3_1_branch2a_bn_rm
293 : res3_1_branch2a_bn_s
294 : res3_1_branch2a_bn_s_grad
295 : res3_1_branch2a_bn_s_momentum
296 : res3_1_branch2a_bn_s_sign
297 : res3_1_branch2a_bn_siv
298 : res3_1_branch2a_bn_sm
299 : res3_1_branch2a_grad
300 : res3_1_branch2a_w
301 : res3_1_branch2a_w_grad
302 : res3_1_branch2a_w_momentum
303 : res3_1_branch2b
304 : res3_1_branch2b_bn
305 : res3_1_branch2b_bn_b
306 : res3_1_branch2b_bn_b_grad
307 : res3_1_branch2b_bn_b_momentum
308 : res3_1_branch2b_bn_grad
309 : res3_1_branch2b_bn_riv
310 : res3_1_branch2b_bn_rm
311 : res3_1_branch2b_bn_s
312 : res3_1_branch2b_bn_s_grad
313 : res3_1_branch2b_bn_s_momentum
314 : res3_1_branch2b_bn_s_sign
315 : res3_1_branch2b_bn_siv
316 : res3_1_branch2b_bn_sm
317 : res3_1_branch2b_grad
318 : res3_1_branch2b_w
319 : res3_1_branch2b_w_grad
320 : res3_1_branch2b_w_momentum
321 : res3_1_branch2c
322 : res3_1_branch2c_bn
323 : res3_1_branch2c_bn_b
324 : res3_1_branch2c_bn_b_grad
325 : res3_1_branch2c_bn_b_momentum
326 : res3_1_branch2c_bn_grad
327 : res3_1_branch2c_bn_riv
328 : res3_1_branch2c_bn_rm
329 : res3_1_branch2c_bn_s
330 : res3_1_branch2c_bn_s_grad
331 : res3_1_branch2c_bn_s_momentum
332 : res3_1_branch2c_bn_s_sign
333 : res3_1_branch2c_bn_siv
334 : res3_1_branch2c_bn_sm
335 : res3_1_branch2c_grad
336 : res3_1_branch2c_w
337 : res3_1_branch2c_w_grad
338 : res3_1_branch2c_w_momentum
339 : res3_2_branch2a
340 : res3_2_branch2a_bn
341 : res3_2_branch2a_bn_b
342 : res3_2_branch2a_bn_b_grad
343 : res3_2_branch2a_bn_b_momentum
344 : res3_2_branch2a_bn_grad
345 : res3_2_branch2a_bn_riv
346 : res3_2_branch2a_bn_rm
347 : res3_2_branch2a_bn_s
348 : res3_2_branch2a_bn_s_grad
349 : res3_2_branch2a_bn_s_momentum
350 : res3_2_branch2a_bn_s_sign
351 : res3_2_branch2a_bn_siv
352 : res3_2_branch2a_bn_sm
353 : res3_2_branch2a_grad
354 : res3_2_branch2a_w
355 : res3_2_branch2a_w_grad
356 : res3_2_branch2a_w_momentum
357 : res3_2_branch2b
358 : res3_2_branch2b_bn
359 : res3_2_branch2b_bn_b
360 : res3_2_branch2b_bn_b_grad
361 : res3_2_branch2b_bn_b_momentum
362 : res3_2_branch2b_bn_grad
363 : res3_2_branch2b_bn_riv
364 : res3_2_branch2b_bn_rm
365 : res3_2_branch2b_bn_s
366 : res3_2_branch2b_bn_s_grad
367 : res3_2_branch2b_bn_s_momentum
368 : res3_2_branch2b_bn_s_sign
369 : res3_2_branch2b_bn_siv
370 : res3_2_branch2b_bn_sm
371 : res3_2_branch2b_grad
372 : res3_2_branch2b_w
373 : res3_2_branch2b_w_grad
374 : res3_2_branch2b_w_momentum
375 : res3_2_branch2c
376 : res3_2_branch2c_bn
377 : res3_2_branch2c_bn_b
378 : res3_2_branch2c_bn_b_grad
379 : res3_2_branch2c_bn_b_momentum
380 : res3_2_branch2c_bn_grad
381 : res3_2_branch2c_bn_riv
382 : res3_2_branch2c_bn_rm
383 : res3_2_branch2c_bn_s
384 : res3_2_branch2c_bn_s_grad
385 : res3_2_branch2c_bn_s_momentum
386 : res3_2_branch2c_bn_s_sign
387 : res3_2_branch2c_bn_siv
388 : res3_2_branch2c_bn_sm
389 : res3_2_branch2c_grad
390 : res3_2_branch2c_w
391 : res3_2_branch2c_w_grad
392 : res3_2_branch2c_w_momentum
393 : res3_3_branch2a
394 : res3_3_branch2a_bn
395 : res3_3_branch2a_bn_b
396 : res3_3_branch2a_bn_b_grad
397 : res3_3_branch2a_bn_b_momentum
398 : res3_3_branch2a_bn_grad
399 : res3_3_branch2a_bn_riv
400 : res3_3_branch2a_bn_rm
401 : res3_3_branch2a_bn_s
402 : res3_3_branch2a_bn_s_grad
403 : res3_3_branch2a_bn_s_momentum
404 : res3_3_branch2a_bn_s_sign
405 : res3_3_branch2a_bn_siv
406 : res3_3_branch2a_bn_sm
407 : res3_3_branch2a_grad
408 : res3_3_branch2a_w
409 : res3_3_branch2a_w_grad
410 : res3_3_branch2a_w_momentum
411 : res3_3_branch2b
412 : res3_3_branch2b_bn
413 : res3_3_branch2b_bn_b
414 : res3_3_branch2b_bn_b_grad
415 : res3_3_branch2b_bn_b_momentum
416 : res3_3_branch2b_bn_grad
417 : res3_3_branch2b_bn_riv
418 : res3_3_branch2b_bn_rm
419 : res3_3_branch2b_bn_s
420 : res3_3_branch2b_bn_s_grad
421 : res3_3_branch2b_bn_s_momentum
422 : res3_3_branch2b_bn_s_sign
423 : res3_3_branch2b_bn_siv
424 : res3_3_branch2b_bn_sm
425 : res3_3_branch2b_grad
426 : res3_3_branch2b_w
427 : res3_3_branch2b_w_grad
428 : res3_3_branch2b_w_momentum
429 : res3_3_branch2c
430 : res3_3_branch2c_bn
431 : res3_3_branch2c_bn_b
432 : res3_3_branch2c_bn_b_grad
433 : res3_3_branch2c_bn_b_momentum
434 : res3_3_branch2c_bn_grad
435 : res3_3_branch2c_bn_riv
436 : res3_3_branch2c_bn_rm
437 : res3_3_branch2c_bn_s
438 : res3_3_branch2c_bn_s_grad
439 : res3_3_branch2c_bn_s_momentum
440 : res3_3_branch2c_bn_s_sign
441 : res3_3_branch2c_bn_siv
442 : res3_3_branch2c_bn_sm
443 : res3_3_branch2c_grad
444 : res3_3_branch2c_w
445 : res3_3_branch2c_w_grad
446 : res3_3_branch2c_w_momentum
447 : res4_0_branch1
448 : res4_0_branch1_bn
449 : res4_0_branch1_bn_b
450 : res4_0_branch1_bn_b_grad
451 : res4_0_branch1_bn_b_momentum
452 : res4_0_branch1_bn_riv
453 : res4_0_branch1_bn_rm
454 : res4_0_branch1_bn_s
455 : res4_0_branch1_bn_s_grad
456 : res4_0_branch1_bn_s_momentum
457 : res4_0_branch1_bn_s_sign
458 : res4_0_branch1_bn_siv
459 : res4_0_branch1_bn_sm
460 : res4_0_branch1_grad
461 : res4_0_branch1_w
462 : res4_0_branch1_w_grad
463 : res4_0_branch1_w_momentum
464 : res4_0_branch2a
465 : res4_0_branch2a_bn
466 : res4_0_branch2a_bn_b
467 : res4_0_branch2a_bn_b_grad
468 : res4_0_branch2a_bn_b_momentum
469 : res4_0_branch2a_bn_grad
470 : res4_0_branch2a_bn_riv
471 : res4_0_branch2a_bn_rm
472 : res4_0_branch2a_bn_s
473 : res4_0_branch2a_bn_s_grad
474 : res4_0_branch2a_bn_s_momentum
475 : res4_0_branch2a_bn_s_sign
476 : res4_0_branch2a_bn_siv
477 : res4_0_branch2a_bn_sm
478 : res4_0_branch2a_grad
479 : res4_0_branch2a_w
480 : res4_0_branch2a_w_grad
481 : res4_0_branch2a_w_momentum
482 : res4_0_branch2b
483 : res4_0_branch2b_bn
484 : res4_0_branch2b_bn_b
485 : res4_0_branch2b_bn_b_grad
486 : res4_0_branch2b_bn_b_momentum
487 : res4_0_branch2b_bn_grad
488 : res4_0_branch2b_bn_riv
489 : res4_0_branch2b_bn_rm
490 : res4_0_branch2b_bn_s
491 : res4_0_branch2b_bn_s_grad
492 : res4_0_branch2b_bn_s_momentum
493 : res4_0_branch2b_bn_s_sign
494 : res4_0_branch2b_bn_siv
495 : res4_0_branch2b_bn_sm
496 : res4_0_branch2b_grad
497 : res4_0_branch2b_w
498 : res4_0_branch2b_w_grad
499 : res4_0_branch2b_w_momentum
500 : res4_0_branch2c
501 : res4_0_branch2c_bn
502 : res4_0_branch2c_bn_b
503 : res4_0_branch2c_bn_b_grad
504 : res4_0_branch2c_bn_b_momentum
505 : res4_0_branch2c_bn_grad
506 : res4_0_branch2c_bn_riv
507 : res4_0_branch2c_bn_rm
508 : res4_0_branch2c_bn_s
509 : res4_0_branch2c_bn_s_grad
510 : res4_0_branch2c_bn_s_momentum
511 : res4_0_branch2c_bn_s_sign
512 : res4_0_branch2c_bn_siv
513 : res4_0_branch2c_bn_sm
514 : res4_0_branch2c_grad
515 : res4_0_branch2c_w
516 : res4_0_branch2c_w_grad
517 : res4_0_branch2c_w_momentum
518 : res4_1_branch2a
519 : res4_1_branch2a_bn
520 : res4_1_branch2a_bn_b
521 : res4_1_branch2a_bn_b_grad
522 : res4_1_branch2a_bn_b_momentum
523 : res4_1_branch2a_bn_grad
524 : res4_1_branch2a_bn_riv
525 : res4_1_branch2a_bn_rm
526 : res4_1_branch2a_bn_s
527 : res4_1_branch2a_bn_s_grad
528 : res4_1_branch2a_bn_s_momentum
529 : res4_1_branch2a_bn_s_sign
530 : res4_1_branch2a_bn_siv
531 : res4_1_branch2a_bn_sm
532 : res4_1_branch2a_grad
533 : res4_1_branch2a_w
534 : res4_1_branch2a_w_grad
535 : res4_1_branch2a_w_momentum
536 : res4_1_branch2b
537 : res4_1_branch2b_bn
538 : res4_1_branch2b_bn_b
539 : res4_1_branch2b_bn_b_grad
540 : res4_1_branch2b_bn_b_momentum
541 : res4_1_branch2b_bn_grad
542 : res4_1_branch2b_bn_riv
543 : res4_1_branch2b_bn_rm
544 : res4_1_branch2b_bn_s
545 : res4_1_branch2b_bn_s_grad
546 : res4_1_branch2b_bn_s_momentum
547 : res4_1_branch2b_bn_s_sign
548 : res4_1_branch2b_bn_siv
549 : res4_1_branch2b_bn_sm
550 : res4_1_branch2b_grad
551 : res4_1_branch2b_w
552 : res4_1_branch2b_w_grad
553 : res4_1_branch2b_w_momentum
554 : res4_1_branch2c
555 : res4_1_branch2c_bn
556 : res4_1_branch2c_bn_b
557 : res4_1_branch2c_bn_b_grad
558 : res4_1_branch2c_bn_b_momentum
559 : res4_1_branch2c_bn_grad
560 : res4_1_branch2c_bn_riv
561 : res4_1_branch2c_bn_rm
562 : res4_1_branch2c_bn_s
563 : res4_1_branch2c_bn_s_grad
564 : res4_1_branch2c_bn_s_momentum
565 : res4_1_branch2c_bn_s_sign
566 : res4_1_branch2c_bn_siv
567 : res4_1_branch2c_bn_sm
568 : res4_1_branch2c_grad
569 : res4_1_branch2c_w
570 : res4_1_branch2c_w_grad
571 : res4_1_branch2c_w_momentum
572 : res4_2_branch2a
573 : res4_2_branch2a_bn
574 : res4_2_branch2a_bn_b
575 : res4_2_branch2a_bn_b_grad
576 : res4_2_branch2a_bn_b_momentum
577 : res4_2_branch2a_bn_grad
578 : res4_2_branch2a_bn_riv
579 : res4_2_branch2a_bn_rm
580 : res4_2_branch2a_bn_s
581 : res4_2_branch2a_bn_s_grad
582 : res4_2_branch2a_bn_s_momentum
583 : res4_2_branch2a_bn_s_sign
584 : res4_2_branch2a_bn_siv
585 : res4_2_branch2a_bn_sm
586 : res4_2_branch2a_grad
587 : res4_2_branch2a_w
588 : res4_2_branch2a_w_grad
589 : res4_2_branch2a_w_momentum
590 : res4_2_branch2b
591 : res4_2_branch2b_bn
592 : res4_2_branch2b_bn_b
593 : res4_2_branch2b_bn_b_grad
594 : res4_2_branch2b_bn_b_momentum
595 : res4_2_branch2b_bn_grad
596 : res4_2_branch2b_bn_riv
597 : res4_2_branch2b_bn_rm
598 : res4_2_branch2b_bn_s
599 : res4_2_branch2b_bn_s_grad
600 : res4_2_branch2b_bn_s_momentum
601 : res4_2_branch2b_bn_s_sign
602 : res4_2_branch2b_bn_siv
603 : res4_2_branch2b_bn_sm
604 : res4_2_branch2b_grad
605 : res4_2_branch2b_w
606 : res4_2_branch2b_w_grad
607 : res4_2_branch2b_w_momentum
608 : res4_2_branch2c
609 : res4_2_branch2c_bn
610 : res4_2_branch2c_bn_b
611 : res4_2_branch2c_bn_b_grad
612 : res4_2_branch2c_bn_b_momentum
613 : res4_2_branch2c_bn_grad
614 : res4_2_branch2c_bn_riv
615 : res4_2_branch2c_bn_rm
616 : res4_2_branch2c_bn_s
617 : res4_2_branch2c_bn_s_grad
618 : res4_2_branch2c_bn_s_momentum
619 : res4_2_branch2c_bn_s_sign
620 : res4_2_branch2c_bn_siv
621 : res4_2_branch2c_bn_sm
622 : res4_2_branch2c_grad
623 : res4_2_branch2c_w
624 : res4_2_branch2c_w_grad
625 : res4_2_branch2c_w_momentum
626 : res4_3_branch2a
627 : res4_3_branch2a_bn
628 : res4_3_branch2a_bn_b
629 : res4_3_branch2a_bn_b_grad
630 : res4_3_branch2a_bn_b_momentum
631 : res4_3_branch2a_bn_grad
632 : res4_3_branch2a_bn_riv
633 : res4_3_branch2a_bn_rm
634 : res4_3_branch2a_bn_s
635 : res4_3_branch2a_bn_s_grad
636 : res4_3_branch2a_bn_s_momentum
637 : res4_3_branch2a_bn_s_sign
638 : res4_3_branch2a_bn_siv
639 : res4_3_branch2a_bn_sm
640 : res4_3_branch2a_grad
641 : res4_3_branch2a_w
642 : res4_3_branch2a_w_grad
643 : res4_3_branch2a_w_momentum
644 : res4_3_branch2b
645 : res4_3_branch2b_bn
646 : res4_3_branch2b_bn_b
647 : res4_3_branch2b_bn_b_grad
648 : res4_3_branch2b_bn_b_momentum
649 : res4_3_branch2b_bn_grad
650 : res4_3_branch2b_bn_riv
651 : res4_3_branch2b_bn_rm
652 : res4_3_branch2b_bn_s
653 : res4_3_branch2b_bn_s_grad
654 : res4_3_branch2b_bn_s_momentum
655 : res4_3_branch2b_bn_s_sign
656 : res4_3_branch2b_bn_siv
657 : res4_3_branch2b_bn_sm
658 : res4_3_branch2b_grad
659 : res4_3_branch2b_w
660 : res4_3_branch2b_w_grad
661 : res4_3_branch2b_w_momentum
662 : res4_3_branch2c
663 : res4_3_branch2c_bn
664 : res4_3_branch2c_bn_b
665 : res4_3_branch2c_bn_b_grad
666 : res4_3_branch2c_bn_b_momentum
667 : res4_3_branch2c_bn_grad
668 : res4_3_branch2c_bn_riv
669 : res4_3_branch2c_bn_rm
670 : res4_3_branch2c_bn_s
671 : res4_3_branch2c_bn_s_grad
672 : res4_3_branch2c_bn_s_momentum
673 : res4_3_branch2c_bn_s_sign
674 : res4_3_branch2c_bn_siv
675 : res4_3_branch2c_bn_sm
676 : res4_3_branch2c_grad
677 : res4_3_branch2c_w
678 : res4_3_branch2c_w_grad
679 : res4_3_branch2c_w_momentum
680 : res4_4_branch2a
681 : res4_4_branch2a_bn
682 : res4_4_branch2a_bn_b
683 : res4_4_branch2a_bn_b_grad
684 : res4_4_branch2a_bn_b_momentum
685 : res4_4_branch2a_bn_grad
686 : res4_4_branch2a_bn_riv
687 : res4_4_branch2a_bn_rm
688 : res4_4_branch2a_bn_s
689 : res4_4_branch2a_bn_s_grad
690 : res4_4_branch2a_bn_s_momentum
691 : res4_4_branch2a_bn_s_sign
692 : res4_4_branch2a_bn_siv
693 : res4_4_branch2a_bn_sm
694 : res4_4_branch2a_grad
695 : res4_4_branch2a_w
696 : res4_4_branch2a_w_grad
697 : res4_4_branch2a_w_momentum
698 : res4_4_branch2b
699 : res4_4_branch2b_bn
700 : res4_4_branch2b_bn_b
701 : res4_4_branch2b_bn_b_grad
702 : res4_4_branch2b_bn_b_momentum
703 : res4_4_branch2b_bn_grad
704 : res4_4_branch2b_bn_riv
705 : res4_4_branch2b_bn_rm
706 : res4_4_branch2b_bn_s
707 : res4_4_branch2b_bn_s_grad
708 : res4_4_branch2b_bn_s_momentum
709 : res4_4_branch2b_bn_s_sign
710 : res4_4_branch2b_bn_siv
711 : res4_4_branch2b_bn_sm
712 : res4_4_branch2b_grad
713 : res4_4_branch2b_w
714 : res4_4_branch2b_w_grad
715 : res4_4_branch2b_w_momentum
716 : res4_4_branch2c
717 : res4_4_branch2c_bn
718 : res4_4_branch2c_bn_b
719 : res4_4_branch2c_bn_b_grad
720 : res4_4_branch2c_bn_b_momentum
721 : res4_4_branch2c_bn_grad
722 : res4_4_branch2c_bn_riv
723 : res4_4_branch2c_bn_rm
724 : res4_4_branch2c_bn_s
725 : res4_4_branch2c_bn_s_grad
726 : res4_4_branch2c_bn_s_momentum
727 : res4_4_branch2c_bn_s_sign
728 : res4_4_branch2c_bn_siv
729 : res4_4_branch2c_bn_sm
730 : res4_4_branch2c_grad
731 : res4_4_branch2c_w
732 : res4_4_branch2c_w_grad
733 : res4_4_branch2c_w_momentum
734 : res4_5_branch2a
735 : res4_5_branch2a_bn
736 : res4_5_branch2a_bn_b
737 : res4_5_branch2a_bn_b_grad
738 : res4_5_branch2a_bn_b_momentum
739 : res4_5_branch2a_bn_grad
740 : res4_5_branch2a_bn_riv
741 : res4_5_branch2a_bn_rm
742 : res4_5_branch2a_bn_s
743 : res4_5_branch2a_bn_s_grad
744 : res4_5_branch2a_bn_s_momentum
745 : res4_5_branch2a_bn_s_sign
746 : res4_5_branch2a_bn_siv
747 : res4_5_branch2a_bn_sm
748 : res4_5_branch2a_grad
749 : res4_5_branch2a_w
750 : res4_5_branch2a_w_grad
751 : res4_5_branch2a_w_momentum
752 : res4_5_branch2b
753 : res4_5_branch2b_bn
754 : res4_5_branch2b_bn_b
755 : res4_5_branch2b_bn_b_grad
756 : res4_5_branch2b_bn_b_momentum
757 : res4_5_branch2b_bn_grad
758 : res4_5_branch2b_bn_riv
759 : res4_5_branch2b_bn_rm
760 : res4_5_branch2b_bn_s
761 : res4_5_branch2b_bn_s_grad
762 : res4_5_branch2b_bn_s_momentum
763 : res4_5_branch2b_bn_s_sign
764 : res4_5_branch2b_bn_siv
765 : res4_5_branch2b_bn_sm
766 : res4_5_branch2b_grad
767 : res4_5_branch2b_w
768 : res4_5_branch2b_w_grad
769 : res4_5_branch2b_w_momentum
770 : res4_5_branch2c
771 : res4_5_branch2c_bn
772 : res4_5_branch2c_bn_b
773 : res4_5_branch2c_bn_b_grad
774 : res4_5_branch2c_bn_b_momentum
775 : res4_5_branch2c_bn_grad
776 : res4_5_branch2c_bn_riv
777 : res4_5_branch2c_bn_rm
778 : res4_5_branch2c_bn_s
779 : res4_5_branch2c_bn_s_grad
780 : res4_5_branch2c_bn_s_momentum
781 : res4_5_branch2c_bn_s_sign
782 : res4_5_branch2c_bn_siv
783 : res4_5_branch2c_bn_sm
784 : res4_5_branch2c_grad
785 : res4_5_branch2c_w
786 : res4_5_branch2c_w_grad
787 : res4_5_branch2c_w_momentum
788 : res5_0_branch1
789 : res5_0_branch1_bn
790 : res5_0_branch1_bn_b
791 : res5_0_branch1_bn_b_grad
792 : res5_0_branch1_bn_b_momentum
793 : res5_0_branch1_bn_riv
794 : res5_0_branch1_bn_rm
795 : res5_0_branch1_bn_s
796 : res5_0_branch1_bn_s_grad
797 : res5_0_branch1_bn_s_momentum
798 : res5_0_branch1_bn_s_sign
799 : res5_0_branch1_bn_siv
800 : res5_0_branch1_bn_sm
801 : res5_0_branch1_grad
802 : res5_0_branch1_w
803 : res5_0_branch1_w_grad
804 : res5_0_branch1_w_momentum
805 : res5_0_branch2a
806 : res5_0_branch2a_bn
807 : res5_0_branch2a_bn_b
808 : res5_0_branch2a_bn_b_grad
809 : res5_0_branch2a_bn_b_momentum
810 : res5_0_branch2a_bn_grad
811 : res5_0_branch2a_bn_riv
812 : res5_0_branch2a_bn_rm
813 : res5_0_branch2a_bn_s
814 : res5_0_branch2a_bn_s_grad
815 : res5_0_branch2a_bn_s_momentum
816 : res5_0_branch2a_bn_s_sign
817 : res5_0_branch2a_bn_siv
818 : res5_0_branch2a_bn_sm
819 : res5_0_branch2a_grad
820 : res5_0_branch2a_w
821 : res5_0_branch2a_w_grad
822 : res5_0_branch2a_w_momentum
823 : res5_0_branch2b
824 : res5_0_branch2b_bn
825 : res5_0_branch2b_bn_b
826 : res5_0_branch2b_bn_b_grad
827 : res5_0_branch2b_bn_b_momentum
828 : res5_0_branch2b_bn_grad
829 : res5_0_branch2b_bn_riv
830 : res5_0_branch2b_bn_rm
831 : res5_0_branch2b_bn_s
832 : res5_0_branch2b_bn_s_grad
833 : res5_0_branch2b_bn_s_momentum
834 : res5_0_branch2b_bn_s_sign
835 : res5_0_branch2b_bn_siv
836 : res5_0_branch2b_bn_sm
837 : res5_0_branch2b_grad
838 : res5_0_branch2b_w
839 : res5_0_branch2b_w_grad
840 : res5_0_branch2b_w_momentum
841 : res5_0_branch2c
842 : res5_0_branch2c_bn
843 : res5_0_branch2c_bn_b
844 : res5_0_branch2c_bn_b_grad
845 : res5_0_branch2c_bn_b_momentum
846 : res5_0_branch2c_bn_grad
847 : res5_0_branch2c_bn_riv
848 : res5_0_branch2c_bn_rm
849 : res5_0_branch2c_bn_s
850 : res5_0_branch2c_bn_s_grad
851 : res5_0_branch2c_bn_s_momentum
852 : res5_0_branch2c_bn_s_sign
853 : res5_0_branch2c_bn_siv
854 : res5_0_branch2c_bn_sm
855 : res5_0_branch2c_grad
856 : res5_0_branch2c_w
857 : res5_0_branch2c_w_grad
858 : res5_0_branch2c_w_momentum
859 : res5_1_branch2a
860 : res5_1_branch2a_bn
861 : res5_1_branch2a_bn_b
862 : res5_1_branch2a_bn_b_grad
863 : res5_1_branch2a_bn_b_momentum
864 : res5_1_branch2a_bn_grad
865 : res5_1_branch2a_bn_riv
866 : res5_1_branch2a_bn_rm
867 : res5_1_branch2a_bn_s
868 : res5_1_branch2a_bn_s_grad
869 : res5_1_branch2a_bn_s_momentum
870 : res5_1_branch2a_bn_s_sign
871 : res5_1_branch2a_bn_siv
872 : res5_1_branch2a_bn_sm
873 : res5_1_branch2a_grad
874 : res5_1_branch2a_w
875 : res5_1_branch2a_w_grad
876 : res5_1_branch2a_w_momentum
877 : res5_1_branch2b
878 : res5_1_branch2b_bn
879 : res5_1_branch2b_bn_b
880 : res5_1_branch2b_bn_b_grad
881 : res5_1_branch2b_bn_b_momentum
882 : res5_1_branch2b_bn_grad
883 : res5_1_branch2b_bn_riv
884 : res5_1_branch2b_bn_rm
885 : res5_1_branch2b_bn_s
886 : res5_1_branch2b_bn_s_grad
887 : res5_1_branch2b_bn_s_momentum
888 : res5_1_branch2b_bn_s_sign
889 : res5_1_branch2b_bn_siv
890 : res5_1_branch2b_bn_sm
891 : res5_1_branch2b_grad
892 : res5_1_branch2b_w
893 : res5_1_branch2b_w_grad
894 : res5_1_branch2b_w_momentum
895 : res5_1_branch2c
896 : res5_1_branch2c_bn
897 : res5_1_branch2c_bn_b
898 : res5_1_branch2c_bn_b_grad
899 : res5_1_branch2c_bn_b_momentum
900 : res5_1_branch2c_bn_grad
901 : res5_1_branch2c_bn_riv
902 : res5_1_branch2c_bn_rm
903 : res5_1_branch2c_bn_s
904 : res5_1_branch2c_bn_s_grad
905 : res5_1_branch2c_bn_s_momentum
906 : res5_1_branch2c_bn_s_sign
907 : res5_1_branch2c_bn_siv
908 : res5_1_branch2c_bn_sm
909 : res5_1_branch2c_grad
910 : res5_1_branch2c_w
911 : res5_1_branch2c_w_grad
912 : res5_1_branch2c_w_momentum
913 : res5_2_branch2a
914 : res5_2_branch2a_bn
915 : res5_2_branch2a_bn_b
916 : res5_2_branch2a_bn_b_grad
917 : res5_2_branch2a_bn_b_momentum
918 : res5_2_branch2a_bn_grad
919 : res5_2_branch2a_bn_riv
920 : res5_2_branch2a_bn_rm
921 : res5_2_branch2a_bn_s
922 : res5_2_branch2a_bn_s_grad
923 : res5_2_branch2a_bn_s_momentum
924 : res5_2_branch2a_bn_s_sign
925 : res5_2_branch2a_bn_siv
926 : res5_2_branch2a_bn_sm
927 : res5_2_branch2a_grad
928 : res5_2_branch2a_w
929 : res5_2_branch2a_w_grad
930 : res5_2_branch2a_w_momentum
931 : res5_2_branch2b
932 : res5_2_branch2b_bn
933 : res5_2_branch2b_bn_b
934 : res5_2_branch2b_bn_b_grad
935 : res5_2_branch2b_bn_b_momentum
936 : res5_2_branch2b_bn_grad
937 : res5_2_branch2b_bn_riv
938 : res5_2_branch2b_bn_rm
939 : res5_2_branch2b_bn_s
940 : res5_2_branch2b_bn_s_grad
941 : res5_2_branch2b_bn_s_momentum
942 : res5_2_branch2b_bn_s_sign
943 : res5_2_branch2b_bn_siv
944 : res5_2_branch2b_bn_sm
945 : res5_2_branch2b_grad
946 : res5_2_branch2b_w
947 : res5_2_branch2b_w_grad
948 : res5_2_branch2b_w_momentum
949 : res5_2_branch2c
950 : res5_2_branch2c_bn
951 : res5_2_branch2c_bn_b
952 : res5_2_branch2c_bn_b_grad
953 : res5_2_branch2c_bn_b_momentum
954 : res5_2_branch2c_bn_grad
955 : res5_2_branch2c_bn_riv
956 : res5_2_branch2c_bn_rm
957 : res5_2_branch2c_bn_s
958 : res5_2_branch2c_bn_s_grad
959 : res5_2_branch2c_bn_s_momentum
960 : res5_2_branch2c_bn_s_sign
961 : res5_2_branch2c_bn_siv
962 : res5_2_branch2c_bn_sm
963 : res5_2_branch2c_grad
964 : res5_2_branch2c_w
965 : res5_2_branch2c_w_grad
966 : res5_2_branch2c_w_momentum
967 : res_conv1_bn
968 : res_conv1_bn_b
969 : res_conv1_bn_b_grad
970 : res_conv1_bn_b_momentum
971 : res_conv1_bn_grad
972 : res_conv1_bn_riv
973 : res_conv1_bn_rm
974 : res_conv1_bn_s
975 : res_conv1_bn_s_grad
976 : res_conv1_bn_s_momentum
977 : res_conv1_bn_s_sign
978 : res_conv1_bn_siv
979 : res_conv1_bn_sm
980 : softmax
981 : wd_0_0
