0 : res2_0_branch2a_bn_s
1 : res_conv1_bn_b
2 : res4_3_branch2a_bn_b
3 : res2_1_branch2a_bn_s
4 : res2_2_branch2a_w
5 : res3_2_branch2c_bn_b
6 : res5_0_branch2c_bn_s
7 : res2_0_branch2a_bn_b
8 : res_conv1_bn_s
9 : res2_1_branch2a_bn_b
10 : res2_1_branch2c_w
11 : res4_2_branch2c_w
12 : res3_1_branch2b_w
13 : res3_2_branch2c_bn_s
14 : res4_4_branch2b_w
15 : res3_1_branch2b_bn_b
16 : res3_1_branch2c_bn_b
17 : res5_2_branch2b_w
18 : res2_1_branch2c_bn_b
19 : res2_0_branch2b_bn_b
20 : res4_0_branch2a_bn_s
21 : res3_2_branch2b_bn_b
22 : res3_3_branch2a_w
23 : res3_1_branch2b_bn_s
24 : res3_1_branch2c_bn_s
25 : res5_1_branch2c_w
26 : res2_1_branch2c_bn_s
27 : res2_0_branch2b_bn_s
28 : res3_2_branch2b_bn_s
29 : res4_0_branch2a_bn_b
30 : res4_0_branch2c_bn_b
31 : res3_3_branch2b_bn_s
32 : res5_1_branch2c_bn_s
33 : res4_2_branch2a_w
34 : conv1_b
35 : res2_0_branch2c_bn_b
36 : res4_0_branch2c_bn_s
37 : res5_0_branch2b_bn_s
38 : res3_3_branch2b_bn_b
39 : res5_1_branch2c_bn_b
40 : conv1_w
41 : res3_0_branch2b_bn_b
42 : res4_3_branch2b_w
43 : res4_1_branch2c_bn_b
44 : res3_2_branch2a_w
45 : res4_1_branch2b_bn_b
46 : res5_0_branch2c_bn_b
47 : res4_5_branch2c_w
48 : res2_0_branch1_w
49 : res3_2_branch2c_w
50 : res3_0_branch2b_bn_s
51 : res4_1_branch2c_bn_s
52 : res4_1_branch2b_bn_s
53 : res5_0_branch2b_w
54 : res4_4_branch2a_bn_s
55 : res4_5_branch2a_w
56 : res4_2_branch2b_bn_s
57 : res2_2_branch2a_bn_b
58 : res4_4_branch2a_bn_b
59 : res4_3_branch2a_bn_s
60 : res4_2_branch2b_bn_b
61 : res2_2_branch2a_bn_s
62 : res5_2_branch2c_bn_s
63 : res2_0_branch2c_w
64 : res5_0_branch2a_bn_b
65 : res3_2_branch2a_bn_s
66 : res5_2_branch2c_bn_b
67 : res4_0_branch2b_w
68 : res3_3_branch2c_w
69 : res5_2_branch2a_w
70 : res3_2_branch2a_bn_b
71 : res5_0_branch2a_bn_s
72 : res3_0_branch2a_bn_s
73 : res4_4_branch2b_bn_b
74 : res3_2_branch2b_w
75 : res4_1_branch2a_bn_s
76 : res4_0_branch2b_bn_b
77 : res3_0_branch2a_bn_b
78 : res4_4_branch2b_bn_s
79 : res2_1_branch2a_w
80 : res2_2_branch2c_w
81 : res4_0_branch1_w
82 : res4_0_branch2b_bn_s
83 : res4_2_branch2a_bn_b
84 : res5_2_branch2b_bn_s
85 : res3_1_branch2a_bn_b
86 : res4_3_branch2c_bn_s
87 : res3_0_branch1_w
88 : res4_2_branch2a_bn_s
89 : res5_2_branch2b_bn_b
90 : res3_1_branch2a_bn_s
91 : res4_3_branch2c_bn_b
92 : res4_5_branch2b_w
93 : res5_0_branch2b_bn_b
94 : res5_2_branch2a_bn_b
95 : res5_1_branch2a_bn_s
96 : res2_0_branch1_bn_s
97 : res2_2_branch2b_bn_s
98 : res5_2_branch2a_bn_s
99 : res5_1_branch2a_bn_b
100 : res2_0_branch1_bn_b
101 : res2_2_branch2b_bn_b
102 : res2_2_branch2c_bn_s
103 : res4_1_branch2a_bn_b
104 : res4_0_branch1_bn_s
105 : res5_0_branch1_bn_s
106 : res4_0_branch2c_w
107 : res4_1_branch2a_w
108 : res2_2_branch2c_bn_b
109 : res2_0_branch2b_w
110 : res4_0_branch1_bn_b
111 : res5_0_branch1_bn_b
112 : res4_0_branch2a_w
113 : res4_1_branch2c_w
114 : res2_1_branch2b_bn_s
115 : res4_2_branch2b_w
116 : res3_0_branch1_bn_b
117 : res3_3_branch2c_bn_b
118 : res5_1_branch2b_w
119 : res3_0_branch1_bn_s
120 : res3_3_branch2c_bn_s
121 : res5_1_branch2a_w
122 : res3_1_branch2a_w
123 : res2_2_branch2b_w
124 : res3_3_branch2a_bn_b
125 : res4_5_branch2b_bn_b
126 : res2_1_branch2b_w
127 : res3_1_branch2c_w
128 : res3_3_branch2a_bn_s
129 : res3_0_branch2b_w
130 : res4_5_branch2b_bn_s
131 : res3_0_branch2c_bn_b
132 : res4_4_branch2c_bn_b
133 : pred_b
134 : res3_3_branch2b_w
135 : res5_2_branch2c_w
136 : res3_0_branch2c_bn_s
137 : res4_4_branch2c_bn_s
138 : res4_4_branch2a_w
139 : pred_w
140 : res2_0_branch2a_w
141 : res5_0_branch2c_w
142 : res5_1_branch2b_bn_b
143 : res4_3_branch2a_w
144 : res2_1_branch2b_bn_b
145 : res4_1_branch2b_w
146 : res5_1_branch2b_bn_s
147 : res4_4_branch2c_w
148 : res3_0_branch2c_w
149 : res5_0_branch1_w
150 : res4_5_branch2c_bn_b
151 : res4_3_branch2c_w
152 : res4_5_branch2a_bn_s
153 : res4_3_branch2b_bn_s
154 : res4_2_branch2c_bn_s
155 : res5_0_branch2a_w
156 : res4_5_branch2c_bn_s
157 : res4_5_branch2a_bn_b
158 : res4_2_branch2c_bn_b
159 : res2_0_branch2c_bn_s
160 : res4_3_branch2b_bn_b
161 : res3_0_branch2a_w
