1 : conv1_w
2 : conv1_b
3 : res_conv1_bn_s
4 : res_conv1_bn_b
5 : res2_0_branch1_w
6 : res2_0_branch1_bn_s
7 : res2_0_branch1_bn_b
8 : res2_0_branch2a_w
9 : res2_0_branch2a_bn_s
10 : res2_0_branch2a_bn_b
11 : res2_0_branch2b_w
12 : res2_0_branch2b_bn_s
13 : res2_0_branch2b_bn_b
14 : res2_0_branch2c_w
15 : res2_0_branch2c_bn_s
16 : res2_0_branch2c_bn_b
17 : res2_1_branch2a_w
18 : res2_1_branch2a_bn_s
19 : res2_1_branch2a_bn_b
20 : res2_1_branch2b_w
21 : res2_1_branch2b_bn_s
22 : res2_1_branch2b_bn_b
23 : res2_1_branch2c_w
24 : res2_1_branch2c_bn_s
25 : res2_1_branch2c_bn_b
26 : res2_2_branch2a_w
27 : res2_2_branch2a_bn_s
28 : res2_2_branch2a_bn_b
29 : res2_2_branch2b_w
30 : res2_2_branch2b_bn_s
31 : res2_2_branch2b_bn_b
32 : res2_2_branch2c_w
33 : res2_2_branch2c_bn_s
34 : res2_2_branch2c_bn_b
35 : res3_0_branch1_w
36 : res3_0_branch1_bn_s
37 : res3_0_branch1_bn_b
38 : res3_0_branch2a_w
39 : res3_0_branch2a_bn_s
40 : res3_0_branch2a_bn_b
41 : res3_0_branch2b_w
42 : res3_0_branch2b_bn_s
43 : res3_0_branch2b_bn_b
44 : res3_0_branch2c_w
45 : res3_0_branch2c_bn_s
46 : res3_0_branch2c_bn_b
47 : res3_1_branch2a_w
48 : res3_1_branch2a_bn_s
49 : res3_1_branch2a_bn_b
50 : res3_1_branch2b_w
51 : res3_1_branch2b_bn_s
52 : res3_1_branch2b_bn_b
53 : res3_1_branch2c_w
54 : res3_1_branch2c_bn_s
55 : res3_1_branch2c_bn_b
56 : res3_2_branch2a_w
57 : res3_2_branch2a_bn_s
58 : res3_2_branch2a_bn_b
59 : res3_2_branch2b_w
60 : res3_2_branch2b_bn_s
61 : res3_2_branch2b_bn_b
62 : res3_2_branch2c_w
63 : res3_2_branch2c_bn_s
64 : res3_2_branch2c_bn_b
65 : res3_3_branch2a_w
66 : res3_3_branch2a_bn_s
67 : res3_3_branch2a_bn_b
68 : res3_3_branch2b_w
69 : res3_3_branch2b_bn_s
70 : res3_3_branch2b_bn_b
71 : res3_3_branch2c_w
72 : res3_3_branch2c_bn_s
73 : res3_3_branch2c_bn_b
74 : res4_0_branch1_w
75 : res4_0_branch1_bn_s
76 : res4_0_branch1_bn_b
77 : res4_0_branch2a_w
78 : res4_0_branch2a_bn_s
79 : res4_0_branch2a_bn_b
80 : res4_0_branch2b_w
81 : res4_0_branch2b_bn_s
82 : res4_0_branch2b_bn_b
83 : res4_0_branch2c_w
84 : res4_0_branch2c_bn_s
85 : res4_0_branch2c_bn_b
86 : res4_1_branch2a_w
87 : res4_1_branch2a_bn_s
88 : res4_1_branch2a_bn_b
89 : res4_1_branch2b_w
90 : res4_1_branch2b_bn_s
91 : res4_1_branch2b_bn_b
92 : res4_1_branch2c_w
93 : res4_1_branch2c_bn_s
94 : res4_1_branch2c_bn_b
95 : res4_2_branch2a_w
96 : res4_2_branch2a_bn_s
97 : res4_2_branch2a_bn_b
98 : res4_2_branch2b_w
99 : res4_2_branch2b_bn_s
100 : res4_2_branch2b_bn_b
101 : res4_2_branch2c_w
102 : res4_2_branch2c_bn_s
103 : res4_2_branch2c_bn_b
104 : res4_3_branch2a_w
105 : res4_3_branch2a_bn_s
106 : res4_3_branch2a_bn_b
107 : res4_3_branch2b_w
108 : res4_3_branch2b_bn_s
109 : res4_3_branch2b_bn_b
110 : res4_3_branch2c_w
111 : res4_3_branch2c_bn_s
112 : res4_3_branch2c_bn_b
113 : res4_4_branch2a_w
114 : res4_4_branch2a_bn_s
115 : res4_4_branch2a_bn_b
116 : res4_4_branch2b_w
117 : res4_4_branch2b_bn_s
118 : res4_4_branch2b_bn_b
119 : res4_4_branch2c_w
120 : res4_4_branch2c_bn_s
121 : res4_4_branch2c_bn_b
122 : res4_5_branch2a_w
123 : res4_5_branch2a_bn_s
124 : res4_5_branch2a_bn_b
125 : res4_5_branch2b_w
126 : res4_5_branch2b_bn_s
127 : res4_5_branch2b_bn_b
128 : res4_5_branch2c_w
129 : res4_5_branch2c_bn_s
130 : res4_5_branch2c_bn_b
131 : res5_0_branch1_w
132 : res5_0_branch1_bn_s
133 : res5_0_branch1_bn_b
134 : res5_0_branch2a_w
135 : res5_0_branch2a_bn_s
136 : res5_0_branch2a_bn_b
137 : res5_0_branch2b_w
138 : res5_0_branch2b_bn_s
139 : res5_0_branch2b_bn_b
140 : res5_0_branch2c_w
141 : res5_0_branch2c_bn_s
142 : res5_0_branch2c_bn_b
143 : res5_1_branch2a_w
144 : res5_1_branch2a_bn_s
145 : res5_1_branch2a_bn_b
146 : res5_1_branch2b_w
147 : res5_1_branch2b_bn_s
148 : res5_1_branch2b_bn_b
149 : res5_1_branch2c_w
150 : res5_1_branch2c_bn_s
151 : res5_1_branch2c_bn_b
152 : res5_2_branch2a_w
153 : res5_2_branch2a_bn_s
154 : res5_2_branch2a_bn_b
155 : res5_2_branch2b_w
156 : res5_2_branch2b_bn_s
157 : res5_2_branch2b_bn_b
158 : res5_2_branch2c_w
159 : res5_2_branch2c_bn_s
160 : res5_2_branch2c_bn_b
161 : pred_w
162 : pred_b
