[INFO] start running src/param_statistics.py ...
[INFO] start running initialize ...
[INFO] finish running initialize ...

[INFO] start running build_validation_model ...
[INFO] finish running build_validation_model ...

****************************************************************************************************
net work pruning...
****************************************************************************************************
bn layer name: res2_0_branch1_bn 	 layer total channels: 256 	 remainingchannels: 195.0 	 pruned rate: 23.83%
bn layer name: res2_0_branch2a_bn 	 layer total channels: 64 	 remainingchannels: 37.0 	 pruned rate: 42.19%
bn layer name: res2_0_branch2b_bn 	 layer total channels: 64 	 remainingchannels: 17.0 	 pruned rate: 73.44%
bn layer name: res2_0_branch2c_bn 	 layer total channels: 256 	 remainingchannels: 138.0 	 pruned rate: 46.09%
bn layer name: res2_1_branch2a_bn 	 layer total channels: 64 	 remainingchannels: 36.0 	 pruned rate: 43.75%
bn layer name: res2_1_branch2b_bn 	 layer total channels: 64 	 remainingchannels: 44.0 	 pruned rate: 31.25%
bn layer name: res2_1_branch2c_bn 	 layer total channels: 256 	 remainingchannels: 24.0 	 pruned rate: 90.62%
bn layer name: res2_2_branch2a_bn 	 layer total channels: 64 	 remainingchannels: 56.0 	 pruned rate: 12.50%
bn layer name: res2_2_branch2b_bn 	 layer total channels: 64 	 remainingchannels: 49.0 	 pruned rate: 23.44%
bn layer name: res2_2_branch2c_bn 	 layer total channels: 256 	 remainingchannels: 42.0 	 pruned rate: 83.59%
bn layer name: res3_0_branch1_bn 	 layer total channels: 512 	 remainingchannels: 164.0 	 pruned rate: 67.97%
bn layer name: res3_0_branch2a_bn 	 layer total channels: 128 	 remainingchannels: 111.0 	 pruned rate: 13.28%
bn layer name: res3_0_branch2b_bn 	 layer total channels: 128 	 remainingchannels: 107.0 	 pruned rate: 16.41%
bn layer name: res3_0_branch2c_bn 	 layer total channels: 512 	 remainingchannels: 126.0 	 pruned rate: 75.39%
bn layer name: res3_1_branch2a_bn 	 layer total channels: 128 	 remainingchannels: 67.0 	 pruned rate: 47.66%
bn layer name: res3_1_branch2b_bn 	 layer total channels: 128 	 remainingchannels: 94.0 	 pruned rate: 26.56%
bn layer name: res3_1_branch2c_bn 	 layer total channels: 512 	 remainingchannels: 60.0 	 pruned rate: 88.28%
bn layer name: res3_2_branch2a_bn 	 layer total channels: 128 	 remainingchannels: 96.0 	 pruned rate: 25.00%
bn layer name: res3_2_branch2b_bn 	 layer total channels: 128 	 remainingchannels: 109.0 	 pruned rate: 14.84%
bn layer name: res3_2_branch2c_bn 	 layer total channels: 512 	 remainingchannels: 72.0 	 pruned rate: 85.94%
bn layer name: res3_3_branch2a_bn 	 layer total channels: 128 	 remainingchannels: 82.0 	 pruned rate: 35.94%
bn layer name: res3_3_branch2b_bn 	 layer total channels: 128 	 remainingchannels: 90.0 	 pruned rate: 29.69%
bn layer name: res3_3_branch2c_bn 	 layer total channels: 512 	 remainingchannels: 28.0 	 pruned rate: 94.53%
bn layer name: res4_0_branch1_bn 	 layer total channels: 1024 	 remainingchannels: 167.0 	 pruned rate: 83.69%
bn layer name: res4_0_branch2a_bn 	 layer total channels: 256 	 remainingchannels: 218.0 	 pruned rate: 14.84%
bn layer name: res4_0_branch2b_bn 	 layer total channels: 256 	 remainingchannels: 177.0 	 pruned rate: 30.86%
bn layer name: res4_0_branch2c_bn 	 layer total channels: 1024 	 remainingchannels: 293.0 	 pruned rate: 71.39%
bn layer name: res4_1_branch2a_bn 	 layer total channels: 256 	 remainingchannels: 99.0 	 pruned rate: 61.33%
bn layer name: res4_1_branch2b_bn 	 layer total channels: 256 	 remainingchannels: 153.0 	 pruned rate: 40.23%
bn layer name: res4_1_branch2c_bn 	 layer total channels: 1024 	 remainingchannels: 62.0 	 pruned rate: 93.95%
bn layer name: res4_2_branch2a_bn 	 layer total channels: 256 	 remainingchannels: 125.0 	 pruned rate: 51.17%
bn layer name: res4_2_branch2b_bn 	 layer total channels: 256 	 remainingchannels: 131.0 	 pruned rate: 48.83%
bn layer name: res4_2_branch2c_bn 	 layer total channels: 1024 	 remainingchannels: 29.0 	 pruned rate: 97.17%
bn layer name: res4_3_branch2a_bn 	 layer total channels: 256 	 remainingchannels: 112.0 	 pruned rate: 56.25%
bn layer name: res4_3_branch2b_bn 	 layer total channels: 256 	 remainingchannels: 167.0 	 pruned rate: 34.77%
bn layer name: res4_3_branch2c_bn 	 layer total channels: 1024 	 remainingchannels: 81.0 	 pruned rate: 92.09%
bn layer name: res4_4_branch2a_bn 	 layer total channels: 256 	 remainingchannels: 121.0 	 pruned rate: 52.73%
bn layer name: res4_4_branch2b_bn 	 layer total channels: 256 	 remainingchannels: 163.0 	 pruned rate: 36.33%
bn layer name: res4_4_branch2c_bn 	 layer total channels: 1024 	 remainingchannels: 19.0 	 pruned rate: 98.14%
bn layer name: res4_5_branch2a_bn 	 layer total channels: 256 	 remainingchannels: 137.0 	 pruned rate: 46.48%
bn layer name: res4_5_branch2b_bn 	 layer total channels: 256 	 remainingchannels: 167.0 	 pruned rate: 34.77%
bn layer name: res4_5_branch2c_bn 	 layer total channels: 1024 	 remainingchannels: 18.0 	 pruned rate: 98.24%
bn layer name: res5_0_branch1_bn 	 layer total channels: 2048 	 remainingchannels: 2048.0 	 pruned rate: 0.00%
bn layer name: res5_0_branch2a_bn 	 layer total channels: 512 	 remainingchannels: 270.0 	 pruned rate: 47.27%
bn layer name: res5_0_branch2b_bn 	 layer total channels: 512 	 remainingchannels: 395.0 	 pruned rate: 22.85%
bn layer name: res5_0_branch2c_bn 	 layer total channels: 2048 	 remainingchannels: 2032.0 	 pruned rate: 0.78%
bn layer name: res5_1_branch2a_bn 	 layer total channels: 512 	 remainingchannels: 212.0 	 pruned rate: 58.59%
bn layer name: res5_1_branch2b_bn 	 layer total channels: 512 	 remainingchannels: 205.0 	 pruned rate: 59.96%
bn layer name: res5_1_branch2c_bn 	 layer total channels: 2048 	 remainingchannels: 1670.0 	 pruned rate: 18.46%
bn layer name: res5_2_branch2a_bn 	 layer total channels: 512 	 remainingchannels: 172.0 	 pruned rate: 66.41%
bn layer name: res5_2_branch2b_bn 	 layer total channels: 512 	 remainingchannels: 125.0 	 pruned rate: 75.59%
bn layer name: res5_2_branch2c_bn 	 layer total channels: 2048 	 remainingchannels: 1826.0 	 pruned rate: 10.84%
bn layer name: res_conv1_bn 	 layer total channels: 64 	 remainingchannels: 41.0 	 pruned rate: 35.94%
total pruned rate: 0.500037650602
====================================================================================================
op type: ImageInput
in channels: 3, out channels: 3

====================================================================================================
op type: StopGradient
in channels: 3, out channels: 3

====================================================================================================
op type: StopGradient
in channels: 3, out channels: 3

====================================================================================================
op type: Conv
in channels: 3, out channels: 64

====================================================================================================
op type: SpatialBN
in channels: 3, out channels: 64

====================================================================================================
op type: Relu
in channels: 3, out channels: 64

====================================================================================================
op type: MaxPool
in channels: 64, out channels: 64

====================================================================================================
op type: Conv
in channels: 64, out channels: 256

====================================================================================================
op type: SpatialBN
in channels: 64, out channels: 256

====================================================================================================
op type: Conv
in channels: 64, out channels: 64

====================================================================================================
op type: SpatialBN
in channels: 64, out channels: 37.0

====================================================================================================
op type: Relu
in channels: 37.0, out channels: 37.0

====================================================================================================
C_in: 37.0, old_in: 64
op type: Conv
in channels: 37.0, out channels: 64

====================================================================================================
op type: SpatialBN
in channels: 64, out channels: 17.0

====================================================================================================
op type: Relu
in channels: 17.0, out channels: 17.0

====================================================================================================
op type: Conv
in channels: 17.0, out channels: 256

====================================================================================================
op type: SpatialBN
in channels: 17.0, out channels: 256

====================================================================================================
op type: Sum
in channels: 17.0, out channels: 256

====================================================================================================
op type: Relu
in channels: 256, out channels: 256

====================================================================================================
op type: Conv
in channels: 256, out channels: 64

====================================================================================================
op type: SpatialBN
in channels: 64, out channels: 36.0

====================================================================================================
op type: Relu
in channels: 36.0, out channels: 36.0

====================================================================================================
C_in: 36.0, old_in: 64
op type: Conv
in channels: 36.0, out channels: 64

====================================================================================================
op type: SpatialBN
in channels: 64, out channels: 44.0

====================================================================================================
op type: Relu
in channels: 44.0, out channels: 44.0

====================================================================================================
op type: Conv
in channels: 44.0, out channels: 256

====================================================================================================
op type: SpatialBN
in channels: 44.0, out channels: 256

====================================================================================================
op type: Sum
in channels: 44.0, out channels: 256

====================================================================================================
op type: Relu
in channels: 256, out channels: 256

====================================================================================================
op type: Conv
in channels: 256, out channels: 64

====================================================================================================
op type: SpatialBN
in channels: 64, out channels: 56.0

====================================================================================================
op type: Relu
in channels: 56.0, out channels: 56.0

====================================================================================================
C_in: 56.0, old_in: 64
op type: Conv
in channels: 56.0, out channels: 64

====================================================================================================
op type: SpatialBN
in channels: 64, out channels: 49.0

====================================================================================================
op type: Relu
in channels: 49.0, out channels: 49.0

====================================================================================================
op type: Conv
in channels: 49.0, out channels: 256

====================================================================================================
op type: SpatialBN
in channels: 49.0, out channels: 256

====================================================================================================
op type: Sum
in channels: 49.0, out channels: 256

====================================================================================================
op type: Relu
in channels: 256, out channels: 256

====================================================================================================
op type: Conv
in channels: 256, out channels: 512

====================================================================================================
op type: SpatialBN
in channels: 256, out channels: 512

====================================================================================================
op type: Conv
in channels: 256, out channels: 128

====================================================================================================
op type: SpatialBN
in channels: 128, out channels: 111.0

====================================================================================================
op type: Relu
in channels: 111.0, out channels: 111.0

====================================================================================================
C_in: 111.0, old_in: 128
op type: Conv
in channels: 111.0, out channels: 128

====================================================================================================
op type: SpatialBN
in channels: 128, out channels: 107.0

====================================================================================================
op type: Relu
in channels: 107.0, out channels: 107.0

====================================================================================================
op type: Conv
in channels: 107.0, out channels: 512

====================================================================================================
op type: SpatialBN
in channels: 107.0, out channels: 512

====================================================================================================
op type: Sum
in channels: 107.0, out channels: 512

====================================================================================================
op type: Relu
in channels: 512, out channels: 512

====================================================================================================
op type: Conv
in channels: 512, out channels: 128

====================================================================================================
op type: SpatialBN
in channels: 128, out channels: 67.0

====================================================================================================
op type: Relu
in channels: 67.0, out channels: 67.0

====================================================================================================
C_in: 67.0, old_in: 128
op type: Conv
in channels: 67.0, out channels: 128

====================================================================================================
op type: SpatialBN
in channels: 128, out channels: 94.0

====================================================================================================
op type: Relu
in channels: 94.0, out channels: 94.0

====================================================================================================
op type: Conv
in channels: 94.0, out channels: 512

====================================================================================================
op type: SpatialBN
in channels: 94.0, out channels: 512

====================================================================================================
op type: Sum
in channels: 94.0, out channels: 512

====================================================================================================
op type: Relu
in channels: 512, out channels: 512

====================================================================================================
op type: Conv
in channels: 512, out channels: 128

====================================================================================================
op type: SpatialBN
in channels: 128, out channels: 96.0

====================================================================================================
op type: Relu
in channels: 96.0, out channels: 96.0

====================================================================================================
C_in: 96.0, old_in: 128
op type: Conv
in channels: 96.0, out channels: 128

====================================================================================================
op type: SpatialBN
in channels: 128, out channels: 109.0

====================================================================================================
op type: Relu
in channels: 109.0, out channels: 109.0

====================================================================================================
op type: Conv
in channels: 109.0, out channels: 512

====================================================================================================
op type: SpatialBN
in channels: 109.0, out channels: 512

====================================================================================================
op type: Sum
in channels: 109.0, out channels: 512

====================================================================================================
op type: Relu
in channels: 512, out channels: 512

====================================================================================================
op type: Conv
in channels: 512, out channels: 128

====================================================================================================
op type: SpatialBN
in channels: 128, out channels: 82.0

====================================================================================================
op type: Relu
in channels: 82.0, out channels: 82.0

====================================================================================================
C_in: 82.0, old_in: 128
op type: Conv
in channels: 82.0, out channels: 128

====================================================================================================
op type: SpatialBN
in channels: 128, out channels: 90.0

====================================================================================================
op type: Relu
in channels: 90.0, out channels: 90.0

====================================================================================================
op type: Conv
in channels: 90.0, out channels: 512

====================================================================================================
op type: SpatialBN
in channels: 90.0, out channels: 512

====================================================================================================
op type: Sum
in channels: 90.0, out channels: 512

====================================================================================================
op type: Relu
in channels: 512, out channels: 512

====================================================================================================
op type: Conv
in channels: 512, out channels: 1024

====================================================================================================
op type: SpatialBN
in channels: 512, out channels: 1024

====================================================================================================
op type: Conv
in channels: 512, out channels: 256

====================================================================================================
op type: SpatialBN
in channels: 256, out channels: 218.0

====================================================================================================
op type: Relu
in channels: 218.0, out channels: 218.0

====================================================================================================
C_in: 218.0, old_in: 256
op type: Conv
in channels: 218.0, out channels: 256

====================================================================================================
op type: SpatialBN
in channels: 256, out channels: 177.0

====================================================================================================
op type: Relu
in channels: 177.0, out channels: 177.0

====================================================================================================
op type: Conv
in channels: 177.0, out channels: 1024

====================================================================================================
op type: SpatialBN
in channels: 177.0, out channels: 1024

====================================================================================================
op type: Sum
in channels: 177.0, out channels: 1024

====================================================================================================
op type: Relu
in channels: 1024, out channels: 1024

====================================================================================================
op type: Conv
in channels: 1024, out channels: 256

====================================================================================================
op type: SpatialBN
in channels: 256, out channels: 99.0

====================================================================================================
op type: Relu
in channels: 99.0, out channels: 99.0

====================================================================================================
C_in: 99.0, old_in: 256
op type: Conv
in channels: 99.0, out channels: 256

====================================================================================================
op type: SpatialBN
in channels: 256, out channels: 153.0

====================================================================================================
op type: Relu
in channels: 153.0, out channels: 153.0

====================================================================================================
op type: Conv
in channels: 153.0, out channels: 1024

====================================================================================================
op type: SpatialBN
in channels: 153.0, out channels: 1024

====================================================================================================
op type: Sum
in channels: 153.0, out channels: 1024

====================================================================================================
op type: Relu
in channels: 1024, out channels: 1024

====================================================================================================
op type: Conv
in channels: 1024, out channels: 256

====================================================================================================
op type: SpatialBN
in channels: 256, out channels: 125.0

====================================================================================================
op type: Relu
in channels: 125.0, out channels: 125.0

====================================================================================================
C_in: 125.0, old_in: 256
op type: Conv
in channels: 125.0, out channels: 256

====================================================================================================
op type: SpatialBN
in channels: 256, out channels: 131.0

====================================================================================================
op type: Relu
in channels: 131.0, out channels: 131.0

====================================================================================================
op type: Conv
in channels: 131.0, out channels: 1024

====================================================================================================
op type: SpatialBN
in channels: 131.0, out channels: 1024

====================================================================================================
op type: Sum
in channels: 131.0, out channels: 1024

====================================================================================================
op type: Relu
in channels: 1024, out channels: 1024

====================================================================================================
op type: Conv
in channels: 1024, out channels: 256

====================================================================================================
op type: SpatialBN
in channels: 256, out channels: 112.0

====================================================================================================
op type: Relu
in channels: 112.0, out channels: 112.0

====================================================================================================
C_in: 112.0, old_in: 256
op type: Conv
in channels: 112.0, out channels: 256

====================================================================================================
op type: SpatialBN
in channels: 256, out channels: 167.0

====================================================================================================
op type: Relu
in channels: 167.0, out channels: 167.0

====================================================================================================
op type: Conv
in channels: 167.0, out channels: 1024

====================================================================================================
op type: SpatialBN
in channels: 167.0, out channels: 1024

====================================================================================================
op type: Sum
in channels: 167.0, out channels: 1024

====================================================================================================
op type: Relu
in channels: 1024, out channels: 1024

====================================================================================================
op type: Conv
in channels: 1024, out channels: 256

====================================================================================================
op type: SpatialBN
in channels: 256, out channels: 121.0

====================================================================================================
op type: Relu
in channels: 121.0, out channels: 121.0

====================================================================================================
C_in: 121.0, old_in: 256
op type: Conv
in channels: 121.0, out channels: 256

====================================================================================================
op type: SpatialBN
in channels: 256, out channels: 163.0

====================================================================================================
op type: Relu
in channels: 163.0, out channels: 163.0

====================================================================================================
op type: Conv
in channels: 163.0, out channels: 1024

====================================================================================================
op type: SpatialBN
in channels: 163.0, out channels: 1024

====================================================================================================
op type: Sum
in channels: 163.0, out channels: 1024

====================================================================================================
op type: Relu
in channels: 1024, out channels: 1024

====================================================================================================
op type: Conv
in channels: 1024, out channels: 256

====================================================================================================
op type: SpatialBN
in channels: 256, out channels: 137.0

====================================================================================================
op type: Relu
in channels: 137.0, out channels: 137.0

====================================================================================================
C_in: 137.0, old_in: 256
op type: Conv
in channels: 137.0, out channels: 256

====================================================================================================
op type: SpatialBN
in channels: 256, out channels: 167.0

====================================================================================================
op type: Relu
in channels: 167.0, out channels: 167.0

====================================================================================================
op type: Conv
in channels: 167.0, out channels: 1024

====================================================================================================
op type: SpatialBN
in channels: 167.0, out channels: 1024

====================================================================================================
op type: Sum
in channels: 167.0, out channels: 1024

====================================================================================================
op type: Relu
in channels: 1024, out channels: 1024

====================================================================================================
op type: Conv
in channels: 1024, out channels: 2048

====================================================================================================
op type: SpatialBN
in channels: 1024, out channels: 2048

====================================================================================================
op type: Conv
in channels: 1024, out channels: 512

====================================================================================================
op type: SpatialBN
in channels: 512, out channels: 270.0

====================================================================================================
op type: Relu
in channels: 270.0, out channels: 270.0

====================================================================================================
C_in: 270.0, old_in: 512
op type: Conv
in channels: 270.0, out channels: 512

====================================================================================================
op type: SpatialBN
in channels: 512, out channels: 395.0

====================================================================================================
op type: Relu
in channels: 395.0, out channels: 395.0

====================================================================================================
op type: Conv
in channels: 395.0, out channels: 2048

====================================================================================================
op type: SpatialBN
in channels: 395.0, out channels: 2048

====================================================================================================
op type: Sum
in channels: 395.0, out channels: 2048

====================================================================================================
op type: Relu
in channels: 2048, out channels: 2048

====================================================================================================
op type: Conv
in channels: 2048, out channels: 512

====================================================================================================
op type: SpatialBN
in channels: 512, out channels: 212.0

====================================================================================================
op type: Relu
in channels: 212.0, out channels: 212.0

====================================================================================================
C_in: 212.0, old_in: 512
op type: Conv
in channels: 212.0, out channels: 512

====================================================================================================
op type: SpatialBN
in channels: 512, out channels: 205.0

====================================================================================================
op type: Relu
in channels: 205.0, out channels: 205.0

====================================================================================================
op type: Conv
in channels: 205.0, out channels: 2048

====================================================================================================
op type: SpatialBN
in channels: 205.0, out channels: 2048

====================================================================================================
op type: Sum
in channels: 205.0, out channels: 2048

====================================================================================================
op type: Relu
in channels: 2048, out channels: 2048

====================================================================================================
op type: Conv
in channels: 2048, out channels: 512

====================================================================================================
op type: SpatialBN
in channels: 512, out channels: 172.0

====================================================================================================
op type: Relu
in channels: 172.0, out channels: 172.0

====================================================================================================
C_in: 172.0, old_in: 512
op type: Conv
in channels: 172.0, out channels: 512

====================================================================================================
op type: SpatialBN
in channels: 512, out channels: 125.0

====================================================================================================
op type: Relu
in channels: 125.0, out channels: 125.0

====================================================================================================
op type: Conv
in channels: 125.0, out channels: 2048

====================================================================================================
op type: SpatialBN
in channels: 125.0, out channels: 2048

====================================================================================================
op type: Sum
in channels: 125.0, out channels: 2048

====================================================================================================
op type: Relu
in channels: 2048, out channels: 2048

====================================================================================================
op type: AveragePool
in channels: 2048, out channels: 2048

====================================================================================================
op type: FC
in channels: 2048, out channels: 2048

====================================================================================================
op type: Relu
in channels: 2048, out channels: 2048

====================================================================================================
op type: FC
in channels: 2048, out channels: 2048

====================================================================================================
op type: Sigmoid
in channels: 2048, out channels: 2048

====================================================================================================
op type: Mul
in channels: 2048, out channels: 2048

====================================================================================================
op type: AveragePool
in channels: 2048, out channels: 2048

====================================================================================================
op type: FC
in channels: 2048, out channels: 2048

====================================================================================================
op type: AveragePool
in channels: 2048, out channels: 2048

====================================================================================================
op type: FC
in channels: 2048, out channels: 2048

====================================================================================================
op type: Relu
in channels: 2048, out channels: 2048

====================================================================================================
op type: FC
in channels: 2048, out channels: 2048

====================================================================================================
op type: Sigmoid
in channels: 2048, out channels: 2048

====================================================================================================
op type: Mul
in channels: 2048, out channels: 2048

====================================================================================================
op type: AveragePool
in channels: 2048, out channels: 2048

====================================================================================================
op type: FC
in channels: 2048, out channels: 2048

====================================================================================================
op type: Concat
in channels: 2048, out channels: 2048

====================================================================================================
op type: FC
in channels: 2048, out channels: 2048

====================================================================================================
op type: SoftmaxWithLoss
in channels: 2048, out channels: 2048

====================================================================================================
op type: Split
in channels: 2048, out channels: 2048

====================================================================================================
op type: Sub
in channels: 2048, out channels: 2048

====================================================================================================
op type: Abs
in channels: 2048, out channels: 2048

====================================================================================================
op type: Mul
in channels: 2048, out channels: 2048

====================================================================================================
op type: ReduceBackSum
in channels: 2048, out channels: 2048

====================================================================================================
op type: Sqrt
in channels: 2048, out channels: 2048

====================================================================================================
op type: ReduceBackSum
in channels: 2048, out channels: 2048

====================================================================================================
op type: GivenTensorFill
in channels: 2048, out channels: 2048

====================================================================================================
op type: Div
in channels: 2048, out channels: 2048

====================================================================================================
op type: ConstantFill
in channels: 2048, out channels: 2048

====================================================================================================
op type: Mul
in channels: 2048, out channels: 2048

====================================================================================================
op type: Sum
in channels: 2048, out channels: 2048

====================================================================================================
op type: Accuracy
in channels: 2048, out channels: 2048

====================================================================================================
op type: Accuracy
in channels: 2048, out channels: 2048





new weights_map:

res2_0_branch2a_bn_s : [37]
res2_0_branch2b_bn_rm : [17]
res_conv1_bn_b : [64]
res2_2_branch2a_bn_rm : [56]
res2_2_branch2b_bn_rm : [49]
res4_3_branch2a_bn_b : [112]
res2_1_branch2a_bn_s : [36]
res2_2_branch2a_w : [ 56 256   1   1]
res3_2_branch2c_bn_b : [512]
res5_0_branch2c_bn_s : [2048]
res2_0_branch2a_bn_b : [37]
res_conv1_bn_s : [64]
res5_2_branch2a_bn_rm : [172]
res4_5_branch2b_bn_rm : [167]
res5_0_branch1_bn_riv : [2048]
res2_1_branch2a_bn_b : [36]
res2_1_branch2c_w : [256  64   1   1]
res4_2_branch2c_w : [1024  256    1    1]
res3_1_branch2b_w : [94 67  3  3]
res3_2_branch2c_bn_s : [512]
res3_1_branch2b_bn_riv : [94]
res3_1_branch2a_bn_rm : [67]
res4_4_branch2b_w : [163 121   3   3]
res4_4_branch2c_bn_rm : [1024]
res3_1_branch2b_bn_b : [94]
bi_attention_pred_b : [100]
res3_1_branch2c_bn_b : [512]
res5_2_branch2b_w : [125 172   3   3]
res4_3_branch2a_bn_rm : [112]
res2_1_branch2c_bn_b : [256]
res2_0_branch2b_bn_b : [17]
res4_0_branch2a_bn_s : [218]
res3_2_branch2b_bn_b : [109]
res3_3_branch2a_w : [ 82 512   1   1]
bi_attention_pred_w : [ 100 2048]
res3_1_branch2b_bn_s : [94]
res3_1_branch2c_bn_s : [512]
res4_0_branch2a_bn_rm : [218]
res5_1_branch2c_w : [2048  512    1    1]
res2_1_branch2c_bn_s : [256]
res2_0_branch2b_bn_s : [17]
res3_2_branch2b_bn_s : [109]
res4_0_branch2a_bn_b : [218]
res4_0_branch2c_bn_b : [1024]
res5_2_branch2b_bn_rm : [125]
res2_1_branch2b_bn_riv : [44]
res3_1_branch2b_bn_rm : [94]
res3_3_branch2b_bn_s : [90]
res5_1_branch2c_bn_s : [2048]
res4_2_branch2a_w : [ 125 1024    1    1]
osme_fc1_2_w : [ 128 2048]
conv1_b : [64]
res2_0_branch2c_bn_b : [256]
res4_0_branch2c_bn_s : [1024]
res4_3_branch2b_bn_rm : [167]
res5_0_branch2b_bn_s : [395]
res3_3_branch2b_bn_b : [90]
res4_3_branch2c_bn_riv : [1024]
res5_1_branch2c_bn_b : [2048]
res2_0_branch1_bn_rm : [256]
res4_1_branch2a_bn_riv : [99]
conv1_w : [64  3  7  7]
res3_0_branch2b_bn_b : [107]
res4_3_branch2b_w : [167 112   3   3]
osme_fc2_2_w : [2048  128]
osme_fc2_1_w : [2048  128]
res2_1_branch2b_bn_rm : [44]
res4_1_branch2c_bn_b : [1024]
res3_2_branch2a_w : [ 96 512   1   1]
res4_1_branch2b_bn_b : [153]
res5_0_branch2c_bn_b : [2048]
res4_5_branch2c_w : [1024  256    1    1]
res2_0_branch1_w : [256  64   1   1]
res4_4_branch2b_bn_riv : [163]
res2_1_branch2c_bn_rm : [256]
res3_2_branch2c_w : [512 128   1   1]
res3_0_branch2b_bn_s : [107]
res4_1_branch2c_bn_s : [1024]
res4_1_branch2b_bn_s : [153]
res4_0_branch2c_bn_rm : [1024]
res2_2_branch2a_bn_riv : [56]
res5_0_branch2b_w : [395 270   3   3]
res4_1_branch2c_bn_riv : [1024]
attention_1_b : [1024]
res4_4_branch2a_bn_s : [121]
res4_5_branch2c_bn_rm : [1024]
res4_0_branch2b_bn_rm : [177]
res4_5_branch2a_w : [ 137 1024    1    1]
res2_0_branch1_bn_riv : [256]
res4_2_branch2b_bn_s : [131]
res2_2_branch2a_bn_b : [56]
res_conv1_bn_riv : [64]
res4_4_branch2a_bn_b : [121]
res4_3_branch2a_bn_s : [112]
res4_0_branch2c_bn_riv : [1024]
res4_2_branch2b_bn_b : [131]
res2_2_branch2a_bn_s : [56]
res2_0_branch2a_bn_riv : [37]
res3_0_branch2b_bn_rm : [107]
res4_4_branch2a_bn_riv : [121]
res5_0_branch2a_bn_rm : [270]
res5_2_branch2a_bn_riv : [172]
res5_1_branch2b_bn_riv : [205]
res5_1_branch2c_bn_riv : [2048]
osme_fc2_2_b : [2048]
osme_fc1_2_b : [128]
res4_5_branch2b_bn_riv : [167]
res5_2_branch2c_bn_s : [2048]
res3_2_branch2a_bn_rm : [96]
res5_1_branch2a_bn_rm : [212]
res4_2_branch2c_bn_rm : [1024]
res2_0_branch2c_w : [256  64   1   1]
res5_0_branch2a_bn_b : [270]
res3_2_branch2a_bn_s : [96]
res3_0_branch2c_bn_rm : [512]
res5_2_branch2c_bn_b : [2048]
res4_0_branch2b_w : [177 218   3   3]
res3_3_branch2c_w : [512 128   1   1]
res5_2_branch2a_w : [ 172 2048    1    1]
res5_2_branch2c_bn_rm : [2048]
res3_2_branch2a_bn_b : [96]
res5_0_branch2a_bn_s : [270]
res4_1_branch2b_bn_riv : [153]
res3_0_branch2a_bn_s : [111]
res4_4_branch2b_bn_b : [163]
res4_3_branch2b_bn_riv : [167]
res4_2_branch2c_bn_riv : [1024]
attention_1_w : [1024 2048]
res3_2_branch2b_w : [109  96   3   3]
res4_1_branch2a_bn_s : [99]
osme_fc1_1_w : [ 128 2048]
res4_0_branch2b_bn_b : [177]
res3_0_branch2a_bn_b : [111]
res4_4_branch2b_bn_s : [163]
res2_2_branch2b_bn_riv : [49]
res2_1_branch2a_w : [ 36 256   1   1]
osme_fc1_1_b : [128]
res2_2_branch2c_w : [256  64   1   1]
res4_0_branch1_w : [1024  512    1    1]
res4_0_branch2b_bn_s : [177]
res3_3_branch2a_bn_riv : [82]
res4_2_branch2a_bn_b : [125]
res4_5_branch2a_bn_rm : [137]
res3_2_branch2c_bn_rm : [512]
res5_2_branch2b_bn_s : [125]
res2_0_branch2a_bn_rm : [37]
res5_0_branch2b_bn_riv : [395]
res3_1_branch2a_bn_b : [67]
res3_3_branch2b_bn_rm : [90]
res4_3_branch2c_bn_s : [1024]
res3_0_branch1_w : [512 256   1   1]
res4_2_branch2a_bn_s : [125]
res5_2_branch2b_bn_b : [125]
res3_1_branch2a_bn_s : [67]
res4_3_branch2c_bn_b : [1024]
osme_fc2_1_b : [2048]
res4_5_branch2b_w : [167 137   3   3]
res5_0_branch2b_bn_b : [395]
res5_2_branch2a_bn_b : [172]
res5_0_branch2c_bn_riv : [2048]
res5_1_branch2a_bn_s : [212]
res3_3_branch2a_bn_rm : [82]
res4_0_branch2a_bn_riv : [218]
res3_3_branch2c_bn_riv : [512]
res2_1_branch2a_bn_rm : [36]
res2_0_branch1_bn_s : [256]
res2_2_branch2b_bn_s : [49]
res5_2_branch2a_bn_s : [172]
res_conv1_bn_rm : [64]
res5_1_branch2a_bn_b : [212]
res2_0_branch2c_bn_riv : [256]
res3_2_branch2b_bn_rm : [109]
res2_0_branch1_bn_b : [256]
res2_2_branch2b_bn_b : [49]
res2_2_branch2c_bn_s : [256]
res4_2_branch2b_bn_riv : [131]
res4_1_branch2a_bn_b : [99]
res4_0_branch1_bn_rm : [1024]
res4_0_branch1_bn_s : [1024]
res5_0_branch1_bn_s : [2048]
res4_2_branch2a_bn_rm : [125]
res4_0_branch2c_w : [1024  256    1    1]
res4_1_branch2a_w : [  99 1024    1    1]
res5_0_branch2c_bn_rm : [2048]
res2_2_branch2c_bn_b : [256]
res2_0_branch2b_w : [17 37  3  3]
res3_0_branch1_bn_rm : [512]
res4_0_branch1_bn_b : [1024]
res4_1_branch2c_bn_rm : [1024]
res5_0_branch1_bn_b : [2048]
res4_0_branch2a_w : [218 512   1   1]
res4_1_branch2c_w : [1024  256    1    1]
res2_1_branch2b_bn_s : [44]
res4_2_branch2b_w : [131 125   3   3]
attention_2_w : [1024 2048]
res3_0_branch1_bn_b : [512]
res3_3_branch2c_bn_b : [512]
res3_0_branch1_bn_riv : [512]
res4_2_branch2a_bn_riv : [125]
res4_1_branch2a_bn_rm : [99]
res5_1_branch2b_w : [205 212   3   3]
res3_0_branch2c_bn_riv : [512]
attention_2_b : [1024]
res4_5_branch2c_bn_riv : [1024]
res4_4_branch2c_bn_riv : [1024]
res3_0_branch1_bn_s : [512]
res3_3_branch2c_bn_rm : [512]
res3_3_branch2c_bn_s : [512]
res3_0_branch2a_bn_riv : [111]
res3_3_branch2b_bn_riv : [90]
res5_1_branch2a_w : [ 212 2048    1    1]
res3_1_branch2a_w : [ 67 512   1   1]
res2_2_branch2b_w : [49 56  3  3]
res3_3_branch2a_bn_b : [82]
res2_1_branch2c_bn_riv : [256]
res4_5_branch2b_bn_b : [167]
res2_1_branch2b_w : [44 36  3  3]
res4_1_branch2b_bn_rm : [153]
res3_1_branch2c_w : [512 128   1   1]
res3_2_branch2a_bn_riv : [96]
res3_3_branch2a_bn_s : [82]
res3_0_branch2b_w : [107 111   3   3]
res4_5_branch2a_bn_riv : [137]
res4_5_branch2b_bn_s : [167]
res2_1_branch2a_bn_riv : [36]
res3_1_branch2c_bn_riv : [512]
res5_1_branch2a_bn_riv : [212]
res3_0_branch2c_bn_b : [512]
res3_0_branch2a_bn_rm : [111]
res4_4_branch2c_bn_b : [1024]
res5_0_branch2a_bn_riv : [270]
res2_2_branch2c_bn_rm : [256]
res5_2_branch2c_bn_riv : [2048]
res3_3_branch2b_w : [90 82  3  3]
res5_2_branch2b_bn_riv : [125]
res4_2_branch2b_bn_rm : [131]
res5_2_branch2c_w : [2048  512    1    1]
res3_0_branch2c_bn_s : [512]
res4_4_branch2c_bn_s : [1024]
res4_4_branch2a_w : [ 121 1024    1    1]
res5_0_branch2b_bn_rm : [395]
res2_0_branch2a_w : [37 64  1  1]
res4_4_branch2b_bn_rm : [163]
res5_1_branch2b_bn_rm : [205]
res4_3_branch2a_bn_riv : [112]
res5_0_branch2c_w : [2048  512    1    1]
res5_1_branch2b_bn_b : [205]
res4_3_branch2a_w : [ 112 1024    1    1]
res3_1_branch2a_bn_riv : [67]
res5_0_branch1_bn_rm : [2048]
res4_3_branch2c_bn_rm : [1024]
res3_2_branch2b_bn_riv : [109]
res2_1_branch2b_bn_b : [44]
res2_0_branch2b_bn_riv : [17]
res4_1_branch2b_w : [153  99   3   3]
res5_1_branch2b_bn_s : [205]
res4_4_branch2c_w : [1024  256    1    1]
res2_0_branch2c_bn_rm : [256]
res5_1_branch2c_bn_rm : [2048]
res4_0_branch2b_bn_riv : [177]
res3_0_branch2c_w : [512 128   1   1]
res2_2_branch2c_bn_riv : [256]
res4_0_branch1_bn_riv : [1024]
res5_0_branch1_w : [2048 1024    1    1]
res3_1_branch2c_bn_rm : [512]
res4_5_branch2c_bn_b : [1024]
res4_3_branch2c_w : [1024  256    1    1]
res4_5_branch2a_bn_s : [137]
res4_3_branch2b_bn_s : [167]
res4_2_branch2c_bn_s : [1024]
res4_4_branch2a_bn_rm : [121]
res3_2_branch2c_bn_riv : [512]
res5_0_branch2a_w : [ 270 1024    1    1]
res4_5_branch2c_bn_s : [1024]
res4_5_branch2a_bn_b : [137]
res4_2_branch2c_bn_b : [1024]
res2_0_branch2c_bn_s : [256]
res4_3_branch2b_bn_b : [167]
res3_0_branch2b_bn_riv : [107]
res3_0_branch2a_w : [111 256   1   1]
++++++++++++++++++++++++++++++++++++++++++++++++++++++++++++++++++++++++++++++++++++++++++++++++++++
computing the params and FLOPs of network
====================================================================================================
feature map shape: (N, 3, 224, 224)

====================================================================================================
feature map shape: (N, 3, 224, 224)

====================================================================================================
feature map shape: (N, 3, 224, 224)

====================================================================================================
conv_params: 9472.0, conv_flops: 118816768.0
feature map shape: (N, 64, 112.0, 112.0)

====================================================================================================
bn_params: 128, bn_flops: 802816.0
feature map shape: (N, 64, 112.0, 112.0)

====================================================================================================
feature map shape: (N, 64, 112.0, 112.0)

====================================================================================================
feature map shape: (N, 64, 56.0, 56.0)

====================================================================================================
conv_params: 16640.0, conv_flops: 52183040.0
feature map shape: (N, 256, 56.0, 56.0)

====================================================================================================
bn_params: 512, bn_flops: 802816.0
feature map shape: (N, 256, 56.0, 56.0)

====================================================================================================
conv_params: 2405.0, conv_flops: 7542080.0
feature map shape: (N, 37, 56.0, 56.0)

====================================================================================================
bn_params: 74, bn_flops: 116032.0
feature map shape: (N, 37, 56.0, 56.0)

====================================================================================================
feature map shape: (N, 37, 56.0, 56.0)

====================================================================================================
conv_params: 5678.0, conv_flops: 17806208.0
feature map shape: (N, 17, 56.0, 56.0)

====================================================================================================
bn_params: 34, bn_flops: 53312.0
feature map shape: (N, 17, 56.0, 56.0)

====================================================================================================
feature map shape: (N, 17, 56.0, 56.0)

====================================================================================================
conv_params: 16640.0, conv_flops: 52183040.0
feature map shape: (N, 256, 56.0, 56.0)

====================================================================================================
bn_params: 512, bn_flops: 802816.0
feature map shape: (N, 256, 56.0, 56.0)

====================================================================================================
feature map shape: (N, 256, 56.0, 56.0)

====================================================================================================
feature map shape: (N, 256, 56.0, 56.0)

====================================================================================================
conv_params: 9252.0, conv_flops: 29014272.0
feature map shape: (N, 36, 56.0, 56.0)

====================================================================================================
bn_params: 72, bn_flops: 112896.0
feature map shape: (N, 36, 56.0, 56.0)

====================================================================================================
feature map shape: (N, 36, 56.0, 56.0)

====================================================================================================
conv_params: 14300.0, conv_flops: 44844800.0
feature map shape: (N, 44, 56.0, 56.0)

====================================================================================================
bn_params: 88, bn_flops: 137984.0
feature map shape: (N, 44, 56.0, 56.0)

====================================================================================================
feature map shape: (N, 44, 56.0, 56.0)

====================================================================================================
conv_params: 16640.0, conv_flops: 52183040.0
feature map shape: (N, 256, 56.0, 56.0)

====================================================================================================
bn_params: 512, bn_flops: 802816.0
feature map shape: (N, 256, 56.0, 56.0)

====================================================================================================
feature map shape: (N, 256, 56.0, 56.0)

====================================================================================================
feature map shape: (N, 256, 56.0, 56.0)

====================================================================================================
conv_params: 14392.0, conv_flops: 45133312.0
feature map shape: (N, 56, 56.0, 56.0)

====================================================================================================
bn_params: 112, bn_flops: 175616.0
feature map shape: (N, 56, 56.0, 56.0)

====================================================================================================
feature map shape: (N, 56, 56.0, 56.0)

====================================================================================================
conv_params: 24745.0, conv_flops: 77600320.0
feature map shape: (N, 49, 56.0, 56.0)

====================================================================================================
bn_params: 98, bn_flops: 153664.0
feature map shape: (N, 49, 56.0, 56.0)

====================================================================================================
feature map shape: (N, 49, 56.0, 56.0)

====================================================================================================
conv_params: 16640.0, conv_flops: 52183040.0
feature map shape: (N, 256, 56.0, 56.0)

====================================================================================================
bn_params: 512, bn_flops: 802816.0
feature map shape: (N, 256, 56.0, 56.0)

====================================================================================================
feature map shape: (N, 256, 56.0, 56.0)

====================================================================================================
feature map shape: (N, 256, 56.0, 56.0)

====================================================================================================
conv_params: 131584.0, conv_flops: 103161856.0
feature map shape: (N, 512, 28.0, 28.0)

====================================================================================================
bn_params: 1024, bn_flops: 401408.0
feature map shape: (N, 512, 28.0, 28.0)

====================================================================================================
conv_params: 28527.0, conv_flops: 22365168.0
feature map shape: (N, 111, 28.0, 28.0)

====================================================================================================
bn_params: 222, bn_flops: 87024.0
feature map shape: (N, 111, 28.0, 28.0)

====================================================================================================
feature map shape: (N, 111, 28.0, 28.0)

====================================================================================================
conv_params: 107000.0, conv_flops: 83888000.0
feature map shape: (N, 107, 28.0, 28.0)

====================================================================================================
bn_params: 214, bn_flops: 83888.0
feature map shape: (N, 107, 28.0, 28.0)

====================================================================================================
feature map shape: (N, 107, 28.0, 28.0)

====================================================================================================
conv_params: 66048.0, conv_flops: 51781632.0
feature map shape: (N, 512, 28.0, 28.0)

====================================================================================================
bn_params: 1024, bn_flops: 401408.0
feature map shape: (N, 512, 28.0, 28.0)

====================================================================================================
feature map shape: (N, 512, 28.0, 28.0)

====================================================================================================
feature map shape: (N, 512, 28.0, 28.0)

====================================================================================================
conv_params: 34371.0, conv_flops: 26946864.0
feature map shape: (N, 67, 28.0, 28.0)

====================================================================================================
bn_params: 134, bn_flops: 52528.0
feature map shape: (N, 67, 28.0, 28.0)

====================================================================================================
feature map shape: (N, 67, 28.0, 28.0)

====================================================================================================
conv_params: 56776.0, conv_flops: 44512384.0
feature map shape: (N, 94, 28.0, 28.0)

====================================================================================================
bn_params: 188, bn_flops: 73696.0
feature map shape: (N, 94, 28.0, 28.0)

====================================================================================================
feature map shape: (N, 94, 28.0, 28.0)

====================================================================================================
conv_params: 66048.0, conv_flops: 51781632.0
feature map shape: (N, 512, 28.0, 28.0)

====================================================================================================
bn_params: 1024, bn_flops: 401408.0
feature map shape: (N, 512, 28.0, 28.0)

====================================================================================================
feature map shape: (N, 512, 28.0, 28.0)

====================================================================================================
feature map shape: (N, 512, 28.0, 28.0)

====================================================================================================
conv_params: 49248.0, conv_flops: 38610432.0
feature map shape: (N, 96, 28.0, 28.0)

====================================================================================================
bn_params: 192, bn_flops: 75264.0
feature map shape: (N, 96, 28.0, 28.0)

====================================================================================================
feature map shape: (N, 96, 28.0, 28.0)

====================================================================================================
conv_params: 94285.0, conv_flops: 73919440.0
feature map shape: (N, 109, 28.0, 28.0)

====================================================================================================
bn_params: 218, bn_flops: 85456.0
feature map shape: (N, 109, 28.0, 28.0)

====================================================================================================
feature map shape: (N, 109, 28.0, 28.0)

====================================================================================================
conv_params: 66048.0, conv_flops: 51781632.0
feature map shape: (N, 512, 28.0, 28.0)

====================================================================================================
bn_params: 1024, bn_flops: 401408.0
feature map shape: (N, 512, 28.0, 28.0)

====================================================================================================
feature map shape: (N, 512, 28.0, 28.0)

====================================================================================================
feature map shape: (N, 512, 28.0, 28.0)

====================================================================================================
conv_params: 42066.0, conv_flops: 32979744.0
feature map shape: (N, 82, 28.0, 28.0)

====================================================================================================
bn_params: 164, bn_flops: 64288.0
feature map shape: (N, 82, 28.0, 28.0)

====================================================================================================
feature map shape: (N, 82, 28.0, 28.0)

====================================================================================================
conv_params: 66510.0, conv_flops: 52143840.0
feature map shape: (N, 90, 28.0, 28.0)

====================================================================================================
bn_params: 180, bn_flops: 70560.0
feature map shape: (N, 90, 28.0, 28.0)

====================================================================================================
feature map shape: (N, 90, 28.0, 28.0)

====================================================================================================
conv_params: 66048.0, conv_flops: 51781632.0
feature map shape: (N, 512, 28.0, 28.0)

====================================================================================================
bn_params: 1024, bn_flops: 401408.0
feature map shape: (N, 512, 28.0, 28.0)

====================================================================================================
feature map shape: (N, 512, 28.0, 28.0)

====================================================================================================
feature map shape: (N, 512, 28.0, 28.0)

====================================================================================================
conv_params: 525312.0, conv_flops: 102961152.0
feature map shape: (N, 1024, 14.0, 14.0)

====================================================================================================
bn_params: 2048, bn_flops: 200704.0
feature map shape: (N, 1024, 14.0, 14.0)

====================================================================================================
conv_params: 111834.0, conv_flops: 21919464.0
feature map shape: (N, 218, 14.0, 14.0)

====================================================================================================
bn_params: 436, bn_flops: 42728.0
feature map shape: (N, 218, 14.0, 14.0)

====================================================================================================
feature map shape: (N, 218, 14.0, 14.0)

====================================================================================================
conv_params: 347451.0, conv_flops: 68100396.0
feature map shape: (N, 177, 14.0, 14.0)

====================================================================================================
bn_params: 354, bn_flops: 34692.0
feature map shape: (N, 177, 14.0, 14.0)

====================================================================================================
feature map shape: (N, 177, 14.0, 14.0)

====================================================================================================
conv_params: 263168.0, conv_flops: 51580928.0
feature map shape: (N, 1024, 14.0, 14.0)

====================================================================================================
bn_params: 2048, bn_flops: 200704.0
feature map shape: (N, 1024, 14.0, 14.0)

====================================================================================================
feature map shape: (N, 1024, 14.0, 14.0)

====================================================================================================
feature map shape: (N, 1024, 14.0, 14.0)

====================================================================================================
conv_params: 101475.0, conv_flops: 19889100.0
feature map shape: (N, 99, 14.0, 14.0)

====================================================================================================
bn_params: 198, bn_flops: 19404.0
feature map shape: (N, 99, 14.0, 14.0)

====================================================================================================
feature map shape: (N, 99, 14.0, 14.0)

====================================================================================================
conv_params: 136476.0, conv_flops: 26749296.0
feature map shape: (N, 153, 14.0, 14.0)

====================================================================================================
bn_params: 306, bn_flops: 29988.0
feature map shape: (N, 153, 14.0, 14.0)

====================================================================================================
feature map shape: (N, 153, 14.0, 14.0)

====================================================================================================
conv_params: 263168.0, conv_flops: 51580928.0
feature map shape: (N, 1024, 14.0, 14.0)

====================================================================================================
bn_params: 2048, bn_flops: 200704.0
feature map shape: (N, 1024, 14.0, 14.0)

====================================================================================================
feature map shape: (N, 1024, 14.0, 14.0)

====================================================================================================
feature map shape: (N, 1024, 14.0, 14.0)

====================================================================================================
conv_params: 128125.0, conv_flops: 25112500.0
feature map shape: (N, 125, 14.0, 14.0)

====================================================================================================
bn_params: 250, bn_flops: 24500.0
feature map shape: (N, 125, 14.0, 14.0)

====================================================================================================
feature map shape: (N, 125, 14.0, 14.0)

====================================================================================================
conv_params: 147506.0, conv_flops: 28911176.0
feature map shape: (N, 131, 14.0, 14.0)

====================================================================================================
bn_params: 262, bn_flops: 25676.0
feature map shape: (N, 131, 14.0, 14.0)

====================================================================================================
feature map shape: (N, 131, 14.0, 14.0)

====================================================================================================
conv_params: 263168.0, conv_flops: 51580928.0
feature map shape: (N, 1024, 14.0, 14.0)

====================================================================================================
bn_params: 2048, bn_flops: 200704.0
feature map shape: (N, 1024, 14.0, 14.0)

====================================================================================================
feature map shape: (N, 1024, 14.0, 14.0)

====================================================================================================
feature map shape: (N, 1024, 14.0, 14.0)

====================================================================================================
conv_params: 114800.0, conv_flops: 22500800.0
feature map shape: (N, 112, 14.0, 14.0)

====================================================================================================
bn_params: 224, bn_flops: 21952.0
feature map shape: (N, 112, 14.0, 14.0)

====================================================================================================
feature map shape: (N, 112, 14.0, 14.0)

====================================================================================================
conv_params: 168503.0, conv_flops: 33026588.0
feature map shape: (N, 167, 14.0, 14.0)

====================================================================================================
bn_params: 334, bn_flops: 32732.0
feature map shape: (N, 167, 14.0, 14.0)

====================================================================================================
feature map shape: (N, 167, 14.0, 14.0)

====================================================================================================
conv_params: 263168.0, conv_flops: 51580928.0
feature map shape: (N, 1024, 14.0, 14.0)

====================================================================================================
bn_params: 2048, bn_flops: 200704.0
feature map shape: (N, 1024, 14.0, 14.0)

====================================================================================================
feature map shape: (N, 1024, 14.0, 14.0)

====================================================================================================
feature map shape: (N, 1024, 14.0, 14.0)

====================================================================================================
conv_params: 124025.0, conv_flops: 24308900.0
feature map shape: (N, 121, 14.0, 14.0)

====================================================================================================
bn_params: 242, bn_flops: 23716.0
feature map shape: (N, 121, 14.0, 14.0)

====================================================================================================
feature map shape: (N, 121, 14.0, 14.0)

====================================================================================================
conv_params: 177670.0, conv_flops: 34823320.0
feature map shape: (N, 163, 14.0, 14.0)

====================================================================================================
bn_params: 326, bn_flops: 31948.0
feature map shape: (N, 163, 14.0, 14.0)

====================================================================================================
feature map shape: (N, 163, 14.0, 14.0)

====================================================================================================
conv_params: 263168.0, conv_flops: 51580928.0
feature map shape: (N, 1024, 14.0, 14.0)

====================================================================================================
bn_params: 2048, bn_flops: 200704.0
feature map shape: (N, 1024, 14.0, 14.0)

====================================================================================================
feature map shape: (N, 1024, 14.0, 14.0)

====================================================================================================
feature map shape: (N, 1024, 14.0, 14.0)

====================================================================================================
conv_params: 140425.0, conv_flops: 27523300.0
feature map shape: (N, 137, 14.0, 14.0)

====================================================================================================
bn_params: 274, bn_flops: 26852.0
feature map shape: (N, 137, 14.0, 14.0)

====================================================================================================
feature map shape: (N, 137, 14.0, 14.0)

====================================================================================================
conv_params: 206078.0, conv_flops: 40391288.0
feature map shape: (N, 167, 14.0, 14.0)

====================================================================================================
bn_params: 334, bn_flops: 32732.0
feature map shape: (N, 167, 14.0, 14.0)

====================================================================================================
feature map shape: (N, 167, 14.0, 14.0)

====================================================================================================
conv_params: 263168.0, conv_flops: 51580928.0
feature map shape: (N, 1024, 14.0, 14.0)

====================================================================================================
bn_params: 2048, bn_flops: 200704.0
feature map shape: (N, 1024, 14.0, 14.0)

====================================================================================================
feature map shape: (N, 1024, 14.0, 14.0)

====================================================================================================
feature map shape: (N, 1024, 14.0, 14.0)

====================================================================================================
conv_params: 2099200.0, conv_flops: 102860800.0
feature map shape: (N, 2048, 7.0, 7.0)

====================================================================================================
bn_params: 4096, bn_flops: 100352.0
feature map shape: (N, 2048, 7.0, 7.0)

====================================================================================================
conv_params: 276750.0, conv_flops: 13560750.0
feature map shape: (N, 270, 7.0, 7.0)

====================================================================================================
bn_params: 540, bn_flops: 13230.0
feature map shape: (N, 270, 7.0, 7.0)

====================================================================================================
feature map shape: (N, 270, 7.0, 7.0)

====================================================================================================
conv_params: 960245.0, conv_flops: 47052005.0
feature map shape: (N, 395, 7.0, 7.0)

====================================================================================================
bn_params: 790, bn_flops: 19355.0
feature map shape: (N, 395, 7.0, 7.0)

====================================================================================================
feature map shape: (N, 395, 7.0, 7.0)

====================================================================================================
conv_params: 1050624.0, conv_flops: 51480576.0
feature map shape: (N, 2048, 7.0, 7.0)

====================================================================================================
bn_params: 4096, bn_flops: 100352.0
feature map shape: (N, 2048, 7.0, 7.0)

====================================================================================================
feature map shape: (N, 2048, 7.0, 7.0)

====================================================================================================
feature map shape: (N, 2048, 7.0, 7.0)

====================================================================================================
conv_params: 434388.0, conv_flops: 21285012.0
feature map shape: (N, 212, 7.0, 7.0)

====================================================================================================
bn_params: 424, bn_flops: 10388.0
feature map shape: (N, 212, 7.0, 7.0)

====================================================================================================
feature map shape: (N, 212, 7.0, 7.0)

====================================================================================================
conv_params: 391345.0, conv_flops: 19175905.0
feature map shape: (N, 205, 7.0, 7.0)

====================================================================================================
bn_params: 410, bn_flops: 10045.0
feature map shape: (N, 205, 7.0, 7.0)

====================================================================================================
feature map shape: (N, 205, 7.0, 7.0)

====================================================================================================
conv_params: 1050624.0, conv_flops: 51480576.0
feature map shape: (N, 2048, 7.0, 7.0)

====================================================================================================
bn_params: 4096, bn_flops: 100352.0
feature map shape: (N, 2048, 7.0, 7.0)

====================================================================================================
feature map shape: (N, 2048, 7.0, 7.0)

====================================================================================================
feature map shape: (N, 2048, 7.0, 7.0)

====================================================================================================
conv_params: 352428.0, conv_flops: 17268972.0
feature map shape: (N, 172, 7.0, 7.0)

====================================================================================================
bn_params: 344, bn_flops: 8428.0
feature map shape: (N, 172, 7.0, 7.0)

====================================================================================================
feature map shape: (N, 172, 7.0, 7.0)

====================================================================================================
conv_params: 193625.0, conv_flops: 9487625.0
feature map shape: (N, 125, 7.0, 7.0)

====================================================================================================
bn_params: 250, bn_flops: 6125.0
feature map shape: (N, 125, 7.0, 7.0)

====================================================================================================
feature map shape: (N, 125, 7.0, 7.0)

====================================================================================================
conv_params: 1050624.0, conv_flops: 51480576.0
feature map shape: (N, 2048, 7.0, 7.0)

====================================================================================================
bn_params: 4096, bn_flops: 100352.0
feature map shape: (N, 2048, 7.0, 7.0)

====================================================================================================
feature map shape: (N, 2048, 7.0, 7.0)

====================================================================================================
feature map shape: (N, 2048, 7.0, 7.0)

====================================================================================================
feature map shape: (N, 2048, 1.0, 1.0)

====================================================================================================
fc_params: 262144, fc_flops: 262144
feature map shape: (N, 128, 1.0, 1.0)

====================================================================================================
feature map shape: (N, 128, 1.0, 1.0)

====================================================================================================
fc_params: 262144, fc_flops: 262144
feature map shape: (N, 2048, 1.0, 1.0)

====================================================================================================
feature map shape: (N, 2048, 1.0, 1.0)

====================================================================================================
feature map shape: (N, 2048, 7.0, 7.0)

====================================================================================================
feature map shape: (N, 2048, 1.0, 1.0)

====================================================================================================
fc_params: 2097152, fc_flops: 2097152
feature map shape: (N, 1024, 1.0, 1.0)

====================================================================================================
feature map shape: (N, 1024, 1.0, 1.0)

====================================================================================================
fc_params: 262144, fc_flops: 262144
feature map shape: (N, 128, 1.0, 1.0)

====================================================================================================
feature map shape: (N, 128, 1.0, 1.0)

====================================================================================================
fc_params: 262144, fc_flops: 262144
feature map shape: (N, 2048, 1.0, 1.0)

====================================================================================================
feature map shape: (N, 2048, 1.0, 1.0)

====================================================================================================
feature map shape: (N, 2048, 7.0, 7.0)

====================================================================================================
feature map shape: (N, 2048, 1.0, 1.0)

====================================================================================================
fc_params: 2097152, fc_flops: 2097152
feature map shape: (N, 1024, 1.0, 1.0)

====================================================================================================
feature map shape: (N, 1024, 1.0, 1.0)

====================================================================================================
fc_params: 204800, fc_flops: 204800
feature map shape: (N, 100, 1.0, 1.0)

====================================================================================================
feature map shape: (N, 100, 1.0, 1.0)

====================================================================================================
feature map shape: (N, 100, 1.0, 1.0)

====================================================================================================
feature map shape: (N, 100, 1.0, 1.0)

====================================================================================================
feature map shape: (N, 100, 1.0, 1.0)

====================================================================================================
feature map shape: (N, 100, 1.0, 1.0)

====================================================================================================
feature map shape: (N, 100, 1.0, 1.0)

====================================================================================================
feature map shape: (N, 100, 1.0, 1.0)

====================================================================================================
feature map shape: (N, 100, 1.0, 1.0)

====================================================================================================
feature map shape: (N, 100, 1.0, 1.0)

====================================================================================================
feature map shape: (N, 100, 1.0, 1.0)

====================================================================================================
feature map shape: (N, 100, 1.0, 1.0)

====================================================================================================
feature map shape: (N, 100, 1.0, 1.0)

====================================================================================================
feature map shape: (N, 100, 1.0, 1.0)

====================================================================================================
feature map shape: (N, 100, 1.0, 1.0)

====================================================================================================
feature map shape: (N, 100, 1.0, 1.0)

params: 18383888.0, FLOPs: 2421011656.0
[INFO] finish running src/param_statistics.py, total_time is 6.388s
