[INFO] start running src/param_statistics.py ...
[INFO] start running initialize ...
[INFO] finish running initialize ...

[INFO] start running build_validation_model ...
[INFO] finish running build_validation_model ...

****************************************************************************************************
net work pruning...
****************************************************************************************************
bn layer name: res2_0_branch1_bn 	 layer total channels: 256 	 remainingchannels: 207.0 	 pruned rate: 19.14%
bn layer name: res2_0_branch2a_bn 	 layer total channels: 64 	 remainingchannels: 41.0 	 pruned rate: 35.94%
bn layer name: res2_0_branch2b_bn 	 layer total channels: 64 	 remainingchannels: 22.0 	 pruned rate: 65.62%
bn layer name: res2_0_branch2c_bn 	 layer total channels: 256 	 remainingchannels: 146.0 	 pruned rate: 42.97%
bn layer name: res2_1_branch2a_bn 	 layer total channels: 64 	 remainingchannels: 42.0 	 pruned rate: 34.38%
bn layer name: res2_1_branch2b_bn 	 layer total channels: 64 	 remainingchannels: 51.0 	 pruned rate: 20.31%
bn layer name: res2_1_branch2c_bn 	 layer total channels: 256 	 remainingchannels: 34.0 	 pruned rate: 86.72%
bn layer name: res2_2_branch2a_bn 	 layer total channels: 64 	 remainingchannels: 59.0 	 pruned rate: 7.81%
bn layer name: res2_2_branch2b_bn 	 layer total channels: 64 	 remainingchannels: 55.0 	 pruned rate: 14.06%
bn layer name: res2_2_branch2c_bn 	 layer total channels: 256 	 remainingchannels: 51.0 	 pruned rate: 80.08%
bn layer name: res3_0_branch1_bn 	 layer total channels: 512 	 remainingchannels: 201.0 	 pruned rate: 60.74%
bn layer name: res3_0_branch2a_bn 	 layer total channels: 128 	 remainingchannels: 123.0 	 pruned rate: 3.91%
bn layer name: res3_0_branch2b_bn 	 layer total channels: 128 	 remainingchannels: 118.0 	 pruned rate: 7.81%
bn layer name: res3_0_branch2c_bn 	 layer total channels: 512 	 remainingchannels: 152.0 	 pruned rate: 70.31%
bn layer name: res3_1_branch2a_bn 	 layer total channels: 128 	 remainingchannels: 87.0 	 pruned rate: 32.03%
bn layer name: res3_1_branch2b_bn 	 layer total channels: 128 	 remainingchannels: 108.0 	 pruned rate: 15.62%
bn layer name: res3_1_branch2c_bn 	 layer total channels: 512 	 remainingchannels: 73.0 	 pruned rate: 85.74%
bn layer name: res3_2_branch2a_bn 	 layer total channels: 128 	 remainingchannels: 111.0 	 pruned rate: 13.28%
bn layer name: res3_2_branch2b_bn 	 layer total channels: 128 	 remainingchannels: 117.0 	 pruned rate: 8.59%
bn layer name: res3_2_branch2c_bn 	 layer total channels: 512 	 remainingchannels: 98.0 	 pruned rate: 80.86%
bn layer name: res3_3_branch2a_bn 	 layer total channels: 128 	 remainingchannels: 109.0 	 pruned rate: 14.84%
bn layer name: res3_3_branch2b_bn 	 layer total channels: 128 	 remainingchannels: 106.0 	 pruned rate: 17.19%
bn layer name: res3_3_branch2c_bn 	 layer total channels: 512 	 remainingchannels: 48.0 	 pruned rate: 90.62%
bn layer name: res4_0_branch1_bn 	 layer total channels: 1024 	 remainingchannels: 268.0 	 pruned rate: 73.83%
bn layer name: res4_0_branch2a_bn 	 layer total channels: 256 	 remainingchannels: 242.0 	 pruned rate: 5.47%
bn layer name: res4_0_branch2b_bn 	 layer total channels: 256 	 remainingchannels: 220.0 	 pruned rate: 14.06%
bn layer name: res4_0_branch2c_bn 	 layer total channels: 1024 	 remainingchannels: 407.0 	 pruned rate: 60.25%
bn layer name: res4_1_branch2a_bn 	 layer total channels: 256 	 remainingchannels: 157.0 	 pruned rate: 38.67%
bn layer name: res4_1_branch2b_bn 	 layer total channels: 256 	 remainingchannels: 196.0 	 pruned rate: 23.44%
bn layer name: res4_1_branch2c_bn 	 layer total channels: 1024 	 remainingchannels: 85.0 	 pruned rate: 91.70%
bn layer name: res4_2_branch2a_bn 	 layer total channels: 256 	 remainingchannels: 186.0 	 pruned rate: 27.34%
bn layer name: res4_2_branch2b_bn 	 layer total channels: 256 	 remainingchannels: 167.0 	 pruned rate: 34.77%
bn layer name: res4_2_branch2c_bn 	 layer total channels: 1024 	 remainingchannels: 48.0 	 pruned rate: 95.31%
bn layer name: res4_3_branch2a_bn 	 layer total channels: 256 	 remainingchannels: 175.0 	 pruned rate: 31.64%
bn layer name: res4_3_branch2b_bn 	 layer total channels: 256 	 remainingchannels: 208.0 	 pruned rate: 18.75%
bn layer name: res4_3_branch2c_bn 	 layer total channels: 1024 	 remainingchannels: 121.0 	 pruned rate: 88.18%
bn layer name: res4_4_branch2a_bn 	 layer total channels: 256 	 remainingchannels: 187.0 	 pruned rate: 26.95%
bn layer name: res4_4_branch2b_bn 	 layer total channels: 256 	 remainingchannels: 213.0 	 pruned rate: 16.80%
bn layer name: res4_4_branch2c_bn 	 layer total channels: 1024 	 remainingchannels: 47.0 	 pruned rate: 95.41%
bn layer name: res4_5_branch2a_bn 	 layer total channels: 256 	 remainingchannels: 214.0 	 pruned rate: 16.41%
bn layer name: res4_5_branch2b_bn 	 layer total channels: 256 	 remainingchannels: 228.0 	 pruned rate: 10.94%
bn layer name: res4_5_branch2c_bn 	 layer total channels: 1024 	 remainingchannels: 37.0 	 pruned rate: 96.39%
bn layer name: res5_0_branch1_bn 	 layer total channels: 2048 	 remainingchannels: 2048.0 	 pruned rate: 0.00%
bn layer name: res5_0_branch2a_bn 	 layer total channels: 512 	 remainingchannels: 452.0 	 pruned rate: 11.72%
bn layer name: res5_0_branch2b_bn 	 layer total channels: 512 	 remainingchannels: 475.0 	 pruned rate: 7.23%
bn layer name: res5_0_branch2c_bn 	 layer total channels: 2048 	 remainingchannels: 2036.0 	 pruned rate: 0.59%
bn layer name: res5_1_branch2a_bn 	 layer total channels: 512 	 remainingchannels: 411.0 	 pruned rate: 19.73%
bn layer name: res5_1_branch2b_bn 	 layer total channels: 512 	 remainingchannels: 379.0 	 pruned rate: 25.98%
bn layer name: res5_1_branch2c_bn 	 layer total channels: 2048 	 remainingchannels: 1861.0 	 pruned rate: 9.13%
bn layer name: res5_2_branch2a_bn 	 layer total channels: 512 	 remainingchannels: 411.0 	 pruned rate: 19.73%
bn layer name: res5_2_branch2b_bn 	 layer total channels: 512 	 remainingchannels: 294.0 	 pruned rate: 42.58%
bn layer name: res5_2_branch2c_bn 	 layer total channels: 2048 	 remainingchannels: 1950.0 	 pruned rate: 4.79%
bn layer name: res_conv1_bn 	 layer total channels: 64 	 remainingchannels: 53.0 	 pruned rate: 17.19%
total pruned rate: 0.400037650602
====================================================================================================
op type: ImageInput
in channels: 3, out channels: 3

====================================================================================================
op type: StopGradient
in channels: 3, out channels: 3

====================================================================================================
op type: StopGradient
in channels: 3, out channels: 3

====================================================================================================
op type: Conv
in channels: 3, out channels: 64

====================================================================================================
op type: SpatialBN
in channels: 3, out channels: 64

====================================================================================================
op type: Relu
in channels: 3, out channels: 64

====================================================================================================
op type: MaxPool
in channels: 64, out channels: 64

====================================================================================================
op type: Conv
in channels: 64, out channels: 256

====================================================================================================
op type: SpatialBN
in channels: 64, out channels: 256

====================================================================================================
op type: Conv
in channels: 64, out channels: 64

====================================================================================================
op type: SpatialBN
in channels: 64, out channels: 41.0

====================================================================================================
op type: Relu
in channels: 41.0, out channels: 41.0

====================================================================================================
C_in: 41.0, old_in: 64
op type: Conv
in channels: 41.0, out channels: 64

====================================================================================================
op type: SpatialBN
in channels: 64, out channels: 22.0

====================================================================================================
op type: Relu
in channels: 22.0, out channels: 22.0

====================================================================================================
op type: Conv
in channels: 22.0, out channels: 256

====================================================================================================
op type: SpatialBN
in channels: 22.0, out channels: 256

====================================================================================================
op type: Sum
in channels: 22.0, out channels: 256

====================================================================================================
op type: Relu
in channels: 256, out channels: 256

====================================================================================================
op type: Conv
in channels: 256, out channels: 64

====================================================================================================
op type: SpatialBN
in channels: 64, out channels: 42.0

====================================================================================================
op type: Relu
in channels: 42.0, out channels: 42.0

====================================================================================================
C_in: 42.0, old_in: 64
op type: Conv
in channels: 42.0, out channels: 64

====================================================================================================
op type: SpatialBN
in channels: 64, out channels: 51.0

====================================================================================================
op type: Relu
in channels: 51.0, out channels: 51.0

====================================================================================================
op type: Conv
in channels: 51.0, out channels: 256

====================================================================================================
op type: SpatialBN
in channels: 51.0, out channels: 256

====================================================================================================
op type: Sum
in channels: 51.0, out channels: 256

====================================================================================================
op type: Relu
in channels: 256, out channels: 256

====================================================================================================
op type: Conv
in channels: 256, out channels: 64

====================================================================================================
op type: SpatialBN
in channels: 64, out channels: 59.0

====================================================================================================
op type: Relu
in channels: 59.0, out channels: 59.0

====================================================================================================
C_in: 59.0, old_in: 64
op type: Conv
in channels: 59.0, out channels: 64

====================================================================================================
op type: SpatialBN
in channels: 64, out channels: 55.0

====================================================================================================
op type: Relu
in channels: 55.0, out channels: 55.0

====================================================================================================
op type: Conv
in channels: 55.0, out channels: 256

====================================================================================================
op type: SpatialBN
in channels: 55.0, out channels: 256

====================================================================================================
op type: Sum
in channels: 55.0, out channels: 256

====================================================================================================
op type: Relu
in channels: 256, out channels: 256

====================================================================================================
op type: Conv
in channels: 256, out channels: 512

====================================================================================================
op type: SpatialBN
in channels: 256, out channels: 512

====================================================================================================
op type: Conv
in channels: 256, out channels: 128

====================================================================================================
op type: SpatialBN
in channels: 128, out channels: 123.0

====================================================================================================
op type: Relu
in channels: 123.0, out channels: 123.0

====================================================================================================
C_in: 123.0, old_in: 128
op type: Conv
in channels: 123.0, out channels: 128

====================================================================================================
op type: SpatialBN
in channels: 128, out channels: 118.0

====================================================================================================
op type: Relu
in channels: 118.0, out channels: 118.0

====================================================================================================
op type: Conv
in channels: 118.0, out channels: 512

====================================================================================================
op type: SpatialBN
in channels: 118.0, out channels: 512

====================================================================================================
op type: Sum
in channels: 118.0, out channels: 512

====================================================================================================
op type: Relu
in channels: 512, out channels: 512

====================================================================================================
op type: Conv
in channels: 512, out channels: 128

====================================================================================================
op type: SpatialBN
in channels: 128, out channels: 87.0

====================================================================================================
op type: Relu
in channels: 87.0, out channels: 87.0

====================================================================================================
C_in: 87.0, old_in: 128
op type: Conv
in channels: 87.0, out channels: 128

====================================================================================================
op type: SpatialBN
in channels: 128, out channels: 108.0

====================================================================================================
op type: Relu
in channels: 108.0, out channels: 108.0

====================================================================================================
op type: Conv
in channels: 108.0, out channels: 512

====================================================================================================
op type: SpatialBN
in channels: 108.0, out channels: 512

====================================================================================================
op type: Sum
in channels: 108.0, out channels: 512

====================================================================================================
op type: Relu
in channels: 512, out channels: 512

====================================================================================================
op type: Conv
in channels: 512, out channels: 128

====================================================================================================
op type: SpatialBN
in channels: 128, out channels: 111.0

====================================================================================================
op type: Relu
in channels: 111.0, out channels: 111.0

====================================================================================================
C_in: 111.0, old_in: 128
op type: Conv
in channels: 111.0, out channels: 128

====================================================================================================
op type: SpatialBN
in channels: 128, out channels: 117.0

====================================================================================================
op type: Relu
in channels: 117.0, out channels: 117.0

====================================================================================================
op type: Conv
in channels: 117.0, out channels: 512

====================================================================================================
op type: SpatialBN
in channels: 117.0, out channels: 512

====================================================================================================
op type: Sum
in channels: 117.0, out channels: 512

====================================================================================================
op type: Relu
in channels: 512, out channels: 512

====================================================================================================
op type: Conv
in channels: 512, out channels: 128

====================================================================================================
op type: SpatialBN
in channels: 128, out channels: 109.0

====================================================================================================
op type: Relu
in channels: 109.0, out channels: 109.0

====================================================================================================
C_in: 109.0, old_in: 128
op type: Conv
in channels: 109.0, out channels: 128

====================================================================================================
op type: SpatialBN
in channels: 128, out channels: 106.0

====================================================================================================
op type: Relu
in channels: 106.0, out channels: 106.0

====================================================================================================
op type: Conv
in channels: 106.0, out channels: 512

====================================================================================================
op type: SpatialBN
in channels: 106.0, out channels: 512

====================================================================================================
op type: Sum
in channels: 106.0, out channels: 512

====================================================================================================
op type: Relu
in channels: 512, out channels: 512

====================================================================================================
op type: Conv
in channels: 512, out channels: 1024

====================================================================================================
op type: SpatialBN
in channels: 512, out channels: 1024

====================================================================================================
op type: Conv
in channels: 512, out channels: 256

====================================================================================================
op type: SpatialBN
in channels: 256, out channels: 242.0

====================================================================================================
op type: Relu
in channels: 242.0, out channels: 242.0

====================================================================================================
C_in: 242.0, old_in: 256
op type: Conv
in channels: 242.0, out channels: 256

====================================================================================================
op type: SpatialBN
in channels: 256, out channels: 220.0

====================================================================================================
op type: Relu
in channels: 220.0, out channels: 220.0

====================================================================================================
op type: Conv
in channels: 220.0, out channels: 1024

====================================================================================================
op type: SpatialBN
in channels: 220.0, out channels: 1024

====================================================================================================
op type: Sum
in channels: 220.0, out channels: 1024

====================================================================================================
op type: Relu
in channels: 1024, out channels: 1024

====================================================================================================
op type: Conv
in channels: 1024, out channels: 256

====================================================================================================
op type: SpatialBN
in channels: 256, out channels: 157.0

====================================================================================================
op type: Relu
in channels: 157.0, out channels: 157.0

====================================================================================================
C_in: 157.0, old_in: 256
op type: Conv
in channels: 157.0, out channels: 256

====================================================================================================
op type: SpatialBN
in channels: 256, out channels: 196.0

====================================================================================================
op type: Relu
in channels: 196.0, out channels: 196.0

====================================================================================================
op type: Conv
in channels: 196.0, out channels: 1024

====================================================================================================
op type: SpatialBN
in channels: 196.0, out channels: 1024

====================================================================================================
op type: Sum
in channels: 196.0, out channels: 1024

====================================================================================================
op type: Relu
in channels: 1024, out channels: 1024

====================================================================================================
op type: Conv
in channels: 1024, out channels: 256

====================================================================================================
op type: SpatialBN
in channels: 256, out channels: 186.0

====================================================================================================
op type: Relu
in channels: 186.0, out channels: 186.0

====================================================================================================
C_in: 186.0, old_in: 256
op type: Conv
in channels: 186.0, out channels: 256

====================================================================================================
op type: SpatialBN
in channels: 256, out channels: 167.0

====================================================================================================
op type: Relu
in channels: 167.0, out channels: 167.0

====================================================================================================
op type: Conv
in channels: 167.0, out channels: 1024

====================================================================================================
op type: SpatialBN
in channels: 167.0, out channels: 1024

====================================================================================================
op type: Sum
in channels: 167.0, out channels: 1024

====================================================================================================
op type: Relu
in channels: 1024, out channels: 1024

====================================================================================================
op type: Conv
in channels: 1024, out channels: 256

====================================================================================================
op type: SpatialBN
in channels: 256, out channels: 175.0

====================================================================================================
op type: Relu
in channels: 175.0, out channels: 175.0

====================================================================================================
C_in: 175.0, old_in: 256
op type: Conv
in channels: 175.0, out channels: 256

====================================================================================================
op type: SpatialBN
in channels: 256, out channels: 208.0

====================================================================================================
op type: Relu
in channels: 208.0, out channels: 208.0

====================================================================================================
op type: Conv
in channels: 208.0, out channels: 1024

====================================================================================================
op type: SpatialBN
in channels: 208.0, out channels: 1024

====================================================================================================
op type: Sum
in channels: 208.0, out channels: 1024

====================================================================================================
op type: Relu
in channels: 1024, out channels: 1024

====================================================================================================
op type: Conv
in channels: 1024, out channels: 256

====================================================================================================
op type: SpatialBN
in channels: 256, out channels: 187.0

====================================================================================================
op type: Relu
in channels: 187.0, out channels: 187.0

====================================================================================================
C_in: 187.0, old_in: 256
op type: Conv
in channels: 187.0, out channels: 256

====================================================================================================
op type: SpatialBN
in channels: 256, out channels: 213.0

====================================================================================================
op type: Relu
in channels: 213.0, out channels: 213.0

====================================================================================================
op type: Conv
in channels: 213.0, out channels: 1024

====================================================================================================
op type: SpatialBN
in channels: 213.0, out channels: 1024

====================================================================================================
op type: Sum
in channels: 213.0, out channels: 1024

====================================================================================================
op type: Relu
in channels: 1024, out channels: 1024

====================================================================================================
op type: Conv
in channels: 1024, out channels: 256

====================================================================================================
op type: SpatialBN
in channels: 256, out channels: 214.0

====================================================================================================
op type: Relu
in channels: 214.0, out channels: 214.0

====================================================================================================
C_in: 214.0, old_in: 256
op type: Conv
in channels: 214.0, out channels: 256

====================================================================================================
op type: SpatialBN
in channels: 256, out channels: 228.0

====================================================================================================
op type: Relu
in channels: 228.0, out channels: 228.0

====================================================================================================
op type: Conv
in channels: 228.0, out channels: 1024

====================================================================================================
op type: SpatialBN
in channels: 228.0, out channels: 1024

====================================================================================================
op type: Sum
in channels: 228.0, out channels: 1024

====================================================================================================
op type: Relu
in channels: 1024, out channels: 1024

====================================================================================================
op type: Conv
in channels: 1024, out channels: 2048

====================================================================================================
op type: SpatialBN
in channels: 1024, out channels: 2048

====================================================================================================
op type: Conv
in channels: 1024, out channels: 512

====================================================================================================
op type: SpatialBN
in channels: 512, out channels: 452.0

====================================================================================================
op type: Relu
in channels: 452.0, out channels: 452.0

====================================================================================================
C_in: 452.0, old_in: 512
op type: Conv
in channels: 452.0, out channels: 512

====================================================================================================
op type: SpatialBN
in channels: 512, out channels: 475.0

====================================================================================================
op type: Relu
in channels: 475.0, out channels: 475.0

====================================================================================================
op type: Conv
in channels: 475.0, out channels: 2048

====================================================================================================
op type: SpatialBN
in channels: 475.0, out channels: 2048

====================================================================================================
op type: Sum
in channels: 475.0, out channels: 2048

====================================================================================================
op type: Relu
in channels: 2048, out channels: 2048

====================================================================================================
op type: Conv
in channels: 2048, out channels: 512

====================================================================================================
op type: SpatialBN
in channels: 512, out channels: 411.0

====================================================================================================
op type: Relu
in channels: 411.0, out channels: 411.0

====================================================================================================
C_in: 411.0, old_in: 512
op type: Conv
in channels: 411.0, out channels: 512

====================================================================================================
op type: SpatialBN
in channels: 512, out channels: 379.0

====================================================================================================
op type: Relu
in channels: 379.0, out channels: 379.0

====================================================================================================
op type: Conv
in channels: 379.0, out channels: 2048

====================================================================================================
op type: SpatialBN
in channels: 379.0, out channels: 2048

====================================================================================================
op type: Sum
in channels: 379.0, out channels: 2048

====================================================================================================
op type: Relu
in channels: 2048, out channels: 2048

====================================================================================================
op type: Conv
in channels: 2048, out channels: 512

====================================================================================================
op type: SpatialBN
in channels: 512, out channels: 411.0

====================================================================================================
op type: Relu
in channels: 411.0, out channels: 411.0

====================================================================================================
C_in: 411.0, old_in: 512
op type: Conv
in channels: 411.0, out channels: 512

====================================================================================================
op type: SpatialBN
in channels: 512, out channels: 294.0

====================================================================================================
op type: Relu
in channels: 294.0, out channels: 294.0

====================================================================================================
op type: Conv
in channels: 294.0, out channels: 2048

====================================================================================================
op type: SpatialBN
in channels: 294.0, out channels: 2048

====================================================================================================
op type: Sum
in channels: 294.0, out channels: 2048

====================================================================================================
op type: Relu
in channels: 2048, out channels: 2048

====================================================================================================
op type: AveragePool
in channels: 2048, out channels: 2048

====================================================================================================
op type: FC
in channels: 2048, out channels: 2048

====================================================================================================
op type: Relu
in channels: 2048, out channels: 2048

====================================================================================================
op type: FC
in channels: 2048, out channels: 2048

====================================================================================================
op type: Sigmoid
in channels: 2048, out channels: 2048

====================================================================================================
op type: Mul
in channels: 2048, out channels: 2048

====================================================================================================
op type: AveragePool
in channels: 2048, out channels: 2048

====================================================================================================
op type: FC
in channels: 2048, out channels: 2048

====================================================================================================
op type: AveragePool
in channels: 2048, out channels: 2048

====================================================================================================
op type: FC
in channels: 2048, out channels: 2048

====================================================================================================
op type: Relu
in channels: 2048, out channels: 2048

====================================================================================================
op type: FC
in channels: 2048, out channels: 2048

====================================================================================================
op type: Sigmoid
in channels: 2048, out channels: 2048

====================================================================================================
op type: Mul
in channels: 2048, out channels: 2048

====================================================================================================
op type: AveragePool
in channels: 2048, out channels: 2048

====================================================================================================
op type: FC
in channels: 2048, out channels: 2048

====================================================================================================
op type: Concat
in channels: 2048, out channels: 2048

====================================================================================================
op type: FC
in channels: 2048, out channels: 2048

====================================================================================================
op type: SoftmaxWithLoss
in channels: 2048, out channels: 2048

====================================================================================================
op type: Split
in channels: 2048, out channels: 2048

====================================================================================================
op type: Sub
in channels: 2048, out channels: 2048

====================================================================================================
op type: Abs
in channels: 2048, out channels: 2048

====================================================================================================
op type: Mul
in channels: 2048, out channels: 2048

====================================================================================================
op type: ReduceBackSum
in channels: 2048, out channels: 2048

====================================================================================================
op type: Sqrt
in channels: 2048, out channels: 2048

====================================================================================================
op type: ReduceBackSum
in channels: 2048, out channels: 2048

====================================================================================================
op type: GivenTensorFill
in channels: 2048, out channels: 2048

====================================================================================================
op type: Div
in channels: 2048, out channels: 2048

====================================================================================================
op type: ConstantFill
in channels: 2048, out channels: 2048

====================================================================================================
op type: Mul
in channels: 2048, out channels: 2048

====================================================================================================
op type: Sum
in channels: 2048, out channels: 2048

====================================================================================================
op type: Accuracy
in channels: 2048, out channels: 2048

====================================================================================================
op type: Accuracy
in channels: 2048, out channels: 2048





new weights_map:

res2_0_branch2a_bn_s : [41]
res2_0_branch2b_bn_rm : [22]
res_conv1_bn_b : [64]
res2_2_branch2a_bn_rm : [59]
res2_2_branch2b_bn_rm : [55]
res4_3_branch2a_bn_b : [175]
res2_1_branch2a_bn_s : [42]
res2_2_branch2a_w : [ 59 256   1   1]
res3_2_branch2c_bn_b : [512]
res5_0_branch2c_bn_s : [2048]
res2_0_branch2a_bn_b : [41]
res_conv1_bn_s : [64]
res5_2_branch2a_bn_rm : [411]
res4_5_branch2b_bn_rm : [228]
res5_0_branch1_bn_riv : [2048]
res2_1_branch2a_bn_b : [42]
res2_1_branch2c_w : [256  64   1   1]
res4_2_branch2c_w : [1024  256    1    1]
res3_1_branch2b_w : [108  87   3   3]
res3_2_branch2c_bn_s : [512]
res3_1_branch2b_bn_riv : [108]
res3_1_branch2a_bn_rm : [87]
res4_4_branch2b_w : [213 187   3   3]
res4_4_branch2c_bn_rm : [1024]
res3_1_branch2b_bn_b : [108]
bi_attention_pred_b : [100]
res3_1_branch2c_bn_b : [512]
res5_2_branch2b_w : [294 411   3   3]
res4_3_branch2a_bn_rm : [175]
res2_1_branch2c_bn_b : [256]
res2_0_branch2b_bn_b : [22]
res4_0_branch2a_bn_s : [242]
res3_2_branch2b_bn_b : [117]
res3_3_branch2a_w : [109 512   1   1]
bi_attention_pred_w : [ 100 2048]
res3_1_branch2b_bn_s : [108]
res3_1_branch2c_bn_s : [512]
res4_0_branch2a_bn_rm : [242]
res5_1_branch2c_w : [2048  512    1    1]
res2_1_branch2c_bn_s : [256]
res2_0_branch2b_bn_s : [22]
res3_2_branch2b_bn_s : [117]
res4_0_branch2a_bn_b : [242]
res4_0_branch2c_bn_b : [1024]
res5_2_branch2b_bn_rm : [294]
res2_1_branch2b_bn_riv : [51]
res3_1_branch2b_bn_rm : [108]
res3_3_branch2b_bn_s : [106]
res5_1_branch2c_bn_s : [2048]
res4_2_branch2a_w : [ 186 1024    1    1]
osme_fc1_2_w : [ 128 2048]
conv1_b : [64]
res2_0_branch2c_bn_b : [256]
res4_0_branch2c_bn_s : [1024]
res4_3_branch2b_bn_rm : [208]
res5_0_branch2b_bn_s : [475]
res3_3_branch2b_bn_b : [106]
res4_3_branch2c_bn_riv : [1024]
res5_1_branch2c_bn_b : [2048]
res2_0_branch1_bn_rm : [256]
res4_1_branch2a_bn_riv : [157]
conv1_w : [64  3  7  7]
res3_0_branch2b_bn_b : [118]
res4_3_branch2b_w : [208 175   3   3]
osme_fc2_2_w : [2048  128]
osme_fc2_1_w : [2048  128]
res2_1_branch2b_bn_rm : [51]
res4_1_branch2c_bn_b : [1024]
res3_2_branch2a_w : [111 512   1   1]
res4_1_branch2b_bn_b : [196]
res5_0_branch2c_bn_b : [2048]
res4_5_branch2c_w : [1024  256    1    1]
res2_0_branch1_w : [256  64   1   1]
res4_4_branch2b_bn_riv : [213]
res2_1_branch2c_bn_rm : [256]
res3_2_branch2c_w : [512 128   1   1]
res3_0_branch2b_bn_s : [118]
res4_1_branch2c_bn_s : [1024]
res4_1_branch2b_bn_s : [196]
res4_0_branch2c_bn_rm : [1024]
res2_2_branch2a_bn_riv : [59]
res5_0_branch2b_w : [475 452   3   3]
res4_1_branch2c_bn_riv : [1024]
attention_1_b : [1024]
res4_4_branch2a_bn_s : [187]
res4_5_branch2c_bn_rm : [1024]
res4_0_branch2b_bn_rm : [220]
res4_5_branch2a_w : [ 214 1024    1    1]
res2_0_branch1_bn_riv : [256]
res4_2_branch2b_bn_s : [167]
res2_2_branch2a_bn_b : [59]
res_conv1_bn_riv : [64]
res4_4_branch2a_bn_b : [187]
res4_3_branch2a_bn_s : [175]
res4_0_branch2c_bn_riv : [1024]
res4_2_branch2b_bn_b : [167]
res2_2_branch2a_bn_s : [59]
res2_0_branch2a_bn_riv : [41]
res3_0_branch2b_bn_rm : [118]
res4_4_branch2a_bn_riv : [187]
res5_0_branch2a_bn_rm : [452]
res5_2_branch2a_bn_riv : [411]
res5_1_branch2b_bn_riv : [379]
res5_1_branch2c_bn_riv : [2048]
osme_fc2_2_b : [2048]
osme_fc1_2_b : [128]
res4_5_branch2b_bn_riv : [228]
res5_2_branch2c_bn_s : [2048]
res3_2_branch2a_bn_rm : [111]
res5_1_branch2a_bn_rm : [411]
res4_2_branch2c_bn_rm : [1024]
res2_0_branch2c_w : [256  64   1   1]
res5_0_branch2a_bn_b : [452]
res3_2_branch2a_bn_s : [111]
res3_0_branch2c_bn_rm : [512]
res5_2_branch2c_bn_b : [2048]
res4_0_branch2b_w : [220 242   3   3]
res3_3_branch2c_w : [512 128   1   1]
res5_2_branch2a_w : [ 411 2048    1    1]
res5_2_branch2c_bn_rm : [2048]
res3_2_branch2a_bn_b : [111]
res5_0_branch2a_bn_s : [452]
res4_1_branch2b_bn_riv : [196]
res3_0_branch2a_bn_s : [123]
res4_4_branch2b_bn_b : [213]
res4_3_branch2b_bn_riv : [208]
res4_2_branch2c_bn_riv : [1024]
attention_1_w : [1024 2048]
res3_2_branch2b_w : [117 111   3   3]
res4_1_branch2a_bn_s : [157]
osme_fc1_1_w : [ 128 2048]
res4_0_branch2b_bn_b : [220]
res3_0_branch2a_bn_b : [123]
res4_4_branch2b_bn_s : [213]
res2_2_branch2b_bn_riv : [55]
res2_1_branch2a_w : [ 42 256   1   1]
osme_fc1_1_b : [128]
res2_2_branch2c_w : [256  64   1   1]
res4_0_branch1_w : [1024  512    1    1]
res4_0_branch2b_bn_s : [220]
res3_3_branch2a_bn_riv : [109]
res4_2_branch2a_bn_b : [186]
res4_5_branch2a_bn_rm : [214]
res3_2_branch2c_bn_rm : [512]
res5_2_branch2b_bn_s : [294]
res2_0_branch2a_bn_rm : [41]
res5_0_branch2b_bn_riv : [475]
res3_1_branch2a_bn_b : [87]
res3_3_branch2b_bn_rm : [106]
res4_3_branch2c_bn_s : [1024]
res3_0_branch1_w : [512 256   1   1]
res4_2_branch2a_bn_s : [186]
res5_2_branch2b_bn_b : [294]
res3_1_branch2a_bn_s : [87]
res4_3_branch2c_bn_b : [1024]
osme_fc2_1_b : [2048]
res4_5_branch2b_w : [228 214   3   3]
res5_0_branch2b_bn_b : [475]
res5_2_branch2a_bn_b : [411]
res5_0_branch2c_bn_riv : [2048]
res5_1_branch2a_bn_s : [411]
res3_3_branch2a_bn_rm : [109]
res4_0_branch2a_bn_riv : [242]
res3_3_branch2c_bn_riv : [512]
res2_1_branch2a_bn_rm : [42]
res2_0_branch1_bn_s : [256]
res2_2_branch2b_bn_s : [55]
res5_2_branch2a_bn_s : [411]
res_conv1_bn_rm : [64]
res5_1_branch2a_bn_b : [411]
res2_0_branch2c_bn_riv : [256]
res3_2_branch2b_bn_rm : [117]
res2_0_branch1_bn_b : [256]
res2_2_branch2b_bn_b : [55]
res2_2_branch2c_bn_s : [256]
res4_2_branch2b_bn_riv : [167]
res4_1_branch2a_bn_b : [157]
res4_0_branch1_bn_rm : [1024]
res4_0_branch1_bn_s : [1024]
res5_0_branch1_bn_s : [2048]
res4_2_branch2a_bn_rm : [186]
res4_0_branch2c_w : [1024  256    1    1]
res4_1_branch2a_w : [ 157 1024    1    1]
res5_0_branch2c_bn_rm : [2048]
res2_2_branch2c_bn_b : [256]
res2_0_branch2b_w : [22 41  3  3]
res3_0_branch1_bn_rm : [512]
res4_0_branch1_bn_b : [1024]
res4_1_branch2c_bn_rm : [1024]
res5_0_branch1_bn_b : [2048]
res4_0_branch2a_w : [242 512   1   1]
res4_1_branch2c_w : [1024  256    1    1]
res2_1_branch2b_bn_s : [51]
res4_2_branch2b_w : [167 186   3   3]
attention_2_w : [1024 2048]
res3_0_branch1_bn_b : [512]
res3_3_branch2c_bn_b : [512]
res3_0_branch1_bn_riv : [512]
res4_2_branch2a_bn_riv : [186]
res4_1_branch2a_bn_rm : [157]
res5_1_branch2b_w : [379 411   3   3]
res3_0_branch2c_bn_riv : [512]
attention_2_b : [1024]
res4_5_branch2c_bn_riv : [1024]
res4_4_branch2c_bn_riv : [1024]
res3_0_branch1_bn_s : [512]
res3_3_branch2c_bn_rm : [512]
res3_3_branch2c_bn_s : [512]
res3_0_branch2a_bn_riv : [123]
res3_3_branch2b_bn_riv : [106]
res5_1_branch2a_w : [ 411 2048    1    1]
res3_1_branch2a_w : [ 87 512   1   1]
res2_2_branch2b_w : [55 59  3  3]
res3_3_branch2a_bn_b : [109]
res2_1_branch2c_bn_riv : [256]
res4_5_branch2b_bn_b : [228]
res2_1_branch2b_w : [51 42  3  3]
res4_1_branch2b_bn_rm : [196]
res3_1_branch2c_w : [512 128   1   1]
res3_2_branch2a_bn_riv : [111]
res3_3_branch2a_bn_s : [109]
res3_0_branch2b_w : [118 123   3   3]
res4_5_branch2a_bn_riv : [214]
res4_5_branch2b_bn_s : [228]
res2_1_branch2a_bn_riv : [42]
res3_1_branch2c_bn_riv : [512]
res5_1_branch2a_bn_riv : [411]
res3_0_branch2c_bn_b : [512]
res3_0_branch2a_bn_rm : [123]
res4_4_branch2c_bn_b : [1024]
res5_0_branch2a_bn_riv : [452]
res2_2_branch2c_bn_rm : [256]
res5_2_branch2c_bn_riv : [2048]
res3_3_branch2b_w : [106 109   3   3]
res5_2_branch2b_bn_riv : [294]
res4_2_branch2b_bn_rm : [167]
res5_2_branch2c_w : [2048  512    1    1]
res3_0_branch2c_bn_s : [512]
res4_4_branch2c_bn_s : [1024]
res4_4_branch2a_w : [ 187 1024    1    1]
res5_0_branch2b_bn_rm : [475]
res2_0_branch2a_w : [41 64  1  1]
res4_4_branch2b_bn_rm : [213]
res5_1_branch2b_bn_rm : [379]
res4_3_branch2a_bn_riv : [175]
res5_0_branch2c_w : [2048  512    1    1]
res5_1_branch2b_bn_b : [379]
res4_3_branch2a_w : [ 175 1024    1    1]
res3_1_branch2a_bn_riv : [87]
res5_0_branch1_bn_rm : [2048]
res4_3_branch2c_bn_rm : [1024]
res3_2_branch2b_bn_riv : [117]
res2_1_branch2b_bn_b : [51]
res2_0_branch2b_bn_riv : [22]
res4_1_branch2b_w : [196 157   3   3]
res5_1_branch2b_bn_s : [379]
res4_4_branch2c_w : [1024  256    1    1]
res2_0_branch2c_bn_rm : [256]
res5_1_branch2c_bn_rm : [2048]
res4_0_branch2b_bn_riv : [220]
res3_0_branch2c_w : [512 128   1   1]
res2_2_branch2c_bn_riv : [256]
res4_0_branch1_bn_riv : [1024]
res5_0_branch1_w : [2048 1024    1    1]
res3_1_branch2c_bn_rm : [512]
res4_5_branch2c_bn_b : [1024]
res4_3_branch2c_w : [1024  256    1    1]
res4_5_branch2a_bn_s : [214]
res4_3_branch2b_bn_s : [208]
res4_2_branch2c_bn_s : [1024]
res4_4_branch2a_bn_rm : [187]
res3_2_branch2c_bn_riv : [512]
res5_0_branch2a_w : [ 452 1024    1    1]
res4_5_branch2c_bn_s : [1024]
res4_5_branch2a_bn_b : [214]
res4_2_branch2c_bn_b : [1024]
res2_0_branch2c_bn_s : [256]
res4_3_branch2b_bn_b : [208]
res3_0_branch2b_bn_riv : [118]
res3_0_branch2a_w : [123 256   1   1]
++++++++++++++++++++++++++++++++++++++++++++++++++++++++++++++++++++++++++++++++++++++++++++++++++++
computing the params and FLOPs of network
====================================================================================================
feature map shape: (N, 3, 224, 224)

====================================================================================================
feature map shape: (N, 3, 224, 224)

====================================================================================================
feature map shape: (N, 3, 224, 224)

====================================================================================================
conv_params: 9472.0, conv_flops: 118816768.0
feature map shape: (N, 64, 112.0, 112.0)

====================================================================================================
bn_params: 128, bn_flops: 802816.0
feature map shape: (N, 64, 112.0, 112.0)

====================================================================================================
feature map shape: (N, 64, 112.0, 112.0)

====================================================================================================
feature map shape: (N, 64, 56.0, 56.0)

====================================================================================================
conv_params: 16640.0, conv_flops: 52183040.0
feature map shape: (N, 256, 56.0, 56.0)

====================================================================================================
bn_params: 512, bn_flops: 802816.0
feature map shape: (N, 256, 56.0, 56.0)

====================================================================================================
conv_params: 2665.0, conv_flops: 8357440.0
feature map shape: (N, 41, 56.0, 56.0)

====================================================================================================
bn_params: 82, bn_flops: 128576.0
feature map shape: (N, 41, 56.0, 56.0)

====================================================================================================
feature map shape: (N, 41, 56.0, 56.0)

====================================================================================================
conv_params: 8140.0, conv_flops: 25527040.0
feature map shape: (N, 22, 56.0, 56.0)

====================================================================================================
bn_params: 44, bn_flops: 68992.0
feature map shape: (N, 22, 56.0, 56.0)

====================================================================================================
feature map shape: (N, 22, 56.0, 56.0)

====================================================================================================
conv_params: 16640.0, conv_flops: 52183040.0
feature map shape: (N, 256, 56.0, 56.0)

====================================================================================================
bn_params: 512, bn_flops: 802816.0
feature map shape: (N, 256, 56.0, 56.0)

====================================================================================================
feature map shape: (N, 256, 56.0, 56.0)

====================================================================================================
feature map shape: (N, 256, 56.0, 56.0)

====================================================================================================
conv_params: 10794.0, conv_flops: 33849984.0
feature map shape: (N, 42, 56.0, 56.0)

====================================================================================================
bn_params: 84, bn_flops: 131712.0
feature map shape: (N, 42, 56.0, 56.0)

====================================================================================================
feature map shape: (N, 42, 56.0, 56.0)

====================================================================================================
conv_params: 19329.0, conv_flops: 60615744.0
feature map shape: (N, 51, 56.0, 56.0)

====================================================================================================
bn_params: 102, bn_flops: 159936.0
feature map shape: (N, 51, 56.0, 56.0)

====================================================================================================
feature map shape: (N, 51, 56.0, 56.0)

====================================================================================================
conv_params: 16640.0, conv_flops: 52183040.0
feature map shape: (N, 256, 56.0, 56.0)

====================================================================================================
bn_params: 512, bn_flops: 802816.0
feature map shape: (N, 256, 56.0, 56.0)

====================================================================================================
feature map shape: (N, 256, 56.0, 56.0)

====================================================================================================
feature map shape: (N, 256, 56.0, 56.0)

====================================================================================================
conv_params: 15163.0, conv_flops: 47551168.0
feature map shape: (N, 59, 56.0, 56.0)

====================================================================================================
bn_params: 118, bn_flops: 185024.0
feature map shape: (N, 59, 56.0, 56.0)

====================================================================================================
feature map shape: (N, 59, 56.0, 56.0)

====================================================================================================
conv_params: 29260.0, conv_flops: 91759360.0
feature map shape: (N, 55, 56.0, 56.0)

====================================================================================================
bn_params: 110, bn_flops: 172480.0
feature map shape: (N, 55, 56.0, 56.0)

====================================================================================================
feature map shape: (N, 55, 56.0, 56.0)

====================================================================================================
conv_params: 16640.0, conv_flops: 52183040.0
feature map shape: (N, 256, 56.0, 56.0)

====================================================================================================
bn_params: 512, bn_flops: 802816.0
feature map shape: (N, 256, 56.0, 56.0)

====================================================================================================
feature map shape: (N, 256, 56.0, 56.0)

====================================================================================================
feature map shape: (N, 256, 56.0, 56.0)

====================================================================================================
conv_params: 131584.0, conv_flops: 103161856.0
feature map shape: (N, 512, 28.0, 28.0)

====================================================================================================
bn_params: 1024, bn_flops: 401408.0
feature map shape: (N, 512, 28.0, 28.0)

====================================================================================================
conv_params: 31611.0, conv_flops: 24783024.0
feature map shape: (N, 123, 28.0, 28.0)

====================================================================================================
bn_params: 246, bn_flops: 96432.0
feature map shape: (N, 123, 28.0, 28.0)

====================================================================================================
feature map shape: (N, 123, 28.0, 28.0)

====================================================================================================
conv_params: 130744.0, conv_flops: 102503296.0
feature map shape: (N, 118, 28.0, 28.0)

====================================================================================================
bn_params: 236, bn_flops: 92512.0
feature map shape: (N, 118, 28.0, 28.0)

====================================================================================================
feature map shape: (N, 118, 28.0, 28.0)

====================================================================================================
conv_params: 66048.0, conv_flops: 51781632.0
feature map shape: (N, 512, 28.0, 28.0)

====================================================================================================
bn_params: 1024, bn_flops: 401408.0
feature map shape: (N, 512, 28.0, 28.0)

====================================================================================================
feature map shape: (N, 512, 28.0, 28.0)

====================================================================================================
feature map shape: (N, 512, 28.0, 28.0)

====================================================================================================
conv_params: 44631.0, conv_flops: 34990704.0
feature map shape: (N, 87, 28.0, 28.0)

====================================================================================================
bn_params: 174, bn_flops: 68208.0
feature map shape: (N, 87, 28.0, 28.0)

====================================================================================================
feature map shape: (N, 87, 28.0, 28.0)

====================================================================================================
conv_params: 84672.0, conv_flops: 66382848.0
feature map shape: (N, 108, 28.0, 28.0)

====================================================================================================
bn_params: 216, bn_flops: 84672.0
feature map shape: (N, 108, 28.0, 28.0)

====================================================================================================
feature map shape: (N, 108, 28.0, 28.0)

====================================================================================================
conv_params: 66048.0, conv_flops: 51781632.0
feature map shape: (N, 512, 28.0, 28.0)

====================================================================================================
bn_params: 1024, bn_flops: 401408.0
feature map shape: (N, 512, 28.0, 28.0)

====================================================================================================
feature map shape: (N, 512, 28.0, 28.0)

====================================================================================================
feature map shape: (N, 512, 28.0, 28.0)

====================================================================================================
conv_params: 56943.0, conv_flops: 44643312.0
feature map shape: (N, 111, 28.0, 28.0)

====================================================================================================
bn_params: 222, bn_flops: 87024.0
feature map shape: (N, 111, 28.0, 28.0)

====================================================================================================
feature map shape: (N, 111, 28.0, 28.0)

====================================================================================================
conv_params: 117000.0, conv_flops: 91728000.0
feature map shape: (N, 117, 28.0, 28.0)

====================================================================================================
bn_params: 234, bn_flops: 91728.0
feature map shape: (N, 117, 28.0, 28.0)

====================================================================================================
feature map shape: (N, 117, 28.0, 28.0)

====================================================================================================
conv_params: 66048.0, conv_flops: 51781632.0
feature map shape: (N, 512, 28.0, 28.0)

====================================================================================================
bn_params: 1024, bn_flops: 401408.0
feature map shape: (N, 512, 28.0, 28.0)

====================================================================================================
feature map shape: (N, 512, 28.0, 28.0)

====================================================================================================
feature map shape: (N, 512, 28.0, 28.0)

====================================================================================================
conv_params: 55917.0, conv_flops: 43838928.0
feature map shape: (N, 109, 28.0, 28.0)

====================================================================================================
bn_params: 218, bn_flops: 85456.0
feature map shape: (N, 109, 28.0, 28.0)

====================================================================================================
feature map shape: (N, 109, 28.0, 28.0)

====================================================================================================
conv_params: 104092.0, conv_flops: 81608128.0
feature map shape: (N, 106, 28.0, 28.0)

====================================================================================================
bn_params: 212, bn_flops: 83104.0
feature map shape: (N, 106, 28.0, 28.0)

====================================================================================================
feature map shape: (N, 106, 28.0, 28.0)

====================================================================================================
conv_params: 66048.0, conv_flops: 51781632.0
feature map shape: (N, 512, 28.0, 28.0)

====================================================================================================
bn_params: 1024, bn_flops: 401408.0
feature map shape: (N, 512, 28.0, 28.0)

====================================================================================================
feature map shape: (N, 512, 28.0, 28.0)

====================================================================================================
feature map shape: (N, 512, 28.0, 28.0)

====================================================================================================
conv_params: 525312.0, conv_flops: 102961152.0
feature map shape: (N, 1024, 14.0, 14.0)

====================================================================================================
bn_params: 2048, bn_flops: 200704.0
feature map shape: (N, 1024, 14.0, 14.0)

====================================================================================================
conv_params: 124146.0, conv_flops: 24332616.0
feature map shape: (N, 242, 14.0, 14.0)

====================================================================================================
bn_params: 484, bn_flops: 47432.0
feature map shape: (N, 242, 14.0, 14.0)

====================================================================================================
feature map shape: (N, 242, 14.0, 14.0)

====================================================================================================
conv_params: 479380.0, conv_flops: 93958480.0
feature map shape: (N, 220, 14.0, 14.0)

====================================================================================================
bn_params: 440, bn_flops: 43120.0
feature map shape: (N, 220, 14.0, 14.0)

====================================================================================================
feature map shape: (N, 220, 14.0, 14.0)

====================================================================================================
conv_params: 263168.0, conv_flops: 51580928.0
feature map shape: (N, 1024, 14.0, 14.0)

====================================================================================================
bn_params: 2048, bn_flops: 200704.0
feature map shape: (N, 1024, 14.0, 14.0)

====================================================================================================
feature map shape: (N, 1024, 14.0, 14.0)

====================================================================================================
feature map shape: (N, 1024, 14.0, 14.0)

====================================================================================================
conv_params: 160925.0, conv_flops: 31541300.0
feature map shape: (N, 157, 14.0, 14.0)

====================================================================================================
bn_params: 314, bn_flops: 30772.0
feature map shape: (N, 157, 14.0, 14.0)

====================================================================================================
feature map shape: (N, 157, 14.0, 14.0)

====================================================================================================
conv_params: 277144.0, conv_flops: 54320224.0
feature map shape: (N, 196, 14.0, 14.0)

====================================================================================================
bn_params: 392, bn_flops: 38416.0
feature map shape: (N, 196, 14.0, 14.0)

====================================================================================================
feature map shape: (N, 196, 14.0, 14.0)

====================================================================================================
conv_params: 263168.0, conv_flops: 51580928.0
feature map shape: (N, 1024, 14.0, 14.0)

====================================================================================================
bn_params: 2048, bn_flops: 200704.0
feature map shape: (N, 1024, 14.0, 14.0)

====================================================================================================
feature map shape: (N, 1024, 14.0, 14.0)

====================================================================================================
feature map shape: (N, 1024, 14.0, 14.0)

====================================================================================================
conv_params: 190650.0, conv_flops: 37367400.0
feature map shape: (N, 186, 14.0, 14.0)

====================================================================================================
bn_params: 372, bn_flops: 36456.0
feature map shape: (N, 186, 14.0, 14.0)

====================================================================================================
feature map shape: (N, 186, 14.0, 14.0)

====================================================================================================
conv_params: 279725.0, conv_flops: 54826100.0
feature map shape: (N, 167, 14.0, 14.0)

====================================================================================================
bn_params: 334, bn_flops: 32732.0
feature map shape: (N, 167, 14.0, 14.0)

====================================================================================================
feature map shape: (N, 167, 14.0, 14.0)

====================================================================================================
conv_params: 263168.0, conv_flops: 51580928.0
feature map shape: (N, 1024, 14.0, 14.0)

====================================================================================================
bn_params: 2048, bn_flops: 200704.0
feature map shape: (N, 1024, 14.0, 14.0)

====================================================================================================
feature map shape: (N, 1024, 14.0, 14.0)

====================================================================================================
feature map shape: (N, 1024, 14.0, 14.0)

====================================================================================================
conv_params: 179375.0, conv_flops: 35157500.0
feature map shape: (N, 175, 14.0, 14.0)

====================================================================================================
bn_params: 350, bn_flops: 34300.0
feature map shape: (N, 175, 14.0, 14.0)

====================================================================================================
feature map shape: (N, 175, 14.0, 14.0)

====================================================================================================
conv_params: 327808.0, conv_flops: 64250368.0
feature map shape: (N, 208, 14.0, 14.0)

====================================================================================================
bn_params: 416, bn_flops: 40768.0
feature map shape: (N, 208, 14.0, 14.0)

====================================================================================================
feature map shape: (N, 208, 14.0, 14.0)

====================================================================================================
conv_params: 263168.0, conv_flops: 51580928.0
feature map shape: (N, 1024, 14.0, 14.0)

====================================================================================================
bn_params: 2048, bn_flops: 200704.0
feature map shape: (N, 1024, 14.0, 14.0)

====================================================================================================
feature map shape: (N, 1024, 14.0, 14.0)

====================================================================================================
feature map shape: (N, 1024, 14.0, 14.0)

====================================================================================================
conv_params: 191675.0, conv_flops: 37568300.0
feature map shape: (N, 187, 14.0, 14.0)

====================================================================================================
bn_params: 374, bn_flops: 36652.0
feature map shape: (N, 187, 14.0, 14.0)

====================================================================================================
feature map shape: (N, 187, 14.0, 14.0)

====================================================================================================
conv_params: 358692.0, conv_flops: 70303632.0
feature map shape: (N, 213, 14.0, 14.0)

====================================================================================================
bn_params: 426, bn_flops: 41748.0
feature map shape: (N, 213, 14.0, 14.0)

====================================================================================================
feature map shape: (N, 213, 14.0, 14.0)

====================================================================================================
conv_params: 263168.0, conv_flops: 51580928.0
feature map shape: (N, 1024, 14.0, 14.0)

====================================================================================================
bn_params: 2048, bn_flops: 200704.0
feature map shape: (N, 1024, 14.0, 14.0)

====================================================================================================
feature map shape: (N, 1024, 14.0, 14.0)

====================================================================================================
feature map shape: (N, 1024, 14.0, 14.0)

====================================================================================================
conv_params: 219350.0, conv_flops: 42992600.0
feature map shape: (N, 214, 14.0, 14.0)

====================================================================================================
bn_params: 428, bn_flops: 41944.0
feature map shape: (N, 214, 14.0, 14.0)

====================================================================================================
feature map shape: (N, 214, 14.0, 14.0)

====================================================================================================
conv_params: 439356.0, conv_flops: 86113776.0
feature map shape: (N, 228, 14.0, 14.0)

====================================================================================================
bn_params: 456, bn_flops: 44688.0
feature map shape: (N, 228, 14.0, 14.0)

====================================================================================================
feature map shape: (N, 228, 14.0, 14.0)

====================================================================================================
conv_params: 263168.0, conv_flops: 51580928.0
feature map shape: (N, 1024, 14.0, 14.0)

====================================================================================================
bn_params: 2048, bn_flops: 200704.0
feature map shape: (N, 1024, 14.0, 14.0)

====================================================================================================
feature map shape: (N, 1024, 14.0, 14.0)

====================================================================================================
feature map shape: (N, 1024, 14.0, 14.0)

====================================================================================================
conv_params: 2099200.0, conv_flops: 102860800.0
feature map shape: (N, 2048, 7.0, 7.0)

====================================================================================================
bn_params: 4096, bn_flops: 100352.0
feature map shape: (N, 2048, 7.0, 7.0)

====================================================================================================
conv_params: 463300.0, conv_flops: 22701700.0
feature map shape: (N, 452, 7.0, 7.0)

====================================================================================================
bn_params: 904, bn_flops: 22148.0
feature map shape: (N, 452, 7.0, 7.0)

====================================================================================================
feature map shape: (N, 452, 7.0, 7.0)

====================================================================================================
conv_params: 1932775.0, conv_flops: 94705975.0
feature map shape: (N, 475, 7.0, 7.0)

====================================================================================================
bn_params: 950, bn_flops: 23275.0
feature map shape: (N, 475, 7.0, 7.0)

====================================================================================================
feature map shape: (N, 475, 7.0, 7.0)

====================================================================================================
conv_params: 1050624.0, conv_flops: 51480576.0
feature map shape: (N, 2048, 7.0, 7.0)

====================================================================================================
bn_params: 4096, bn_flops: 100352.0
feature map shape: (N, 2048, 7.0, 7.0)

====================================================================================================
feature map shape: (N, 2048, 7.0, 7.0)

====================================================================================================
feature map shape: (N, 2048, 7.0, 7.0)

====================================================================================================
conv_params: 842139.0, conv_flops: 41264811.0
feature map shape: (N, 411, 7.0, 7.0)

====================================================================================================
bn_params: 822, bn_flops: 20139.0
feature map shape: (N, 411, 7.0, 7.0)

====================================================================================================
feature map shape: (N, 411, 7.0, 7.0)

====================================================================================================
conv_params: 1402300.0, conv_flops: 68712700.0
feature map shape: (N, 379, 7.0, 7.0)

====================================================================================================
bn_params: 758, bn_flops: 18571.0
feature map shape: (N, 379, 7.0, 7.0)

====================================================================================================
feature map shape: (N, 379, 7.0, 7.0)

====================================================================================================
conv_params: 1050624.0, conv_flops: 51480576.0
feature map shape: (N, 2048, 7.0, 7.0)

====================================================================================================
bn_params: 4096, bn_flops: 100352.0
feature map shape: (N, 2048, 7.0, 7.0)

====================================================================================================
feature map shape: (N, 2048, 7.0, 7.0)

====================================================================================================
feature map shape: (N, 2048, 7.0, 7.0)

====================================================================================================
conv_params: 842139.0, conv_flops: 41264811.0
feature map shape: (N, 411, 7.0, 7.0)

====================================================================================================
bn_params: 822, bn_flops: 20139.0
feature map shape: (N, 411, 7.0, 7.0)

====================================================================================================
feature map shape: (N, 411, 7.0, 7.0)

====================================================================================================
conv_params: 1087800.0, conv_flops: 53302200.0
feature map shape: (N, 294, 7.0, 7.0)

====================================================================================================
bn_params: 588, bn_flops: 14406.0
feature map shape: (N, 294, 7.0, 7.0)

====================================================================================================
feature map shape: (N, 294, 7.0, 7.0)

====================================================================================================
conv_params: 1050624.0, conv_flops: 51480576.0
feature map shape: (N, 2048, 7.0, 7.0)

====================================================================================================
bn_params: 4096, bn_flops: 100352.0
feature map shape: (N, 2048, 7.0, 7.0)

====================================================================================================
feature map shape: (N, 2048, 7.0, 7.0)

====================================================================================================
feature map shape: (N, 2048, 7.0, 7.0)

====================================================================================================
feature map shape: (N, 2048, 1.0, 1.0)

====================================================================================================
fc_params: 262144, fc_flops: 262144
feature map shape: (N, 128, 1.0, 1.0)

====================================================================================================
feature map shape: (N, 128, 1.0, 1.0)

====================================================================================================
fc_params: 262144, fc_flops: 262144
feature map shape: (N, 2048, 1.0, 1.0)

====================================================================================================
feature map shape: (N, 2048, 1.0, 1.0)

====================================================================================================
feature map shape: (N, 2048, 7.0, 7.0)

====================================================================================================
feature map shape: (N, 2048, 1.0, 1.0)

====================================================================================================
fc_params: 2097152, fc_flops: 2097152
feature map shape: (N, 1024, 1.0, 1.0)

====================================================================================================
feature map shape: (N, 1024, 1.0, 1.0)

====================================================================================================
fc_params: 262144, fc_flops: 262144
feature map shape: (N, 128, 1.0, 1.0)

====================================================================================================
feature map shape: (N, 128, 1.0, 1.0)

====================================================================================================
fc_params: 262144, fc_flops: 262144
feature map shape: (N, 2048, 1.0, 1.0)

====================================================================================================
feature map shape: (N, 2048, 1.0, 1.0)

====================================================================================================
feature map shape: (N, 2048, 7.0, 7.0)

====================================================================================================
feature map shape: (N, 2048, 1.0, 1.0)

====================================================================================================
fc_params: 2097152, fc_flops: 2097152
feature map shape: (N, 1024, 1.0, 1.0)

====================================================================================================
feature map shape: (N, 1024, 1.0, 1.0)

====================================================================================================
fc_params: 204800, fc_flops: 204800
feature map shape: (N, 100, 1.0, 1.0)

====================================================================================================
feature map shape: (N, 100, 1.0, 1.0)

====================================================================================================
feature map shape: (N, 100, 1.0, 1.0)

====================================================================================================
feature map shape: (N, 100, 1.0, 1.0)

====================================================================================================
feature map shape: (N, 100, 1.0, 1.0)

====================================================================================================
feature map shape: (N, 100, 1.0, 1.0)

====================================================================================================
feature map shape: (N, 100, 1.0, 1.0)

====================================================================================================
feature map shape: (N, 100, 1.0, 1.0)

====================================================================================================
feature map shape: (N, 100, 1.0, 1.0)

====================================================================================================
feature map shape: (N, 100, 1.0, 1.0)

====================================================================================================
feature map shape: (N, 100, 1.0, 1.0)

====================================================================================================
feature map shape: (N, 100, 1.0, 1.0)

====================================================================================================
feature map shape: (N, 100, 1.0, 1.0)

====================================================================================================
feature map shape: (N, 100, 1.0, 1.0)

====================================================================================================
feature map shape: (N, 100, 1.0, 1.0)

====================================================================================================
feature map shape: (N, 100, 1.0, 1.0)

params: 23834464.0, FLOPs: 3035808727.0
[INFO] finish running src/param_statistics.py, total_time is 5.940s
