[INFO] start running src/param_statistics.py ...
[INFO] start running initialize ...
[INFO] finish running initialize ...

[INFO] start running build_validation_model ...
[INFO] finish running build_validation_model ...

****************************************************************************************************
net work pruning...
****************************************************************************************************
bn layer name: res2_0_branch1_bn 	 layer total channels: 256 	 remainingchannels: 165.0 	 pruned rate: 35.55%
bn layer name: res2_0_branch2a_bn 	 layer total channels: 64 	 remainingchannels: 22.0 	 pruned rate: 65.62%
bn layer name: res2_0_branch2b_bn 	 layer total channels: 64 	 remainingchannels: 7.0 	 pruned rate: 89.06%
bn layer name: res2_0_branch2c_bn 	 layer total channels: 256 	 remainingchannels: 111.0 	 pruned rate: 56.64%
bn layer name: res2_1_branch2a_bn 	 layer total channels: 64 	 remainingchannels: 24.0 	 pruned rate: 62.50%
bn layer name: res2_1_branch2b_bn 	 layer total channels: 64 	 remainingchannels: 22.0 	 pruned rate: 65.62%
bn layer name: res2_1_branch2c_bn 	 layer total channels: 256 	 remainingchannels: 6.0 	 pruned rate: 97.66%
bn layer name: res2_2_branch2a_bn 	 layer total channels: 64 	 remainingchannels: 23.0 	 pruned rate: 64.06%
bn layer name: res2_2_branch2b_bn 	 layer total channels: 64 	 remainingchannels: 32.0 	 pruned rate: 50.00%
bn layer name: res2_2_branch2c_bn 	 layer total channels: 256 	 remainingchannels: 27.0 	 pruned rate: 89.45%
bn layer name: res3_0_branch1_bn 	 layer total channels: 512 	 remainingchannels: 91.0 	 pruned rate: 82.23%
bn layer name: res3_0_branch2a_bn 	 layer total channels: 128 	 remainingchannels: 60.0 	 pruned rate: 53.12%
bn layer name: res3_0_branch2b_bn 	 layer total channels: 128 	 remainingchannels: 71.0 	 pruned rate: 44.53%
bn layer name: res3_0_branch2c_bn 	 layer total channels: 512 	 remainingchannels: 55.0 	 pruned rate: 89.26%
bn layer name: res3_1_branch2a_bn 	 layer total channels: 128 	 remainingchannels: 15.0 	 pruned rate: 88.28%
bn layer name: res3_1_branch2b_bn 	 layer total channels: 128 	 remainingchannels: 57.0 	 pruned rate: 55.47%
bn layer name: res3_1_branch2c_bn 	 layer total channels: 512 	 remainingchannels: 29.0 	 pruned rate: 94.34%
bn layer name: res3_2_branch2a_bn 	 layer total channels: 128 	 remainingchannels: 29.0 	 pruned rate: 77.34%
bn layer name: res3_2_branch2b_bn 	 layer total channels: 128 	 remainingchannels: 90.0 	 pruned rate: 29.69%
bn layer name: res3_2_branch2c_bn 	 layer total channels: 512 	 remainingchannels: 20.0 	 pruned rate: 96.09%
bn layer name: res3_3_branch2a_bn 	 layer total channels: 128 	 remainingchannels: 20.0 	 pruned rate: 84.38%
bn layer name: res3_3_branch2b_bn 	 layer total channels: 128 	 remainingchannels: 43.0 	 pruned rate: 66.41%
bn layer name: res3_3_branch2c_bn 	 layer total channels: 512 	 remainingchannels: 3.0 	 pruned rate: 99.41%
bn layer name: res4_0_branch1_bn 	 layer total channels: 1024 	 remainingchannels: 37.0 	 pruned rate: 96.39%
bn layer name: res4_0_branch2a_bn 	 layer total channels: 256 	 remainingchannels: 79.0 	 pruned rate: 69.14%
bn layer name: res4_0_branch2b_bn 	 layer total channels: 256 	 remainingchannels: 45.0 	 pruned rate: 82.42%
bn layer name: res4_0_branch2c_bn 	 layer total channels: 1024 	 remainingchannels: 82.0 	 pruned rate: 91.99%
bn layer name: res4_1_branch2a_bn 	 layer total channels: 256 	 remainingchannels: 27.0 	 pruned rate: 89.45%
bn layer name: res4_1_branch2b_bn 	 layer total channels: 256 	 remainingchannels: 25.0 	 pruned rate: 90.23%
bn layer name: res4_1_branch2c_bn 	 layer total channels: 1024 	 remainingchannels: 23.0 	 pruned rate: 97.75%
bn layer name: res4_2_branch2a_bn 	 layer total channels: 256 	 remainingchannels: 18.0 	 pruned rate: 92.97%
bn layer name: res4_2_branch2b_bn 	 layer total channels: 256 	 remainingchannels: 23.0 	 pruned rate: 91.02%
bn layer name: res4_2_branch2c_bn 	 layer total channels: 1024 	 remainingchannels: 9.0 	 pruned rate: 99.12%
bn layer name: res4_3_branch2a_bn 	 layer total channels: 256 	 remainingchannels: 11.0 	 pruned rate: 95.70%
bn layer name: res4_3_branch2b_bn 	 layer total channels: 256 	 remainingchannels: 51.0 	 pruned rate: 80.08%
bn layer name: res4_3_branch2c_bn 	 layer total channels: 1024 	 remainingchannels: 24.0 	 pruned rate: 97.66%
bn layer name: res4_4_branch2a_bn 	 layer total channels: 256 	 remainingchannels: 4.0 	 pruned rate: 98.44%
bn layer name: res4_4_branch2b_bn 	 layer total channels: 256 	 remainingchannels: 20.0 	 pruned rate: 92.19%
bn layer name: res4_4_branch2c_bn 	 layer total channels: 1024 	 remainingchannels: 1.0 	 pruned rate: 99.90%
bn layer name: res4_5_branch2a_bn 	 layer total channels: 256 	 remainingchannels: 12.0 	 pruned rate: 95.31%
bn layer name: res4_5_branch2b_bn 	 layer total channels: 256 	 remainingchannels: 33.0 	 pruned rate: 87.11%
bn layer name: res4_5_branch2c_bn 	 layer total channels: 1024 	 remainingchannels: 2.0 	 pruned rate: 99.80%
bn layer name: res5_0_branch1_bn 	 layer total channels: 2048 	 remainingchannels: 2048.0 	 pruned rate: 0.00%
bn layer name: res5_0_branch2a_bn 	 layer total channels: 512 	 remainingchannels: 3.0 	 pruned rate: 99.41%
bn layer name: res5_0_branch2b_bn 	 layer total channels: 512 	 remainingchannels: 14.0 	 pruned rate: 97.27%
bn layer name: res5_0_branch2c_bn 	 layer total channels: 2048 	 remainingchannels: 1980.0 	 pruned rate: 3.32%
bn layer name: res5_1_branch2a_bn 	 layer total channels: 512 	 remainingchannels: 6.0 	 pruned rate: 98.83%
bn layer name: res5_1_branch2b_bn 	 layer total channels: 512 	 remainingchannels: 3.0 	 pruned rate: 99.41%
bn layer name: res5_1_branch2c_bn 	 layer total channels: 2048 	 remainingchannels: 1017.0 	 pruned rate: 50.34%
bn layer name: res5_2_branch2a_bn 	 layer total channels: 512 	 remainingchannels: 2.0 	 pruned rate: 99.61%
bn layer name: res5_2_branch2b_bn 	 layer total channels: 512 	 remainingchannels: 0.0 	 pruned rate: 100.00%
bn layer name: res5_2_branch2c_bn 	 layer total channels: 2048 	 remainingchannels: 1325.0 	 pruned rate: 35.30%
bn layer name: res_conv1_bn 	 layer total channels: 64 	 remainingchannels: 21.0 	 pruned rate: 67.19%
total pruned rate: 0.700037650602
====================================================================================================
op type: ImageInput
in channels: 3, out channels: 3

====================================================================================================
op type: StopGradient
in channels: 3, out channels: 3

====================================================================================================
op type: StopGradient
in channels: 3, out channels: 3

====================================================================================================
op type: Conv
in channels: 3, out channels: 64

====================================================================================================
op type: SpatialBN
in channels: 3, out channels: 64

====================================================================================================
op type: Relu
in channels: 3, out channels: 64

====================================================================================================
op type: MaxPool
in channels: 64, out channels: 64

====================================================================================================
op type: Conv
in channels: 64, out channels: 256

====================================================================================================
op type: SpatialBN
in channels: 64, out channels: 256

====================================================================================================
op type: Conv
in channels: 64, out channels: 64

====================================================================================================
op type: SpatialBN
in channels: 64, out channels: 22.0

====================================================================================================
op type: Relu
in channels: 22.0, out channels: 22.0

====================================================================================================
C_in: 22.0, old_in: 64
op type: Conv
in channels: 22.0, out channels: 64

====================================================================================================
op type: SpatialBN
in channels: 64, out channels: 7.0

====================================================================================================
op type: Relu
in channels: 7.0, out channels: 7.0

====================================================================================================
op type: Conv
in channels: 7.0, out channels: 256

====================================================================================================
op type: SpatialBN
in channels: 7.0, out channels: 256

====================================================================================================
op type: Sum
in channels: 7.0, out channels: 256

====================================================================================================
op type: Relu
in channels: 256, out channels: 256

====================================================================================================
op type: Conv
in channels: 256, out channels: 64

====================================================================================================
op type: SpatialBN
in channels: 64, out channels: 24.0

====================================================================================================
op type: Relu
in channels: 24.0, out channels: 24.0

====================================================================================================
C_in: 24.0, old_in: 64
op type: Conv
in channels: 24.0, out channels: 64

====================================================================================================
op type: SpatialBN
in channels: 64, out channels: 22.0

====================================================================================================
op type: Relu
in channels: 22.0, out channels: 22.0

====================================================================================================
op type: Conv
in channels: 22.0, out channels: 256

====================================================================================================
op type: SpatialBN
in channels: 22.0, out channels: 256

====================================================================================================
op type: Sum
in channels: 22.0, out channels: 256

====================================================================================================
op type: Relu
in channels: 256, out channels: 256

====================================================================================================
op type: Conv
in channels: 256, out channels: 64

====================================================================================================
op type: SpatialBN
in channels: 64, out channels: 23.0

====================================================================================================
op type: Relu
in channels: 23.0, out channels: 23.0

====================================================================================================
C_in: 23.0, old_in: 64
op type: Conv
in channels: 23.0, out channels: 64

====================================================================================================
op type: SpatialBN
in channels: 64, out channels: 32.0

====================================================================================================
op type: Relu
in channels: 32.0, out channels: 32.0

====================================================================================================
op type: Conv
in channels: 32.0, out channels: 256

====================================================================================================
op type: SpatialBN
in channels: 32.0, out channels: 256

====================================================================================================
op type: Sum
in channels: 32.0, out channels: 256

====================================================================================================
op type: Relu
in channels: 256, out channels: 256

====================================================================================================
op type: Conv
in channels: 256, out channels: 512

====================================================================================================
op type: SpatialBN
in channels: 256, out channels: 512

====================================================================================================
op type: Conv
in channels: 256, out channels: 128

====================================================================================================
op type: SpatialBN
in channels: 128, out channels: 60.0

====================================================================================================
op type: Relu
in channels: 60.0, out channels: 60.0

====================================================================================================
C_in: 60.0, old_in: 128
op type: Conv
in channels: 60.0, out channels: 128

====================================================================================================
op type: SpatialBN
in channels: 128, out channels: 71.0

====================================================================================================
op type: Relu
in channels: 71.0, out channels: 71.0

====================================================================================================
op type: Conv
in channels: 71.0, out channels: 512

====================================================================================================
op type: SpatialBN
in channels: 71.0, out channels: 512

====================================================================================================
op type: Sum
in channels: 71.0, out channels: 512

====================================================================================================
op type: Relu
in channels: 512, out channels: 512

====================================================================================================
op type: Conv
in channels: 512, out channels: 128

====================================================================================================
op type: SpatialBN
in channels: 128, out channels: 15.0

====================================================================================================
op type: Relu
in channels: 15.0, out channels: 15.0

====================================================================================================
C_in: 15.0, old_in: 128
op type: Conv
in channels: 15.0, out channels: 128

====================================================================================================
op type: SpatialBN
in channels: 128, out channels: 57.0

====================================================================================================
op type: Relu
in channels: 57.0, out channels: 57.0

====================================================================================================
op type: Conv
in channels: 57.0, out channels: 512

====================================================================================================
op type: SpatialBN
in channels: 57.0, out channels: 512

====================================================================================================
op type: Sum
in channels: 57.0, out channels: 512

====================================================================================================
op type: Relu
in channels: 512, out channels: 512

====================================================================================================
op type: Conv
in channels: 512, out channels: 128

====================================================================================================
op type: SpatialBN
in channels: 128, out channels: 29.0

====================================================================================================
op type: Relu
in channels: 29.0, out channels: 29.0

====================================================================================================
C_in: 29.0, old_in: 128
op type: Conv
in channels: 29.0, out channels: 128

====================================================================================================
op type: SpatialBN
in channels: 128, out channels: 90.0

====================================================================================================
op type: Relu
in channels: 90.0, out channels: 90.0

====================================================================================================
op type: Conv
in channels: 90.0, out channels: 512

====================================================================================================
op type: SpatialBN
in channels: 90.0, out channels: 512

====================================================================================================
op type: Sum
in channels: 90.0, out channels: 512

====================================================================================================
op type: Relu
in channels: 512, out channels: 512

====================================================================================================
op type: Conv
in channels: 512, out channels: 128

====================================================================================================
op type: SpatialBN
in channels: 128, out channels: 20.0

====================================================================================================
op type: Relu
in channels: 20.0, out channels: 20.0

====================================================================================================
C_in: 20.0, old_in: 128
op type: Conv
in channels: 20.0, out channels: 128

====================================================================================================
op type: SpatialBN
in channels: 128, out channels: 43.0

====================================================================================================
op type: Relu
in channels: 43.0, out channels: 43.0

====================================================================================================
op type: Conv
in channels: 43.0, out channels: 512

====================================================================================================
op type: SpatialBN
in channels: 43.0, out channels: 512

====================================================================================================
op type: Sum
in channels: 43.0, out channels: 512

====================================================================================================
op type: Relu
in channels: 512, out channels: 512

====================================================================================================
op type: Conv
in channels: 512, out channels: 1024

====================================================================================================
op type: SpatialBN
in channels: 512, out channels: 1024

====================================================================================================
op type: Conv
in channels: 512, out channels: 256

====================================================================================================
op type: SpatialBN
in channels: 256, out channels: 79.0

====================================================================================================
op type: Relu
in channels: 79.0, out channels: 79.0

====================================================================================================
C_in: 79.0, old_in: 256
op type: Conv
in channels: 79.0, out channels: 256

====================================================================================================
op type: SpatialBN
in channels: 256, out channels: 45.0

====================================================================================================
op type: Relu
in channels: 45.0, out channels: 45.0

====================================================================================================
op type: Conv
in channels: 45.0, out channels: 1024

====================================================================================================
op type: SpatialBN
in channels: 45.0, out channels: 1024

====================================================================================================
op type: Sum
in channels: 45.0, out channels: 1024

====================================================================================================
op type: Relu
in channels: 1024, out channels: 1024

====================================================================================================
op type: Conv
in channels: 1024, out channels: 256

====================================================================================================
op type: SpatialBN
in channels: 256, out channels: 27.0

====================================================================================================
op type: Relu
in channels: 27.0, out channels: 27.0

====================================================================================================
C_in: 27.0, old_in: 256
op type: Conv
in channels: 27.0, out channels: 256

====================================================================================================
op type: SpatialBN
in channels: 256, out channels: 25.0

====================================================================================================
op type: Relu
in channels: 25.0, out channels: 25.0

====================================================================================================
op type: Conv
in channels: 25.0, out channels: 1024

====================================================================================================
op type: SpatialBN
in channels: 25.0, out channels: 1024

====================================================================================================
op type: Sum
in channels: 25.0, out channels: 1024

====================================================================================================
op type: Relu
in channels: 1024, out channels: 1024

====================================================================================================
op type: Conv
in channels: 1024, out channels: 256

====================================================================================================
op type: SpatialBN
in channels: 256, out channels: 18.0

====================================================================================================
op type: Relu
in channels: 18.0, out channels: 18.0

====================================================================================================
C_in: 18.0, old_in: 256
op type: Conv
in channels: 18.0, out channels: 256

====================================================================================================
op type: SpatialBN
in channels: 256, out channels: 23.0

====================================================================================================
op type: Relu
in channels: 23.0, out channels: 23.0

====================================================================================================
op type: Conv
in channels: 23.0, out channels: 1024

====================================================================================================
op type: SpatialBN
in channels: 23.0, out channels: 1024

====================================================================================================
op type: Sum
in channels: 23.0, out channels: 1024

====================================================================================================
op type: Relu
in channels: 1024, out channels: 1024

====================================================================================================
op type: Conv
in channels: 1024, out channels: 256

====================================================================================================
op type: SpatialBN
in channels: 256, out channels: 11.0

====================================================================================================
op type: Relu
in channels: 11.0, out channels: 11.0

====================================================================================================
C_in: 11.0, old_in: 256
op type: Conv
in channels: 11.0, out channels: 256

====================================================================================================
op type: SpatialBN
in channels: 256, out channels: 51.0

====================================================================================================
op type: Relu
in channels: 51.0, out channels: 51.0

====================================================================================================
op type: Conv
in channels: 51.0, out channels: 1024

====================================================================================================
op type: SpatialBN
in channels: 51.0, out channels: 1024

====================================================================================================
op type: Sum
in channels: 51.0, out channels: 1024

====================================================================================================
op type: Relu
in channels: 1024, out channels: 1024

====================================================================================================
op type: Conv
in channels: 1024, out channels: 256

====================================================================================================
op type: SpatialBN
in channels: 256, out channels: 4.0

====================================================================================================
op type: Relu
in channels: 4.0, out channels: 4.0

====================================================================================================
C_in: 4.0, old_in: 256
op type: Conv
in channels: 4.0, out channels: 256

====================================================================================================
op type: SpatialBN
in channels: 256, out channels: 20.0

====================================================================================================
op type: Relu
in channels: 20.0, out channels: 20.0

====================================================================================================
op type: Conv
in channels: 20.0, out channels: 1024

====================================================================================================
op type: SpatialBN
in channels: 20.0, out channels: 1024

====================================================================================================
op type: Sum
in channels: 20.0, out channels: 1024

====================================================================================================
op type: Relu
in channels: 1024, out channels: 1024

====================================================================================================
op type: Conv
in channels: 1024, out channels: 256

====================================================================================================
op type: SpatialBN
in channels: 256, out channels: 12.0

====================================================================================================
op type: Relu
in channels: 12.0, out channels: 12.0

====================================================================================================
C_in: 12.0, old_in: 256
op type: Conv
in channels: 12.0, out channels: 256

====================================================================================================
op type: SpatialBN
in channels: 256, out channels: 33.0

====================================================================================================
op type: Relu
in channels: 33.0, out channels: 33.0

====================================================================================================
op type: Conv
in channels: 33.0, out channels: 1024

====================================================================================================
op type: SpatialBN
in channels: 33.0, out channels: 1024

====================================================================================================
op type: Sum
in channels: 33.0, out channels: 1024

====================================================================================================
op type: Relu
in channels: 1024, out channels: 1024

====================================================================================================
op type: Conv
in channels: 1024, out channels: 2048

====================================================================================================
op type: SpatialBN
in channels: 1024, out channels: 2048

====================================================================================================
op type: Conv
in channels: 1024, out channels: 512

====================================================================================================
op type: SpatialBN
in channels: 512, out channels: 3.0

====================================================================================================
op type: Relu
in channels: 3.0, out channels: 3.0

====================================================================================================
C_in: 3.0, old_in: 512
op type: Conv
in channels: 3.0, out channels: 512

====================================================================================================
op type: SpatialBN
in channels: 512, out channels: 14.0

====================================================================================================
op type: Relu
in channels: 14.0, out channels: 14.0

====================================================================================================
op type: Conv
in channels: 14.0, out channels: 2048

====================================================================================================
op type: SpatialBN
in channels: 14.0, out channels: 2048

====================================================================================================
op type: Sum
in channels: 14.0, out channels: 2048

====================================================================================================
op type: Relu
in channels: 2048, out channels: 2048

====================================================================================================
op type: Conv
in channels: 2048, out channels: 512

====================================================================================================
op type: SpatialBN
in channels: 512, out channels: 6.0

====================================================================================================
op type: Relu
in channels: 6.0, out channels: 6.0

====================================================================================================
C_in: 6.0, old_in: 512
op type: Conv
in channels: 6.0, out channels: 512

====================================================================================================
op type: SpatialBN
in channels: 512, out channels: 3.0

====================================================================================================
op type: Relu
in channels: 3.0, out channels: 3.0

====================================================================================================
op type: Conv
in channels: 3.0, out channels: 2048

====================================================================================================
op type: SpatialBN
in channels: 3.0, out channels: 2048

====================================================================================================
op type: Sum
in channels: 3.0, out channels: 2048

====================================================================================================
op type: Relu
in channels: 2048, out channels: 2048

====================================================================================================
op type: Conv
in channels: 2048, out channels: 512

====================================================================================================
op type: SpatialBN
in channels: 512, out channels: 2.0

====================================================================================================
op type: Relu
in channels: 2.0, out channels: 2.0

====================================================================================================
C_in: 2.0, old_in: 512
op type: Conv
in channels: 2.0, out channels: 512

====================================================================================================
op type: SpatialBN
in channels: 512, out channels: 0.0

====================================================================================================
op type: Relu
in channels: 0.0, out channels: 0.0

====================================================================================================
op type: Conv
in channels: 0.0, out channels: 2048

====================================================================================================
op type: SpatialBN
in channels: 0.0, out channels: 2048

====================================================================================================
op type: Sum
in channels: 0.0, out channels: 2048

====================================================================================================
op type: Relu
in channels: 2048, out channels: 2048

====================================================================================================
op type: AveragePool
in channels: 2048, out channels: 2048

====================================================================================================
op type: FC
in channels: 2048, out channels: 2048

====================================================================================================
op type: Relu
in channels: 2048, out channels: 2048

====================================================================================================
op type: FC
in channels: 2048, out channels: 2048

====================================================================================================
op type: Sigmoid
in channels: 2048, out channels: 2048

====================================================================================================
op type: Mul
in channels: 2048, out channels: 2048

====================================================================================================
op type: AveragePool
in channels: 2048, out channels: 2048

====================================================================================================
op type: FC
in channels: 2048, out channels: 2048

====================================================================================================
op type: AveragePool
in channels: 2048, out channels: 2048

====================================================================================================
op type: FC
in channels: 2048, out channels: 2048

====================================================================================================
op type: Relu
in channels: 2048, out channels: 2048

====================================================================================================
op type: FC
in channels: 2048, out channels: 2048

====================================================================================================
op type: Sigmoid
in channels: 2048, out channels: 2048

====================================================================================================
op type: Mul
in channels: 2048, out channels: 2048

====================================================================================================
op type: AveragePool
in channels: 2048, out channels: 2048

====================================================================================================
op type: FC
in channels: 2048, out channels: 2048

====================================================================================================
op type: Concat
in channels: 2048, out channels: 2048

====================================================================================================
op type: FC
in channels: 2048, out channels: 2048

====================================================================================================
op type: SoftmaxWithLoss
in channels: 2048, out channels: 2048

====================================================================================================
op type: Split
in channels: 2048, out channels: 2048

====================================================================================================
op type: Sub
in channels: 2048, out channels: 2048

====================================================================================================
op type: Abs
in channels: 2048, out channels: 2048

====================================================================================================
op type: Mul
in channels: 2048, out channels: 2048

====================================================================================================
op type: ReduceBackSum
in channels: 2048, out channels: 2048

====================================================================================================
op type: Sqrt
in channels: 2048, out channels: 2048

====================================================================================================
op type: ReduceBackSum
in channels: 2048, out channels: 2048

====================================================================================================
op type: GivenTensorFill
in channels: 2048, out channels: 2048

====================================================================================================
op type: Div
in channels: 2048, out channels: 2048

====================================================================================================
op type: ConstantFill
in channels: 2048, out channels: 2048

====================================================================================================
op type: Mul
in channels: 2048, out channels: 2048

====================================================================================================
op type: Sum
in channels: 2048, out channels: 2048

====================================================================================================
op type: Accuracy
in channels: 2048, out channels: 2048

====================================================================================================
op type: Accuracy
in channels: 2048, out channels: 2048





new weights_map:

res2_0_branch2a_bn_s : [22]
res2_0_branch2b_bn_rm : [7]
res_conv1_bn_b : [64]
res2_2_branch2a_bn_rm : [23]
res2_2_branch2b_bn_rm : [32]
res4_3_branch2a_bn_b : [11]
res2_1_branch2a_bn_s : [24]
res2_2_branch2a_w : [ 23 256   1   1]
res3_2_branch2c_bn_b : [512]
res5_0_branch2c_bn_s : [2048]
res2_0_branch2a_bn_b : [22]
res_conv1_bn_s : [64]
res5_2_branch2a_bn_rm : [2]
res4_5_branch2b_bn_rm : [33]
res5_0_branch1_bn_riv : [2048]
res2_1_branch2a_bn_b : [24]
res2_1_branch2c_w : [256  64   1   1]
res4_2_branch2c_w : [1024  256    1    1]
res3_1_branch2b_w : [57 15  3  3]
res3_2_branch2c_bn_s : [512]
res3_1_branch2b_bn_riv : [57]
res3_1_branch2a_bn_rm : [15]
res4_4_branch2b_w : [20  4  3  3]
res4_4_branch2c_bn_rm : [1024]
res3_1_branch2b_bn_b : [57]
bi_attention_pred_b : [100]
res3_1_branch2c_bn_b : [512]
res5_2_branch2b_w : [0 2 3 3]
res4_3_branch2a_bn_rm : [11]
res2_1_branch2c_bn_b : [256]
res2_0_branch2b_bn_b : [7]
res4_0_branch2a_bn_s : [79]
res3_2_branch2b_bn_b : [90]
res3_3_branch2a_w : [ 20 512   1   1]
bi_attention_pred_w : [ 100 2048]
res3_1_branch2b_bn_s : [57]
res3_1_branch2c_bn_s : [512]
res4_0_branch2a_bn_rm : [79]
res5_1_branch2c_w : [2048  512    1    1]
res2_1_branch2c_bn_s : [256]
res2_0_branch2b_bn_s : [7]
res3_2_branch2b_bn_s : [90]
res4_0_branch2a_bn_b : [79]
res4_0_branch2c_bn_b : [1024]
res5_2_branch2b_bn_rm : [0]
res2_1_branch2b_bn_riv : [22]
res3_1_branch2b_bn_rm : [57]
res3_3_branch2b_bn_s : [43]
res5_1_branch2c_bn_s : [2048]
res4_2_branch2a_w : [  18 1024    1    1]
osme_fc1_2_w : [ 128 2048]
conv1_b : [64]
res2_0_branch2c_bn_b : [256]
res4_0_branch2c_bn_s : [1024]
res4_3_branch2b_bn_rm : [51]
res5_0_branch2b_bn_s : [14]
res3_3_branch2b_bn_b : [43]
res4_3_branch2c_bn_riv : [1024]
res5_1_branch2c_bn_b : [2048]
res2_0_branch1_bn_rm : [256]
res4_1_branch2a_bn_riv : [27]
conv1_w : [64  3  7  7]
res3_0_branch2b_bn_b : [71]
res4_3_branch2b_w : [51 11  3  3]
osme_fc2_2_w : [2048  128]
osme_fc2_1_w : [2048  128]
res2_1_branch2b_bn_rm : [22]
res4_1_branch2c_bn_b : [1024]
res3_2_branch2a_w : [ 29 512   1   1]
res4_1_branch2b_bn_b : [25]
res5_0_branch2c_bn_b : [2048]
res4_5_branch2c_w : [1024  256    1    1]
res2_0_branch1_w : [256  64   1   1]
res4_4_branch2b_bn_riv : [20]
res2_1_branch2c_bn_rm : [256]
res3_2_branch2c_w : [512 128   1   1]
res3_0_branch2b_bn_s : [71]
res4_1_branch2c_bn_s : [1024]
res4_1_branch2b_bn_s : [25]
res4_0_branch2c_bn_rm : [1024]
res2_2_branch2a_bn_riv : [23]
res5_0_branch2b_w : [14  3  3  3]
res4_1_branch2c_bn_riv : [1024]
attention_1_b : [1024]
res4_4_branch2a_bn_s : [4]
res4_5_branch2c_bn_rm : [1024]
res4_0_branch2b_bn_rm : [45]
res4_5_branch2a_w : [  12 1024    1    1]
res2_0_branch1_bn_riv : [256]
res4_2_branch2b_bn_s : [23]
res2_2_branch2a_bn_b : [23]
res_conv1_bn_riv : [64]
res4_4_branch2a_bn_b : [4]
res4_3_branch2a_bn_s : [11]
res4_0_branch2c_bn_riv : [1024]
res4_2_branch2b_bn_b : [23]
res2_2_branch2a_bn_s : [23]
res2_0_branch2a_bn_riv : [22]
res3_0_branch2b_bn_rm : [71]
res4_4_branch2a_bn_riv : [4]
res5_0_branch2a_bn_rm : [3]
res5_2_branch2a_bn_riv : [2]
res5_1_branch2b_bn_riv : [3]
res5_1_branch2c_bn_riv : [2048]
osme_fc2_2_b : [2048]
osme_fc1_2_b : [128]
res4_5_branch2b_bn_riv : [33]
res5_2_branch2c_bn_s : [2048]
res3_2_branch2a_bn_rm : [29]
res5_1_branch2a_bn_rm : [6]
res4_2_branch2c_bn_rm : [1024]
res2_0_branch2c_w : [256  64   1   1]
res5_0_branch2a_bn_b : [3]
res3_2_branch2a_bn_s : [29]
res3_0_branch2c_bn_rm : [512]
res5_2_branch2c_bn_b : [2048]
res4_0_branch2b_w : [45 79  3  3]
res3_3_branch2c_w : [512 128   1   1]
res5_2_branch2a_w : [   2 2048    1    1]
res5_2_branch2c_bn_rm : [2048]
res3_2_branch2a_bn_b : [29]
res5_0_branch2a_bn_s : [3]
res4_1_branch2b_bn_riv : [25]
res3_0_branch2a_bn_s : [60]
res4_4_branch2b_bn_b : [20]
res4_3_branch2b_bn_riv : [51]
res4_2_branch2c_bn_riv : [1024]
attention_1_w : [1024 2048]
res3_2_branch2b_w : [90 29  3  3]
res4_1_branch2a_bn_s : [27]
osme_fc1_1_w : [ 128 2048]
res4_0_branch2b_bn_b : [45]
res3_0_branch2a_bn_b : [60]
res4_4_branch2b_bn_s : [20]
res2_2_branch2b_bn_riv : [32]
res2_1_branch2a_w : [ 24 256   1   1]
osme_fc1_1_b : [128]
res2_2_branch2c_w : [256  64   1   1]
res4_0_branch1_w : [1024  512    1    1]
res4_0_branch2b_bn_s : [45]
res3_3_branch2a_bn_riv : [20]
res4_2_branch2a_bn_b : [18]
res4_5_branch2a_bn_rm : [12]
res3_2_branch2c_bn_rm : [512]
res5_2_branch2b_bn_s : [0]
res2_0_branch2a_bn_rm : [22]
res5_0_branch2b_bn_riv : [14]
res3_1_branch2a_bn_b : [15]
res3_3_branch2b_bn_rm : [43]
res4_3_branch2c_bn_s : [1024]
res3_0_branch1_w : [512 256   1   1]
res4_2_branch2a_bn_s : [18]
res5_2_branch2b_bn_b : [0]
res3_1_branch2a_bn_s : [15]
res4_3_branch2c_bn_b : [1024]
osme_fc2_1_b : [2048]
res4_5_branch2b_w : [33 12  3  3]
res5_0_branch2b_bn_b : [14]
res5_2_branch2a_bn_b : [2]
res5_0_branch2c_bn_riv : [2048]
res5_1_branch2a_bn_s : [6]
res3_3_branch2a_bn_rm : [20]
res4_0_branch2a_bn_riv : [79]
res3_3_branch2c_bn_riv : [512]
res2_1_branch2a_bn_rm : [24]
res2_0_branch1_bn_s : [256]
res2_2_branch2b_bn_s : [32]
res5_2_branch2a_bn_s : [2]
res_conv1_bn_rm : [64]
res5_1_branch2a_bn_b : [6]
res2_0_branch2c_bn_riv : [256]
res3_2_branch2b_bn_rm : [90]
res2_0_branch1_bn_b : [256]
res2_2_branch2b_bn_b : [32]
res2_2_branch2c_bn_s : [256]
res4_2_branch2b_bn_riv : [23]
res4_1_branch2a_bn_b : [27]
res4_0_branch1_bn_rm : [1024]
res4_0_branch1_bn_s : [1024]
res5_0_branch1_bn_s : [2048]
res4_2_branch2a_bn_rm : [18]
res4_0_branch2c_w : [1024  256    1    1]
res4_1_branch2a_w : [  27 1024    1    1]
res5_0_branch2c_bn_rm : [2048]
res2_2_branch2c_bn_b : [256]
res2_0_branch2b_w : [ 7 22  3  3]
res3_0_branch1_bn_rm : [512]
res4_0_branch1_bn_b : [1024]
res4_1_branch2c_bn_rm : [1024]
res5_0_branch1_bn_b : [2048]
res4_0_branch2a_w : [ 79 512   1   1]
res4_1_branch2c_w : [1024  256    1    1]
res2_1_branch2b_bn_s : [22]
res4_2_branch2b_w : [23 18  3  3]
attention_2_w : [1024 2048]
res3_0_branch1_bn_b : [512]
res3_3_branch2c_bn_b : [512]
res3_0_branch1_bn_riv : [512]
res4_2_branch2a_bn_riv : [18]
res4_1_branch2a_bn_rm : [27]
res5_1_branch2b_w : [3 6 3 3]
res3_0_branch2c_bn_riv : [512]
attention_2_b : [1024]
res4_5_branch2c_bn_riv : [1024]
res4_4_branch2c_bn_riv : [1024]
res3_0_branch1_bn_s : [512]
res3_3_branch2c_bn_rm : [512]
res3_3_branch2c_bn_s : [512]
res3_0_branch2a_bn_riv : [60]
res3_3_branch2b_bn_riv : [43]
res5_1_branch2a_w : [   6 2048    1    1]
res3_1_branch2a_w : [ 15 512   1   1]
res2_2_branch2b_w : [32 23  3  3]
res3_3_branch2a_bn_b : [20]
res2_1_branch2c_bn_riv : [256]
res4_5_branch2b_bn_b : [33]
res2_1_branch2b_w : [22 24  3  3]
res4_1_branch2b_bn_rm : [25]
res3_1_branch2c_w : [512 128   1   1]
res3_2_branch2a_bn_riv : [29]
res3_3_branch2a_bn_s : [20]
res3_0_branch2b_w : [71 60  3  3]
res4_5_branch2a_bn_riv : [12]
res4_5_branch2b_bn_s : [33]
res2_1_branch2a_bn_riv : [24]
res3_1_branch2c_bn_riv : [512]
res5_1_branch2a_bn_riv : [6]
res3_0_branch2c_bn_b : [512]
res3_0_branch2a_bn_rm : [60]
res4_4_branch2c_bn_b : [1024]
res5_0_branch2a_bn_riv : [3]
res2_2_branch2c_bn_rm : [256]
res5_2_branch2c_bn_riv : [2048]
res3_3_branch2b_w : [43 20  3  3]
res5_2_branch2b_bn_riv : [0]
res4_2_branch2b_bn_rm : [23]
res5_2_branch2c_w : [2048  512    1    1]
res3_0_branch2c_bn_s : [512]
res4_4_branch2c_bn_s : [1024]
res4_4_branch2a_w : [   4 1024    1    1]
res5_0_branch2b_bn_rm : [14]
res2_0_branch2a_w : [22 64  1  1]
res4_4_branch2b_bn_rm : [20]
res5_1_branch2b_bn_rm : [3]
res4_3_branch2a_bn_riv : [11]
res5_0_branch2c_w : [2048  512    1    1]
res5_1_branch2b_bn_b : [3]
res4_3_branch2a_w : [  11 1024    1    1]
res3_1_branch2a_bn_riv : [15]
res5_0_branch1_bn_rm : [2048]
res4_3_branch2c_bn_rm : [1024]
res3_2_branch2b_bn_riv : [90]
res2_1_branch2b_bn_b : [22]
res2_0_branch2b_bn_riv : [7]
res4_1_branch2b_w : [25 27  3  3]
res5_1_branch2b_bn_s : [3]
res4_4_branch2c_w : [1024  256    1    1]
res2_0_branch2c_bn_rm : [256]
res5_1_branch2c_bn_rm : [2048]
res4_0_branch2b_bn_riv : [45]
res3_0_branch2c_w : [512 128   1   1]
res2_2_branch2c_bn_riv : [256]
res4_0_branch1_bn_riv : [1024]
res5_0_branch1_w : [2048 1024    1    1]
res3_1_branch2c_bn_rm : [512]
res4_5_branch2c_bn_b : [1024]
res4_3_branch2c_w : [1024  256    1    1]
res4_5_branch2a_bn_s : [12]
res4_3_branch2b_bn_s : [51]
res4_2_branch2c_bn_s : [1024]
res4_4_branch2a_bn_rm : [4]
res3_2_branch2c_bn_riv : [512]
res5_0_branch2a_w : [   3 1024    1    1]
res4_5_branch2c_bn_s : [1024]
res4_5_branch2a_bn_b : [12]
res4_2_branch2c_bn_b : [1024]
res2_0_branch2c_bn_s : [256]
res4_3_branch2b_bn_b : [51]
res3_0_branch2b_bn_riv : [71]
res3_0_branch2a_w : [ 60 256   1   1]
++++++++++++++++++++++++++++++++++++++++++++++++++++++++++++++++++++++++++++++++++++++++++++++++++++
computing the params and FLOPs of network
====================================================================================================
feature map shape: (N, 3, 224, 224)

====================================================================================================
feature map shape: (N, 3, 224, 224)

====================================================================================================
feature map shape: (N, 3, 224, 224)

====================================================================================================
conv_params: 9472.0, conv_flops: 118816768.0
feature map shape: (N, 64, 112.0, 112.0)

====================================================================================================
bn_params: 128, bn_flops: 802816.0
feature map shape: (N, 64, 112.0, 112.0)

====================================================================================================
feature map shape: (N, 64, 112.0, 112.0)

====================================================================================================
feature map shape: (N, 64, 56.0, 56.0)

====================================================================================================
conv_params: 16640.0, conv_flops: 52183040.0
feature map shape: (N, 256, 56.0, 56.0)

====================================================================================================
bn_params: 512, bn_flops: 802816.0
feature map shape: (N, 256, 56.0, 56.0)

====================================================================================================
conv_params: 1430.0, conv_flops: 4484480.0
feature map shape: (N, 22, 56.0, 56.0)

====================================================================================================
bn_params: 44, bn_flops: 68992.0
feature map shape: (N, 22, 56.0, 56.0)

====================================================================================================
feature map shape: (N, 22, 56.0, 56.0)

====================================================================================================
conv_params: 1393.0, conv_flops: 4368448.0
feature map shape: (N, 7, 56.0, 56.0)

====================================================================================================
bn_params: 14, bn_flops: 21952.0
feature map shape: (N, 7, 56.0, 56.0)

====================================================================================================
feature map shape: (N, 7, 56.0, 56.0)

====================================================================================================
conv_params: 16640.0, conv_flops: 52183040.0
feature map shape: (N, 256, 56.0, 56.0)

====================================================================================================
bn_params: 512, bn_flops: 802816.0
feature map shape: (N, 256, 56.0, 56.0)

====================================================================================================
feature map shape: (N, 256, 56.0, 56.0)

====================================================================================================
feature map shape: (N, 256, 56.0, 56.0)

====================================================================================================
conv_params: 6168.0, conv_flops: 19342848.0
feature map shape: (N, 24, 56.0, 56.0)

====================================================================================================
bn_params: 48, bn_flops: 75264.0
feature map shape: (N, 24, 56.0, 56.0)

====================================================================================================
feature map shape: (N, 24, 56.0, 56.0)

====================================================================================================
conv_params: 4774.0, conv_flops: 14971264.0
feature map shape: (N, 22, 56.0, 56.0)

====================================================================================================
bn_params: 44, bn_flops: 68992.0
feature map shape: (N, 22, 56.0, 56.0)

====================================================================================================
feature map shape: (N, 22, 56.0, 56.0)

====================================================================================================
conv_params: 16640.0, conv_flops: 52183040.0
feature map shape: (N, 256, 56.0, 56.0)

====================================================================================================
bn_params: 512, bn_flops: 802816.0
feature map shape: (N, 256, 56.0, 56.0)

====================================================================================================
feature map shape: (N, 256, 56.0, 56.0)

====================================================================================================
feature map shape: (N, 256, 56.0, 56.0)

====================================================================================================
conv_params: 5911.0, conv_flops: 18536896.0
feature map shape: (N, 23, 56.0, 56.0)

====================================================================================================
bn_params: 46, bn_flops: 72128.0
feature map shape: (N, 23, 56.0, 56.0)

====================================================================================================
feature map shape: (N, 23, 56.0, 56.0)

====================================================================================================
conv_params: 6656.0, conv_flops: 20873216.0
feature map shape: (N, 32, 56.0, 56.0)

====================================================================================================
bn_params: 64, bn_flops: 100352.0
feature map shape: (N, 32, 56.0, 56.0)

====================================================================================================
feature map shape: (N, 32, 56.0, 56.0)

====================================================================================================
conv_params: 16640.0, conv_flops: 52183040.0
feature map shape: (N, 256, 56.0, 56.0)

====================================================================================================
bn_params: 512, bn_flops: 802816.0
feature map shape: (N, 256, 56.0, 56.0)

====================================================================================================
feature map shape: (N, 256, 56.0, 56.0)

====================================================================================================
feature map shape: (N, 256, 56.0, 56.0)

====================================================================================================
conv_params: 131584.0, conv_flops: 103161856.0
feature map shape: (N, 512, 28.0, 28.0)

====================================================================================================
bn_params: 1024, bn_flops: 401408.0
feature map shape: (N, 512, 28.0, 28.0)

====================================================================================================
conv_params: 15420.0, conv_flops: 12089280.0
feature map shape: (N, 60, 28.0, 28.0)

====================================================================================================
bn_params: 120, bn_flops: 47040.0
feature map shape: (N, 60, 28.0, 28.0)

====================================================================================================
feature map shape: (N, 60, 28.0, 28.0)

====================================================================================================
conv_params: 38411.0, conv_flops: 30114224.0
feature map shape: (N, 71, 28.0, 28.0)

====================================================================================================
bn_params: 142, bn_flops: 55664.0
feature map shape: (N, 71, 28.0, 28.0)

====================================================================================================
feature map shape: (N, 71, 28.0, 28.0)

====================================================================================================
conv_params: 66048.0, conv_flops: 51781632.0
feature map shape: (N, 512, 28.0, 28.0)

====================================================================================================
bn_params: 1024, bn_flops: 401408.0
feature map shape: (N, 512, 28.0, 28.0)

====================================================================================================
feature map shape: (N, 512, 28.0, 28.0)

====================================================================================================
feature map shape: (N, 512, 28.0, 28.0)

====================================================================================================
conv_params: 7695.0, conv_flops: 6032880.0
feature map shape: (N, 15, 28.0, 28.0)

====================================================================================================
bn_params: 30, bn_flops: 11760.0
feature map shape: (N, 15, 28.0, 28.0)

====================================================================================================
feature map shape: (N, 15, 28.0, 28.0)

====================================================================================================
conv_params: 7752.0, conv_flops: 6077568.0
feature map shape: (N, 57, 28.0, 28.0)

====================================================================================================
bn_params: 114, bn_flops: 44688.0
feature map shape: (N, 57, 28.0, 28.0)

====================================================================================================
feature map shape: (N, 57, 28.0, 28.0)

====================================================================================================
conv_params: 66048.0, conv_flops: 51781632.0
feature map shape: (N, 512, 28.0, 28.0)

====================================================================================================
bn_params: 1024, bn_flops: 401408.0
feature map shape: (N, 512, 28.0, 28.0)

====================================================================================================
feature map shape: (N, 512, 28.0, 28.0)

====================================================================================================
feature map shape: (N, 512, 28.0, 28.0)

====================================================================================================
conv_params: 14877.0, conv_flops: 11663568.0
feature map shape: (N, 29, 28.0, 28.0)

====================================================================================================
bn_params: 58, bn_flops: 22736.0
feature map shape: (N, 29, 28.0, 28.0)

====================================================================================================
feature map shape: (N, 29, 28.0, 28.0)

====================================================================================================
conv_params: 23580.0, conv_flops: 18486720.0
feature map shape: (N, 90, 28.0, 28.0)

====================================================================================================
bn_params: 180, bn_flops: 70560.0
feature map shape: (N, 90, 28.0, 28.0)

====================================================================================================
feature map shape: (N, 90, 28.0, 28.0)

====================================================================================================
conv_params: 66048.0, conv_flops: 51781632.0
feature map shape: (N, 512, 28.0, 28.0)

====================================================================================================
bn_params: 1024, bn_flops: 401408.0
feature map shape: (N, 512, 28.0, 28.0)

====================================================================================================
feature map shape: (N, 512, 28.0, 28.0)

====================================================================================================
feature map shape: (N, 512, 28.0, 28.0)

====================================================================================================
conv_params: 10260.0, conv_flops: 8043840.0
feature map shape: (N, 20, 28.0, 28.0)

====================================================================================================
bn_params: 40, bn_flops: 15680.0
feature map shape: (N, 20, 28.0, 28.0)

====================================================================================================
feature map shape: (N, 20, 28.0, 28.0)

====================================================================================================
conv_params: 7783.0, conv_flops: 6101872.0
feature map shape: (N, 43, 28.0, 28.0)

====================================================================================================
bn_params: 86, bn_flops: 33712.0
feature map shape: (N, 43, 28.0, 28.0)

====================================================================================================
feature map shape: (N, 43, 28.0, 28.0)

====================================================================================================
conv_params: 66048.0, conv_flops: 51781632.0
feature map shape: (N, 512, 28.0, 28.0)

====================================================================================================
bn_params: 1024, bn_flops: 401408.0
feature map shape: (N, 512, 28.0, 28.0)

====================================================================================================
feature map shape: (N, 512, 28.0, 28.0)

====================================================================================================
feature map shape: (N, 512, 28.0, 28.0)

====================================================================================================
conv_params: 525312.0, conv_flops: 102961152.0
feature map shape: (N, 1024, 14.0, 14.0)

====================================================================================================
bn_params: 2048, bn_flops: 200704.0
feature map shape: (N, 1024, 14.0, 14.0)

====================================================================================================
conv_params: 40527.0, conv_flops: 7943292.0
feature map shape: (N, 79, 14.0, 14.0)

====================================================================================================
bn_params: 158, bn_flops: 15484.0
feature map shape: (N, 79, 14.0, 14.0)

====================================================================================================
feature map shape: (N, 79, 14.0, 14.0)

====================================================================================================
conv_params: 32040.0, conv_flops: 6279840.0
feature map shape: (N, 45, 14.0, 14.0)

====================================================================================================
bn_params: 90, bn_flops: 8820.0
feature map shape: (N, 45, 14.0, 14.0)

====================================================================================================
feature map shape: (N, 45, 14.0, 14.0)

====================================================================================================
conv_params: 263168.0, conv_flops: 51580928.0
feature map shape: (N, 1024, 14.0, 14.0)

====================================================================================================
bn_params: 2048, bn_flops: 200704.0
feature map shape: (N, 1024, 14.0, 14.0)

====================================================================================================
feature map shape: (N, 1024, 14.0, 14.0)

====================================================================================================
feature map shape: (N, 1024, 14.0, 14.0)

====================================================================================================
conv_params: 27675.0, conv_flops: 5424300.0
feature map shape: (N, 27, 14.0, 14.0)

====================================================================================================
bn_params: 54, bn_flops: 5292.0
feature map shape: (N, 27, 14.0, 14.0)

====================================================================================================
feature map shape: (N, 27, 14.0, 14.0)

====================================================================================================
conv_params: 6100.0, conv_flops: 1195600.0
feature map shape: (N, 25, 14.0, 14.0)

====================================================================================================
bn_params: 50, bn_flops: 4900.0
feature map shape: (N, 25, 14.0, 14.0)

====================================================================================================
feature map shape: (N, 25, 14.0, 14.0)

====================================================================================================
conv_params: 263168.0, conv_flops: 51580928.0
feature map shape: (N, 1024, 14.0, 14.0)

====================================================================================================
bn_params: 2048, bn_flops: 200704.0
feature map shape: (N, 1024, 14.0, 14.0)

====================================================================================================
feature map shape: (N, 1024, 14.0, 14.0)

====================================================================================================
feature map shape: (N, 1024, 14.0, 14.0)

====================================================================================================
conv_params: 18450.0, conv_flops: 3616200.0
feature map shape: (N, 18, 14.0, 14.0)

====================================================================================================
bn_params: 36, bn_flops: 3528.0
feature map shape: (N, 18, 14.0, 14.0)

====================================================================================================
feature map shape: (N, 18, 14.0, 14.0)

====================================================================================================
conv_params: 3749.0, conv_flops: 734804.0
feature map shape: (N, 23, 14.0, 14.0)

====================================================================================================
bn_params: 46, bn_flops: 4508.0
feature map shape: (N, 23, 14.0, 14.0)

====================================================================================================
feature map shape: (N, 23, 14.0, 14.0)

====================================================================================================
conv_params: 263168.0, conv_flops: 51580928.0
feature map shape: (N, 1024, 14.0, 14.0)

====================================================================================================
bn_params: 2048, bn_flops: 200704.0
feature map shape: (N, 1024, 14.0, 14.0)

====================================================================================================
feature map shape: (N, 1024, 14.0, 14.0)

====================================================================================================
feature map shape: (N, 1024, 14.0, 14.0)

====================================================================================================
conv_params: 11275.0, conv_flops: 2209900.0
feature map shape: (N, 11, 14.0, 14.0)

====================================================================================================
bn_params: 22, bn_flops: 2156.0
feature map shape: (N, 11, 14.0, 14.0)

====================================================================================================
feature map shape: (N, 11, 14.0, 14.0)

====================================================================================================
conv_params: 5100.0, conv_flops: 999600.0
feature map shape: (N, 51, 14.0, 14.0)

====================================================================================================
bn_params: 102, bn_flops: 9996.0
feature map shape: (N, 51, 14.0, 14.0)

====================================================================================================
feature map shape: (N, 51, 14.0, 14.0)

====================================================================================================
conv_params: 263168.0, conv_flops: 51580928.0
feature map shape: (N, 1024, 14.0, 14.0)

====================================================================================================
bn_params: 2048, bn_flops: 200704.0
feature map shape: (N, 1024, 14.0, 14.0)

====================================================================================================
feature map shape: (N, 1024, 14.0, 14.0)

====================================================================================================
feature map shape: (N, 1024, 14.0, 14.0)

====================================================================================================
conv_params: 4100.0, conv_flops: 803600.0
feature map shape: (N, 4, 14.0, 14.0)

====================================================================================================
bn_params: 8, bn_flops: 784.0
feature map shape: (N, 4, 14.0, 14.0)

====================================================================================================
feature map shape: (N, 4, 14.0, 14.0)

====================================================================================================
conv_params: 740.0, conv_flops: 145040.0
feature map shape: (N, 20, 14.0, 14.0)

====================================================================================================
bn_params: 40, bn_flops: 3920.0
feature map shape: (N, 20, 14.0, 14.0)

====================================================================================================
feature map shape: (N, 20, 14.0, 14.0)

====================================================================================================
conv_params: 263168.0, conv_flops: 51580928.0
feature map shape: (N, 1024, 14.0, 14.0)

====================================================================================================
bn_params: 2048, bn_flops: 200704.0
feature map shape: (N, 1024, 14.0, 14.0)

====================================================================================================
feature map shape: (N, 1024, 14.0, 14.0)

====================================================================================================
feature map shape: (N, 1024, 14.0, 14.0)

====================================================================================================
conv_params: 12300.0, conv_flops: 2410800.0
feature map shape: (N, 12, 14.0, 14.0)

====================================================================================================
bn_params: 24, bn_flops: 2352.0
feature map shape: (N, 12, 14.0, 14.0)

====================================================================================================
feature map shape: (N, 12, 14.0, 14.0)

====================================================================================================
conv_params: 3597.0, conv_flops: 705012.0
feature map shape: (N, 33, 14.0, 14.0)

====================================================================================================
bn_params: 66, bn_flops: 6468.0
feature map shape: (N, 33, 14.0, 14.0)

====================================================================================================
feature map shape: (N, 33, 14.0, 14.0)

====================================================================================================
conv_params: 263168.0, conv_flops: 51580928.0
feature map shape: (N, 1024, 14.0, 14.0)

====================================================================================================
bn_params: 2048, bn_flops: 200704.0
feature map shape: (N, 1024, 14.0, 14.0)

====================================================================================================
feature map shape: (N, 1024, 14.0, 14.0)

====================================================================================================
feature map shape: (N, 1024, 14.0, 14.0)

====================================================================================================
conv_params: 2099200.0, conv_flops: 102860800.0
feature map shape: (N, 2048, 7.0, 7.0)

====================================================================================================
bn_params: 4096, bn_flops: 100352.0
feature map shape: (N, 2048, 7.0, 7.0)

====================================================================================================
conv_params: 3075.0, conv_flops: 150675.0
feature map shape: (N, 3, 7.0, 7.0)

====================================================================================================
bn_params: 6, bn_flops: 147.0
feature map shape: (N, 3, 7.0, 7.0)

====================================================================================================
feature map shape: (N, 3, 7.0, 7.0)

====================================================================================================
conv_params: 392.0, conv_flops: 19208.0
feature map shape: (N, 14, 7.0, 7.0)

====================================================================================================
bn_params: 28, bn_flops: 686.0
feature map shape: (N, 14, 7.0, 7.0)

====================================================================================================
feature map shape: (N, 14, 7.0, 7.0)

====================================================================================================
conv_params: 1050624.0, conv_flops: 51480576.0
feature map shape: (N, 2048, 7.0, 7.0)

====================================================================================================
bn_params: 4096, bn_flops: 100352.0
feature map shape: (N, 2048, 7.0, 7.0)

====================================================================================================
feature map shape: (N, 2048, 7.0, 7.0)

====================================================================================================
feature map shape: (N, 2048, 7.0, 7.0)

====================================================================================================
conv_params: 12294.0, conv_flops: 602406.0
feature map shape: (N, 6, 7.0, 7.0)

====================================================================================================
bn_params: 12, bn_flops: 294.0
feature map shape: (N, 6, 7.0, 7.0)

====================================================================================================
feature map shape: (N, 6, 7.0, 7.0)

====================================================================================================
conv_params: 165.0, conv_flops: 8085.0
feature map shape: (N, 3, 7.0, 7.0)

====================================================================================================
bn_params: 6, bn_flops: 147.0
feature map shape: (N, 3, 7.0, 7.0)

====================================================================================================
feature map shape: (N, 3, 7.0, 7.0)

====================================================================================================
conv_params: 1050624.0, conv_flops: 51480576.0
feature map shape: (N, 2048, 7.0, 7.0)

====================================================================================================
bn_params: 4096, bn_flops: 100352.0
feature map shape: (N, 2048, 7.0, 7.0)

====================================================================================================
feature map shape: (N, 2048, 7.0, 7.0)

====================================================================================================
feature map shape: (N, 2048, 7.0, 7.0)

====================================================================================================
conv_params: 4098.0, conv_flops: 200802.0
feature map shape: (N, 2, 7.0, 7.0)

====================================================================================================
bn_params: 4, bn_flops: 98.0
feature map shape: (N, 2, 7.0, 7.0)

====================================================================================================
feature map shape: (N, 2, 7.0, 7.0)

====================================================================================================
conv_params: 0.0, conv_flops: 0.0
feature map shape: (N, 0, 7.0, 7.0)

====================================================================================================
bn_params: 0, bn_flops: 0.0
feature map shape: (N, 0, 7.0, 7.0)

====================================================================================================
feature map shape: (N, 0, 7.0, 7.0)

====================================================================================================
conv_params: 1050624.0, conv_flops: 51480576.0
feature map shape: (N, 2048, 7.0, 7.0)

====================================================================================================
bn_params: 4096, bn_flops: 100352.0
feature map shape: (N, 2048, 7.0, 7.0)

====================================================================================================
feature map shape: (N, 2048, 7.0, 7.0)

====================================================================================================
feature map shape: (N, 2048, 7.0, 7.0)

====================================================================================================
feature map shape: (N, 2048, 1.0, 1.0)

====================================================================================================
fc_params: 262144, fc_flops: 262144
feature map shape: (N, 128, 1.0, 1.0)

====================================================================================================
feature map shape: (N, 128, 1.0, 1.0)

====================================================================================================
fc_params: 262144, fc_flops: 262144
feature map shape: (N, 2048, 1.0, 1.0)

====================================================================================================
feature map shape: (N, 2048, 1.0, 1.0)

====================================================================================================
feature map shape: (N, 2048, 7.0, 7.0)

====================================================================================================
feature map shape: (N, 2048, 1.0, 1.0)

====================================================================================================
fc_params: 2097152, fc_flops: 2097152
feature map shape: (N, 1024, 1.0, 1.0)

====================================================================================================
feature map shape: (N, 1024, 1.0, 1.0)

====================================================================================================
fc_params: 262144, fc_flops: 262144
feature map shape: (N, 128, 1.0, 1.0)

====================================================================================================
feature map shape: (N, 128, 1.0, 1.0)

====================================================================================================
fc_params: 262144, fc_flops: 262144
feature map shape: (N, 2048, 1.0, 1.0)

====================================================================================================
feature map shape: (N, 2048, 1.0, 1.0)

====================================================================================================
feature map shape: (N, 2048, 7.0, 7.0)

====================================================================================================
feature map shape: (N, 2048, 1.0, 1.0)

====================================================================================================
fc_params: 2097152, fc_flops: 2097152
feature map shape: (N, 1024, 1.0, 1.0)

====================================================================================================
feature map shape: (N, 1024, 1.0, 1.0)

====================================================================================================
fc_params: 204800, fc_flops: 204800
feature map shape: (N, 100, 1.0, 1.0)

====================================================================================================
feature map shape: (N, 100, 1.0, 1.0)

====================================================================================================
feature map shape: (N, 100, 1.0, 1.0)

====================================================================================================
feature map shape: (N, 100, 1.0, 1.0)

====================================================================================================
feature map shape: (N, 100, 1.0, 1.0)

====================================================================================================
feature map shape: (N, 100, 1.0, 1.0)

====================================================================================================
feature map shape: (N, 100, 1.0, 1.0)

====================================================================================================
feature map shape: (N, 100, 1.0, 1.0)

====================================================================================================
feature map shape: (N, 100, 1.0, 1.0)

====================================================================================================
feature map shape: (N, 100, 1.0, 1.0)

====================================================================================================
feature map shape: (N, 100, 1.0, 1.0)

====================================================================================================
feature map shape: (N, 100, 1.0, 1.0)

====================================================================================================
feature map shape: (N, 100, 1.0, 1.0)

====================================================================================================
feature map shape: (N, 100, 1.0, 1.0)

====================================================================================================
feature map shape: (N, 100, 1.0, 1.0)

====================================================================================================
feature map shape: (N, 100, 1.0, 1.0)

params: 13652465.0, FLOPs: 1536277064.0
[INFO] finish running src/param_statistics.py, total_time is 6.048s
