[INFO] start running src/param_statistics.py ...
[INFO] start running initialize ...
[INFO] finish running initialize ...

[INFO] start running build_validation_model ...
[INFO] finish running build_validation_model ...

****************************************************************************************************
net work pruning...
****************************************************************************************************
bn layer name: res2_0_branch1_bn 	 layer total channels: 256 	 remainingchannels: 182.0 	 pruned rate: 28.91%
bn layer name: res2_0_branch2a_bn 	 layer total channels: 64 	 remainingchannels: 34.0 	 pruned rate: 46.88%
bn layer name: res2_0_branch2b_bn 	 layer total channels: 64 	 remainingchannels: 9.0 	 pruned rate: 85.94%
bn layer name: res2_0_branch2c_bn 	 layer total channels: 256 	 remainingchannels: 128.0 	 pruned rate: 50.00%
bn layer name: res2_1_branch2a_bn 	 layer total channels: 64 	 remainingchannels: 35.0 	 pruned rate: 45.31%
bn layer name: res2_1_branch2b_bn 	 layer total channels: 64 	 remainingchannels: 42.0 	 pruned rate: 34.38%
bn layer name: res2_1_branch2c_bn 	 layer total channels: 256 	 remainingchannels: 14.0 	 pruned rate: 94.53%
bn layer name: res2_2_branch2a_bn 	 layer total channels: 64 	 remainingchannels: 48.0 	 pruned rate: 25.00%
bn layer name: res2_2_branch2b_bn 	 layer total channels: 64 	 remainingchannels: 42.0 	 pruned rate: 34.38%
bn layer name: res2_2_branch2c_bn 	 layer total channels: 256 	 remainingchannels: 39.0 	 pruned rate: 84.77%
bn layer name: res3_0_branch1_bn 	 layer total channels: 512 	 remainingchannels: 131.0 	 pruned rate: 74.41%
bn layer name: res3_0_branch2a_bn 	 layer total channels: 128 	 remainingchannels: 99.0 	 pruned rate: 22.66%
bn layer name: res3_0_branch2b_bn 	 layer total channels: 128 	 remainingchannels: 91.0 	 pruned rate: 28.91%
bn layer name: res3_0_branch2c_bn 	 layer total channels: 512 	 remainingchannels: 102.0 	 pruned rate: 80.08%
bn layer name: res3_1_branch2a_bn 	 layer total channels: 128 	 remainingchannels: 38.0 	 pruned rate: 70.31%
bn layer name: res3_1_branch2b_bn 	 layer total channels: 128 	 remainingchannels: 79.0 	 pruned rate: 38.28%
bn layer name: res3_1_branch2c_bn 	 layer total channels: 512 	 remainingchannels: 42.0 	 pruned rate: 91.80%
bn layer name: res3_2_branch2a_bn 	 layer total channels: 128 	 remainingchannels: 79.0 	 pruned rate: 38.28%
bn layer name: res3_2_branch2b_bn 	 layer total channels: 128 	 remainingchannels: 106.0 	 pruned rate: 17.19%
bn layer name: res3_2_branch2c_bn 	 layer total channels: 512 	 remainingchannels: 44.0 	 pruned rate: 91.41%
bn layer name: res3_3_branch2a_bn 	 layer total channels: 128 	 remainingchannels: 60.0 	 pruned rate: 53.12%
bn layer name: res3_3_branch2b_bn 	 layer total channels: 128 	 remainingchannels: 80.0 	 pruned rate: 37.50%
bn layer name: res3_3_branch2c_bn 	 layer total channels: 512 	 remainingchannels: 13.0 	 pruned rate: 97.46%
bn layer name: res4_0_branch1_bn 	 layer total channels: 1024 	 remainingchannels: 100.0 	 pruned rate: 90.23%
bn layer name: res4_0_branch2a_bn 	 layer total channels: 256 	 remainingchannels: 175.0 	 pruned rate: 31.64%
bn layer name: res4_0_branch2b_bn 	 layer total channels: 256 	 remainingchannels: 123.0 	 pruned rate: 51.95%
bn layer name: res4_0_branch2c_bn 	 layer total channels: 1024 	 remainingchannels: 181.0 	 pruned rate: 82.32%
bn layer name: res4_1_branch2a_bn 	 layer total channels: 256 	 remainingchannels: 65.0 	 pruned rate: 74.61%
bn layer name: res4_1_branch2b_bn 	 layer total channels: 256 	 remainingchannels: 94.0 	 pruned rate: 63.28%
bn layer name: res4_1_branch2c_bn 	 layer total channels: 1024 	 remainingchannels: 40.0 	 pruned rate: 96.09%
bn layer name: res4_2_branch2a_bn 	 layer total channels: 256 	 remainingchannels: 61.0 	 pruned rate: 76.17%
bn layer name: res4_2_branch2b_bn 	 layer total channels: 256 	 remainingchannels: 83.0 	 pruned rate: 67.58%
bn layer name: res4_2_branch2c_bn 	 layer total channels: 1024 	 remainingchannels: 18.0 	 pruned rate: 98.24%
bn layer name: res4_3_branch2a_bn 	 layer total channels: 256 	 remainingchannels: 57.0 	 pruned rate: 77.73%
bn layer name: res4_3_branch2b_bn 	 layer total channels: 256 	 remainingchannels: 127.0 	 pruned rate: 50.39%
bn layer name: res4_3_branch2c_bn 	 layer total channels: 1024 	 remainingchannels: 49.0 	 pruned rate: 95.21%
bn layer name: res4_4_branch2a_bn 	 layer total channels: 256 	 remainingchannels: 41.0 	 pruned rate: 83.98%
bn layer name: res4_4_branch2b_bn 	 layer total channels: 256 	 remainingchannels: 86.0 	 pruned rate: 66.41%
bn layer name: res4_4_branch2c_bn 	 layer total channels: 1024 	 remainingchannels: 9.0 	 pruned rate: 99.12%
bn layer name: res4_5_branch2a_bn 	 layer total channels: 256 	 remainingchannels: 54.0 	 pruned rate: 78.91%
bn layer name: res4_5_branch2b_bn 	 layer total channels: 256 	 remainingchannels: 98.0 	 pruned rate: 61.72%
bn layer name: res4_5_branch2c_bn 	 layer total channels: 1024 	 remainingchannels: 9.0 	 pruned rate: 99.12%
bn layer name: res5_0_branch1_bn 	 layer total channels: 2048 	 remainingchannels: 2048.0 	 pruned rate: 0.00%
bn layer name: res5_0_branch2a_bn 	 layer total channels: 512 	 remainingchannels: 78.0 	 pruned rate: 84.77%
bn layer name: res5_0_branch2b_bn 	 layer total channels: 512 	 remainingchannels: 183.0 	 pruned rate: 64.26%
bn layer name: res5_0_branch2c_bn 	 layer total channels: 2048 	 remainingchannels: 2022.0 	 pruned rate: 1.27%
bn layer name: res5_1_branch2a_bn 	 layer total channels: 512 	 remainingchannels: 78.0 	 pruned rate: 84.77%
bn layer name: res5_1_branch2b_bn 	 layer total channels: 512 	 remainingchannels: 61.0 	 pruned rate: 88.09%
bn layer name: res5_1_branch2c_bn 	 layer total channels: 2048 	 remainingchannels: 1406.0 	 pruned rate: 31.35%
bn layer name: res5_2_branch2a_bn 	 layer total channels: 512 	 remainingchannels: 27.0 	 pruned rate: 94.73%
bn layer name: res5_2_branch2b_bn 	 layer total channels: 512 	 remainingchannels: 26.0 	 pruned rate: 94.92%
bn layer name: res5_2_branch2c_bn 	 layer total channels: 2048 	 remainingchannels: 1654.0 	 pruned rate: 19.24%
bn layer name: res_conv1_bn 	 layer total channels: 64 	 remainingchannels: 33.0 	 pruned rate: 48.44%
total pruned rate: 0.600037650602
====================================================================================================
op type: ImageInput
in channels: 3, out channels: 3

====================================================================================================
op type: StopGradient
in channels: 3, out channels: 3

====================================================================================================
op type: StopGradient
in channels: 3, out channels: 3

====================================================================================================
op type: Conv
in channels: 3, out channels: 64

====================================================================================================
op type: SpatialBN
in channels: 3, out channels: 64

====================================================================================================
op type: Relu
in channels: 3, out channels: 64

====================================================================================================
op type: MaxPool
in channels: 64, out channels: 64

====================================================================================================
op type: Conv
in channels: 64, out channels: 256

====================================================================================================
op type: SpatialBN
in channels: 64, out channels: 256

====================================================================================================
op type: Conv
in channels: 64, out channels: 64

====================================================================================================
op type: SpatialBN
in channels: 64, out channels: 34.0

====================================================================================================
op type: Relu
in channels: 34.0, out channels: 34.0

====================================================================================================
C_in: 34.0, old_in: 64
op type: Conv
in channels: 34.0, out channels: 64

====================================================================================================
op type: SpatialBN
in channels: 64, out channels: 9.0

====================================================================================================
op type: Relu
in channels: 9.0, out channels: 9.0

====================================================================================================
op type: Conv
in channels: 9.0, out channels: 256

====================================================================================================
op type: SpatialBN
in channels: 9.0, out channels: 256

====================================================================================================
op type: Sum
in channels: 9.0, out channels: 256

====================================================================================================
op type: Relu
in channels: 256, out channels: 256

====================================================================================================
op type: Conv
in channels: 256, out channels: 64

====================================================================================================
op type: SpatialBN
in channels: 64, out channels: 35.0

====================================================================================================
op type: Relu
in channels: 35.0, out channels: 35.0

====================================================================================================
C_in: 35.0, old_in: 64
op type: Conv
in channels: 35.0, out channels: 64

====================================================================================================
op type: SpatialBN
in channels: 64, out channels: 42.0

====================================================================================================
op type: Relu
in channels: 42.0, out channels: 42.0

====================================================================================================
op type: Conv
in channels: 42.0, out channels: 256

====================================================================================================
op type: SpatialBN
in channels: 42.0, out channels: 256

====================================================================================================
op type: Sum
in channels: 42.0, out channels: 256

====================================================================================================
op type: Relu
in channels: 256, out channels: 256

====================================================================================================
op type: Conv
in channels: 256, out channels: 64

====================================================================================================
op type: SpatialBN
in channels: 64, out channels: 48.0

====================================================================================================
op type: Relu
in channels: 48.0, out channels: 48.0

====================================================================================================
C_in: 48.0, old_in: 64
op type: Conv
in channels: 48.0, out channels: 64

====================================================================================================
op type: SpatialBN
in channels: 64, out channels: 42.0

====================================================================================================
op type: Relu
in channels: 42.0, out channels: 42.0

====================================================================================================
op type: Conv
in channels: 42.0, out channels: 256

====================================================================================================
op type: SpatialBN
in channels: 42.0, out channels: 256

====================================================================================================
op type: Sum
in channels: 42.0, out channels: 256

====================================================================================================
op type: Relu
in channels: 256, out channels: 256

====================================================================================================
op type: Conv
in channels: 256, out channels: 512

====================================================================================================
op type: SpatialBN
in channels: 256, out channels: 512

====================================================================================================
op type: Conv
in channels: 256, out channels: 128

====================================================================================================
op type: SpatialBN
in channels: 128, out channels: 99.0

====================================================================================================
op type: Relu
in channels: 99.0, out channels: 99.0

====================================================================================================
C_in: 99.0, old_in: 128
op type: Conv
in channels: 99.0, out channels: 128

====================================================================================================
op type: SpatialBN
in channels: 128, out channels: 91.0

====================================================================================================
op type: Relu
in channels: 91.0, out channels: 91.0

====================================================================================================
op type: Conv
in channels: 91.0, out channels: 512

====================================================================================================
op type: SpatialBN
in channels: 91.0, out channels: 512

====================================================================================================
op type: Sum
in channels: 91.0, out channels: 512

====================================================================================================
op type: Relu
in channels: 512, out channels: 512

====================================================================================================
op type: Conv
in channels: 512, out channels: 128

====================================================================================================
op type: SpatialBN
in channels: 128, out channels: 38.0

====================================================================================================
op type: Relu
in channels: 38.0, out channels: 38.0

====================================================================================================
C_in: 38.0, old_in: 128
op type: Conv
in channels: 38.0, out channels: 128

====================================================================================================
op type: SpatialBN
in channels: 128, out channels: 79.0

====================================================================================================
op type: Relu
in channels: 79.0, out channels: 79.0

====================================================================================================
op type: Conv
in channels: 79.0, out channels: 512

====================================================================================================
op type: SpatialBN
in channels: 79.0, out channels: 512

====================================================================================================
op type: Sum
in channels: 79.0, out channels: 512

====================================================================================================
op type: Relu
in channels: 512, out channels: 512

====================================================================================================
op type: Conv
in channels: 512, out channels: 128

====================================================================================================
op type: SpatialBN
in channels: 128, out channels: 79.0

====================================================================================================
op type: Relu
in channels: 79.0, out channels: 79.0

====================================================================================================
C_in: 79.0, old_in: 128
op type: Conv
in channels: 79.0, out channels: 128

====================================================================================================
op type: SpatialBN
in channels: 128, out channels: 106.0

====================================================================================================
op type: Relu
in channels: 106.0, out channels: 106.0

====================================================================================================
op type: Conv
in channels: 106.0, out channels: 512

====================================================================================================
op type: SpatialBN
in channels: 106.0, out channels: 512

====================================================================================================
op type: Sum
in channels: 106.0, out channels: 512

====================================================================================================
op type: Relu
in channels: 512, out channels: 512

====================================================================================================
op type: Conv
in channels: 512, out channels: 128

====================================================================================================
op type: SpatialBN
in channels: 128, out channels: 60.0

====================================================================================================
op type: Relu
in channels: 60.0, out channels: 60.0

====================================================================================================
C_in: 60.0, old_in: 128
op type: Conv
in channels: 60.0, out channels: 128

====================================================================================================
op type: SpatialBN
in channels: 128, out channels: 80.0

====================================================================================================
op type: Relu
in channels: 80.0, out channels: 80.0

====================================================================================================
op type: Conv
in channels: 80.0, out channels: 512

====================================================================================================
op type: SpatialBN
in channels: 80.0, out channels: 512

====================================================================================================
op type: Sum
in channels: 80.0, out channels: 512

====================================================================================================
op type: Relu
in channels: 512, out channels: 512

====================================================================================================
op type: Conv
in channels: 512, out channels: 1024

====================================================================================================
op type: SpatialBN
in channels: 512, out channels: 1024

====================================================================================================
op type: Conv
in channels: 512, out channels: 256

====================================================================================================
op type: SpatialBN
in channels: 256, out channels: 175.0

====================================================================================================
op type: Relu
in channels: 175.0, out channels: 175.0

====================================================================================================
C_in: 175.0, old_in: 256
op type: Conv
in channels: 175.0, out channels: 256

====================================================================================================
op type: SpatialBN
in channels: 256, out channels: 123.0

====================================================================================================
op type: Relu
in channels: 123.0, out channels: 123.0

====================================================================================================
op type: Conv
in channels: 123.0, out channels: 1024

====================================================================================================
op type: SpatialBN
in channels: 123.0, out channels: 1024

====================================================================================================
op type: Sum
in channels: 123.0, out channels: 1024

====================================================================================================
op type: Relu
in channels: 1024, out channels: 1024

====================================================================================================
op type: Conv
in channels: 1024, out channels: 256

====================================================================================================
op type: SpatialBN
in channels: 256, out channels: 65.0

====================================================================================================
op type: Relu
in channels: 65.0, out channels: 65.0

====================================================================================================
C_in: 65.0, old_in: 256
op type: Conv
in channels: 65.0, out channels: 256

====================================================================================================
op type: SpatialBN
in channels: 256, out channels: 94.0

====================================================================================================
op type: Relu
in channels: 94.0, out channels: 94.0

====================================================================================================
op type: Conv
in channels: 94.0, out channels: 1024

====================================================================================================
op type: SpatialBN
in channels: 94.0, out channels: 1024

====================================================================================================
op type: Sum
in channels: 94.0, out channels: 1024

====================================================================================================
op type: Relu
in channels: 1024, out channels: 1024

====================================================================================================
op type: Conv
in channels: 1024, out channels: 256

====================================================================================================
op type: SpatialBN
in channels: 256, out channels: 61.0

====================================================================================================
op type: Relu
in channels: 61.0, out channels: 61.0

====================================================================================================
C_in: 61.0, old_in: 256
op type: Conv
in channels: 61.0, out channels: 256

====================================================================================================
op type: SpatialBN
in channels: 256, out channels: 83.0

====================================================================================================
op type: Relu
in channels: 83.0, out channels: 83.0

====================================================================================================
op type: Conv
in channels: 83.0, out channels: 1024

====================================================================================================
op type: SpatialBN
in channels: 83.0, out channels: 1024

====================================================================================================
op type: Sum
in channels: 83.0, out channels: 1024

====================================================================================================
op type: Relu
in channels: 1024, out channels: 1024

====================================================================================================
op type: Conv
in channels: 1024, out channels: 256

====================================================================================================
op type: SpatialBN
in channels: 256, out channels: 57.0

====================================================================================================
op type: Relu
in channels: 57.0, out channels: 57.0

====================================================================================================
C_in: 57.0, old_in: 256
op type: Conv
in channels: 57.0, out channels: 256

====================================================================================================
op type: SpatialBN
in channels: 256, out channels: 127.0

====================================================================================================
op type: Relu
in channels: 127.0, out channels: 127.0

====================================================================================================
op type: Conv
in channels: 127.0, out channels: 1024

====================================================================================================
op type: SpatialBN
in channels: 127.0, out channels: 1024

====================================================================================================
op type: Sum
in channels: 127.0, out channels: 1024

====================================================================================================
op type: Relu
in channels: 1024, out channels: 1024

====================================================================================================
op type: Conv
in channels: 1024, out channels: 256

====================================================================================================
op type: SpatialBN
in channels: 256, out channels: 41.0

====================================================================================================
op type: Relu
in channels: 41.0, out channels: 41.0

====================================================================================================
C_in: 41.0, old_in: 256
op type: Conv
in channels: 41.0, out channels: 256

====================================================================================================
op type: SpatialBN
in channels: 256, out channels: 86.0

====================================================================================================
op type: Relu
in channels: 86.0, out channels: 86.0

====================================================================================================
op type: Conv
in channels: 86.0, out channels: 1024

====================================================================================================
op type: SpatialBN
in channels: 86.0, out channels: 1024

====================================================================================================
op type: Sum
in channels: 86.0, out channels: 1024

====================================================================================================
op type: Relu
in channels: 1024, out channels: 1024

====================================================================================================
op type: Conv
in channels: 1024, out channels: 256

====================================================================================================
op type: SpatialBN
in channels: 256, out channels: 54.0

====================================================================================================
op type: Relu
in channels: 54.0, out channels: 54.0

====================================================================================================
C_in: 54.0, old_in: 256
op type: Conv
in channels: 54.0, out channels: 256

====================================================================================================
op type: SpatialBN
in channels: 256, out channels: 98.0

====================================================================================================
op type: Relu
in channels: 98.0, out channels: 98.0

====================================================================================================
op type: Conv
in channels: 98.0, out channels: 1024

====================================================================================================
op type: SpatialBN
in channels: 98.0, out channels: 1024

====================================================================================================
op type: Sum
in channels: 98.0, out channels: 1024

====================================================================================================
op type: Relu
in channels: 1024, out channels: 1024

====================================================================================================
op type: Conv
in channels: 1024, out channels: 2048

====================================================================================================
op type: SpatialBN
in channels: 1024, out channels: 2048

====================================================================================================
op type: Conv
in channels: 1024, out channels: 512

====================================================================================================
op type: SpatialBN
in channels: 512, out channels: 78.0

====================================================================================================
op type: Relu
in channels: 78.0, out channels: 78.0

====================================================================================================
C_in: 78.0, old_in: 512
op type: Conv
in channels: 78.0, out channels: 512

====================================================================================================
op type: SpatialBN
in channels: 512, out channels: 183.0

====================================================================================================
op type: Relu
in channels: 183.0, out channels: 183.0

====================================================================================================
op type: Conv
in channels: 183.0, out channels: 2048

====================================================================================================
op type: SpatialBN
in channels: 183.0, out channels: 2048

====================================================================================================
op type: Sum
in channels: 183.0, out channels: 2048

====================================================================================================
op type: Relu
in channels: 2048, out channels: 2048

====================================================================================================
op type: Conv
in channels: 2048, out channels: 512

====================================================================================================
op type: SpatialBN
in channels: 512, out channels: 78.0

====================================================================================================
op type: Relu
in channels: 78.0, out channels: 78.0

====================================================================================================
C_in: 78.0, old_in: 512
op type: Conv
in channels: 78.0, out channels: 512

====================================================================================================
op type: SpatialBN
in channels: 512, out channels: 61.0

====================================================================================================
op type: Relu
in channels: 61.0, out channels: 61.0

====================================================================================================
op type: Conv
in channels: 61.0, out channels: 2048

====================================================================================================
op type: SpatialBN
in channels: 61.0, out channels: 2048

====================================================================================================
op type: Sum
in channels: 61.0, out channels: 2048

====================================================================================================
op type: Relu
in channels: 2048, out channels: 2048

====================================================================================================
op type: Conv
in channels: 2048, out channels: 512

====================================================================================================
op type: SpatialBN
in channels: 512, out channels: 27.0

====================================================================================================
op type: Relu
in channels: 27.0, out channels: 27.0

====================================================================================================
C_in: 27.0, old_in: 512
op type: Conv
in channels: 27.0, out channels: 512

====================================================================================================
op type: SpatialBN
in channels: 512, out channels: 26.0

====================================================================================================
op type: Relu
in channels: 26.0, out channels: 26.0

====================================================================================================
op type: Conv
in channels: 26.0, out channels: 2048

====================================================================================================
op type: SpatialBN
in channels: 26.0, out channels: 2048

====================================================================================================
op type: Sum
in channels: 26.0, out channels: 2048

====================================================================================================
op type: Relu
in channels: 2048, out channels: 2048

====================================================================================================
op type: AveragePool
in channels: 2048, out channels: 2048

====================================================================================================
op type: FC
in channels: 2048, out channels: 2048

====================================================================================================
op type: Relu
in channels: 2048, out channels: 2048

====================================================================================================
op type: FC
in channels: 2048, out channels: 2048

====================================================================================================
op type: Sigmoid
in channels: 2048, out channels: 2048

====================================================================================================
op type: Mul
in channels: 2048, out channels: 2048

====================================================================================================
op type: AveragePool
in channels: 2048, out channels: 2048

====================================================================================================
op type: FC
in channels: 2048, out channels: 2048

====================================================================================================
op type: AveragePool
in channels: 2048, out channels: 2048

====================================================================================================
op type: FC
in channels: 2048, out channels: 2048

====================================================================================================
op type: Relu
in channels: 2048, out channels: 2048

====================================================================================================
op type: FC
in channels: 2048, out channels: 2048

====================================================================================================
op type: Sigmoid
in channels: 2048, out channels: 2048

====================================================================================================
op type: Mul
in channels: 2048, out channels: 2048

====================================================================================================
op type: AveragePool
in channels: 2048, out channels: 2048

====================================================================================================
op type: FC
in channels: 2048, out channels: 2048

====================================================================================================
op type: Concat
in channels: 2048, out channels: 2048

====================================================================================================
op type: FC
in channels: 2048, out channels: 2048

====================================================================================================
op type: SoftmaxWithLoss
in channels: 2048, out channels: 2048

====================================================================================================
op type: Split
in channels: 2048, out channels: 2048

====================================================================================================
op type: Sub
in channels: 2048, out channels: 2048

====================================================================================================
op type: Abs
in channels: 2048, out channels: 2048

====================================================================================================
op type: Mul
in channels: 2048, out channels: 2048

====================================================================================================
op type: ReduceBackSum
in channels: 2048, out channels: 2048

====================================================================================================
op type: Sqrt
in channels: 2048, out channels: 2048

====================================================================================================
op type: ReduceBackSum
in channels: 2048, out channels: 2048

====================================================================================================
op type: GivenTensorFill
in channels: 2048, out channels: 2048

====================================================================================================
op type: Div
in channels: 2048, out channels: 2048

====================================================================================================
op type: ConstantFill
in channels: 2048, out channels: 2048

====================================================================================================
op type: Mul
in channels: 2048, out channels: 2048

====================================================================================================
op type: Sum
in channels: 2048, out channels: 2048

====================================================================================================
op type: Accuracy
in channels: 2048, out channels: 2048

====================================================================================================
op type: Accuracy
in channels: 2048, out channels: 2048





new weights_map:

res2_0_branch2a_bn_s : [34]
res2_0_branch2b_bn_rm : [9]
res_conv1_bn_b : [64]
res2_2_branch2a_bn_rm : [48]
res2_2_branch2b_bn_rm : [42]
res4_3_branch2a_bn_b : [57]
res2_1_branch2a_bn_s : [35]
res2_2_branch2a_w : [ 48 256   1   1]
res3_2_branch2c_bn_b : [512]
res5_0_branch2c_bn_s : [2048]
res2_0_branch2a_bn_b : [34]
res_conv1_bn_s : [64]
res5_2_branch2a_bn_rm : [27]
res4_5_branch2b_bn_rm : [98]
res5_0_branch1_bn_riv : [2048]
res2_1_branch2a_bn_b : [35]
res2_1_branch2c_w : [256  64   1   1]
res4_2_branch2c_w : [1024  256    1    1]
res3_1_branch2b_w : [79 38  3  3]
res3_2_branch2c_bn_s : [512]
res3_1_branch2b_bn_riv : [79]
res3_1_branch2a_bn_rm : [38]
res4_4_branch2b_w : [86 41  3  3]
res4_4_branch2c_bn_rm : [1024]
res3_1_branch2b_bn_b : [79]
bi_attention_pred_b : [100]
res3_1_branch2c_bn_b : [512]
res5_2_branch2b_w : [26 27  3  3]
res4_3_branch2a_bn_rm : [57]
res2_1_branch2c_bn_b : [256]
res2_0_branch2b_bn_b : [9]
res4_0_branch2a_bn_s : [175]
res3_2_branch2b_bn_b : [106]
res3_3_branch2a_w : [ 60 512   1   1]
bi_attention_pred_w : [ 100 2048]
res3_1_branch2b_bn_s : [79]
res3_1_branch2c_bn_s : [512]
res4_0_branch2a_bn_rm : [175]
res5_1_branch2c_w : [2048  512    1    1]
res2_1_branch2c_bn_s : [256]
res2_0_branch2b_bn_s : [9]
res3_2_branch2b_bn_s : [106]
res4_0_branch2a_bn_b : [175]
res4_0_branch2c_bn_b : [1024]
res5_2_branch2b_bn_rm : [26]
res2_1_branch2b_bn_riv : [42]
res3_1_branch2b_bn_rm : [79]
res3_3_branch2b_bn_s : [80]
res5_1_branch2c_bn_s : [2048]
res4_2_branch2a_w : [  61 1024    1    1]
osme_fc1_2_w : [ 128 2048]
conv1_b : [64]
res2_0_branch2c_bn_b : [256]
res4_0_branch2c_bn_s : [1024]
res4_3_branch2b_bn_rm : [127]
res5_0_branch2b_bn_s : [183]
res3_3_branch2b_bn_b : [80]
res4_3_branch2c_bn_riv : [1024]
res5_1_branch2c_bn_b : [2048]
res2_0_branch1_bn_rm : [256]
res4_1_branch2a_bn_riv : [65]
conv1_w : [64  3  7  7]
res3_0_branch2b_bn_b : [91]
res4_3_branch2b_w : [127  57   3   3]
osme_fc2_2_w : [2048  128]
osme_fc2_1_w : [2048  128]
res2_1_branch2b_bn_rm : [42]
res4_1_branch2c_bn_b : [1024]
res3_2_branch2a_w : [ 79 512   1   1]
res4_1_branch2b_bn_b : [94]
res5_0_branch2c_bn_b : [2048]
res4_5_branch2c_w : [1024  256    1    1]
res2_0_branch1_w : [256  64   1   1]
res4_4_branch2b_bn_riv : [86]
res2_1_branch2c_bn_rm : [256]
res3_2_branch2c_w : [512 128   1   1]
res3_0_branch2b_bn_s : [91]
res4_1_branch2c_bn_s : [1024]
res4_1_branch2b_bn_s : [94]
res4_0_branch2c_bn_rm : [1024]
res2_2_branch2a_bn_riv : [48]
res5_0_branch2b_w : [183  78   3   3]
res4_1_branch2c_bn_riv : [1024]
attention_1_b : [1024]
res4_4_branch2a_bn_s : [41]
res4_5_branch2c_bn_rm : [1024]
res4_0_branch2b_bn_rm : [123]
res4_5_branch2a_w : [  54 1024    1    1]
res2_0_branch1_bn_riv : [256]
res4_2_branch2b_bn_s : [83]
res2_2_branch2a_bn_b : [48]
res_conv1_bn_riv : [64]
res4_4_branch2a_bn_b : [41]
res4_3_branch2a_bn_s : [57]
res4_0_branch2c_bn_riv : [1024]
res4_2_branch2b_bn_b : [83]
res2_2_branch2a_bn_s : [48]
res2_0_branch2a_bn_riv : [34]
res3_0_branch2b_bn_rm : [91]
res4_4_branch2a_bn_riv : [41]
res5_0_branch2a_bn_rm : [78]
res5_2_branch2a_bn_riv : [27]
res5_1_branch2b_bn_riv : [61]
res5_1_branch2c_bn_riv : [2048]
osme_fc2_2_b : [2048]
osme_fc1_2_b : [128]
res4_5_branch2b_bn_riv : [98]
res5_2_branch2c_bn_s : [2048]
res3_2_branch2a_bn_rm : [79]
res5_1_branch2a_bn_rm : [78]
res4_2_branch2c_bn_rm : [1024]
res2_0_branch2c_w : [256  64   1   1]
res5_0_branch2a_bn_b : [78]
res3_2_branch2a_bn_s : [79]
res3_0_branch2c_bn_rm : [512]
res5_2_branch2c_bn_b : [2048]
res4_0_branch2b_w : [123 175   3   3]
res3_3_branch2c_w : [512 128   1   1]
res5_2_branch2a_w : [  27 2048    1    1]
res5_2_branch2c_bn_rm : [2048]
res3_2_branch2a_bn_b : [79]
res5_0_branch2a_bn_s : [78]
res4_1_branch2b_bn_riv : [94]
res3_0_branch2a_bn_s : [99]
res4_4_branch2b_bn_b : [86]
res4_3_branch2b_bn_riv : [127]
res4_2_branch2c_bn_riv : [1024]
attention_1_w : [1024 2048]
res3_2_branch2b_w : [106  79   3   3]
res4_1_branch2a_bn_s : [65]
osme_fc1_1_w : [ 128 2048]
res4_0_branch2b_bn_b : [123]
res3_0_branch2a_bn_b : [99]
res4_4_branch2b_bn_s : [86]
res2_2_branch2b_bn_riv : [42]
res2_1_branch2a_w : [ 35 256   1   1]
osme_fc1_1_b : [128]
res2_2_branch2c_w : [256  64   1   1]
res4_0_branch1_w : [1024  512    1    1]
res4_0_branch2b_bn_s : [123]
res3_3_branch2a_bn_riv : [60]
res4_2_branch2a_bn_b : [61]
res4_5_branch2a_bn_rm : [54]
res3_2_branch2c_bn_rm : [512]
res5_2_branch2b_bn_s : [26]
res2_0_branch2a_bn_rm : [34]
res5_0_branch2b_bn_riv : [183]
res3_1_branch2a_bn_b : [38]
res3_3_branch2b_bn_rm : [80]
res4_3_branch2c_bn_s : [1024]
res3_0_branch1_w : [512 256   1   1]
res4_2_branch2a_bn_s : [61]
res5_2_branch2b_bn_b : [26]
res3_1_branch2a_bn_s : [38]
res4_3_branch2c_bn_b : [1024]
osme_fc2_1_b : [2048]
res4_5_branch2b_w : [98 54  3  3]
res5_0_branch2b_bn_b : [183]
res5_2_branch2a_bn_b : [27]
res5_0_branch2c_bn_riv : [2048]
res5_1_branch2a_bn_s : [78]
res3_3_branch2a_bn_rm : [60]
res4_0_branch2a_bn_riv : [175]
res3_3_branch2c_bn_riv : [512]
res2_1_branch2a_bn_rm : [35]
res2_0_branch1_bn_s : [256]
res2_2_branch2b_bn_s : [42]
res5_2_branch2a_bn_s : [27]
res_conv1_bn_rm : [64]
res5_1_branch2a_bn_b : [78]
res2_0_branch2c_bn_riv : [256]
res3_2_branch2b_bn_rm : [106]
res2_0_branch1_bn_b : [256]
res2_2_branch2b_bn_b : [42]
res2_2_branch2c_bn_s : [256]
res4_2_branch2b_bn_riv : [83]
res4_1_branch2a_bn_b : [65]
res4_0_branch1_bn_rm : [1024]
res4_0_branch1_bn_s : [1024]
res5_0_branch1_bn_s : [2048]
res4_2_branch2a_bn_rm : [61]
res4_0_branch2c_w : [1024  256    1    1]
res4_1_branch2a_w : [  65 1024    1    1]
res5_0_branch2c_bn_rm : [2048]
res2_2_branch2c_bn_b : [256]
res2_0_branch2b_w : [ 9 34  3  3]
res3_0_branch1_bn_rm : [512]
res4_0_branch1_bn_b : [1024]
res4_1_branch2c_bn_rm : [1024]
res5_0_branch1_bn_b : [2048]
res4_0_branch2a_w : [175 512   1   1]
res4_1_branch2c_w : [1024  256    1    1]
res2_1_branch2b_bn_s : [42]
res4_2_branch2b_w : [83 61  3  3]
attention_2_w : [1024 2048]
res3_0_branch1_bn_b : [512]
res3_3_branch2c_bn_b : [512]
res3_0_branch1_bn_riv : [512]
res4_2_branch2a_bn_riv : [61]
res4_1_branch2a_bn_rm : [65]
res5_1_branch2b_w : [61 78  3  3]
res3_0_branch2c_bn_riv : [512]
attention_2_b : [1024]
res4_5_branch2c_bn_riv : [1024]
res4_4_branch2c_bn_riv : [1024]
res3_0_branch1_bn_s : [512]
res3_3_branch2c_bn_rm : [512]
res3_3_branch2c_bn_s : [512]
res3_0_branch2a_bn_riv : [99]
res3_3_branch2b_bn_riv : [80]
res5_1_branch2a_w : [  78 2048    1    1]
res3_1_branch2a_w : [ 38 512   1   1]
res2_2_branch2b_w : [42 48  3  3]
res3_3_branch2a_bn_b : [60]
res2_1_branch2c_bn_riv : [256]
res4_5_branch2b_bn_b : [98]
res2_1_branch2b_w : [42 35  3  3]
res4_1_branch2b_bn_rm : [94]
res3_1_branch2c_w : [512 128   1   1]
res3_2_branch2a_bn_riv : [79]
res3_3_branch2a_bn_s : [60]
res3_0_branch2b_w : [91 99  3  3]
res4_5_branch2a_bn_riv : [54]
res4_5_branch2b_bn_s : [98]
res2_1_branch2a_bn_riv : [35]
res3_1_branch2c_bn_riv : [512]
res5_1_branch2a_bn_riv : [78]
res3_0_branch2c_bn_b : [512]
res3_0_branch2a_bn_rm : [99]
res4_4_branch2c_bn_b : [1024]
res5_0_branch2a_bn_riv : [78]
res2_2_branch2c_bn_rm : [256]
res5_2_branch2c_bn_riv : [2048]
res3_3_branch2b_w : [80 60  3  3]
res5_2_branch2b_bn_riv : [26]
res4_2_branch2b_bn_rm : [83]
res5_2_branch2c_w : [2048  512    1    1]
res3_0_branch2c_bn_s : [512]
res4_4_branch2c_bn_s : [1024]
res4_4_branch2a_w : [  41 1024    1    1]
res5_0_branch2b_bn_rm : [183]
res2_0_branch2a_w : [34 64  1  1]
res4_4_branch2b_bn_rm : [86]
res5_1_branch2b_bn_rm : [61]
res4_3_branch2a_bn_riv : [57]
res5_0_branch2c_w : [2048  512    1    1]
res5_1_branch2b_bn_b : [61]
res4_3_branch2a_w : [  57 1024    1    1]
res3_1_branch2a_bn_riv : [38]
res5_0_branch1_bn_rm : [2048]
res4_3_branch2c_bn_rm : [1024]
res3_2_branch2b_bn_riv : [106]
res2_1_branch2b_bn_b : [42]
res2_0_branch2b_bn_riv : [9]
res4_1_branch2b_w : [94 65  3  3]
res5_1_branch2b_bn_s : [61]
res4_4_branch2c_w : [1024  256    1    1]
res2_0_branch2c_bn_rm : [256]
res5_1_branch2c_bn_rm : [2048]
res4_0_branch2b_bn_riv : [123]
res3_0_branch2c_w : [512 128   1   1]
res2_2_branch2c_bn_riv : [256]
res4_0_branch1_bn_riv : [1024]
res5_0_branch1_w : [2048 1024    1    1]
res3_1_branch2c_bn_rm : [512]
res4_5_branch2c_bn_b : [1024]
res4_3_branch2c_w : [1024  256    1    1]
res4_5_branch2a_bn_s : [54]
res4_3_branch2b_bn_s : [127]
res4_2_branch2c_bn_s : [1024]
res4_4_branch2a_bn_rm : [41]
res3_2_branch2c_bn_riv : [512]
res5_0_branch2a_w : [  78 1024    1    1]
res4_5_branch2c_bn_s : [1024]
res4_5_branch2a_bn_b : [54]
res4_2_branch2c_bn_b : [1024]
res2_0_branch2c_bn_s : [256]
res4_3_branch2b_bn_b : [127]
res3_0_branch2b_bn_riv : [91]
res3_0_branch2a_w : [ 99 256   1   1]
++++++++++++++++++++++++++++++++++++++++++++++++++++++++++++++++++++++++++++++++++++++++++++++++++++
computing the params and FLOPs of network
====================================================================================================
feature map shape: (N, 3, 224, 224)

====================================================================================================
feature map shape: (N, 3, 224, 224)

====================================================================================================
feature map shape: (N, 3, 224, 224)

====================================================================================================
conv_params: 9472.0, conv_flops: 118816768.0
feature map shape: (N, 64, 112.0, 112.0)

====================================================================================================
bn_params: 128, bn_flops: 802816.0
feature map shape: (N, 64, 112.0, 112.0)

====================================================================================================
feature map shape: (N, 64, 112.0, 112.0)

====================================================================================================
feature map shape: (N, 64, 56.0, 56.0)

====================================================================================================
conv_params: 16640.0, conv_flops: 52183040.0
feature map shape: (N, 256, 56.0, 56.0)

====================================================================================================
bn_params: 512, bn_flops: 802816.0
feature map shape: (N, 256, 56.0, 56.0)

====================================================================================================
conv_params: 2210.0, conv_flops: 6930560.0
feature map shape: (N, 34, 56.0, 56.0)

====================================================================================================
bn_params: 68, bn_flops: 106624.0
feature map shape: (N, 34, 56.0, 56.0)

====================================================================================================
feature map shape: (N, 34, 56.0, 56.0)

====================================================================================================
conv_params: 2763.0, conv_flops: 8664768.0
feature map shape: (N, 9, 56.0, 56.0)

====================================================================================================
bn_params: 18, bn_flops: 28224.0
feature map shape: (N, 9, 56.0, 56.0)

====================================================================================================
feature map shape: (N, 9, 56.0, 56.0)

====================================================================================================
conv_params: 16640.0, conv_flops: 52183040.0
feature map shape: (N, 256, 56.0, 56.0)

====================================================================================================
bn_params: 512, bn_flops: 802816.0
feature map shape: (N, 256, 56.0, 56.0)

====================================================================================================
feature map shape: (N, 256, 56.0, 56.0)

====================================================================================================
feature map shape: (N, 256, 56.0, 56.0)

====================================================================================================
conv_params: 8995.0, conv_flops: 28208320.0
feature map shape: (N, 35, 56.0, 56.0)

====================================================================================================
bn_params: 70, bn_flops: 109760.0
feature map shape: (N, 35, 56.0, 56.0)

====================================================================================================
feature map shape: (N, 35, 56.0, 56.0)

====================================================================================================
conv_params: 13272.0, conv_flops: 41620992.0
feature map shape: (N, 42, 56.0, 56.0)

====================================================================================================
bn_params: 84, bn_flops: 131712.0
feature map shape: (N, 42, 56.0, 56.0)

====================================================================================================
feature map shape: (N, 42, 56.0, 56.0)

====================================================================================================
conv_params: 16640.0, conv_flops: 52183040.0
feature map shape: (N, 256, 56.0, 56.0)

====================================================================================================
bn_params: 512, bn_flops: 802816.0
feature map shape: (N, 256, 56.0, 56.0)

====================================================================================================
feature map shape: (N, 256, 56.0, 56.0)

====================================================================================================
feature map shape: (N, 256, 56.0, 56.0)

====================================================================================================
conv_params: 12336.0, conv_flops: 38685696.0
feature map shape: (N, 48, 56.0, 56.0)

====================================================================================================
bn_params: 96, bn_flops: 150528.0
feature map shape: (N, 48, 56.0, 56.0)

====================================================================================================
feature map shape: (N, 48, 56.0, 56.0)

====================================================================================================
conv_params: 18186.0, conv_flops: 57031296.0
feature map shape: (N, 42, 56.0, 56.0)

====================================================================================================
bn_params: 84, bn_flops: 131712.0
feature map shape: (N, 42, 56.0, 56.0)

====================================================================================================
feature map shape: (N, 42, 56.0, 56.0)

====================================================================================================
conv_params: 16640.0, conv_flops: 52183040.0
feature map shape: (N, 256, 56.0, 56.0)

====================================================================================================
bn_params: 512, bn_flops: 802816.0
feature map shape: (N, 256, 56.0, 56.0)

====================================================================================================
feature map shape: (N, 256, 56.0, 56.0)

====================================================================================================
feature map shape: (N, 256, 56.0, 56.0)

====================================================================================================
conv_params: 131584.0, conv_flops: 103161856.0
feature map shape: (N, 512, 28.0, 28.0)

====================================================================================================
bn_params: 1024, bn_flops: 401408.0
feature map shape: (N, 512, 28.0, 28.0)

====================================================================================================
conv_params: 25443.0, conv_flops: 19947312.0
feature map shape: (N, 99, 28.0, 28.0)

====================================================================================================
bn_params: 198, bn_flops: 77616.0
feature map shape: (N, 99, 28.0, 28.0)

====================================================================================================
feature map shape: (N, 99, 28.0, 28.0)

====================================================================================================
conv_params: 81172.0, conv_flops: 63638848.0
feature map shape: (N, 91, 28.0, 28.0)

====================================================================================================
bn_params: 182, bn_flops: 71344.0
feature map shape: (N, 91, 28.0, 28.0)

====================================================================================================
feature map shape: (N, 91, 28.0, 28.0)

====================================================================================================
conv_params: 66048.0, conv_flops: 51781632.0
feature map shape: (N, 512, 28.0, 28.0)

====================================================================================================
bn_params: 1024, bn_flops: 401408.0
feature map shape: (N, 512, 28.0, 28.0)

====================================================================================================
feature map shape: (N, 512, 28.0, 28.0)

====================================================================================================
feature map shape: (N, 512, 28.0, 28.0)

====================================================================================================
conv_params: 19494.0, conv_flops: 15283296.0
feature map shape: (N, 38, 28.0, 28.0)

====================================================================================================
bn_params: 76, bn_flops: 29792.0
feature map shape: (N, 38, 28.0, 28.0)

====================================================================================================
feature map shape: (N, 38, 28.0, 28.0)

====================================================================================================
conv_params: 27097.0, conv_flops: 21244048.0
feature map shape: (N, 79, 28.0, 28.0)

====================================================================================================
bn_params: 158, bn_flops: 61936.0
feature map shape: (N, 79, 28.0, 28.0)

====================================================================================================
feature map shape: (N, 79, 28.0, 28.0)

====================================================================================================
conv_params: 66048.0, conv_flops: 51781632.0
feature map shape: (N, 512, 28.0, 28.0)

====================================================================================================
bn_params: 1024, bn_flops: 401408.0
feature map shape: (N, 512, 28.0, 28.0)

====================================================================================================
feature map shape: (N, 512, 28.0, 28.0)

====================================================================================================
feature map shape: (N, 512, 28.0, 28.0)

====================================================================================================
conv_params: 40527.0, conv_flops: 31773168.0
feature map shape: (N, 79, 28.0, 28.0)

====================================================================================================
bn_params: 158, bn_flops: 61936.0
feature map shape: (N, 79, 28.0, 28.0)

====================================================================================================
feature map shape: (N, 79, 28.0, 28.0)

====================================================================================================
conv_params: 75472.0, conv_flops: 59170048.0
feature map shape: (N, 106, 28.0, 28.0)

====================================================================================================
bn_params: 212, bn_flops: 83104.0
feature map shape: (N, 106, 28.0, 28.0)

====================================================================================================
feature map shape: (N, 106, 28.0, 28.0)

====================================================================================================
conv_params: 66048.0, conv_flops: 51781632.0
feature map shape: (N, 512, 28.0, 28.0)

====================================================================================================
bn_params: 1024, bn_flops: 401408.0
feature map shape: (N, 512, 28.0, 28.0)

====================================================================================================
feature map shape: (N, 512, 28.0, 28.0)

====================================================================================================
feature map shape: (N, 512, 28.0, 28.0)

====================================================================================================
conv_params: 30780.0, conv_flops: 24131520.0
feature map shape: (N, 60, 28.0, 28.0)

====================================================================================================
bn_params: 120, bn_flops: 47040.0
feature map shape: (N, 60, 28.0, 28.0)

====================================================================================================
feature map shape: (N, 60, 28.0, 28.0)

====================================================================================================
conv_params: 43280.0, conv_flops: 33931520.0
feature map shape: (N, 80, 28.0, 28.0)

====================================================================================================
bn_params: 160, bn_flops: 62720.0
feature map shape: (N, 80, 28.0, 28.0)

====================================================================================================
feature map shape: (N, 80, 28.0, 28.0)

====================================================================================================
conv_params: 66048.0, conv_flops: 51781632.0
feature map shape: (N, 512, 28.0, 28.0)

====================================================================================================
bn_params: 1024, bn_flops: 401408.0
feature map shape: (N, 512, 28.0, 28.0)

====================================================================================================
feature map shape: (N, 512, 28.0, 28.0)

====================================================================================================
feature map shape: (N, 512, 28.0, 28.0)

====================================================================================================
conv_params: 525312.0, conv_flops: 102961152.0
feature map shape: (N, 1024, 14.0, 14.0)

====================================================================================================
bn_params: 2048, bn_flops: 200704.0
feature map shape: (N, 1024, 14.0, 14.0)

====================================================================================================
conv_params: 89775.0, conv_flops: 17595900.0
feature map shape: (N, 175, 14.0, 14.0)

====================================================================================================
bn_params: 350, bn_flops: 34300.0
feature map shape: (N, 175, 14.0, 14.0)

====================================================================================================
feature map shape: (N, 175, 14.0, 14.0)

====================================================================================================
conv_params: 193848.0, conv_flops: 37994208.0
feature map shape: (N, 123, 14.0, 14.0)

====================================================================================================
bn_params: 246, bn_flops: 24108.0
feature map shape: (N, 123, 14.0, 14.0)

====================================================================================================
feature map shape: (N, 123, 14.0, 14.0)

====================================================================================================
conv_params: 263168.0, conv_flops: 51580928.0
feature map shape: (N, 1024, 14.0, 14.0)

====================================================================================================
bn_params: 2048, bn_flops: 200704.0
feature map shape: (N, 1024, 14.0, 14.0)

====================================================================================================
feature map shape: (N, 1024, 14.0, 14.0)

====================================================================================================
feature map shape: (N, 1024, 14.0, 14.0)

====================================================================================================
conv_params: 66625.0, conv_flops: 13058500.0
feature map shape: (N, 65, 14.0, 14.0)

====================================================================================================
bn_params: 130, bn_flops: 12740.0
feature map shape: (N, 65, 14.0, 14.0)

====================================================================================================
feature map shape: (N, 65, 14.0, 14.0)

====================================================================================================
conv_params: 55084.0, conv_flops: 10796464.0
feature map shape: (N, 94, 14.0, 14.0)

====================================================================================================
bn_params: 188, bn_flops: 18424.0
feature map shape: (N, 94, 14.0, 14.0)

====================================================================================================
feature map shape: (N, 94, 14.0, 14.0)

====================================================================================================
conv_params: 263168.0, conv_flops: 51580928.0
feature map shape: (N, 1024, 14.0, 14.0)

====================================================================================================
bn_params: 2048, bn_flops: 200704.0
feature map shape: (N, 1024, 14.0, 14.0)

====================================================================================================
feature map shape: (N, 1024, 14.0, 14.0)

====================================================================================================
feature map shape: (N, 1024, 14.0, 14.0)

====================================================================================================
conv_params: 62525.0, conv_flops: 12254900.0
feature map shape: (N, 61, 14.0, 14.0)

====================================================================================================
bn_params: 122, bn_flops: 11956.0
feature map shape: (N, 61, 14.0, 14.0)

====================================================================================================
feature map shape: (N, 61, 14.0, 14.0)

====================================================================================================
conv_params: 45650.0, conv_flops: 8947400.0
feature map shape: (N, 83, 14.0, 14.0)

====================================================================================================
bn_params: 166, bn_flops: 16268.0
feature map shape: (N, 83, 14.0, 14.0)

====================================================================================================
feature map shape: (N, 83, 14.0, 14.0)

====================================================================================================
conv_params: 263168.0, conv_flops: 51580928.0
feature map shape: (N, 1024, 14.0, 14.0)

====================================================================================================
bn_params: 2048, bn_flops: 200704.0
feature map shape: (N, 1024, 14.0, 14.0)

====================================================================================================
feature map shape: (N, 1024, 14.0, 14.0)

====================================================================================================
feature map shape: (N, 1024, 14.0, 14.0)

====================================================================================================
conv_params: 58425.0, conv_flops: 11451300.0
feature map shape: (N, 57, 14.0, 14.0)

====================================================================================================
bn_params: 114, bn_flops: 11172.0
feature map shape: (N, 57, 14.0, 14.0)

====================================================================================================
feature map shape: (N, 57, 14.0, 14.0)

====================================================================================================
conv_params: 65278.0, conv_flops: 12794488.0
feature map shape: (N, 127, 14.0, 14.0)

====================================================================================================
bn_params: 254, bn_flops: 24892.0
feature map shape: (N, 127, 14.0, 14.0)

====================================================================================================
feature map shape: (N, 127, 14.0, 14.0)

====================================================================================================
conv_params: 263168.0, conv_flops: 51580928.0
feature map shape: (N, 1024, 14.0, 14.0)

====================================================================================================
bn_params: 2048, bn_flops: 200704.0
feature map shape: (N, 1024, 14.0, 14.0)

====================================================================================================
feature map shape: (N, 1024, 14.0, 14.0)

====================================================================================================
feature map shape: (N, 1024, 14.0, 14.0)

====================================================================================================
conv_params: 42025.0, conv_flops: 8236900.0
feature map shape: (N, 41, 14.0, 14.0)

====================================================================================================
bn_params: 82, bn_flops: 8036.0
feature map shape: (N, 41, 14.0, 14.0)

====================================================================================================
feature map shape: (N, 41, 14.0, 14.0)

====================================================================================================
conv_params: 31820.0, conv_flops: 6236720.0
feature map shape: (N, 86, 14.0, 14.0)

====================================================================================================
bn_params: 172, bn_flops: 16856.0
feature map shape: (N, 86, 14.0, 14.0)

====================================================================================================
feature map shape: (N, 86, 14.0, 14.0)

====================================================================================================
conv_params: 263168.0, conv_flops: 51580928.0
feature map shape: (N, 1024, 14.0, 14.0)

====================================================================================================
bn_params: 2048, bn_flops: 200704.0
feature map shape: (N, 1024, 14.0, 14.0)

====================================================================================================
feature map shape: (N, 1024, 14.0, 14.0)

====================================================================================================
feature map shape: (N, 1024, 14.0, 14.0)

====================================================================================================
conv_params: 55350.0, conv_flops: 10848600.0
feature map shape: (N, 54, 14.0, 14.0)

====================================================================================================
bn_params: 108, bn_flops: 10584.0
feature map shape: (N, 54, 14.0, 14.0)

====================================================================================================
feature map shape: (N, 54, 14.0, 14.0)

====================================================================================================
conv_params: 47726.0, conv_flops: 9354296.0
feature map shape: (N, 98, 14.0, 14.0)

====================================================================================================
bn_params: 196, bn_flops: 19208.0
feature map shape: (N, 98, 14.0, 14.0)

====================================================================================================
feature map shape: (N, 98, 14.0, 14.0)

====================================================================================================
conv_params: 263168.0, conv_flops: 51580928.0
feature map shape: (N, 1024, 14.0, 14.0)

====================================================================================================
bn_params: 2048, bn_flops: 200704.0
feature map shape: (N, 1024, 14.0, 14.0)

====================================================================================================
feature map shape: (N, 1024, 14.0, 14.0)

====================================================================================================
feature map shape: (N, 1024, 14.0, 14.0)

====================================================================================================
conv_params: 2099200.0, conv_flops: 102860800.0
feature map shape: (N, 2048, 7.0, 7.0)

====================================================================================================
bn_params: 4096, bn_flops: 100352.0
feature map shape: (N, 2048, 7.0, 7.0)

====================================================================================================
conv_params: 79950.0, conv_flops: 3917550.0
feature map shape: (N, 78, 7.0, 7.0)

====================================================================================================
bn_params: 156, bn_flops: 3822.0
feature map shape: (N, 78, 7.0, 7.0)

====================================================================================================
feature map shape: (N, 78, 7.0, 7.0)

====================================================================================================
conv_params: 128649.0, conv_flops: 6303801.0
feature map shape: (N, 183, 7.0, 7.0)

====================================================================================================
bn_params: 366, bn_flops: 8967.0
feature map shape: (N, 183, 7.0, 7.0)

====================================================================================================
feature map shape: (N, 183, 7.0, 7.0)

====================================================================================================
conv_params: 1050624.0, conv_flops: 51480576.0
feature map shape: (N, 2048, 7.0, 7.0)

====================================================================================================
bn_params: 4096, bn_flops: 100352.0
feature map shape: (N, 2048, 7.0, 7.0)

====================================================================================================
feature map shape: (N, 2048, 7.0, 7.0)

====================================================================================================
feature map shape: (N, 2048, 7.0, 7.0)

====================================================================================================
conv_params: 159822.0, conv_flops: 7831278.0
feature map shape: (N, 78, 7.0, 7.0)

====================================================================================================
bn_params: 156, bn_flops: 3822.0
feature map shape: (N, 78, 7.0, 7.0)

====================================================================================================
feature map shape: (N, 78, 7.0, 7.0)

====================================================================================================
conv_params: 42883.0, conv_flops: 2101267.0
feature map shape: (N, 61, 7.0, 7.0)

====================================================================================================
bn_params: 122, bn_flops: 2989.0
feature map shape: (N, 61, 7.0, 7.0)

====================================================================================================
feature map shape: (N, 61, 7.0, 7.0)

====================================================================================================
conv_params: 1050624.0, conv_flops: 51480576.0
feature map shape: (N, 2048, 7.0, 7.0)

====================================================================================================
bn_params: 4096, bn_flops: 100352.0
feature map shape: (N, 2048, 7.0, 7.0)

====================================================================================================
feature map shape: (N, 2048, 7.0, 7.0)

====================================================================================================
feature map shape: (N, 2048, 7.0, 7.0)

====================================================================================================
conv_params: 55323.0, conv_flops: 2710827.0
feature map shape: (N, 27, 7.0, 7.0)

====================================================================================================
bn_params: 54, bn_flops: 1323.0
feature map shape: (N, 27, 7.0, 7.0)

====================================================================================================
feature map shape: (N, 27, 7.0, 7.0)

====================================================================================================
conv_params: 6344.0, conv_flops: 310856.0
feature map shape: (N, 26, 7.0, 7.0)

====================================================================================================
bn_params: 52, bn_flops: 1274.0
feature map shape: (N, 26, 7.0, 7.0)

====================================================================================================
feature map shape: (N, 26, 7.0, 7.0)

====================================================================================================
conv_params: 1050624.0, conv_flops: 51480576.0
feature map shape: (N, 2048, 7.0, 7.0)

====================================================================================================
bn_params: 4096, bn_flops: 100352.0
feature map shape: (N, 2048, 7.0, 7.0)

====================================================================================================
feature map shape: (N, 2048, 7.0, 7.0)

====================================================================================================
feature map shape: (N, 2048, 7.0, 7.0)

====================================================================================================
feature map shape: (N, 2048, 1.0, 1.0)

====================================================================================================
fc_params: 262144, fc_flops: 262144
feature map shape: (N, 128, 1.0, 1.0)

====================================================================================================
feature map shape: (N, 128, 1.0, 1.0)

====================================================================================================
fc_params: 262144, fc_flops: 262144
feature map shape: (N, 2048, 1.0, 1.0)

====================================================================================================
feature map shape: (N, 2048, 1.0, 1.0)

====================================================================================================
feature map shape: (N, 2048, 7.0, 7.0)

====================================================================================================
feature map shape: (N, 2048, 1.0, 1.0)

====================================================================================================
fc_params: 2097152, fc_flops: 2097152
feature map shape: (N, 1024, 1.0, 1.0)

====================================================================================================
feature map shape: (N, 1024, 1.0, 1.0)

====================================================================================================
fc_params: 262144, fc_flops: 262144
feature map shape: (N, 128, 1.0, 1.0)

====================================================================================================
feature map shape: (N, 128, 1.0, 1.0)

====================================================================================================
fc_params: 262144, fc_flops: 262144
feature map shape: (N, 2048, 1.0, 1.0)

====================================================================================================
feature map shape: (N, 2048, 1.0, 1.0)

====================================================================================================
feature map shape: (N, 2048, 7.0, 7.0)

====================================================================================================
feature map shape: (N, 2048, 1.0, 1.0)

====================================================================================================
fc_params: 2097152, fc_flops: 2097152
feature map shape: (N, 1024, 1.0, 1.0)

====================================================================================================
feature map shape: (N, 1024, 1.0, 1.0)

====================================================================================================
fc_params: 204800, fc_flops: 204800
feature map shape: (N, 100, 1.0, 1.0)

====================================================================================================
feature map shape: (N, 100, 1.0, 1.0)

====================================================================================================
feature map shape: (N, 100, 1.0, 1.0)

====================================================================================================
feature map shape: (N, 100, 1.0, 1.0)

====================================================================================================
feature map shape: (N, 100, 1.0, 1.0)

====================================================================================================
feature map shape: (N, 100, 1.0, 1.0)

====================================================================================================
feature map shape: (N, 100, 1.0, 1.0)

====================================================================================================
feature map shape: (N, 100, 1.0, 1.0)

====================================================================================================
feature map shape: (N, 100, 1.0, 1.0)

====================================================================================================
feature map shape: (N, 100, 1.0, 1.0)

====================================================================================================
feature map shape: (N, 100, 1.0, 1.0)

====================================================================================================
feature map shape: (N, 100, 1.0, 1.0)

====================================================================================================
feature map shape: (N, 100, 1.0, 1.0)

====================================================================================================
feature map shape: (N, 100, 1.0, 1.0)

====================================================================================================
feature map shape: (N, 100, 1.0, 1.0)

====================================================================================================
feature map shape: (N, 100, 1.0, 1.0)

params: 15005743.0, FLOPs: 1955253132.0
[INFO] finish running src/param_statistics.py, total_time is 6.043s
