[INFO] start running src/param_statistics.py ...
[INFO] start running initialize ...
[INFO] finish running initialize ...

[INFO] start running build_validation_model ...
[INFO] finish running build_validation_model ...

****************************************************************************************************
net work pruning...
****************************************************************************************************
bn layer name: res2_0_branch1_bn 	 layer total channels: 256 	 remainingchannels: 219.0 	 pruned rate: 14.45%
bn layer name: res2_0_branch2a_bn 	 layer total channels: 64 	 remainingchannels: 54.0 	 pruned rate: 15.62%
bn layer name: res2_0_branch2b_bn 	 layer total channels: 64 	 remainingchannels: 35.0 	 pruned rate: 45.31%
bn layer name: res2_0_branch2c_bn 	 layer total channels: 256 	 remainingchannels: 164.0 	 pruned rate: 35.94%
bn layer name: res2_1_branch2a_bn 	 layer total channels: 64 	 remainingchannels: 58.0 	 pruned rate: 9.38%
bn layer name: res2_1_branch2b_bn 	 layer total channels: 64 	 remainingchannels: 63.0 	 pruned rate: 1.56%
bn layer name: res2_1_branch2c_bn 	 layer total channels: 256 	 remainingchannels: 59.0 	 pruned rate: 76.95%
bn layer name: res2_2_branch2a_bn 	 layer total channels: 64 	 remainingchannels: 63.0 	 pruned rate: 1.56%
bn layer name: res2_2_branch2b_bn 	 layer total channels: 64 	 remainingchannels: 62.0 	 pruned rate: 3.12%
bn layer name: res2_2_branch2c_bn 	 layer total channels: 256 	 remainingchannels: 62.0 	 pruned rate: 75.78%
bn layer name: res3_0_branch1_bn 	 layer total channels: 512 	 remainingchannels: 247.0 	 pruned rate: 51.76%
bn layer name: res3_0_branch2a_bn 	 layer total channels: 128 	 remainingchannels: 128.0 	 pruned rate: 0.00%
bn layer name: res3_0_branch2b_bn 	 layer total channels: 128 	 remainingchannels: 127.0 	 pruned rate: 0.78%
bn layer name: res3_0_branch2c_bn 	 layer total channels: 512 	 remainingchannels: 220.0 	 pruned rate: 57.03%
bn layer name: res3_1_branch2a_bn 	 layer total channels: 128 	 remainingchannels: 112.0 	 pruned rate: 12.50%
bn layer name: res3_1_branch2b_bn 	 layer total channels: 128 	 remainingchannels: 122.0 	 pruned rate: 4.69%
bn layer name: res3_1_branch2c_bn 	 layer total channels: 512 	 remainingchannels: 117.0 	 pruned rate: 77.15%
bn layer name: res3_2_branch2a_bn 	 layer total channels: 128 	 remainingchannels: 125.0 	 pruned rate: 2.34%
bn layer name: res3_2_branch2b_bn 	 layer total channels: 128 	 remainingchannels: 126.0 	 pruned rate: 1.56%
bn layer name: res3_2_branch2c_bn 	 layer total channels: 512 	 remainingchannels: 138.0 	 pruned rate: 73.05%
bn layer name: res3_3_branch2a_bn 	 layer total channels: 128 	 remainingchannels: 123.0 	 pruned rate: 3.91%
bn layer name: res3_3_branch2b_bn 	 layer total channels: 128 	 remainingchannels: 122.0 	 pruned rate: 4.69%
bn layer name: res3_3_branch2c_bn 	 layer total channels: 512 	 remainingchannels: 93.0 	 pruned rate: 81.84%
bn layer name: res4_0_branch1_bn 	 layer total channels: 1024 	 remainingchannels: 508.0 	 pruned rate: 50.39%
bn layer name: res4_0_branch2a_bn 	 layer total channels: 256 	 remainingchannels: 253.0 	 pruned rate: 1.17%
bn layer name: res4_0_branch2b_bn 	 layer total channels: 256 	 remainingchannels: 256.0 	 pruned rate: 0.00%
bn layer name: res4_0_branch2c_bn 	 layer total channels: 1024 	 remainingchannels: 597.0 	 pruned rate: 41.70%
bn layer name: res4_1_branch2a_bn 	 layer total channels: 256 	 remainingchannels: 231.0 	 pruned rate: 9.77%
bn layer name: res4_1_branch2b_bn 	 layer total channels: 256 	 remainingchannels: 243.0 	 pruned rate: 5.08%
bn layer name: res4_1_branch2c_bn 	 layer total channels: 1024 	 remainingchannels: 141.0 	 pruned rate: 86.23%
bn layer name: res4_2_branch2a_bn 	 layer total channels: 256 	 remainingchannels: 242.0 	 pruned rate: 5.47%
bn layer name: res4_2_branch2b_bn 	 layer total channels: 256 	 remainingchannels: 224.0 	 pruned rate: 12.50%
bn layer name: res4_2_branch2c_bn 	 layer total channels: 1024 	 remainingchannels: 108.0 	 pruned rate: 89.45%
bn layer name: res4_3_branch2a_bn 	 layer total channels: 256 	 remainingchannels: 239.0 	 pruned rate: 6.64%
bn layer name: res4_3_branch2b_bn 	 layer total channels: 256 	 remainingchannels: 242.0 	 pruned rate: 5.47%
bn layer name: res4_3_branch2c_bn 	 layer total channels: 1024 	 remainingchannels: 216.0 	 pruned rate: 78.91%
bn layer name: res4_4_branch2a_bn 	 layer total channels: 256 	 remainingchannels: 236.0 	 pruned rate: 7.81%
bn layer name: res4_4_branch2b_bn 	 layer total channels: 256 	 remainingchannels: 250.0 	 pruned rate: 2.34%
bn layer name: res4_4_branch2c_bn 	 layer total channels: 1024 	 remainingchannels: 151.0 	 pruned rate: 85.25%
bn layer name: res4_5_branch2a_bn 	 layer total channels: 256 	 remainingchannels: 247.0 	 pruned rate: 3.52%
bn layer name: res4_5_branch2b_bn 	 layer total channels: 256 	 remainingchannels: 255.0 	 pruned rate: 0.39%
bn layer name: res4_5_branch2c_bn 	 layer total channels: 1024 	 remainingchannels: 107.0 	 pruned rate: 89.55%
bn layer name: res5_0_branch1_bn 	 layer total channels: 2048 	 remainingchannels: 2048.0 	 pruned rate: 0.00%
bn layer name: res5_0_branch2a_bn 	 layer total channels: 512 	 remainingchannels: 508.0 	 pruned rate: 0.78%
bn layer name: res5_0_branch2b_bn 	 layer total channels: 512 	 remainingchannels: 510.0 	 pruned rate: 0.39%
bn layer name: res5_0_branch2c_bn 	 layer total channels: 2048 	 remainingchannels: 2044.0 	 pruned rate: 0.20%
bn layer name: res5_1_branch2a_bn 	 layer total channels: 512 	 remainingchannels: 509.0 	 pruned rate: 0.59%
bn layer name: res5_1_branch2b_bn 	 layer total channels: 512 	 remainingchannels: 500.0 	 pruned rate: 2.34%
bn layer name: res5_1_branch2c_bn 	 layer total channels: 2048 	 remainingchannels: 2018.0 	 pruned rate: 1.46%
bn layer name: res5_2_branch2a_bn 	 layer total channels: 512 	 remainingchannels: 504.0 	 pruned rate: 1.56%
bn layer name: res5_2_branch2b_bn 	 layer total channels: 512 	 remainingchannels: 475.0 	 pruned rate: 7.23%
bn layer name: res5_2_branch2c_bn 	 layer total channels: 2048 	 remainingchannels: 2028.0 	 pruned rate: 0.98%
bn layer name: res_conv1_bn 	 layer total channels: 64 	 remainingchannels: 62.0 	 pruned rate: 3.12%
total pruned rate: 0.300037650602
====================================================================================================
op type: ImageInput
in channels: 3, out channels: 3

====================================================================================================
op type: StopGradient
in channels: 3, out channels: 3

====================================================================================================
op type: StopGradient
in channels: 3, out channels: 3

====================================================================================================
op type: Conv
in channels: 3, out channels: 64

====================================================================================================
op type: SpatialBN
in channels: 3, out channels: 64

====================================================================================================
op type: Relu
in channels: 3, out channels: 64

====================================================================================================
op type: MaxPool
in channels: 64, out channels: 64

====================================================================================================
op type: Conv
in channels: 64, out channels: 256

====================================================================================================
op type: SpatialBN
in channels: 64, out channels: 256

====================================================================================================
op type: Conv
in channels: 64, out channels: 64

====================================================================================================
op type: SpatialBN
in channels: 64, out channels: 54.0

====================================================================================================
op type: Relu
in channels: 54.0, out channels: 54.0

====================================================================================================
C_in: 54.0, old_in: 64
op type: Conv
in channels: 54.0, out channels: 64

====================================================================================================
op type: SpatialBN
in channels: 64, out channels: 35.0

====================================================================================================
op type: Relu
in channels: 35.0, out channels: 35.0

====================================================================================================
op type: Conv
in channels: 35.0, out channels: 256

====================================================================================================
op type: SpatialBN
in channels: 35.0, out channels: 256

====================================================================================================
op type: Sum
in channels: 35.0, out channels: 256

====================================================================================================
op type: Relu
in channels: 256, out channels: 256

====================================================================================================
op type: Conv
in channels: 256, out channels: 64

====================================================================================================
op type: SpatialBN
in channels: 64, out channels: 58.0

====================================================================================================
op type: Relu
in channels: 58.0, out channels: 58.0

====================================================================================================
C_in: 58.0, old_in: 64
op type: Conv
in channels: 58.0, out channels: 64

====================================================================================================
op type: SpatialBN
in channels: 64, out channels: 63.0

====================================================================================================
op type: Relu
in channels: 63.0, out channels: 63.0

====================================================================================================
op type: Conv
in channels: 63.0, out channels: 256

====================================================================================================
op type: SpatialBN
in channels: 63.0, out channels: 256

====================================================================================================
op type: Sum
in channels: 63.0, out channels: 256

====================================================================================================
op type: Relu
in channels: 256, out channels: 256

====================================================================================================
op type: Conv
in channels: 256, out channels: 64

====================================================================================================
op type: SpatialBN
in channels: 64, out channels: 63.0

====================================================================================================
op type: Relu
in channels: 63.0, out channels: 63.0

====================================================================================================
C_in: 63.0, old_in: 64
op type: Conv
in channels: 63.0, out channels: 64

====================================================================================================
op type: SpatialBN
in channels: 64, out channels: 62.0

====================================================================================================
op type: Relu
in channels: 62.0, out channels: 62.0

====================================================================================================
op type: Conv
in channels: 62.0, out channels: 256

====================================================================================================
op type: SpatialBN
in channels: 62.0, out channels: 256

====================================================================================================
op type: Sum
in channels: 62.0, out channels: 256

====================================================================================================
op type: Relu
in channels: 256, out channels: 256

====================================================================================================
op type: Conv
in channels: 256, out channels: 512

====================================================================================================
op type: SpatialBN
in channels: 256, out channels: 512

====================================================================================================
op type: Conv
in channels: 256, out channels: 128

====================================================================================================
op type: SpatialBN
in channels: 128, out channels: 128.0

====================================================================================================
op type: Relu
in channels: 128.0, out channels: 128.0

====================================================================================================
op type: Conv
in channels: 128.0, out channels: 128

====================================================================================================
op type: SpatialBN
in channels: 128, out channels: 127.0

====================================================================================================
op type: Relu
in channels: 127.0, out channels: 127.0

====================================================================================================
op type: Conv
in channels: 127.0, out channels: 512

====================================================================================================
op type: SpatialBN
in channels: 127.0, out channels: 512

====================================================================================================
op type: Sum
in channels: 127.0, out channels: 512

====================================================================================================
op type: Relu
in channels: 512, out channels: 512

====================================================================================================
op type: Conv
in channels: 512, out channels: 128

====================================================================================================
op type: SpatialBN
in channels: 128, out channels: 112.0

====================================================================================================
op type: Relu
in channels: 112.0, out channels: 112.0

====================================================================================================
C_in: 112.0, old_in: 128
op type: Conv
in channels: 112.0, out channels: 128

====================================================================================================
op type: SpatialBN
in channels: 128, out channels: 122.0

====================================================================================================
op type: Relu
in channels: 122.0, out channels: 122.0

====================================================================================================
op type: Conv
in channels: 122.0, out channels: 512

====================================================================================================
op type: SpatialBN
in channels: 122.0, out channels: 512

====================================================================================================
op type: Sum
in channels: 122.0, out channels: 512

====================================================================================================
op type: Relu
in channels: 512, out channels: 512

====================================================================================================
op type: Conv
in channels: 512, out channels: 128

====================================================================================================
op type: SpatialBN
in channels: 128, out channels: 125.0

====================================================================================================
op type: Relu
in channels: 125.0, out channels: 125.0

====================================================================================================
C_in: 125.0, old_in: 128
op type: Conv
in channels: 125.0, out channels: 128

====================================================================================================
op type: SpatialBN
in channels: 128, out channels: 126.0

====================================================================================================
op type: Relu
in channels: 126.0, out channels: 126.0

====================================================================================================
op type: Conv
in channels: 126.0, out channels: 512

====================================================================================================
op type: SpatialBN
in channels: 126.0, out channels: 512

====================================================================================================
op type: Sum
in channels: 126.0, out channels: 512

====================================================================================================
op type: Relu
in channels: 512, out channels: 512

====================================================================================================
op type: Conv
in channels: 512, out channels: 128

====================================================================================================
op type: SpatialBN
in channels: 128, out channels: 123.0

====================================================================================================
op type: Relu
in channels: 123.0, out channels: 123.0

====================================================================================================
C_in: 123.0, old_in: 128
op type: Conv
in channels: 123.0, out channels: 128

====================================================================================================
op type: SpatialBN
in channels: 128, out channels: 122.0

====================================================================================================
op type: Relu
in channels: 122.0, out channels: 122.0

====================================================================================================
op type: Conv
in channels: 122.0, out channels: 512

====================================================================================================
op type: SpatialBN
in channels: 122.0, out channels: 512

====================================================================================================
op type: Sum
in channels: 122.0, out channels: 512

====================================================================================================
op type: Relu
in channels: 512, out channels: 512

====================================================================================================
op type: Conv
in channels: 512, out channels: 1024

====================================================================================================
op type: SpatialBN
in channels: 512, out channels: 1024

====================================================================================================
op type: Conv
in channels: 512, out channels: 256

====================================================================================================
op type: SpatialBN
in channels: 256, out channels: 253.0

====================================================================================================
op type: Relu
in channels: 253.0, out channels: 253.0

====================================================================================================
C_in: 253.0, old_in: 256
op type: Conv
in channels: 253.0, out channels: 256

====================================================================================================
op type: SpatialBN
in channels: 256, out channels: 256.0

====================================================================================================
op type: Relu
in channels: 256.0, out channels: 256.0

====================================================================================================
op type: Conv
in channels: 256.0, out channels: 1024

====================================================================================================
op type: SpatialBN
in channels: 256.0, out channels: 1024

====================================================================================================
op type: Sum
in channels: 256.0, out channels: 1024

====================================================================================================
op type: Relu
in channels: 1024, out channels: 1024

====================================================================================================
op type: Conv
in channels: 1024, out channels: 256

====================================================================================================
op type: SpatialBN
in channels: 256, out channels: 231.0

====================================================================================================
op type: Relu
in channels: 231.0, out channels: 231.0

====================================================================================================
C_in: 231.0, old_in: 256
op type: Conv
in channels: 231.0, out channels: 256

====================================================================================================
op type: SpatialBN
in channels: 256, out channels: 243.0

====================================================================================================
op type: Relu
in channels: 243.0, out channels: 243.0

====================================================================================================
op type: Conv
in channels: 243.0, out channels: 1024

====================================================================================================
op type: SpatialBN
in channels: 243.0, out channels: 1024

====================================================================================================
op type: Sum
in channels: 243.0, out channels: 1024

====================================================================================================
op type: Relu
in channels: 1024, out channels: 1024

====================================================================================================
op type: Conv
in channels: 1024, out channels: 256

====================================================================================================
op type: SpatialBN
in channels: 256, out channels: 242.0

====================================================================================================
op type: Relu
in channels: 242.0, out channels: 242.0

====================================================================================================
C_in: 242.0, old_in: 256
op type: Conv
in channels: 242.0, out channels: 256

====================================================================================================
op type: SpatialBN
in channels: 256, out channels: 224.0

====================================================================================================
op type: Relu
in channels: 224.0, out channels: 224.0

====================================================================================================
op type: Conv
in channels: 224.0, out channels: 1024

====================================================================================================
op type: SpatialBN
in channels: 224.0, out channels: 1024

====================================================================================================
op type: Sum
in channels: 224.0, out channels: 1024

====================================================================================================
op type: Relu
in channels: 1024, out channels: 1024

====================================================================================================
op type: Conv
in channels: 1024, out channels: 256

====================================================================================================
op type: SpatialBN
in channels: 256, out channels: 239.0

====================================================================================================
op type: Relu
in channels: 239.0, out channels: 239.0

====================================================================================================
C_in: 239.0, old_in: 256
op type: Conv
in channels: 239.0, out channels: 256

====================================================================================================
op type: SpatialBN
in channels: 256, out channels: 242.0

====================================================================================================
op type: Relu
in channels: 242.0, out channels: 242.0

====================================================================================================
op type: Conv
in channels: 242.0, out channels: 1024

====================================================================================================
op type: SpatialBN
in channels: 242.0, out channels: 1024

====================================================================================================
op type: Sum
in channels: 242.0, out channels: 1024

====================================================================================================
op type: Relu
in channels: 1024, out channels: 1024

====================================================================================================
op type: Conv
in channels: 1024, out channels: 256

====================================================================================================
op type: SpatialBN
in channels: 256, out channels: 236.0

====================================================================================================
op type: Relu
in channels: 236.0, out channels: 236.0

====================================================================================================
C_in: 236.0, old_in: 256
op type: Conv
in channels: 236.0, out channels: 256

====================================================================================================
op type: SpatialBN
in channels: 256, out channels: 250.0

====================================================================================================
op type: Relu
in channels: 250.0, out channels: 250.0

====================================================================================================
op type: Conv
in channels: 250.0, out channels: 1024

====================================================================================================
op type: SpatialBN
in channels: 250.0, out channels: 1024

====================================================================================================
op type: Sum
in channels: 250.0, out channels: 1024

====================================================================================================
op type: Relu
in channels: 1024, out channels: 1024

====================================================================================================
op type: Conv
in channels: 1024, out channels: 256

====================================================================================================
op type: SpatialBN
in channels: 256, out channels: 247.0

====================================================================================================
op type: Relu
in channels: 247.0, out channels: 247.0

====================================================================================================
C_in: 247.0, old_in: 256
op type: Conv
in channels: 247.0, out channels: 256

====================================================================================================
op type: SpatialBN
in channels: 256, out channels: 255.0

====================================================================================================
op type: Relu
in channels: 255.0, out channels: 255.0

====================================================================================================
op type: Conv
in channels: 255.0, out channels: 1024

====================================================================================================
op type: SpatialBN
in channels: 255.0, out channels: 1024

====================================================================================================
op type: Sum
in channels: 255.0, out channels: 1024

====================================================================================================
op type: Relu
in channels: 1024, out channels: 1024

====================================================================================================
op type: Conv
in channels: 1024, out channels: 2048

====================================================================================================
op type: SpatialBN
in channels: 1024, out channels: 2048

====================================================================================================
op type: Conv
in channels: 1024, out channels: 512

====================================================================================================
op type: SpatialBN
in channels: 512, out channels: 508.0

====================================================================================================
op type: Relu
in channels: 508.0, out channels: 508.0

====================================================================================================
C_in: 508.0, old_in: 512
op type: Conv
in channels: 508.0, out channels: 512

====================================================================================================
op type: SpatialBN
in channels: 512, out channels: 510.0

====================================================================================================
op type: Relu
in channels: 510.0, out channels: 510.0

====================================================================================================
op type: Conv
in channels: 510.0, out channels: 2048

====================================================================================================
op type: SpatialBN
in channels: 510.0, out channels: 2048

====================================================================================================
op type: Sum
in channels: 510.0, out channels: 2048

====================================================================================================
op type: Relu
in channels: 2048, out channels: 2048

====================================================================================================
op type: Conv
in channels: 2048, out channels: 512

====================================================================================================
op type: SpatialBN
in channels: 512, out channels: 509.0

====================================================================================================
op type: Relu
in channels: 509.0, out channels: 509.0

====================================================================================================
C_in: 509.0, old_in: 512
op type: Conv
in channels: 509.0, out channels: 512

====================================================================================================
op type: SpatialBN
in channels: 512, out channels: 500.0

====================================================================================================
op type: Relu
in channels: 500.0, out channels: 500.0

====================================================================================================
op type: Conv
in channels: 500.0, out channels: 2048

====================================================================================================
op type: SpatialBN
in channels: 500.0, out channels: 2048

====================================================================================================
op type: Sum
in channels: 500.0, out channels: 2048

====================================================================================================
op type: Relu
in channels: 2048, out channels: 2048

====================================================================================================
op type: Conv
in channels: 2048, out channels: 512

====================================================================================================
op type: SpatialBN
in channels: 512, out channels: 504.0

====================================================================================================
op type: Relu
in channels: 504.0, out channels: 504.0

====================================================================================================
C_in: 504.0, old_in: 512
op type: Conv
in channels: 504.0, out channels: 512

====================================================================================================
op type: SpatialBN
in channels: 512, out channels: 475.0

====================================================================================================
op type: Relu
in channels: 475.0, out channels: 475.0

====================================================================================================
op type: Conv
in channels: 475.0, out channels: 2048

====================================================================================================
op type: SpatialBN
in channels: 475.0, out channels: 2048

====================================================================================================
op type: Sum
in channels: 475.0, out channels: 2048

====================================================================================================
op type: Relu
in channels: 2048, out channels: 2048

====================================================================================================
op type: AveragePool
in channels: 2048, out channels: 2048

====================================================================================================
op type: FC
in channels: 2048, out channels: 2048

====================================================================================================
op type: Relu
in channels: 2048, out channels: 2048

====================================================================================================
op type: FC
in channels: 2048, out channels: 2048

====================================================================================================
op type: Sigmoid
in channels: 2048, out channels: 2048

====================================================================================================
op type: Mul
in channels: 2048, out channels: 2048

====================================================================================================
op type: AveragePool
in channels: 2048, out channels: 2048

====================================================================================================
op type: FC
in channels: 2048, out channels: 2048

====================================================================================================
op type: AveragePool
in channels: 2048, out channels: 2048

====================================================================================================
op type: FC
in channels: 2048, out channels: 2048

====================================================================================================
op type: Relu
in channels: 2048, out channels: 2048

====================================================================================================
op type: FC
in channels: 2048, out channels: 2048

====================================================================================================
op type: Sigmoid
in channels: 2048, out channels: 2048

====================================================================================================
op type: Mul
in channels: 2048, out channels: 2048

====================================================================================================
op type: AveragePool
in channels: 2048, out channels: 2048

====================================================================================================
op type: FC
in channels: 2048, out channels: 2048

====================================================================================================
op type: Concat
in channels: 2048, out channels: 2048

====================================================================================================
op type: FC
in channels: 2048, out channels: 2048

====================================================================================================
op type: SoftmaxWithLoss
in channels: 2048, out channels: 2048

====================================================================================================
op type: Split
in channels: 2048, out channels: 2048

====================================================================================================
op type: Sub
in channels: 2048, out channels: 2048

====================================================================================================
op type: Abs
in channels: 2048, out channels: 2048

====================================================================================================
op type: Mul
in channels: 2048, out channels: 2048

====================================================================================================
op type: ReduceBackSum
in channels: 2048, out channels: 2048

====================================================================================================
op type: Sqrt
in channels: 2048, out channels: 2048

====================================================================================================
op type: ReduceBackSum
in channels: 2048, out channels: 2048

====================================================================================================
op type: GivenTensorFill
in channels: 2048, out channels: 2048

====================================================================================================
op type: Div
in channels: 2048, out channels: 2048

====================================================================================================
op type: ConstantFill
in channels: 2048, out channels: 2048

====================================================================================================
op type: Mul
in channels: 2048, out channels: 2048

====================================================================================================
op type: Sum
in channels: 2048, out channels: 2048

====================================================================================================
op type: Accuracy
in channels: 2048, out channels: 2048

====================================================================================================
op type: Accuracy
in channels: 2048, out channels: 2048





new weights_map:

res2_0_branch2a_bn_s : [54]
res2_0_branch2b_bn_rm : [35]
res_conv1_bn_b : [64]
res2_2_branch2a_bn_rm : [63]
res2_2_branch2b_bn_rm : [62]
res4_3_branch2a_bn_b : [239]
res2_1_branch2a_bn_s : [58]
res2_2_branch2a_w : [ 63 256   1   1]
res3_2_branch2c_bn_b : [512]
res5_0_branch2c_bn_s : [2048]
res2_0_branch2a_bn_b : [54]
res_conv1_bn_s : [64]
res5_2_branch2a_bn_rm : [504]
res4_5_branch2b_bn_rm : [255]
res5_0_branch1_bn_riv : [2048]
res2_1_branch2a_bn_b : [58]
res2_1_branch2c_w : [256  64   1   1]
res4_2_branch2c_w : [1024  256    1    1]
res3_1_branch2b_w : [122 112   3   3]
res3_2_branch2c_bn_s : [512]
res3_1_branch2b_bn_riv : [122]
res3_1_branch2a_bn_rm : [112]
res4_4_branch2b_w : [250 236   3   3]
res4_4_branch2c_bn_rm : [1024]
res3_1_branch2b_bn_b : [122]
bi_attention_pred_b : [100]
res3_1_branch2c_bn_b : [512]
res5_2_branch2b_w : [475 504   3   3]
res4_3_branch2a_bn_rm : [239]
res2_1_branch2c_bn_b : [256]
res2_0_branch2b_bn_b : [35]
res4_0_branch2a_bn_s : [253]
res3_2_branch2b_bn_b : [126]
res3_3_branch2a_w : [123 512   1   1]
bi_attention_pred_w : [ 100 2048]
res3_1_branch2b_bn_s : [122]
res3_1_branch2c_bn_s : [512]
res4_0_branch2a_bn_rm : [253]
res5_1_branch2c_w : [2048  512    1    1]
res2_1_branch2c_bn_s : [256]
res2_0_branch2b_bn_s : [35]
res3_2_branch2b_bn_s : [126]
res4_0_branch2a_bn_b : [253]
res4_0_branch2c_bn_b : [1024]
res5_2_branch2b_bn_rm : [475]
res2_1_branch2b_bn_riv : [63]
res3_1_branch2b_bn_rm : [122]
res3_3_branch2b_bn_s : [122]
res5_1_branch2c_bn_s : [2048]
res4_2_branch2a_w : [ 242 1024    1    1]
osme_fc1_2_w : [ 128 2048]
conv1_b : [64]
res2_0_branch2c_bn_b : [256]
res4_0_branch2c_bn_s : [1024]
res4_3_branch2b_bn_rm : [242]
res5_0_branch2b_bn_s : [510]
res3_3_branch2b_bn_b : [122]
res4_3_branch2c_bn_riv : [1024]
res5_1_branch2c_bn_b : [2048]
res2_0_branch1_bn_rm : [256]
res4_1_branch2a_bn_riv : [231]
conv1_w : [64  3  7  7]
res3_0_branch2b_bn_b : [127]
res4_3_branch2b_w : [242 239   3   3]
osme_fc2_2_w : [2048  128]
osme_fc2_1_w : [2048  128]
res2_1_branch2b_bn_rm : [63]
res4_1_branch2c_bn_b : [1024]
res3_2_branch2a_w : [125 512   1   1]
res4_1_branch2b_bn_b : [243]
res5_0_branch2c_bn_b : [2048]
res4_5_branch2c_w : [1024  256    1    1]
res2_0_branch1_w : [256  64   1   1]
res4_4_branch2b_bn_riv : [250]
res2_1_branch2c_bn_rm : [256]
res3_2_branch2c_w : [512 128   1   1]
res3_0_branch2b_bn_s : [127]
res4_1_branch2c_bn_s : [1024]
res4_1_branch2b_bn_s : [243]
res4_0_branch2c_bn_rm : [1024]
res2_2_branch2a_bn_riv : [63]
res5_0_branch2b_w : [510 508   3   3]
res4_1_branch2c_bn_riv : [1024]
attention_1_b : [1024]
res4_4_branch2a_bn_s : [236]
res4_5_branch2c_bn_rm : [1024]
res4_0_branch2b_bn_rm : [256]
res4_5_branch2a_w : [ 247 1024    1    1]
res2_0_branch1_bn_riv : [256]
res4_2_branch2b_bn_s : [224]
res2_2_branch2a_bn_b : [63]
res_conv1_bn_riv : [64]
res4_4_branch2a_bn_b : [236]
res4_3_branch2a_bn_s : [239]
res4_0_branch2c_bn_riv : [1024]
res4_2_branch2b_bn_b : [224]
res2_2_branch2a_bn_s : [63]
res2_0_branch2a_bn_riv : [54]
res3_0_branch2b_bn_rm : [127]
res4_4_branch2a_bn_riv : [236]
res5_0_branch2a_bn_rm : [508]
res5_2_branch2a_bn_riv : [504]
res5_1_branch2b_bn_riv : [500]
res5_1_branch2c_bn_riv : [2048]
osme_fc2_2_b : [2048]
osme_fc1_2_b : [128]
res4_5_branch2b_bn_riv : [255]
res5_2_branch2c_bn_s : [2048]
res3_2_branch2a_bn_rm : [125]
res5_1_branch2a_bn_rm : [509]
res4_2_branch2c_bn_rm : [1024]
res2_0_branch2c_w : [256  64   1   1]
res5_0_branch2a_bn_b : [508]
res3_2_branch2a_bn_s : [125]
res3_0_branch2c_bn_rm : [512]
res5_2_branch2c_bn_b : [2048]
res4_0_branch2b_w : [256 253   3   3]
res3_3_branch2c_w : [512 128   1   1]
res5_2_branch2a_w : [ 504 2048    1    1]
res5_2_branch2c_bn_rm : [2048]
res3_2_branch2a_bn_b : [125]
res5_0_branch2a_bn_s : [508]
res4_1_branch2b_bn_riv : [243]
res3_0_branch2a_bn_s : [128]
res4_4_branch2b_bn_b : [250]
res4_3_branch2b_bn_riv : [242]
res4_2_branch2c_bn_riv : [1024]
attention_1_w : [1024 2048]
res3_2_branch2b_w : [126 125   3   3]
res4_1_branch2a_bn_s : [231]
osme_fc1_1_w : [ 128 2048]
res4_0_branch2b_bn_b : [256]
res3_0_branch2a_bn_b : [128]
res4_4_branch2b_bn_s : [250]
res2_2_branch2b_bn_riv : [62]
res2_1_branch2a_w : [ 58 256   1   1]
osme_fc1_1_b : [128]
res2_2_branch2c_w : [256  64   1   1]
res4_0_branch1_w : [1024  512    1    1]
res4_0_branch2b_bn_s : [256]
res3_3_branch2a_bn_riv : [123]
res4_2_branch2a_bn_b : [242]
res4_5_branch2a_bn_rm : [247]
res3_2_branch2c_bn_rm : [512]
res5_2_branch2b_bn_s : [475]
res2_0_branch2a_bn_rm : [54]
res5_0_branch2b_bn_riv : [510]
res3_1_branch2a_bn_b : [112]
res3_3_branch2b_bn_rm : [122]
res4_3_branch2c_bn_s : [1024]
res3_0_branch1_w : [512 256   1   1]
res4_2_branch2a_bn_s : [242]
res5_2_branch2b_bn_b : [475]
res3_1_branch2a_bn_s : [112]
res4_3_branch2c_bn_b : [1024]
osme_fc2_1_b : [2048]
res4_5_branch2b_w : [255 247   3   3]
res5_0_branch2b_bn_b : [510]
res5_2_branch2a_bn_b : [504]
res5_0_branch2c_bn_riv : [2048]
res5_1_branch2a_bn_s : [509]
res3_3_branch2a_bn_rm : [123]
res4_0_branch2a_bn_riv : [253]
res3_3_branch2c_bn_riv : [512]
res2_1_branch2a_bn_rm : [58]
res2_0_branch1_bn_s : [256]
res2_2_branch2b_bn_s : [62]
res5_2_branch2a_bn_s : [504]
res_conv1_bn_rm : [64]
res5_1_branch2a_bn_b : [509]
res2_0_branch2c_bn_riv : [256]
res3_2_branch2b_bn_rm : [126]
res2_0_branch1_bn_b : [256]
res2_2_branch2b_bn_b : [62]
res2_2_branch2c_bn_s : [256]
res4_2_branch2b_bn_riv : [224]
res4_1_branch2a_bn_b : [231]
res4_0_branch1_bn_rm : [1024]
res4_0_branch1_bn_s : [1024]
res5_0_branch1_bn_s : [2048]
res4_2_branch2a_bn_rm : [242]
res4_0_branch2c_w : [1024  256    1    1]
res4_1_branch2a_w : [ 231 1024    1    1]
res5_0_branch2c_bn_rm : [2048]
res2_2_branch2c_bn_b : [256]
res2_0_branch2b_w : [35 54  3  3]
res3_0_branch1_bn_rm : [512]
res4_0_branch1_bn_b : [1024]
res4_1_branch2c_bn_rm : [1024]
res5_0_branch1_bn_b : [2048]
res4_0_branch2a_w : [253 512   1   1]
res4_1_branch2c_w : [1024  256    1    1]
res2_1_branch2b_bn_s : [63]
res4_2_branch2b_w : [224 242   3   3]
attention_2_w : [1024 2048]
res3_0_branch1_bn_b : [512]
res3_3_branch2c_bn_b : [512]
res3_0_branch1_bn_riv : [512]
res4_2_branch2a_bn_riv : [242]
res4_1_branch2a_bn_rm : [231]
res5_1_branch2b_w : [500 509   3   3]
res3_0_branch2c_bn_riv : [512]
attention_2_b : [1024]
res4_5_branch2c_bn_riv : [1024]
res4_4_branch2c_bn_riv : [1024]
res3_0_branch1_bn_s : [512]
res3_3_branch2c_bn_rm : [512]
res3_3_branch2c_bn_s : [512]
res3_0_branch2a_bn_riv : [128]
res3_3_branch2b_bn_riv : [122]
res5_1_branch2a_w : [ 509 2048    1    1]
res3_1_branch2a_w : [112 512   1   1]
res2_2_branch2b_w : [62 63  3  3]
res3_3_branch2a_bn_b : [123]
res2_1_branch2c_bn_riv : [256]
res4_5_branch2b_bn_b : [255]
res2_1_branch2b_w : [63 58  3  3]
res4_1_branch2b_bn_rm : [243]
res3_1_branch2c_w : [512 128   1   1]
res3_2_branch2a_bn_riv : [125]
res3_3_branch2a_bn_s : [123]
res3_0_branch2b_w : [127 128   3   3]
res4_5_branch2a_bn_riv : [247]
res4_5_branch2b_bn_s : [255]
res2_1_branch2a_bn_riv : [58]
res3_1_branch2c_bn_riv : [512]
res5_1_branch2a_bn_riv : [509]
res3_0_branch2c_bn_b : [512]
res3_0_branch2a_bn_rm : [128]
res4_4_branch2c_bn_b : [1024]
res5_0_branch2a_bn_riv : [508]
res2_2_branch2c_bn_rm : [256]
res5_2_branch2c_bn_riv : [2048]
res3_3_branch2b_w : [122 123   3   3]
res5_2_branch2b_bn_riv : [475]
res4_2_branch2b_bn_rm : [224]
res5_2_branch2c_w : [2048  512    1    1]
res3_0_branch2c_bn_s : [512]
res4_4_branch2c_bn_s : [1024]
res4_4_branch2a_w : [ 236 1024    1    1]
res5_0_branch2b_bn_rm : [510]
res2_0_branch2a_w : [54 64  1  1]
res4_4_branch2b_bn_rm : [250]
res5_1_branch2b_bn_rm : [500]
res4_3_branch2a_bn_riv : [239]
res5_0_branch2c_w : [2048  512    1    1]
res5_1_branch2b_bn_b : [500]
res4_3_branch2a_w : [ 239 1024    1    1]
res3_1_branch2a_bn_riv : [112]
res5_0_branch1_bn_rm : [2048]
res4_3_branch2c_bn_rm : [1024]
res3_2_branch2b_bn_riv : [126]
res2_1_branch2b_bn_b : [63]
res2_0_branch2b_bn_riv : [35]
res4_1_branch2b_w : [243 231   3   3]
res5_1_branch2b_bn_s : [500]
res4_4_branch2c_w : [1024  256    1    1]
res2_0_branch2c_bn_rm : [256]
res5_1_branch2c_bn_rm : [2048]
res4_0_branch2b_bn_riv : [256]
res3_0_branch2c_w : [512 128   1   1]
res2_2_branch2c_bn_riv : [256]
res4_0_branch1_bn_riv : [1024]
res5_0_branch1_w : [2048 1024    1    1]
res3_1_branch2c_bn_rm : [512]
res4_5_branch2c_bn_b : [1024]
res4_3_branch2c_w : [1024  256    1    1]
res4_5_branch2a_bn_s : [247]
res4_3_branch2b_bn_s : [242]
res4_2_branch2c_bn_s : [1024]
res4_4_branch2a_bn_rm : [236]
res3_2_branch2c_bn_riv : [512]
res5_0_branch2a_w : [ 508 1024    1    1]
res4_5_branch2c_bn_s : [1024]
res4_5_branch2a_bn_b : [247]
res4_2_branch2c_bn_b : [1024]
res2_0_branch2c_bn_s : [256]
res4_3_branch2b_bn_b : [242]
res3_0_branch2b_bn_riv : [127]
res3_0_branch2a_w : [128 256   1   1]
++++++++++++++++++++++++++++++++++++++++++++++++++++++++++++++++++++++++++++++++++++++++++++++++++++
computing the params and FLOPs of network
====================================================================================================
feature map shape: (N, 3, 224, 224)

====================================================================================================
feature map shape: (N, 3, 224, 224)

====================================================================================================
feature map shape: (N, 3, 224, 224)

====================================================================================================
conv_params: 9472.0, conv_flops: 118816768.0
feature map shape: (N, 64, 112.0, 112.0)

====================================================================================================
bn_params: 128, bn_flops: 802816.0
feature map shape: (N, 64, 112.0, 112.0)

====================================================================================================
feature map shape: (N, 64, 112.0, 112.0)

====================================================================================================
feature map shape: (N, 64, 56.0, 56.0)

====================================================================================================
conv_params: 16640.0, conv_flops: 52183040.0
feature map shape: (N, 256, 56.0, 56.0)

====================================================================================================
bn_params: 512, bn_flops: 802816.0
feature map shape: (N, 256, 56.0, 56.0)

====================================================================================================
conv_params: 3510.0, conv_flops: 11007360.0
feature map shape: (N, 54, 56.0, 56.0)

====================================================================================================
bn_params: 108, bn_flops: 169344.0
feature map shape: (N, 54, 56.0, 56.0)

====================================================================================================
feature map shape: (N, 54, 56.0, 56.0)

====================================================================================================
conv_params: 17045.0, conv_flops: 53453120.0
feature map shape: (N, 35, 56.0, 56.0)

====================================================================================================
bn_params: 70, bn_flops: 109760.0
feature map shape: (N, 35, 56.0, 56.0)

====================================================================================================
feature map shape: (N, 35, 56.0, 56.0)

====================================================================================================
conv_params: 16640.0, conv_flops: 52183040.0
feature map shape: (N, 256, 56.0, 56.0)

====================================================================================================
bn_params: 512, bn_flops: 802816.0
feature map shape: (N, 256, 56.0, 56.0)

====================================================================================================
feature map shape: (N, 256, 56.0, 56.0)

====================================================================================================
feature map shape: (N, 256, 56.0, 56.0)

====================================================================================================
conv_params: 14906.0, conv_flops: 46745216.0
feature map shape: (N, 58, 56.0, 56.0)

====================================================================================================
bn_params: 116, bn_flops: 181888.0
feature map shape: (N, 58, 56.0, 56.0)

====================================================================================================
feature map shape: (N, 58, 56.0, 56.0)

====================================================================================================
conv_params: 32949.0, conv_flops: 103328064.0
feature map shape: (N, 63, 56.0, 56.0)

====================================================================================================
bn_params: 126, bn_flops: 197568.0
feature map shape: (N, 63, 56.0, 56.0)

====================================================================================================
feature map shape: (N, 63, 56.0, 56.0)

====================================================================================================
conv_params: 16640.0, conv_flops: 52183040.0
feature map shape: (N, 256, 56.0, 56.0)

====================================================================================================
bn_params: 512, bn_flops: 802816.0
feature map shape: (N, 256, 56.0, 56.0)

====================================================================================================
feature map shape: (N, 256, 56.0, 56.0)

====================================================================================================
feature map shape: (N, 256, 56.0, 56.0)

====================================================================================================
conv_params: 16191.0, conv_flops: 50774976.0
feature map shape: (N, 63, 56.0, 56.0)

====================================================================================================
bn_params: 126, bn_flops: 197568.0
feature map shape: (N, 63, 56.0, 56.0)

====================================================================================================
feature map shape: (N, 63, 56.0, 56.0)

====================================================================================================
conv_params: 35216.0, conv_flops: 110437376.0
feature map shape: (N, 62, 56.0, 56.0)

====================================================================================================
bn_params: 124, bn_flops: 194432.0
feature map shape: (N, 62, 56.0, 56.0)

====================================================================================================
feature map shape: (N, 62, 56.0, 56.0)

====================================================================================================
conv_params: 16640.0, conv_flops: 52183040.0
feature map shape: (N, 256, 56.0, 56.0)

====================================================================================================
bn_params: 512, bn_flops: 802816.0
feature map shape: (N, 256, 56.0, 56.0)

====================================================================================================
feature map shape: (N, 256, 56.0, 56.0)

====================================================================================================
feature map shape: (N, 256, 56.0, 56.0)

====================================================================================================
conv_params: 131584.0, conv_flops: 103161856.0
feature map shape: (N, 512, 28.0, 28.0)

====================================================================================================
bn_params: 1024, bn_flops: 401408.0
feature map shape: (N, 512, 28.0, 28.0)

====================================================================================================
conv_params: 32896.0, conv_flops: 25790464.0
feature map shape: (N, 128, 28.0, 28.0)

====================================================================================================
bn_params: 256, bn_flops: 100352.0
feature map shape: (N, 128, 28.0, 28.0)

====================================================================================================
feature map shape: (N, 128, 28.0, 28.0)

====================================================================================================
conv_params: 146431.0, conv_flops: 114801904.0
feature map shape: (N, 127, 28.0, 28.0)

====================================================================================================
bn_params: 254, bn_flops: 99568.0
feature map shape: (N, 127, 28.0, 28.0)

====================================================================================================
feature map shape: (N, 127, 28.0, 28.0)

====================================================================================================
conv_params: 66048.0, conv_flops: 51781632.0
feature map shape: (N, 512, 28.0, 28.0)

====================================================================================================
bn_params: 1024, bn_flops: 401408.0
feature map shape: (N, 512, 28.0, 28.0)

====================================================================================================
feature map shape: (N, 512, 28.0, 28.0)

====================================================================================================
feature map shape: (N, 512, 28.0, 28.0)

====================================================================================================
conv_params: 57456.0, conv_flops: 45045504.0
feature map shape: (N, 112, 28.0, 28.0)

====================================================================================================
bn_params: 224, bn_flops: 87808.0
feature map shape: (N, 112, 28.0, 28.0)

====================================================================================================
feature map shape: (N, 112, 28.0, 28.0)

====================================================================================================
conv_params: 123098.0, conv_flops: 96508832.0
feature map shape: (N, 122, 28.0, 28.0)

====================================================================================================
bn_params: 244, bn_flops: 95648.0
feature map shape: (N, 122, 28.0, 28.0)

====================================================================================================
feature map shape: (N, 122, 28.0, 28.0)

====================================================================================================
conv_params: 66048.0, conv_flops: 51781632.0
feature map shape: (N, 512, 28.0, 28.0)

====================================================================================================
bn_params: 1024, bn_flops: 401408.0
feature map shape: (N, 512, 28.0, 28.0)

====================================================================================================
feature map shape: (N, 512, 28.0, 28.0)

====================================================================================================
feature map shape: (N, 512, 28.0, 28.0)

====================================================================================================
conv_params: 64125.0, conv_flops: 50274000.0
feature map shape: (N, 125, 28.0, 28.0)

====================================================================================================
bn_params: 250, bn_flops: 98000.0
feature map shape: (N, 125, 28.0, 28.0)

====================================================================================================
feature map shape: (N, 125, 28.0, 28.0)

====================================================================================================
conv_params: 141876.0, conv_flops: 111230784.0
feature map shape: (N, 126, 28.0, 28.0)

====================================================================================================
bn_params: 252, bn_flops: 98784.0
feature map shape: (N, 126, 28.0, 28.0)

====================================================================================================
feature map shape: (N, 126, 28.0, 28.0)

====================================================================================================
conv_params: 66048.0, conv_flops: 51781632.0
feature map shape: (N, 512, 28.0, 28.0)

====================================================================================================
bn_params: 1024, bn_flops: 401408.0
feature map shape: (N, 512, 28.0, 28.0)

====================================================================================================
feature map shape: (N, 512, 28.0, 28.0)

====================================================================================================
feature map shape: (N, 512, 28.0, 28.0)

====================================================================================================
conv_params: 63099.0, conv_flops: 49469616.0
feature map shape: (N, 123, 28.0, 28.0)

====================================================================================================
bn_params: 246, bn_flops: 96432.0
feature map shape: (N, 123, 28.0, 28.0)

====================================================================================================
feature map shape: (N, 123, 28.0, 28.0)

====================================================================================================
conv_params: 135176.0, conv_flops: 105977984.0
feature map shape: (N, 122, 28.0, 28.0)

====================================================================================================
bn_params: 244, bn_flops: 95648.0
feature map shape: (N, 122, 28.0, 28.0)

====================================================================================================
feature map shape: (N, 122, 28.0, 28.0)

====================================================================================================
conv_params: 66048.0, conv_flops: 51781632.0
feature map shape: (N, 512, 28.0, 28.0)

====================================================================================================
bn_params: 1024, bn_flops: 401408.0
feature map shape: (N, 512, 28.0, 28.0)

====================================================================================================
feature map shape: (N, 512, 28.0, 28.0)

====================================================================================================
feature map shape: (N, 512, 28.0, 28.0)

====================================================================================================
conv_params: 525312.0, conv_flops: 102961152.0
feature map shape: (N, 1024, 14.0, 14.0)

====================================================================================================
bn_params: 2048, bn_flops: 200704.0
feature map shape: (N, 1024, 14.0, 14.0)

====================================================================================================
conv_params: 129789.0, conv_flops: 25438644.0
feature map shape: (N, 253, 14.0, 14.0)

====================================================================================================
bn_params: 506, bn_flops: 49588.0
feature map shape: (N, 253, 14.0, 14.0)

====================================================================================================
feature map shape: (N, 253, 14.0, 14.0)

====================================================================================================
conv_params: 583168.0, conv_flops: 114300928.0
feature map shape: (N, 256, 14.0, 14.0)

====================================================================================================
bn_params: 512, bn_flops: 50176.0
feature map shape: (N, 256, 14.0, 14.0)

====================================================================================================
feature map shape: (N, 256, 14.0, 14.0)

====================================================================================================
conv_params: 263168.0, conv_flops: 51580928.0
feature map shape: (N, 1024, 14.0, 14.0)

====================================================================================================
bn_params: 2048, bn_flops: 200704.0
feature map shape: (N, 1024, 14.0, 14.0)

====================================================================================================
feature map shape: (N, 1024, 14.0, 14.0)

====================================================================================================
feature map shape: (N, 1024, 14.0, 14.0)

====================================================================================================
conv_params: 236775.0, conv_flops: 46407900.0
feature map shape: (N, 231, 14.0, 14.0)

====================================================================================================
bn_params: 462, bn_flops: 45276.0
feature map shape: (N, 231, 14.0, 14.0)

====================================================================================================
feature map shape: (N, 231, 14.0, 14.0)

====================================================================================================
conv_params: 505440.0, conv_flops: 99066240.0
feature map shape: (N, 243, 14.0, 14.0)

====================================================================================================
bn_params: 486, bn_flops: 47628.0
feature map shape: (N, 243, 14.0, 14.0)

====================================================================================================
feature map shape: (N, 243, 14.0, 14.0)

====================================================================================================
conv_params: 263168.0, conv_flops: 51580928.0
feature map shape: (N, 1024, 14.0, 14.0)

====================================================================================================
bn_params: 2048, bn_flops: 200704.0
feature map shape: (N, 1024, 14.0, 14.0)

====================================================================================================
feature map shape: (N, 1024, 14.0, 14.0)

====================================================================================================
feature map shape: (N, 1024, 14.0, 14.0)

====================================================================================================
conv_params: 248050.0, conv_flops: 48617800.0
feature map shape: (N, 242, 14.0, 14.0)

====================================================================================================
bn_params: 484, bn_flops: 47432.0
feature map shape: (N, 242, 14.0, 14.0)

====================================================================================================
feature map shape: (N, 242, 14.0, 14.0)

====================================================================================================
conv_params: 488096.0, conv_flops: 95666816.0
feature map shape: (N, 224, 14.0, 14.0)

====================================================================================================
bn_params: 448, bn_flops: 43904.0
feature map shape: (N, 224, 14.0, 14.0)

====================================================================================================
feature map shape: (N, 224, 14.0, 14.0)

====================================================================================================
conv_params: 263168.0, conv_flops: 51580928.0
feature map shape: (N, 1024, 14.0, 14.0)

====================================================================================================
bn_params: 2048, bn_flops: 200704.0
feature map shape: (N, 1024, 14.0, 14.0)

====================================================================================================
feature map shape: (N, 1024, 14.0, 14.0)

====================================================================================================
feature map shape: (N, 1024, 14.0, 14.0)

====================================================================================================
conv_params: 244975.0, conv_flops: 48015100.0
feature map shape: (N, 239, 14.0, 14.0)

====================================================================================================
bn_params: 478, bn_flops: 46844.0
feature map shape: (N, 239, 14.0, 14.0)

====================================================================================================
feature map shape: (N, 239, 14.0, 14.0)

====================================================================================================
conv_params: 520784.0, conv_flops: 102073664.0
feature map shape: (N, 242, 14.0, 14.0)

====================================================================================================
bn_params: 484, bn_flops: 47432.0
feature map shape: (N, 242, 14.0, 14.0)

====================================================================================================
feature map shape: (N, 242, 14.0, 14.0)

====================================================================================================
conv_params: 263168.0, conv_flops: 51580928.0
feature map shape: (N, 1024, 14.0, 14.0)

====================================================================================================
bn_params: 2048, bn_flops: 200704.0
feature map shape: (N, 1024, 14.0, 14.0)

====================================================================================================
feature map shape: (N, 1024, 14.0, 14.0)

====================================================================================================
feature map shape: (N, 1024, 14.0, 14.0)

====================================================================================================
conv_params: 241900.0, conv_flops: 47412400.0
feature map shape: (N, 236, 14.0, 14.0)

====================================================================================================
bn_params: 472, bn_flops: 46256.0
feature map shape: (N, 236, 14.0, 14.0)

====================================================================================================
feature map shape: (N, 236, 14.0, 14.0)

====================================================================================================
conv_params: 531250.0, conv_flops: 104125000.0
feature map shape: (N, 250, 14.0, 14.0)

====================================================================================================
bn_params: 500, bn_flops: 49000.0
feature map shape: (N, 250, 14.0, 14.0)

====================================================================================================
feature map shape: (N, 250, 14.0, 14.0)

====================================================================================================
conv_params: 263168.0, conv_flops: 51580928.0
feature map shape: (N, 1024, 14.0, 14.0)

====================================================================================================
bn_params: 2048, bn_flops: 200704.0
feature map shape: (N, 1024, 14.0, 14.0)

====================================================================================================
feature map shape: (N, 1024, 14.0, 14.0)

====================================================================================================
feature map shape: (N, 1024, 14.0, 14.0)

====================================================================================================
conv_params: 253175.0, conv_flops: 49622300.0
feature map shape: (N, 247, 14.0, 14.0)

====================================================================================================
bn_params: 494, bn_flops: 48412.0
feature map shape: (N, 247, 14.0, 14.0)

====================================================================================================
feature map shape: (N, 247, 14.0, 14.0)

====================================================================================================
conv_params: 567120.0, conv_flops: 111155520.0
feature map shape: (N, 255, 14.0, 14.0)

====================================================================================================
bn_params: 510, bn_flops: 49980.0
feature map shape: (N, 255, 14.0, 14.0)

====================================================================================================
feature map shape: (N, 255, 14.0, 14.0)

====================================================================================================
conv_params: 263168.0, conv_flops: 51580928.0
feature map shape: (N, 1024, 14.0, 14.0)

====================================================================================================
bn_params: 2048, bn_flops: 200704.0
feature map shape: (N, 1024, 14.0, 14.0)

====================================================================================================
feature map shape: (N, 1024, 14.0, 14.0)

====================================================================================================
feature map shape: (N, 1024, 14.0, 14.0)

====================================================================================================
conv_params: 2099200.0, conv_flops: 102860800.0
feature map shape: (N, 2048, 7.0, 7.0)

====================================================================================================
bn_params: 4096, bn_flops: 100352.0
feature map shape: (N, 2048, 7.0, 7.0)

====================================================================================================
conv_params: 520700.0, conv_flops: 25514300.0
feature map shape: (N, 508, 7.0, 7.0)

====================================================================================================
bn_params: 1016, bn_flops: 24892.0
feature map shape: (N, 508, 7.0, 7.0)

====================================================================================================
feature map shape: (N, 508, 7.0, 7.0)

====================================================================================================
conv_params: 2332230.0, conv_flops: 114279270.0
feature map shape: (N, 510, 7.0, 7.0)

====================================================================================================
bn_params: 1020, bn_flops: 24990.0
feature map shape: (N, 510, 7.0, 7.0)

====================================================================================================
feature map shape: (N, 510, 7.0, 7.0)

====================================================================================================
conv_params: 1050624.0, conv_flops: 51480576.0
feature map shape: (N, 2048, 7.0, 7.0)

====================================================================================================
bn_params: 4096, bn_flops: 100352.0
feature map shape: (N, 2048, 7.0, 7.0)

====================================================================================================
feature map shape: (N, 2048, 7.0, 7.0)

====================================================================================================
feature map shape: (N, 2048, 7.0, 7.0)

====================================================================================================
conv_params: 1042941.0, conv_flops: 51104109.0
feature map shape: (N, 509, 7.0, 7.0)

====================================================================================================
bn_params: 1018, bn_flops: 24941.0
feature map shape: (N, 509, 7.0, 7.0)

====================================================================================================
feature map shape: (N, 509, 7.0, 7.0)

====================================================================================================
conv_params: 2291000.0, conv_flops: 112259000.0
feature map shape: (N, 500, 7.0, 7.0)

====================================================================================================
bn_params: 1000, bn_flops: 24500.0
feature map shape: (N, 500, 7.0, 7.0)

====================================================================================================
feature map shape: (N, 500, 7.0, 7.0)

====================================================================================================
conv_params: 1050624.0, conv_flops: 51480576.0
feature map shape: (N, 2048, 7.0, 7.0)

====================================================================================================
bn_params: 4096, bn_flops: 100352.0
feature map shape: (N, 2048, 7.0, 7.0)

====================================================================================================
feature map shape: (N, 2048, 7.0, 7.0)

====================================================================================================
feature map shape: (N, 2048, 7.0, 7.0)

====================================================================================================
conv_params: 1032696.0, conv_flops: 50602104.0
feature map shape: (N, 504, 7.0, 7.0)

====================================================================================================
bn_params: 1008, bn_flops: 24696.0
feature map shape: (N, 504, 7.0, 7.0)

====================================================================================================
feature map shape: (N, 504, 7.0, 7.0)

====================================================================================================
conv_params: 2155075.0, conv_flops: 105598675.0
feature map shape: (N, 475, 7.0, 7.0)

====================================================================================================
bn_params: 950, bn_flops: 23275.0
feature map shape: (N, 475, 7.0, 7.0)

====================================================================================================
feature map shape: (N, 475, 7.0, 7.0)

====================================================================================================
conv_params: 1050624.0, conv_flops: 51480576.0
feature map shape: (N, 2048, 7.0, 7.0)

====================================================================================================
bn_params: 4096, bn_flops: 100352.0
feature map shape: (N, 2048, 7.0, 7.0)

====================================================================================================
feature map shape: (N, 2048, 7.0, 7.0)

====================================================================================================
feature map shape: (N, 2048, 7.0, 7.0)

====================================================================================================
feature map shape: (N, 2048, 1.0, 1.0)

====================================================================================================
fc_params: 262144, fc_flops: 262144
feature map shape: (N, 128, 1.0, 1.0)

====================================================================================================
feature map shape: (N, 128, 1.0, 1.0)

====================================================================================================
fc_params: 262144, fc_flops: 262144
feature map shape: (N, 2048, 1.0, 1.0)

====================================================================================================
feature map shape: (N, 2048, 1.0, 1.0)

====================================================================================================
feature map shape: (N, 2048, 7.0, 7.0)

====================================================================================================
feature map shape: (N, 2048, 1.0, 1.0)

====================================================================================================
fc_params: 2097152, fc_flops: 2097152
feature map shape: (N, 1024, 1.0, 1.0)

====================================================================================================
feature map shape: (N, 1024, 1.0, 1.0)

====================================================================================================
fc_params: 262144, fc_flops: 262144
feature map shape: (N, 128, 1.0, 1.0)

====================================================================================================
feature map shape: (N, 128, 1.0, 1.0)

====================================================================================================
fc_params: 262144, fc_flops: 262144
feature map shape: (N, 2048, 1.0, 1.0)

====================================================================================================
feature map shape: (N, 2048, 1.0, 1.0)

====================================================================================================
feature map shape: (N, 2048, 7.0, 7.0)

====================================================================================================
feature map shape: (N, 2048, 1.0, 1.0)

====================================================================================================
fc_params: 2097152, fc_flops: 2097152
feature map shape: (N, 1024, 1.0, 1.0)

====================================================================================================
feature map shape: (N, 1024, 1.0, 1.0)

====================================================================================================
fc_params: 204800, fc_flops: 204800
feature map shape: (N, 100, 1.0, 1.0)

====================================================================================================
feature map shape: (N, 100, 1.0, 1.0)

====================================================================================================
feature map shape: (N, 100, 1.0, 1.0)

====================================================================================================
feature map shape: (N, 100, 1.0, 1.0)

====================================================================================================
feature map shape: (N, 100, 1.0, 1.0)

====================================================================================================
feature map shape: (N, 100, 1.0, 1.0)

====================================================================================================
feature map shape: (N, 100, 1.0, 1.0)

====================================================================================================
feature map shape: (N, 100, 1.0, 1.0)

====================================================================================================
feature map shape: (N, 100, 1.0, 1.0)

====================================================================================================
feature map shape: (N, 100, 1.0, 1.0)

====================================================================================================
feature map shape: (N, 100, 1.0, 1.0)

====================================================================================================
feature map shape: (N, 100, 1.0, 1.0)

====================================================================================================
feature map shape: (N, 100, 1.0, 1.0)

====================================================================================================
feature map shape: (N, 100, 1.0, 1.0)

====================================================================================================
feature map shape: (N, 100, 1.0, 1.0)

====================================================================================================
feature map shape: (N, 100, 1.0, 1.0)

params: 28136522.0, FLOPs: 3649508688.0
[INFO] finish running src/param_statistics.py, total_time is 5.956s
