[INFO] start running src/param_statistics.py ...
[INFO] start running initialize ...
[INFO] finish running initialize ...

[INFO] start running build_validation_model ...
[INFO] finish running build_validation_model ...

++++++++++++++++++++++++++++++++++++++++++++++++++++++++++++++++++++++++++++++++++++++++++++++++++++
computing the params and FLOPs of network
====================================================================================================
feature map shape: (N, 3, 224, 224)

====================================================================================================
feature map shape: (N, 3, 224, 224)

====================================================================================================
feature map shape: (N, 3, 224, 224)

====================================================================================================
conv_params: 9472.0, conv_flops: 118816768.0
feature map shape: (N, 64, 112.0, 112.0)

====================================================================================================
bn_params: 128, bn_flops: 802816.0
feature map shape: (N, 64, 112.0, 112.0)

====================================================================================================
feature map shape: (N, 64, 112.0, 112.0)

====================================================================================================
feature map shape: (N, 64, 56.0, 56.0)

====================================================================================================
conv_params: 16640.0, conv_flops: 52183040.0
feature map shape: (N, 256, 56.0, 56.0)

====================================================================================================
bn_params: 512, bn_flops: 802816.0
feature map shape: (N, 256, 56.0, 56.0)

====================================================================================================
conv_params: 4160.0, conv_flops: 13045760.0
feature map shape: (N, 64, 56.0, 56.0)

====================================================================================================
bn_params: 128, bn_flops: 200704.0
feature map shape: (N, 64, 56.0, 56.0)

====================================================================================================
feature map shape: (N, 64, 56.0, 56.0)

====================================================================================================
conv_params: 36928.0, conv_flops: 115806208.0
feature map shape: (N, 64, 56.0, 56.0)

====================================================================================================
bn_params: 128, bn_flops: 200704.0
feature map shape: (N, 64, 56.0, 56.0)

====================================================================================================
feature map shape: (N, 64, 56.0, 56.0)

====================================================================================================
conv_params: 16640.0, conv_flops: 52183040.0
feature map shape: (N, 256, 56.0, 56.0)

====================================================================================================
bn_params: 512, bn_flops: 802816.0
feature map shape: (N, 256, 56.0, 56.0)

====================================================================================================
feature map shape: (N, 256, 56.0, 56.0)

====================================================================================================
feature map shape: (N, 256, 56.0, 56.0)

====================================================================================================
conv_params: 16448.0, conv_flops: 51580928.0
feature map shape: (N, 64, 56.0, 56.0)

====================================================================================================
bn_params: 128, bn_flops: 200704.0
feature map shape: (N, 64, 56.0, 56.0)

====================================================================================================
feature map shape: (N, 64, 56.0, 56.0)

====================================================================================================
conv_params: 36928.0, conv_flops: 115806208.0
feature map shape: (N, 64, 56.0, 56.0)

====================================================================================================
bn_params: 128, bn_flops: 200704.0
feature map shape: (N, 64, 56.0, 56.0)

====================================================================================================
feature map shape: (N, 64, 56.0, 56.0)

====================================================================================================
conv_params: 16640.0, conv_flops: 52183040.0
feature map shape: (N, 256, 56.0, 56.0)

====================================================================================================
bn_params: 512, bn_flops: 802816.0
feature map shape: (N, 256, 56.0, 56.0)

====================================================================================================
feature map shape: (N, 256, 56.0, 56.0)

====================================================================================================
feature map shape: (N, 256, 56.0, 56.0)

====================================================================================================
conv_params: 16448.0, conv_flops: 51580928.0
feature map shape: (N, 64, 56.0, 56.0)

====================================================================================================
bn_params: 128, bn_flops: 200704.0
feature map shape: (N, 64, 56.0, 56.0)

====================================================================================================
feature map shape: (N, 64, 56.0, 56.0)

====================================================================================================
conv_params: 36928.0, conv_flops: 115806208.0
feature map shape: (N, 64, 56.0, 56.0)

====================================================================================================
bn_params: 128, bn_flops: 200704.0
feature map shape: (N, 64, 56.0, 56.0)

====================================================================================================
feature map shape: (N, 64, 56.0, 56.0)

====================================================================================================
conv_params: 16640.0, conv_flops: 52183040.0
feature map shape: (N, 256, 56.0, 56.0)

====================================================================================================
bn_params: 512, bn_flops: 802816.0
feature map shape: (N, 256, 56.0, 56.0)

====================================================================================================
feature map shape: (N, 256, 56.0, 56.0)

====================================================================================================
feature map shape: (N, 256, 56.0, 56.0)

====================================================================================================
conv_params: 131584.0, conv_flops: 103161856.0
feature map shape: (N, 512, 28.0, 28.0)

====================================================================================================
bn_params: 1024, bn_flops: 401408.0
feature map shape: (N, 512, 28.0, 28.0)

====================================================================================================
conv_params: 32896.0, conv_flops: 25790464.0
feature map shape: (N, 128, 28.0, 28.0)

====================================================================================================
bn_params: 256, bn_flops: 100352.0
feature map shape: (N, 128, 28.0, 28.0)

====================================================================================================
feature map shape: (N, 128, 28.0, 28.0)

====================================================================================================
conv_params: 147584.0, conv_flops: 115705856.0
feature map shape: (N, 128, 28.0, 28.0)

====================================================================================================
bn_params: 256, bn_flops: 100352.0
feature map shape: (N, 128, 28.0, 28.0)

====================================================================================================
feature map shape: (N, 128, 28.0, 28.0)

====================================================================================================
conv_params: 66048.0, conv_flops: 51781632.0
feature map shape: (N, 512, 28.0, 28.0)

====================================================================================================
bn_params: 1024, bn_flops: 401408.0
feature map shape: (N, 512, 28.0, 28.0)

====================================================================================================
feature map shape: (N, 512, 28.0, 28.0)

====================================================================================================
feature map shape: (N, 512, 28.0, 28.0)

====================================================================================================
conv_params: 65664.0, conv_flops: 51480576.0
feature map shape: (N, 128, 28.0, 28.0)

====================================================================================================
bn_params: 256, bn_flops: 100352.0
feature map shape: (N, 128, 28.0, 28.0)

====================================================================================================
feature map shape: (N, 128, 28.0, 28.0)

====================================================================================================
conv_params: 147584.0, conv_flops: 115705856.0
feature map shape: (N, 128, 28.0, 28.0)

====================================================================================================
bn_params: 256, bn_flops: 100352.0
feature map shape: (N, 128, 28.0, 28.0)

====================================================================================================
feature map shape: (N, 128, 28.0, 28.0)

====================================================================================================
conv_params: 66048.0, conv_flops: 51781632.0
feature map shape: (N, 512, 28.0, 28.0)

====================================================================================================
bn_params: 1024, bn_flops: 401408.0
feature map shape: (N, 512, 28.0, 28.0)

====================================================================================================
feature map shape: (N, 512, 28.0, 28.0)

====================================================================================================
feature map shape: (N, 512, 28.0, 28.0)

====================================================================================================
conv_params: 65664.0, conv_flops: 51480576.0
feature map shape: (N, 128, 28.0, 28.0)

====================================================================================================
bn_params: 256, bn_flops: 100352.0
feature map shape: (N, 128, 28.0, 28.0)

====================================================================================================
feature map shape: (N, 128, 28.0, 28.0)

====================================================================================================
conv_params: 147584.0, conv_flops: 115705856.0
feature map shape: (N, 128, 28.0, 28.0)

====================================================================================================
bn_params: 256, bn_flops: 100352.0
feature map shape: (N, 128, 28.0, 28.0)

====================================================================================================
feature map shape: (N, 128, 28.0, 28.0)

====================================================================================================
conv_params: 66048.0, conv_flops: 51781632.0
feature map shape: (N, 512, 28.0, 28.0)

====================================================================================================
bn_params: 1024, bn_flops: 401408.0
feature map shape: (N, 512, 28.0, 28.0)

====================================================================================================
feature map shape: (N, 512, 28.0, 28.0)

====================================================================================================
feature map shape: (N, 512, 28.0, 28.0)

====================================================================================================
conv_params: 65664.0, conv_flops: 51480576.0
feature map shape: (N, 128, 28.0, 28.0)

====================================================================================================
bn_params: 256, bn_flops: 100352.0
feature map shape: (N, 128, 28.0, 28.0)

====================================================================================================
feature map shape: (N, 128, 28.0, 28.0)

====================================================================================================
conv_params: 147584.0, conv_flops: 115705856.0
feature map shape: (N, 128, 28.0, 28.0)

====================================================================================================
bn_params: 256, bn_flops: 100352.0
feature map shape: (N, 128, 28.0, 28.0)

====================================================================================================
feature map shape: (N, 128, 28.0, 28.0)

====================================================================================================
conv_params: 66048.0, conv_flops: 51781632.0
feature map shape: (N, 512, 28.0, 28.0)

====================================================================================================
bn_params: 1024, bn_flops: 401408.0
feature map shape: (N, 512, 28.0, 28.0)

====================================================================================================
feature map shape: (N, 512, 28.0, 28.0)

====================================================================================================
feature map shape: (N, 512, 28.0, 28.0)

====================================================================================================
conv_params: 525312.0, conv_flops: 102961152.0
feature map shape: (N, 1024, 14.0, 14.0)

====================================================================================================
bn_params: 2048, bn_flops: 200704.0
feature map shape: (N, 1024, 14.0, 14.0)

====================================================================================================
conv_params: 131328.0, conv_flops: 25740288.0
feature map shape: (N, 256, 14.0, 14.0)

====================================================================================================
bn_params: 512, bn_flops: 50176.0
feature map shape: (N, 256, 14.0, 14.0)

====================================================================================================
feature map shape: (N, 256, 14.0, 14.0)

====================================================================================================
conv_params: 590080.0, conv_flops: 115655680.0
feature map shape: (N, 256, 14.0, 14.0)

====================================================================================================
bn_params: 512, bn_flops: 50176.0
feature map shape: (N, 256, 14.0, 14.0)

====================================================================================================
feature map shape: (N, 256, 14.0, 14.0)

====================================================================================================
conv_params: 263168.0, conv_flops: 51580928.0
feature map shape: (N, 1024, 14.0, 14.0)

====================================================================================================
bn_params: 2048, bn_flops: 200704.0
feature map shape: (N, 1024, 14.0, 14.0)

====================================================================================================
feature map shape: (N, 1024, 14.0, 14.0)

====================================================================================================
feature map shape: (N, 1024, 14.0, 14.0)

====================================================================================================
conv_params: 262400.0, conv_flops: 51430400.0
feature map shape: (N, 256, 14.0, 14.0)

====================================================================================================
bn_params: 512, bn_flops: 50176.0
feature map shape: (N, 256, 14.0, 14.0)

====================================================================================================
feature map shape: (N, 256, 14.0, 14.0)

====================================================================================================
conv_params: 590080.0, conv_flops: 115655680.0
feature map shape: (N, 256, 14.0, 14.0)

====================================================================================================
bn_params: 512, bn_flops: 50176.0
feature map shape: (N, 256, 14.0, 14.0)

====================================================================================================
feature map shape: (N, 256, 14.0, 14.0)

====================================================================================================
conv_params: 263168.0, conv_flops: 51580928.0
feature map shape: (N, 1024, 14.0, 14.0)

====================================================================================================
bn_params: 2048, bn_flops: 200704.0
feature map shape: (N, 1024, 14.0, 14.0)

====================================================================================================
feature map shape: (N, 1024, 14.0, 14.0)

====================================================================================================
feature map shape: (N, 1024, 14.0, 14.0)

====================================================================================================
conv_params: 262400.0, conv_flops: 51430400.0
feature map shape: (N, 256, 14.0, 14.0)

====================================================================================================
bn_params: 512, bn_flops: 50176.0
feature map shape: (N, 256, 14.0, 14.0)

====================================================================================================
feature map shape: (N, 256, 14.0, 14.0)

====================================================================================================
conv_params: 590080.0, conv_flops: 115655680.0
feature map shape: (N, 256, 14.0, 14.0)

====================================================================================================
bn_params: 512, bn_flops: 50176.0
feature map shape: (N, 256, 14.0, 14.0)

====================================================================================================
feature map shape: (N, 256, 14.0, 14.0)

====================================================================================================
conv_params: 263168.0, conv_flops: 51580928.0
feature map shape: (N, 1024, 14.0, 14.0)

====================================================================================================
bn_params: 2048, bn_flops: 200704.0
feature map shape: (N, 1024, 14.0, 14.0)

====================================================================================================
feature map shape: (N, 1024, 14.0, 14.0)

====================================================================================================
feature map shape: (N, 1024, 14.0, 14.0)

====================================================================================================
conv_params: 262400.0, conv_flops: 51430400.0
feature map shape: (N, 256, 14.0, 14.0)

====================================================================================================
bn_params: 512, bn_flops: 50176.0
feature map shape: (N, 256, 14.0, 14.0)

====================================================================================================
feature map shape: (N, 256, 14.0, 14.0)

====================================================================================================
conv_params: 590080.0, conv_flops: 115655680.0
feature map shape: (N, 256, 14.0, 14.0)

====================================================================================================
bn_params: 512, bn_flops: 50176.0
feature map shape: (N, 256, 14.0, 14.0)

====================================================================================================
feature map shape: (N, 256, 14.0, 14.0)

====================================================================================================
conv_params: 263168.0, conv_flops: 51580928.0
feature map shape: (N, 1024, 14.0, 14.0)

====================================================================================================
bn_params: 2048, bn_flops: 200704.0
feature map shape: (N, 1024, 14.0, 14.0)

====================================================================================================
feature map shape: (N, 1024, 14.0, 14.0)

====================================================================================================
feature map shape: (N, 1024, 14.0, 14.0)

====================================================================================================
conv_params: 262400.0, conv_flops: 51430400.0
feature map shape: (N, 256, 14.0, 14.0)

====================================================================================================
bn_params: 512, bn_flops: 50176.0
feature map shape: (N, 256, 14.0, 14.0)

====================================================================================================
feature map shape: (N, 256, 14.0, 14.0)

====================================================================================================
conv_params: 590080.0, conv_flops: 115655680.0
feature map shape: (N, 256, 14.0, 14.0)

====================================================================================================
bn_params: 512, bn_flops: 50176.0
feature map shape: (N, 256, 14.0, 14.0)

====================================================================================================
feature map shape: (N, 256, 14.0, 14.0)

====================================================================================================
conv_params: 263168.0, conv_flops: 51580928.0
feature map shape: (N, 1024, 14.0, 14.0)

====================================================================================================
bn_params: 2048, bn_flops: 200704.0
feature map shape: (N, 1024, 14.0, 14.0)

====================================================================================================
feature map shape: (N, 1024, 14.0, 14.0)

====================================================================================================
feature map shape: (N, 1024, 14.0, 14.0)

====================================================================================================
conv_params: 262400.0, conv_flops: 51430400.0
feature map shape: (N, 256, 14.0, 14.0)

====================================================================================================
bn_params: 512, bn_flops: 50176.0
feature map shape: (N, 256, 14.0, 14.0)

====================================================================================================
feature map shape: (N, 256, 14.0, 14.0)

====================================================================================================
conv_params: 590080.0, conv_flops: 115655680.0
feature map shape: (N, 256, 14.0, 14.0)

====================================================================================================
bn_params: 512, bn_flops: 50176.0
feature map shape: (N, 256, 14.0, 14.0)

====================================================================================================
feature map shape: (N, 256, 14.0, 14.0)

====================================================================================================
conv_params: 263168.0, conv_flops: 51580928.0
feature map shape: (N, 1024, 14.0, 14.0)

====================================================================================================
bn_params: 2048, bn_flops: 200704.0
feature map shape: (N, 1024, 14.0, 14.0)

====================================================================================================
feature map shape: (N, 1024, 14.0, 14.0)

====================================================================================================
feature map shape: (N, 1024, 14.0, 14.0)

====================================================================================================
conv_params: 2099200.0, conv_flops: 102860800.0
feature map shape: (N, 2048, 7.0, 7.0)

====================================================================================================
bn_params: 4096, bn_flops: 100352.0
feature map shape: (N, 2048, 7.0, 7.0)

====================================================================================================
conv_params: 524800.0, conv_flops: 25715200.0
feature map shape: (N, 512, 7.0, 7.0)

====================================================================================================
bn_params: 1024, bn_flops: 25088.0
feature map shape: (N, 512, 7.0, 7.0)

====================================================================================================
feature map shape: (N, 512, 7.0, 7.0)

====================================================================================================
conv_params: 2359808.0, conv_flops: 115630592.0
feature map shape: (N, 512, 7.0, 7.0)

====================================================================================================
bn_params: 1024, bn_flops: 25088.0
feature map shape: (N, 512, 7.0, 7.0)

====================================================================================================
feature map shape: (N, 512, 7.0, 7.0)

====================================================================================================
conv_params: 1050624.0, conv_flops: 51480576.0
feature map shape: (N, 2048, 7.0, 7.0)

====================================================================================================
bn_params: 4096, bn_flops: 100352.0
feature map shape: (N, 2048, 7.0, 7.0)

====================================================================================================
feature map shape: (N, 2048, 7.0, 7.0)

====================================================================================================
feature map shape: (N, 2048, 7.0, 7.0)

====================================================================================================
conv_params: 1049088.0, conv_flops: 51405312.0
feature map shape: (N, 512, 7.0, 7.0)

====================================================================================================
bn_params: 1024, bn_flops: 25088.0
feature map shape: (N, 512, 7.0, 7.0)

====================================================================================================
feature map shape: (N, 512, 7.0, 7.0)

====================================================================================================
conv_params: 2359808.0, conv_flops: 115630592.0
feature map shape: (N, 512, 7.0, 7.0)

====================================================================================================
bn_params: 1024, bn_flops: 25088.0
feature map shape: (N, 512, 7.0, 7.0)

====================================================================================================
feature map shape: (N, 512, 7.0, 7.0)

====================================================================================================
conv_params: 1050624.0, conv_flops: 51480576.0
feature map shape: (N, 2048, 7.0, 7.0)

====================================================================================================
bn_params: 4096, bn_flops: 100352.0
feature map shape: (N, 2048, 7.0, 7.0)

====================================================================================================
feature map shape: (N, 2048, 7.0, 7.0)

====================================================================================================
feature map shape: (N, 2048, 7.0, 7.0)

====================================================================================================
conv_params: 1049088.0, conv_flops: 51405312.0
feature map shape: (N, 512, 7.0, 7.0)

====================================================================================================
bn_params: 1024, bn_flops: 25088.0
feature map shape: (N, 512, 7.0, 7.0)

====================================================================================================
feature map shape: (N, 512, 7.0, 7.0)

====================================================================================================
conv_params: 2359808.0, conv_flops: 115630592.0
feature map shape: (N, 512, 7.0, 7.0)

====================================================================================================
bn_params: 1024, bn_flops: 25088.0
feature map shape: (N, 512, 7.0, 7.0)

====================================================================================================
feature map shape: (N, 512, 7.0, 7.0)

====================================================================================================
conv_params: 1050624.0, conv_flops: 51480576.0
feature map shape: (N, 2048, 7.0, 7.0)

====================================================================================================
bn_params: 4096, bn_flops: 100352.0
feature map shape: (N, 2048, 7.0, 7.0)

====================================================================================================
feature map shape: (N, 2048, 7.0, 7.0)

====================================================================================================
feature map shape: (N, 2048, 7.0, 7.0)

====================================================================================================
feature map shape: (N, 2048, 1.0, 1.0)

====================================================================================================
fc_params: 262144, fc_flops: 262144
feature map shape: (N, 128, 1.0, 1.0)

====================================================================================================
feature map shape: (N, 128, 1.0, 1.0)

====================================================================================================
fc_params: 262144, fc_flops: 262144
feature map shape: (N, 2048, 1.0, 1.0)

====================================================================================================
feature map shape: (N, 2048, 1.0, 1.0)

====================================================================================================
feature map shape: (N, 2048, 7.0, 7.0)

====================================================================================================
feature map shape: (N, 2048, 1.0, 1.0)

====================================================================================================
fc_params: 2097152, fc_flops: 2097152
feature map shape: (N, 1024, 1.0, 1.0)

====================================================================================================
feature map shape: (N, 1024, 1.0, 1.0)

====================================================================================================
fc_params: 262144, fc_flops: 262144
feature map shape: (N, 128, 1.0, 1.0)

====================================================================================================
feature map shape: (N, 128, 1.0, 1.0)

====================================================================================================
fc_params: 262144, fc_flops: 262144
feature map shape: (N, 2048, 1.0, 1.0)

====================================================================================================
feature map shape: (N, 2048, 1.0, 1.0)

====================================================================================================
feature map shape: (N, 2048, 7.0, 7.0)

====================================================================================================
feature map shape: (N, 2048, 1.0, 1.0)

====================================================================================================
fc_params: 2097152, fc_flops: 2097152
feature map shape: (N, 1024, 1.0, 1.0)

====================================================================================================
feature map shape: (N, 1024, 1.0, 1.0)

====================================================================================================
fc_params: 409600, fc_flops: 409600
feature map shape: (N, 200, 1.0, 1.0)

====================================================================================================
feature map shape: (N, 200, 1.0, 1.0)

====================================================================================================
feature map shape: (N, 200, 1.0, 1.0)

====================================================================================================
feature map shape: (N, 200, 1.0, 1.0)

====================================================================================================
feature map shape: (N, 200, 1.0, 1.0)

====================================================================================================
feature map shape: (N, 200, 1.0, 1.0)

====================================================================================================
feature map shape: (N, 200, 1.0, 1.0)

====================================================================================================
feature map shape: (N, 200, 1.0, 1.0)

====================================================================================================
feature map shape: (N, 200, 1.0, 1.0)

====================================================================================================
feature map shape: (N, 200, 1.0, 1.0)

====================================================================================================
feature map shape: (N, 200, 1.0, 1.0)

====================================================================================================
feature map shape: (N, 200, 1.0, 1.0)

====================================================================================================
feature map shape: (N, 200, 1.0, 1.0)

====================================================================================================
feature map shape: (N, 200, 1.0, 1.0)

====================================================================================================
feature map shape: (N, 200, 1.0, 1.0)

====================================================================================================
feature map shape: (N, 200, 1.0, 1.0)

params: 29187072.0, FLOPs: 3882752000.0
[INFO] finish running src/param_statistics.py, total_time is 6.613s
