[INFO] start running src/param_statistics.py ...
[INFO] start running initialize ...
[INFO] finish running initialize ...

[INFO] start running build_validation_model ...
[INFO] finish running build_validation_model ...

****************************************************************************************************
net work pruning...
****************************************************************************************************
bn layer name: res2_0_branch1_bn 	 layer total channels: 256 	 remainingchannels: 208.0 	 pruned rate: 18.75%
bn layer name: res2_0_branch2a_bn 	 layer total channels: 64 	 remainingchannels: 41.0 	 pruned rate: 35.94%
bn layer name: res2_0_branch2b_bn 	 layer total channels: 64 	 remainingchannels: 22.0 	 pruned rate: 65.62%
bn layer name: res2_0_branch2c_bn 	 layer total channels: 256 	 remainingchannels: 146.0 	 pruned rate: 42.97%
bn layer name: res2_1_branch2a_bn 	 layer total channels: 64 	 remainingchannels: 43.0 	 pruned rate: 32.81%
bn layer name: res2_1_branch2b_bn 	 layer total channels: 64 	 remainingchannels: 50.0 	 pruned rate: 21.88%
bn layer name: res2_1_branch2c_bn 	 layer total channels: 256 	 remainingchannels: 35.0 	 pruned rate: 86.33%
bn layer name: res2_2_branch2a_bn 	 layer total channels: 64 	 remainingchannels: 57.0 	 pruned rate: 10.94%
bn layer name: res2_2_branch2b_bn 	 layer total channels: 64 	 remainingchannels: 56.0 	 pruned rate: 12.50%
bn layer name: res2_2_branch2c_bn 	 layer total channels: 256 	 remainingchannels: 49.0 	 pruned rate: 80.86%
bn layer name: res3_0_branch1_bn 	 layer total channels: 512 	 remainingchannels: 202.0 	 pruned rate: 60.55%
bn layer name: res3_0_branch2a_bn 	 layer total channels: 128 	 remainingchannels: 119.0 	 pruned rate: 7.03%
bn layer name: res3_0_branch2b_bn 	 layer total channels: 128 	 remainingchannels: 119.0 	 pruned rate: 7.03%
bn layer name: res3_0_branch2c_bn 	 layer total channels: 512 	 remainingchannels: 151.0 	 pruned rate: 70.51%
bn layer name: res3_1_branch2a_bn 	 layer total channels: 128 	 remainingchannels: 85.0 	 pruned rate: 33.59%
bn layer name: res3_1_branch2b_bn 	 layer total channels: 128 	 remainingchannels: 108.0 	 pruned rate: 15.62%
bn layer name: res3_1_branch2c_bn 	 layer total channels: 512 	 remainingchannels: 75.0 	 pruned rate: 85.35%
bn layer name: res3_2_branch2a_bn 	 layer total channels: 128 	 remainingchannels: 114.0 	 pruned rate: 10.94%
bn layer name: res3_2_branch2b_bn 	 layer total channels: 128 	 remainingchannels: 117.0 	 pruned rate: 8.59%
bn layer name: res3_2_branch2c_bn 	 layer total channels: 512 	 remainingchannels: 98.0 	 pruned rate: 80.86%
bn layer name: res3_3_branch2a_bn 	 layer total channels: 128 	 remainingchannels: 106.0 	 pruned rate: 17.19%
bn layer name: res3_3_branch2b_bn 	 layer total channels: 128 	 remainingchannels: 104.0 	 pruned rate: 18.75%
bn layer name: res3_3_branch2c_bn 	 layer total channels: 512 	 remainingchannels: 49.0 	 pruned rate: 90.43%
bn layer name: res4_0_branch1_bn 	 layer total channels: 1024 	 remainingchannels: 267.0 	 pruned rate: 73.93%
bn layer name: res4_0_branch2a_bn 	 layer total channels: 256 	 remainingchannels: 238.0 	 pruned rate: 7.03%
bn layer name: res4_0_branch2b_bn 	 layer total channels: 256 	 remainingchannels: 224.0 	 pruned rate: 12.50%
bn layer name: res4_0_branch2c_bn 	 layer total channels: 1024 	 remainingchannels: 403.0 	 pruned rate: 60.64%
bn layer name: res4_1_branch2a_bn 	 layer total channels: 256 	 remainingchannels: 158.0 	 pruned rate: 38.28%
bn layer name: res4_1_branch2b_bn 	 layer total channels: 256 	 remainingchannels: 197.0 	 pruned rate: 23.05%
bn layer name: res4_1_branch2c_bn 	 layer total channels: 1024 	 remainingchannels: 87.0 	 pruned rate: 91.50%
bn layer name: res4_2_branch2a_bn 	 layer total channels: 256 	 remainingchannels: 181.0 	 pruned rate: 29.30%
bn layer name: res4_2_branch2b_bn 	 layer total channels: 256 	 remainingchannels: 169.0 	 pruned rate: 33.98%
bn layer name: res4_2_branch2c_bn 	 layer total channels: 1024 	 remainingchannels: 50.0 	 pruned rate: 95.12%
bn layer name: res4_3_branch2a_bn 	 layer total channels: 256 	 remainingchannels: 178.0 	 pruned rate: 30.47%
bn layer name: res4_3_branch2b_bn 	 layer total channels: 256 	 remainingchannels: 208.0 	 pruned rate: 18.75%
bn layer name: res4_3_branch2c_bn 	 layer total channels: 1024 	 remainingchannels: 118.0 	 pruned rate: 88.48%
bn layer name: res4_4_branch2a_bn 	 layer total channels: 256 	 remainingchannels: 187.0 	 pruned rate: 26.95%
bn layer name: res4_4_branch2b_bn 	 layer total channels: 256 	 remainingchannels: 215.0 	 pruned rate: 16.02%
bn layer name: res4_4_branch2c_bn 	 layer total channels: 1024 	 remainingchannels: 48.0 	 pruned rate: 95.31%
bn layer name: res4_5_branch2a_bn 	 layer total channels: 256 	 remainingchannels: 213.0 	 pruned rate: 16.80%
bn layer name: res4_5_branch2b_bn 	 layer total channels: 256 	 remainingchannels: 227.0 	 pruned rate: 11.33%
bn layer name: res4_5_branch2c_bn 	 layer total channels: 1024 	 remainingchannels: 38.0 	 pruned rate: 96.29%
bn layer name: res5_0_branch1_bn 	 layer total channels: 2048 	 remainingchannels: 2048.0 	 pruned rate: 0.00%
bn layer name: res5_0_branch2a_bn 	 layer total channels: 512 	 remainingchannels: 450.0 	 pruned rate: 12.11%
bn layer name: res5_0_branch2b_bn 	 layer total channels: 512 	 remainingchannels: 476.0 	 pruned rate: 7.03%
bn layer name: res5_0_branch2c_bn 	 layer total channels: 2048 	 remainingchannels: 2036.0 	 pruned rate: 0.59%
bn layer name: res5_1_branch2a_bn 	 layer total channels: 512 	 remainingchannels: 413.0 	 pruned rate: 19.34%
bn layer name: res5_1_branch2b_bn 	 layer total channels: 512 	 remainingchannels: 381.0 	 pruned rate: 25.59%
bn layer name: res5_1_branch2c_bn 	 layer total channels: 2048 	 remainingchannels: 1862.0 	 pruned rate: 9.08%
bn layer name: res5_2_branch2a_bn 	 layer total channels: 512 	 remainingchannels: 412.0 	 pruned rate: 19.53%
bn layer name: res5_2_branch2b_bn 	 layer total channels: 512 	 remainingchannels: 296.0 	 pruned rate: 42.19%
bn layer name: res5_2_branch2c_bn 	 layer total channels: 2048 	 remainingchannels: 1951.0 	 pruned rate: 4.74%
bn layer name: res_conv1_bn 	 layer total channels: 64 	 remainingchannels: 50.0 	 pruned rate: 21.88%
total pruned rate: 0.400037650602
====================================================================================================
op type: ImageInput
in channels: 3, out channels: 3

====================================================================================================
op type: StopGradient
in channels: 3, out channels: 3

====================================================================================================
op type: StopGradient
in channels: 3, out channels: 3

====================================================================================================
op type: Conv
in channels: 3, out channels: 64

====================================================================================================
op type: SpatialBN
in channels: 3, out channels: 64

====================================================================================================
op type: Relu
in channels: 3, out channels: 64

====================================================================================================
op type: MaxPool
in channels: 64, out channels: 64

====================================================================================================
op type: Conv
in channels: 64, out channels: 256

====================================================================================================
op type: SpatialBN
in channels: 64, out channels: 256

====================================================================================================
op type: Conv
in channels: 64, out channels: 64

====================================================================================================
op type: SpatialBN
in channels: 64, out channels: 41.0

====================================================================================================
op type: Relu
in channels: 41.0, out channels: 41.0

====================================================================================================
C_in: 41.0, old_in: 64
op type: Conv
in channels: 41.0, out channels: 64

====================================================================================================
op type: SpatialBN
in channels: 64, out channels: 22.0

====================================================================================================
op type: Relu
in channels: 22.0, out channels: 22.0

====================================================================================================
op type: Conv
in channels: 22.0, out channels: 256

====================================================================================================
op type: SpatialBN
in channels: 22.0, out channels: 256

====================================================================================================
op type: Sum
in channels: 22.0, out channels: 256

====================================================================================================
op type: Relu
in channels: 256, out channels: 256

====================================================================================================
op type: Conv
in channels: 256, out channels: 64

====================================================================================================
op type: SpatialBN
in channels: 64, out channels: 43.0

====================================================================================================
op type: Relu
in channels: 43.0, out channels: 43.0

====================================================================================================
C_in: 43.0, old_in: 64
op type: Conv
in channels: 43.0, out channels: 64

====================================================================================================
op type: SpatialBN
in channels: 64, out channels: 50.0

====================================================================================================
op type: Relu
in channels: 50.0, out channels: 50.0

====================================================================================================
op type: Conv
in channels: 50.0, out channels: 256

====================================================================================================
op type: SpatialBN
in channels: 50.0, out channels: 256

====================================================================================================
op type: Sum
in channels: 50.0, out channels: 256

====================================================================================================
op type: Relu
in channels: 256, out channels: 256

====================================================================================================
op type: Conv
in channels: 256, out channels: 64

====================================================================================================
op type: SpatialBN
in channels: 64, out channels: 57.0

====================================================================================================
op type: Relu
in channels: 57.0, out channels: 57.0

====================================================================================================
C_in: 57.0, old_in: 64
op type: Conv
in channels: 57.0, out channels: 64

====================================================================================================
op type: SpatialBN
in channels: 64, out channels: 56.0

====================================================================================================
op type: Relu
in channels: 56.0, out channels: 56.0

====================================================================================================
op type: Conv
in channels: 56.0, out channels: 256

====================================================================================================
op type: SpatialBN
in channels: 56.0, out channels: 256

====================================================================================================
op type: Sum
in channels: 56.0, out channels: 256

====================================================================================================
op type: Relu
in channels: 256, out channels: 256

====================================================================================================
op type: Conv
in channels: 256, out channels: 512

====================================================================================================
op type: SpatialBN
in channels: 256, out channels: 512

====================================================================================================
op type: Conv
in channels: 256, out channels: 128

====================================================================================================
op type: SpatialBN
in channels: 128, out channels: 119.0

====================================================================================================
op type: Relu
in channels: 119.0, out channels: 119.0

====================================================================================================
C_in: 119.0, old_in: 128
op type: Conv
in channels: 119.0, out channels: 128

====================================================================================================
op type: SpatialBN
in channels: 128, out channels: 119.0

====================================================================================================
op type: Relu
in channels: 119.0, out channels: 119.0

====================================================================================================
op type: Conv
in channels: 119.0, out channels: 512

====================================================================================================
op type: SpatialBN
in channels: 119.0, out channels: 512

====================================================================================================
op type: Sum
in channels: 119.0, out channels: 512

====================================================================================================
op type: Relu
in channels: 512, out channels: 512

====================================================================================================
op type: Conv
in channels: 512, out channels: 128

====================================================================================================
op type: SpatialBN
in channels: 128, out channels: 85.0

====================================================================================================
op type: Relu
in channels: 85.0, out channels: 85.0

====================================================================================================
C_in: 85.0, old_in: 128
op type: Conv
in channels: 85.0, out channels: 128

====================================================================================================
op type: SpatialBN
in channels: 128, out channels: 108.0

====================================================================================================
op type: Relu
in channels: 108.0, out channels: 108.0

====================================================================================================
op type: Conv
in channels: 108.0, out channels: 512

====================================================================================================
op type: SpatialBN
in channels: 108.0, out channels: 512

====================================================================================================
op type: Sum
in channels: 108.0, out channels: 512

====================================================================================================
op type: Relu
in channels: 512, out channels: 512

====================================================================================================
op type: Conv
in channels: 512, out channels: 128

====================================================================================================
op type: SpatialBN
in channels: 128, out channels: 114.0

====================================================================================================
op type: Relu
in channels: 114.0, out channels: 114.0

====================================================================================================
C_in: 114.0, old_in: 128
op type: Conv
in channels: 114.0, out channels: 128

====================================================================================================
op type: SpatialBN
in channels: 128, out channels: 117.0

====================================================================================================
op type: Relu
in channels: 117.0, out channels: 117.0

====================================================================================================
op type: Conv
in channels: 117.0, out channels: 512

====================================================================================================
op type: SpatialBN
in channels: 117.0, out channels: 512

====================================================================================================
op type: Sum
in channels: 117.0, out channels: 512

====================================================================================================
op type: Relu
in channels: 512, out channels: 512

====================================================================================================
op type: Conv
in channels: 512, out channels: 128

====================================================================================================
op type: SpatialBN
in channels: 128, out channels: 106.0

====================================================================================================
op type: Relu
in channels: 106.0, out channels: 106.0

====================================================================================================
C_in: 106.0, old_in: 128
op type: Conv
in channels: 106.0, out channels: 128

====================================================================================================
op type: SpatialBN
in channels: 128, out channels: 104.0

====================================================================================================
op type: Relu
in channels: 104.0, out channels: 104.0

====================================================================================================
op type: Conv
in channels: 104.0, out channels: 512

====================================================================================================
op type: SpatialBN
in channels: 104.0, out channels: 512

====================================================================================================
op type: Sum
in channels: 104.0, out channels: 512

====================================================================================================
op type: Relu
in channels: 512, out channels: 512

====================================================================================================
op type: Conv
in channels: 512, out channels: 1024

====================================================================================================
op type: SpatialBN
in channels: 512, out channels: 1024

====================================================================================================
op type: Conv
in channels: 512, out channels: 256

====================================================================================================
op type: SpatialBN
in channels: 256, out channels: 238.0

====================================================================================================
op type: Relu
in channels: 238.0, out channels: 238.0

====================================================================================================
C_in: 238.0, old_in: 256
op type: Conv
in channels: 238.0, out channels: 256

====================================================================================================
op type: SpatialBN
in channels: 256, out channels: 224.0

====================================================================================================
op type: Relu
in channels: 224.0, out channels: 224.0

====================================================================================================
op type: Conv
in channels: 224.0, out channels: 1024

====================================================================================================
op type: SpatialBN
in channels: 224.0, out channels: 1024

====================================================================================================
op type: Sum
in channels: 224.0, out channels: 1024

====================================================================================================
op type: Relu
in channels: 1024, out channels: 1024

====================================================================================================
op type: Conv
in channels: 1024, out channels: 256

====================================================================================================
op type: SpatialBN
in channels: 256, out channels: 158.0

====================================================================================================
op type: Relu
in channels: 158.0, out channels: 158.0

====================================================================================================
C_in: 158.0, old_in: 256
op type: Conv
in channels: 158.0, out channels: 256

====================================================================================================
op type: SpatialBN
in channels: 256, out channels: 197.0

====================================================================================================
op type: Relu
in channels: 197.0, out channels: 197.0

====================================================================================================
op type: Conv
in channels: 197.0, out channels: 1024

====================================================================================================
op type: SpatialBN
in channels: 197.0, out channels: 1024

====================================================================================================
op type: Sum
in channels: 197.0, out channels: 1024

====================================================================================================
op type: Relu
in channels: 1024, out channels: 1024

====================================================================================================
op type: Conv
in channels: 1024, out channels: 256

====================================================================================================
op type: SpatialBN
in channels: 256, out channels: 181.0

====================================================================================================
op type: Relu
in channels: 181.0, out channels: 181.0

====================================================================================================
C_in: 181.0, old_in: 256
op type: Conv
in channels: 181.0, out channels: 256

====================================================================================================
op type: SpatialBN
in channels: 256, out channels: 169.0

====================================================================================================
op type: Relu
in channels: 169.0, out channels: 169.0

====================================================================================================
op type: Conv
in channels: 169.0, out channels: 1024

====================================================================================================
op type: SpatialBN
in channels: 169.0, out channels: 1024

====================================================================================================
op type: Sum
in channels: 169.0, out channels: 1024

====================================================================================================
op type: Relu
in channels: 1024, out channels: 1024

====================================================================================================
op type: Conv
in channels: 1024, out channels: 256

====================================================================================================
op type: SpatialBN
in channels: 256, out channels: 178.0

====================================================================================================
op type: Relu
in channels: 178.0, out channels: 178.0

====================================================================================================
C_in: 178.0, old_in: 256
op type: Conv
in channels: 178.0, out channels: 256

====================================================================================================
op type: SpatialBN
in channels: 256, out channels: 208.0

====================================================================================================
op type: Relu
in channels: 208.0, out channels: 208.0

====================================================================================================
op type: Conv
in channels: 208.0, out channels: 1024

====================================================================================================
op type: SpatialBN
in channels: 208.0, out channels: 1024

====================================================================================================
op type: Sum
in channels: 208.0, out channels: 1024

====================================================================================================
op type: Relu
in channels: 1024, out channels: 1024

====================================================================================================
op type: Conv
in channels: 1024, out channels: 256

====================================================================================================
op type: SpatialBN
in channels: 256, out channels: 187.0

====================================================================================================
op type: Relu
in channels: 187.0, out channels: 187.0

====================================================================================================
C_in: 187.0, old_in: 256
op type: Conv
in channels: 187.0, out channels: 256

====================================================================================================
op type: SpatialBN
in channels: 256, out channels: 215.0

====================================================================================================
op type: Relu
in channels: 215.0, out channels: 215.0

====================================================================================================
op type: Conv
in channels: 215.0, out channels: 1024

====================================================================================================
op type: SpatialBN
in channels: 215.0, out channels: 1024

====================================================================================================
op type: Sum
in channels: 215.0, out channels: 1024

====================================================================================================
op type: Relu
in channels: 1024, out channels: 1024

====================================================================================================
op type: Conv
in channels: 1024, out channels: 256

====================================================================================================
op type: SpatialBN
in channels: 256, out channels: 213.0

====================================================================================================
op type: Relu
in channels: 213.0, out channels: 213.0

====================================================================================================
C_in: 213.0, old_in: 256
op type: Conv
in channels: 213.0, out channels: 256

====================================================================================================
op type: SpatialBN
in channels: 256, out channels: 227.0

====================================================================================================
op type: Relu
in channels: 227.0, out channels: 227.0

====================================================================================================
op type: Conv
in channels: 227.0, out channels: 1024

====================================================================================================
op type: SpatialBN
in channels: 227.0, out channels: 1024

====================================================================================================
op type: Sum
in channels: 227.0, out channels: 1024

====================================================================================================
op type: Relu
in channels: 1024, out channels: 1024

====================================================================================================
op type: Conv
in channels: 1024, out channels: 2048

====================================================================================================
op type: SpatialBN
in channels: 1024, out channels: 2048

====================================================================================================
op type: Conv
in channels: 1024, out channels: 512

====================================================================================================
op type: SpatialBN
in channels: 512, out channels: 450.0

====================================================================================================
op type: Relu
in channels: 450.0, out channels: 450.0

====================================================================================================
C_in: 450.0, old_in: 512
op type: Conv
in channels: 450.0, out channels: 512

====================================================================================================
op type: SpatialBN
in channels: 512, out channels: 476.0

====================================================================================================
op type: Relu
in channels: 476.0, out channels: 476.0

====================================================================================================
op type: Conv
in channels: 476.0, out channels: 2048

====================================================================================================
op type: SpatialBN
in channels: 476.0, out channels: 2048

====================================================================================================
op type: Sum
in channels: 476.0, out channels: 2048

====================================================================================================
op type: Relu
in channels: 2048, out channels: 2048

====================================================================================================
op type: Conv
in channels: 2048, out channels: 512

====================================================================================================
op type: SpatialBN
in channels: 512, out channels: 413.0

====================================================================================================
op type: Relu
in channels: 413.0, out channels: 413.0

====================================================================================================
C_in: 413.0, old_in: 512
op type: Conv
in channels: 413.0, out channels: 512

====================================================================================================
op type: SpatialBN
in channels: 512, out channels: 381.0

====================================================================================================
op type: Relu
in channels: 381.0, out channels: 381.0

====================================================================================================
op type: Conv
in channels: 381.0, out channels: 2048

====================================================================================================
op type: SpatialBN
in channels: 381.0, out channels: 2048

====================================================================================================
op type: Sum
in channels: 381.0, out channels: 2048

====================================================================================================
op type: Relu
in channels: 2048, out channels: 2048

====================================================================================================
op type: Conv
in channels: 2048, out channels: 512

====================================================================================================
op type: SpatialBN
in channels: 512, out channels: 412.0

====================================================================================================
op type: Relu
in channels: 412.0, out channels: 412.0

====================================================================================================
C_in: 412.0, old_in: 512
op type: Conv
in channels: 412.0, out channels: 512

====================================================================================================
op type: SpatialBN
in channels: 512, out channels: 296.0

====================================================================================================
op type: Relu
in channels: 296.0, out channels: 296.0

====================================================================================================
op type: Conv
in channels: 296.0, out channels: 2048

====================================================================================================
op type: SpatialBN
in channels: 296.0, out channels: 2048

====================================================================================================
op type: Sum
in channels: 296.0, out channels: 2048

====================================================================================================
op type: Relu
in channels: 2048, out channels: 2048

====================================================================================================
op type: AveragePool
in channels: 2048, out channels: 2048

====================================================================================================
op type: FC
in channels: 2048, out channels: 2048

====================================================================================================
op type: Relu
in channels: 2048, out channels: 2048

====================================================================================================
op type: FC
in channels: 2048, out channels: 2048

====================================================================================================
op type: Sigmoid
in channels: 2048, out channels: 2048

====================================================================================================
op type: Mul
in channels: 2048, out channels: 2048

====================================================================================================
op type: AveragePool
in channels: 2048, out channels: 2048

====================================================================================================
op type: FC
in channels: 2048, out channels: 2048

====================================================================================================
op type: AveragePool
in channels: 2048, out channels: 2048

====================================================================================================
op type: FC
in channels: 2048, out channels: 2048

====================================================================================================
op type: Relu
in channels: 2048, out channels: 2048

====================================================================================================
op type: FC
in channels: 2048, out channels: 2048

====================================================================================================
op type: Sigmoid
in channels: 2048, out channels: 2048

====================================================================================================
op type: Mul
in channels: 2048, out channels: 2048

====================================================================================================
op type: AveragePool
in channels: 2048, out channels: 2048

====================================================================================================
op type: FC
in channels: 2048, out channels: 2048

====================================================================================================
op type: Concat
in channels: 2048, out channels: 2048

====================================================================================================
op type: FC
in channels: 2048, out channels: 2048

====================================================================================================
op type: SoftmaxWithLoss
in channels: 2048, out channels: 2048

====================================================================================================
op type: Split
in channels: 2048, out channels: 2048

====================================================================================================
op type: Sub
in channels: 2048, out channels: 2048

====================================================================================================
op type: Abs
in channels: 2048, out channels: 2048

====================================================================================================
op type: Mul
in channels: 2048, out channels: 2048

====================================================================================================
op type: ReduceBackSum
in channels: 2048, out channels: 2048

====================================================================================================
op type: Sqrt
in channels: 2048, out channels: 2048

====================================================================================================
op type: ReduceBackSum
in channels: 2048, out channels: 2048

====================================================================================================
op type: GivenTensorFill
in channels: 2048, out channels: 2048

====================================================================================================
op type: Div
in channels: 2048, out channels: 2048

====================================================================================================
op type: ConstantFill
in channels: 2048, out channels: 2048

====================================================================================================
op type: Mul
in channels: 2048, out channels: 2048

====================================================================================================
op type: Sum
in channels: 2048, out channels: 2048

====================================================================================================
op type: Accuracy
in channels: 2048, out channels: 2048

====================================================================================================
op type: Accuracy
in channels: 2048, out channels: 2048





new weights_map:

res2_0_branch2a_bn_s : [41]
res2_0_branch2b_bn_rm : [22]
res_conv1_bn_b : [64]
res2_2_branch2a_bn_rm : [57]
res2_2_branch2b_bn_rm : [56]
res4_3_branch2a_bn_b : [178]
res2_1_branch2a_bn_s : [43]
res2_2_branch2a_w : [ 57 256   1   1]
res3_2_branch2c_bn_b : [512]
res5_0_branch2c_bn_s : [2048]
res2_0_branch2a_bn_b : [41]
res_conv1_bn_s : [64]
res5_2_branch2a_bn_rm : [412]
res4_5_branch2b_bn_rm : [227]
res5_0_branch1_bn_riv : [2048]
res2_1_branch2a_bn_b : [43]
res2_1_branch2c_w : [256  64   1   1]
res4_2_branch2c_w : [1024  256    1    1]
res3_1_branch2b_w : [108  85   3   3]
res3_2_branch2c_bn_s : [512]
res3_1_branch2b_bn_riv : [108]
res3_1_branch2a_bn_rm : [85]
res4_4_branch2b_w : [215 187   3   3]
res4_4_branch2c_bn_rm : [1024]
res3_1_branch2b_bn_b : [108]
bi_attention_pred_b : [200]
res3_1_branch2c_bn_b : [512]
res5_2_branch2b_w : [296 412   3   3]
res4_3_branch2a_bn_rm : [178]
res2_1_branch2c_bn_b : [256]
res2_0_branch2b_bn_b : [22]
res4_0_branch2a_bn_s : [238]
res3_2_branch2b_bn_b : [117]
res3_3_branch2a_w : [106 512   1   1]
bi_attention_pred_w : [ 200 2048]
res3_1_branch2b_bn_s : [108]
res3_1_branch2c_bn_s : [512]
res4_0_branch2a_bn_rm : [238]
res5_1_branch2c_w : [2048  512    1    1]
res2_1_branch2c_bn_s : [256]
res2_0_branch2b_bn_s : [22]
res3_2_branch2b_bn_s : [117]
res4_0_branch2a_bn_b : [238]
res4_0_branch2c_bn_b : [1024]
res5_2_branch2b_bn_rm : [296]
res2_1_branch2b_bn_riv : [50]
res3_1_branch2b_bn_rm : [108]
res3_3_branch2b_bn_s : [104]
res5_1_branch2c_bn_s : [2048]
res4_2_branch2a_w : [ 181 1024    1    1]
osme_fc1_2_w : [ 128 2048]
conv1_b : [64]
res2_0_branch2c_bn_b : [256]
res4_0_branch2c_bn_s : [1024]
res4_3_branch2b_bn_rm : [208]
res5_0_branch2b_bn_s : [476]
res3_3_branch2b_bn_b : [104]
res4_3_branch2c_bn_riv : [1024]
res5_1_branch2c_bn_b : [2048]
res2_0_branch1_bn_rm : [256]
res4_1_branch2a_bn_riv : [158]
conv1_w : [64  3  7  7]
res3_0_branch2b_bn_b : [119]
res4_3_branch2b_w : [208 178   3   3]
osme_fc2_2_w : [2048  128]
osme_fc2_1_w : [2048  128]
res2_1_branch2b_bn_rm : [50]
res4_1_branch2c_bn_b : [1024]
res3_2_branch2a_w : [114 512   1   1]
res4_1_branch2b_bn_b : [197]
res5_0_branch2c_bn_b : [2048]
res4_5_branch2c_w : [1024  256    1    1]
res2_0_branch1_w : [256  64   1   1]
res4_4_branch2b_bn_riv : [215]
res2_1_branch2c_bn_rm : [256]
res3_2_branch2c_w : [512 128   1   1]
res3_0_branch2b_bn_s : [119]
res4_1_branch2c_bn_s : [1024]
res4_1_branch2b_bn_s : [197]
res4_0_branch2c_bn_rm : [1024]
res2_2_branch2a_bn_riv : [57]
res5_0_branch2b_w : [476 450   3   3]
res4_1_branch2c_bn_riv : [1024]
attention_1_b : [1024]
res4_4_branch2a_bn_s : [187]
res4_5_branch2c_bn_rm : [1024]
res4_0_branch2b_bn_rm : [224]
res4_5_branch2a_w : [ 213 1024    1    1]
res2_0_branch1_bn_riv : [256]
res4_2_branch2b_bn_s : [169]
res2_2_branch2a_bn_b : [57]
res_conv1_bn_riv : [64]
res4_4_branch2a_bn_b : [187]
res4_3_branch2a_bn_s : [178]
res4_0_branch2c_bn_riv : [1024]
res4_2_branch2b_bn_b : [169]
res2_2_branch2a_bn_s : [57]
res2_0_branch2a_bn_riv : [41]
res3_0_branch2b_bn_rm : [119]
res4_4_branch2a_bn_riv : [187]
res5_0_branch2a_bn_rm : [450]
res5_2_branch2a_bn_riv : [412]
res5_1_branch2b_bn_riv : [381]
res5_1_branch2c_bn_riv : [2048]
osme_fc2_2_b : [2048]
osme_fc1_2_b : [128]
res4_5_branch2b_bn_riv : [227]
res5_2_branch2c_bn_s : [2048]
res3_2_branch2a_bn_rm : [114]
res5_1_branch2a_bn_rm : [413]
res4_2_branch2c_bn_rm : [1024]
res2_0_branch2c_w : [256  64   1   1]
res5_0_branch2a_bn_b : [450]
res3_2_branch2a_bn_s : [114]
res3_0_branch2c_bn_rm : [512]
res5_2_branch2c_bn_b : [2048]
res4_0_branch2b_w : [224 238   3   3]
res3_3_branch2c_w : [512 128   1   1]
res5_2_branch2a_w : [ 412 2048    1    1]
res5_2_branch2c_bn_rm : [2048]
res3_2_branch2a_bn_b : [114]
res5_0_branch2a_bn_s : [450]
res4_1_branch2b_bn_riv : [197]
res3_0_branch2a_bn_s : [119]
res4_4_branch2b_bn_b : [215]
res4_3_branch2b_bn_riv : [208]
res4_2_branch2c_bn_riv : [1024]
attention_1_w : [1024 2048]
res3_2_branch2b_w : [117 114   3   3]
res4_1_branch2a_bn_s : [158]
osme_fc1_1_w : [ 128 2048]
res4_0_branch2b_bn_b : [224]
res3_0_branch2a_bn_b : [119]
res4_4_branch2b_bn_s : [215]
res2_2_branch2b_bn_riv : [56]
res2_1_branch2a_w : [ 43 256   1   1]
osme_fc1_1_b : [128]
res2_2_branch2c_w : [256  64   1   1]
res4_0_branch1_w : [1024  512    1    1]
res4_0_branch2b_bn_s : [224]
res3_3_branch2a_bn_riv : [106]
res4_2_branch2a_bn_b : [181]
res4_5_branch2a_bn_rm : [213]
res3_2_branch2c_bn_rm : [512]
res5_2_branch2b_bn_s : [296]
res2_0_branch2a_bn_rm : [41]
res5_0_branch2b_bn_riv : [476]
res3_1_branch2a_bn_b : [85]
res3_3_branch2b_bn_rm : [104]
res4_3_branch2c_bn_s : [1024]
res3_0_branch1_w : [512 256   1   1]
res4_2_branch2a_bn_s : [181]
res5_2_branch2b_bn_b : [296]
res3_1_branch2a_bn_s : [85]
res4_3_branch2c_bn_b : [1024]
osme_fc2_1_b : [2048]
res4_5_branch2b_w : [227 213   3   3]
res5_0_branch2b_bn_b : [476]
res5_2_branch2a_bn_b : [412]
res5_0_branch2c_bn_riv : [2048]
res5_1_branch2a_bn_s : [413]
res3_3_branch2a_bn_rm : [106]
res4_0_branch2a_bn_riv : [238]
res3_3_branch2c_bn_riv : [512]
res2_1_branch2a_bn_rm : [43]
res2_0_branch1_bn_s : [256]
res2_2_branch2b_bn_s : [56]
res5_2_branch2a_bn_s : [412]
res_conv1_bn_rm : [64]
res5_1_branch2a_bn_b : [413]
res2_0_branch2c_bn_riv : [256]
res3_2_branch2b_bn_rm : [117]
res2_0_branch1_bn_b : [256]
res2_2_branch2b_bn_b : [56]
res2_2_branch2c_bn_s : [256]
res4_2_branch2b_bn_riv : [169]
res4_1_branch2a_bn_b : [158]
res4_0_branch1_bn_rm : [1024]
res4_0_branch1_bn_s : [1024]
res5_0_branch1_bn_s : [2048]
res4_2_branch2a_bn_rm : [181]
res4_0_branch2c_w : [1024  256    1    1]
res4_1_branch2a_w : [ 158 1024    1    1]
res5_0_branch2c_bn_rm : [2048]
res2_2_branch2c_bn_b : [256]
res2_0_branch2b_w : [22 41  3  3]
res3_0_branch1_bn_rm : [512]
res4_0_branch1_bn_b : [1024]
res4_1_branch2c_bn_rm : [1024]
res5_0_branch1_bn_b : [2048]
res4_0_branch2a_w : [238 512   1   1]
res4_1_branch2c_w : [1024  256    1    1]
res2_1_branch2b_bn_s : [50]
res4_2_branch2b_w : [169 181   3   3]
attention_2_w : [1024 2048]
res3_0_branch1_bn_b : [512]
res3_3_branch2c_bn_b : [512]
res3_0_branch1_bn_riv : [512]
res4_2_branch2a_bn_riv : [181]
res4_1_branch2a_bn_rm : [158]
res5_1_branch2b_w : [381 413   3   3]
res3_0_branch2c_bn_riv : [512]
attention_2_b : [1024]
res4_5_branch2c_bn_riv : [1024]
res4_4_branch2c_bn_riv : [1024]
res3_0_branch1_bn_s : [512]
res3_3_branch2c_bn_rm : [512]
res3_3_branch2c_bn_s : [512]
res3_0_branch2a_bn_riv : [119]
res3_3_branch2b_bn_riv : [104]
res5_1_branch2a_w : [ 413 2048    1    1]
res3_1_branch2a_w : [ 85 512   1   1]
res2_2_branch2b_w : [56 57  3  3]
res3_3_branch2a_bn_b : [106]
res2_1_branch2c_bn_riv : [256]
res4_5_branch2b_bn_b : [227]
res2_1_branch2b_w : [50 43  3  3]
res4_1_branch2b_bn_rm : [197]
res3_1_branch2c_w : [512 128   1   1]
res3_2_branch2a_bn_riv : [114]
res3_3_branch2a_bn_s : [106]
res3_0_branch2b_w : [119 119   3   3]
res4_5_branch2a_bn_riv : [213]
res4_5_branch2b_bn_s : [227]
res2_1_branch2a_bn_riv : [43]
res3_1_branch2c_bn_riv : [512]
res5_1_branch2a_bn_riv : [413]
res3_0_branch2c_bn_b : [512]
res3_0_branch2a_bn_rm : [119]
res4_4_branch2c_bn_b : [1024]
res5_0_branch2a_bn_riv : [450]
res2_2_branch2c_bn_rm : [256]
res5_2_branch2c_bn_riv : [2048]
res3_3_branch2b_w : [104 106   3   3]
res5_2_branch2b_bn_riv : [296]
res4_2_branch2b_bn_rm : [169]
res5_2_branch2c_w : [2048  512    1    1]
res3_0_branch2c_bn_s : [512]
res4_4_branch2c_bn_s : [1024]
res4_4_branch2a_w : [ 187 1024    1    1]
res5_0_branch2b_bn_rm : [476]
res2_0_branch2a_w : [41 64  1  1]
res4_4_branch2b_bn_rm : [215]
res5_1_branch2b_bn_rm : [381]
res4_3_branch2a_bn_riv : [178]
res5_0_branch2c_w : [2048  512    1    1]
res5_1_branch2b_bn_b : [381]
res4_3_branch2a_w : [ 178 1024    1    1]
res3_1_branch2a_bn_riv : [85]
res5_0_branch1_bn_rm : [2048]
res4_3_branch2c_bn_rm : [1024]
res3_2_branch2b_bn_riv : [117]
res2_1_branch2b_bn_b : [50]
res2_0_branch2b_bn_riv : [22]
res4_1_branch2b_w : [197 158   3   3]
res5_1_branch2b_bn_s : [381]
res4_4_branch2c_w : [1024  256    1    1]
res2_0_branch2c_bn_rm : [256]
res5_1_branch2c_bn_rm : [2048]
res4_0_branch2b_bn_riv : [224]
res3_0_branch2c_w : [512 128   1   1]
res2_2_branch2c_bn_riv : [256]
res4_0_branch1_bn_riv : [1024]
res5_0_branch1_w : [2048 1024    1    1]
res3_1_branch2c_bn_rm : [512]
res4_5_branch2c_bn_b : [1024]
res4_3_branch2c_w : [1024  256    1    1]
res4_5_branch2a_bn_s : [213]
res4_3_branch2b_bn_s : [208]
res4_2_branch2c_bn_s : [1024]
res4_4_branch2a_bn_rm : [187]
res3_2_branch2c_bn_riv : [512]
res5_0_branch2a_w : [ 450 1024    1    1]
res4_5_branch2c_bn_s : [1024]
res4_5_branch2a_bn_b : [213]
res4_2_branch2c_bn_b : [1024]
res2_0_branch2c_bn_s : [256]
res4_3_branch2b_bn_b : [208]
res3_0_branch2b_bn_riv : [119]
res3_0_branch2a_w : [119 256   1   1]
++++++++++++++++++++++++++++++++++++++++++++++++++++++++++++++++++++++++++++++++++++++++++++++++++++
computing the params and FLOPs of network
====================================================================================================
feature map shape: (N, 3, 224, 224)

====================================================================================================
feature map shape: (N, 3, 224, 224)

====================================================================================================
feature map shape: (N, 3, 224, 224)

====================================================================================================
conv_params: 9472.0, conv_flops: 118816768.0
feature map shape: (N, 64, 112.0, 112.0)

====================================================================================================
bn_params: 128, bn_flops: 802816.0
feature map shape: (N, 64, 112.0, 112.0)

====================================================================================================
feature map shape: (N, 64, 112.0, 112.0)

====================================================================================================
feature map shape: (N, 64, 56.0, 56.0)

====================================================================================================
conv_params: 16640.0, conv_flops: 52183040.0
feature map shape: (N, 256, 56.0, 56.0)

====================================================================================================
bn_params: 512, bn_flops: 802816.0
feature map shape: (N, 256, 56.0, 56.0)

====================================================================================================
conv_params: 2665.0, conv_flops: 8357440.0
feature map shape: (N, 41, 56.0, 56.0)

====================================================================================================
bn_params: 82, bn_flops: 128576.0
feature map shape: (N, 41, 56.0, 56.0)

====================================================================================================
feature map shape: (N, 41, 56.0, 56.0)

====================================================================================================
conv_params: 8140.0, conv_flops: 25527040.0
feature map shape: (N, 22, 56.0, 56.0)

====================================================================================================
bn_params: 44, bn_flops: 68992.0
feature map shape: (N, 22, 56.0, 56.0)

====================================================================================================
feature map shape: (N, 22, 56.0, 56.0)

====================================================================================================
conv_params: 16640.0, conv_flops: 52183040.0
feature map shape: (N, 256, 56.0, 56.0)

====================================================================================================
bn_params: 512, bn_flops: 802816.0
feature map shape: (N, 256, 56.0, 56.0)

====================================================================================================
feature map shape: (N, 256, 56.0, 56.0)

====================================================================================================
feature map shape: (N, 256, 56.0, 56.0)

====================================================================================================
conv_params: 11051.0, conv_flops: 34655936.0
feature map shape: (N, 43, 56.0, 56.0)

====================================================================================================
bn_params: 86, bn_flops: 134848.0
feature map shape: (N, 43, 56.0, 56.0)

====================================================================================================
feature map shape: (N, 43, 56.0, 56.0)

====================================================================================================
conv_params: 19400.0, conv_flops: 60838400.0
feature map shape: (N, 50, 56.0, 56.0)

====================================================================================================
bn_params: 100, bn_flops: 156800.0
feature map shape: (N, 50, 56.0, 56.0)

====================================================================================================
feature map shape: (N, 50, 56.0, 56.0)

====================================================================================================
conv_params: 16640.0, conv_flops: 52183040.0
feature map shape: (N, 256, 56.0, 56.0)

====================================================================================================
bn_params: 512, bn_flops: 802816.0
feature map shape: (N, 256, 56.0, 56.0)

====================================================================================================
feature map shape: (N, 256, 56.0, 56.0)

====================================================================================================
feature map shape: (N, 256, 56.0, 56.0)

====================================================================================================
conv_params: 14649.0, conv_flops: 45939264.0
feature map shape: (N, 57, 56.0, 56.0)

====================================================================================================
bn_params: 114, bn_flops: 178752.0
feature map shape: (N, 57, 56.0, 56.0)

====================================================================================================
feature map shape: (N, 57, 56.0, 56.0)

====================================================================================================
conv_params: 28784.0, conv_flops: 90266624.0
feature map shape: (N, 56, 56.0, 56.0)

====================================================================================================
bn_params: 112, bn_flops: 175616.0
feature map shape: (N, 56, 56.0, 56.0)

====================================================================================================
feature map shape: (N, 56, 56.0, 56.0)

====================================================================================================
conv_params: 16640.0, conv_flops: 52183040.0
feature map shape: (N, 256, 56.0, 56.0)

====================================================================================================
bn_params: 512, bn_flops: 802816.0
feature map shape: (N, 256, 56.0, 56.0)

====================================================================================================
feature map shape: (N, 256, 56.0, 56.0)

====================================================================================================
feature map shape: (N, 256, 56.0, 56.0)

====================================================================================================
conv_params: 131584.0, conv_flops: 103161856.0
feature map shape: (N, 512, 28.0, 28.0)

====================================================================================================
bn_params: 1024, bn_flops: 401408.0
feature map shape: (N, 512, 28.0, 28.0)

====================================================================================================
conv_params: 30583.0, conv_flops: 23977072.0
feature map shape: (N, 119, 28.0, 28.0)

====================================================================================================
bn_params: 238, bn_flops: 93296.0
feature map shape: (N, 119, 28.0, 28.0)

====================================================================================================
feature map shape: (N, 119, 28.0, 28.0)

====================================================================================================
conv_params: 127568.0, conv_flops: 100013312.0
feature map shape: (N, 119, 28.0, 28.0)

====================================================================================================
bn_params: 238, bn_flops: 93296.0
feature map shape: (N, 119, 28.0, 28.0)

====================================================================================================
feature map shape: (N, 119, 28.0, 28.0)

====================================================================================================
conv_params: 66048.0, conv_flops: 51781632.0
feature map shape: (N, 512, 28.0, 28.0)

====================================================================================================
bn_params: 1024, bn_flops: 401408.0
feature map shape: (N, 512, 28.0, 28.0)

====================================================================================================
feature map shape: (N, 512, 28.0, 28.0)

====================================================================================================
feature map shape: (N, 512, 28.0, 28.0)

====================================================================================================
conv_params: 43605.0, conv_flops: 34186320.0
feature map shape: (N, 85, 28.0, 28.0)

====================================================================================================
bn_params: 170, bn_flops: 66640.0
feature map shape: (N, 85, 28.0, 28.0)

====================================================================================================
feature map shape: (N, 85, 28.0, 28.0)

====================================================================================================
conv_params: 82728.0, conv_flops: 64858752.0
feature map shape: (N, 108, 28.0, 28.0)

====================================================================================================
bn_params: 216, bn_flops: 84672.0
feature map shape: (N, 108, 28.0, 28.0)

====================================================================================================
feature map shape: (N, 108, 28.0, 28.0)

====================================================================================================
conv_params: 66048.0, conv_flops: 51781632.0
feature map shape: (N, 512, 28.0, 28.0)

====================================================================================================
bn_params: 1024, bn_flops: 401408.0
feature map shape: (N, 512, 28.0, 28.0)

====================================================================================================
feature map shape: (N, 512, 28.0, 28.0)

====================================================================================================
feature map shape: (N, 512, 28.0, 28.0)

====================================================================================================
conv_params: 58482.0, conv_flops: 45849888.0
feature map shape: (N, 114, 28.0, 28.0)

====================================================================================================
bn_params: 228, bn_flops: 89376.0
feature map shape: (N, 114, 28.0, 28.0)

====================================================================================================
feature map shape: (N, 114, 28.0, 28.0)

====================================================================================================
conv_params: 120159.0, conv_flops: 94204656.0
feature map shape: (N, 117, 28.0, 28.0)

====================================================================================================
bn_params: 234, bn_flops: 91728.0
feature map shape: (N, 117, 28.0, 28.0)

====================================================================================================
feature map shape: (N, 117, 28.0, 28.0)

====================================================================================================
conv_params: 66048.0, conv_flops: 51781632.0
feature map shape: (N, 512, 28.0, 28.0)

====================================================================================================
bn_params: 1024, bn_flops: 401408.0
feature map shape: (N, 512, 28.0, 28.0)

====================================================================================================
feature map shape: (N, 512, 28.0, 28.0)

====================================================================================================
feature map shape: (N, 512, 28.0, 28.0)

====================================================================================================
conv_params: 54378.0, conv_flops: 42632352.0
feature map shape: (N, 106, 28.0, 28.0)

====================================================================================================
bn_params: 212, bn_flops: 83104.0
feature map shape: (N, 106, 28.0, 28.0)

====================================================================================================
feature map shape: (N, 106, 28.0, 28.0)

====================================================================================================
conv_params: 99320.0, conv_flops: 77866880.0
feature map shape: (N, 104, 28.0, 28.0)

====================================================================================================
bn_params: 208, bn_flops: 81536.0
feature map shape: (N, 104, 28.0, 28.0)

====================================================================================================
feature map shape: (N, 104, 28.0, 28.0)

====================================================================================================
conv_params: 66048.0, conv_flops: 51781632.0
feature map shape: (N, 512, 28.0, 28.0)

====================================================================================================
bn_params: 1024, bn_flops: 401408.0
feature map shape: (N, 512, 28.0, 28.0)

====================================================================================================
feature map shape: (N, 512, 28.0, 28.0)

====================================================================================================
feature map shape: (N, 512, 28.0, 28.0)

====================================================================================================
conv_params: 525312.0, conv_flops: 102961152.0
feature map shape: (N, 1024, 14.0, 14.0)

====================================================================================================
bn_params: 2048, bn_flops: 200704.0
feature map shape: (N, 1024, 14.0, 14.0)

====================================================================================================
conv_params: 122094.0, conv_flops: 23930424.0
feature map shape: (N, 238, 14.0, 14.0)

====================================================================================================
bn_params: 476, bn_flops: 46648.0
feature map shape: (N, 238, 14.0, 14.0)

====================================================================================================
feature map shape: (N, 238, 14.0, 14.0)

====================================================================================================
conv_params: 480032.0, conv_flops: 94086272.0
feature map shape: (N, 224, 14.0, 14.0)

====================================================================================================
bn_params: 448, bn_flops: 43904.0
feature map shape: (N, 224, 14.0, 14.0)

====================================================================================================
feature map shape: (N, 224, 14.0, 14.0)

====================================================================================================
conv_params: 263168.0, conv_flops: 51580928.0
feature map shape: (N, 1024, 14.0, 14.0)

====================================================================================================
bn_params: 2048, bn_flops: 200704.0
feature map shape: (N, 1024, 14.0, 14.0)

====================================================================================================
feature map shape: (N, 1024, 14.0, 14.0)

====================================================================================================
feature map shape: (N, 1024, 14.0, 14.0)

====================================================================================================
conv_params: 161950.0, conv_flops: 31742200.0
feature map shape: (N, 158, 14.0, 14.0)

====================================================================================================
bn_params: 316, bn_flops: 30968.0
feature map shape: (N, 158, 14.0, 14.0)

====================================================================================================
feature map shape: (N, 158, 14.0, 14.0)

====================================================================================================
conv_params: 280331.0, conv_flops: 54944876.0
feature map shape: (N, 197, 14.0, 14.0)

====================================================================================================
bn_params: 394, bn_flops: 38612.0
feature map shape: (N, 197, 14.0, 14.0)

====================================================================================================
feature map shape: (N, 197, 14.0, 14.0)

====================================================================================================
conv_params: 263168.0, conv_flops: 51580928.0
feature map shape: (N, 1024, 14.0, 14.0)

====================================================================================================
bn_params: 2048, bn_flops: 200704.0
feature map shape: (N, 1024, 14.0, 14.0)

====================================================================================================
feature map shape: (N, 1024, 14.0, 14.0)

====================================================================================================
feature map shape: (N, 1024, 14.0, 14.0)

====================================================================================================
conv_params: 185525.0, conv_flops: 36362900.0
feature map shape: (N, 181, 14.0, 14.0)

====================================================================================================
bn_params: 362, bn_flops: 35476.0
feature map shape: (N, 181, 14.0, 14.0)

====================================================================================================
feature map shape: (N, 181, 14.0, 14.0)

====================================================================================================
conv_params: 275470.0, conv_flops: 53992120.0
feature map shape: (N, 169, 14.0, 14.0)

====================================================================================================
bn_params: 338, bn_flops: 33124.0
feature map shape: (N, 169, 14.0, 14.0)

====================================================================================================
feature map shape: (N, 169, 14.0, 14.0)

====================================================================================================
conv_params: 263168.0, conv_flops: 51580928.0
feature map shape: (N, 1024, 14.0, 14.0)

====================================================================================================
bn_params: 2048, bn_flops: 200704.0
feature map shape: (N, 1024, 14.0, 14.0)

====================================================================================================
feature map shape: (N, 1024, 14.0, 14.0)

====================================================================================================
feature map shape: (N, 1024, 14.0, 14.0)

====================================================================================================
conv_params: 182450.0, conv_flops: 35760200.0
feature map shape: (N, 178, 14.0, 14.0)

====================================================================================================
bn_params: 356, bn_flops: 34888.0
feature map shape: (N, 178, 14.0, 14.0)

====================================================================================================
feature map shape: (N, 178, 14.0, 14.0)

====================================================================================================
conv_params: 333424.0, conv_flops: 65351104.0
feature map shape: (N, 208, 14.0, 14.0)

====================================================================================================
bn_params: 416, bn_flops: 40768.0
feature map shape: (N, 208, 14.0, 14.0)

====================================================================================================
feature map shape: (N, 208, 14.0, 14.0)

====================================================================================================
conv_params: 263168.0, conv_flops: 51580928.0
feature map shape: (N, 1024, 14.0, 14.0)

====================================================================================================
bn_params: 2048, bn_flops: 200704.0
feature map shape: (N, 1024, 14.0, 14.0)

====================================================================================================
feature map shape: (N, 1024, 14.0, 14.0)

====================================================================================================
feature map shape: (N, 1024, 14.0, 14.0)

====================================================================================================
conv_params: 191675.0, conv_flops: 37568300.0
feature map shape: (N, 187, 14.0, 14.0)

====================================================================================================
bn_params: 374, bn_flops: 36652.0
feature map shape: (N, 187, 14.0, 14.0)

====================================================================================================
feature map shape: (N, 187, 14.0, 14.0)

====================================================================================================
conv_params: 362060.0, conv_flops: 70963760.0
feature map shape: (N, 215, 14.0, 14.0)

====================================================================================================
bn_params: 430, bn_flops: 42140.0
feature map shape: (N, 215, 14.0, 14.0)

====================================================================================================
feature map shape: (N, 215, 14.0, 14.0)

====================================================================================================
conv_params: 263168.0, conv_flops: 51580928.0
feature map shape: (N, 1024, 14.0, 14.0)

====================================================================================================
bn_params: 2048, bn_flops: 200704.0
feature map shape: (N, 1024, 14.0, 14.0)

====================================================================================================
feature map shape: (N, 1024, 14.0, 14.0)

====================================================================================================
feature map shape: (N, 1024, 14.0, 14.0)

====================================================================================================
conv_params: 218325.0, conv_flops: 42791700.0
feature map shape: (N, 213, 14.0, 14.0)

====================================================================================================
bn_params: 426, bn_flops: 41748.0
feature map shape: (N, 213, 14.0, 14.0)

====================================================================================================
feature map shape: (N, 213, 14.0, 14.0)

====================================================================================================
conv_params: 435386.0, conv_flops: 85335656.0
feature map shape: (N, 227, 14.0, 14.0)

====================================================================================================
bn_params: 454, bn_flops: 44492.0
feature map shape: (N, 227, 14.0, 14.0)

====================================================================================================
feature map shape: (N, 227, 14.0, 14.0)

====================================================================================================
conv_params: 263168.0, conv_flops: 51580928.0
feature map shape: (N, 1024, 14.0, 14.0)

====================================================================================================
bn_params: 2048, bn_flops: 200704.0
feature map shape: (N, 1024, 14.0, 14.0)

====================================================================================================
feature map shape: (N, 1024, 14.0, 14.0)

====================================================================================================
feature map shape: (N, 1024, 14.0, 14.0)

====================================================================================================
conv_params: 2099200.0, conv_flops: 102860800.0
feature map shape: (N, 2048, 7.0, 7.0)

====================================================================================================
bn_params: 4096, bn_flops: 100352.0
feature map shape: (N, 2048, 7.0, 7.0)

====================================================================================================
conv_params: 461250.0, conv_flops: 22601250.0
feature map shape: (N, 450, 7.0, 7.0)

====================================================================================================
bn_params: 900, bn_flops: 22050.0
feature map shape: (N, 450, 7.0, 7.0)

====================================================================================================
feature map shape: (N, 450, 7.0, 7.0)

====================================================================================================
conv_params: 1928276.0, conv_flops: 94485524.0
feature map shape: (N, 476, 7.0, 7.0)

====================================================================================================
bn_params: 952, bn_flops: 23324.0
feature map shape: (N, 476, 7.0, 7.0)

====================================================================================================
feature map shape: (N, 476, 7.0, 7.0)

====================================================================================================
conv_params: 1050624.0, conv_flops: 51480576.0
feature map shape: (N, 2048, 7.0, 7.0)

====================================================================================================
bn_params: 4096, bn_flops: 100352.0
feature map shape: (N, 2048, 7.0, 7.0)

====================================================================================================
feature map shape: (N, 2048, 7.0, 7.0)

====================================================================================================
feature map shape: (N, 2048, 7.0, 7.0)

====================================================================================================
conv_params: 846237.0, conv_flops: 41465613.0
feature map shape: (N, 413, 7.0, 7.0)

====================================================================================================
bn_params: 826, bn_flops: 20237.0
feature map shape: (N, 413, 7.0, 7.0)

====================================================================================================
feature map shape: (N, 413, 7.0, 7.0)

====================================================================================================
conv_params: 1416558.0, conv_flops: 69411342.0
feature map shape: (N, 381, 7.0, 7.0)

====================================================================================================
bn_params: 762, bn_flops: 18669.0
feature map shape: (N, 381, 7.0, 7.0)

====================================================================================================
feature map shape: (N, 381, 7.0, 7.0)

====================================================================================================
conv_params: 1050624.0, conv_flops: 51480576.0
feature map shape: (N, 2048, 7.0, 7.0)

====================================================================================================
bn_params: 4096, bn_flops: 100352.0
feature map shape: (N, 2048, 7.0, 7.0)

====================================================================================================
feature map shape: (N, 2048, 7.0, 7.0)

====================================================================================================
feature map shape: (N, 2048, 7.0, 7.0)

====================================================================================================
conv_params: 844188.0, conv_flops: 41365212.0
feature map shape: (N, 412, 7.0, 7.0)

====================================================================================================
bn_params: 824, bn_flops: 20188.0
feature map shape: (N, 412, 7.0, 7.0)

====================================================================================================
feature map shape: (N, 412, 7.0, 7.0)

====================================================================================================
conv_params: 1097864.0, conv_flops: 53795336.0
feature map shape: (N, 296, 7.0, 7.0)

====================================================================================================
bn_params: 592, bn_flops: 14504.0
feature map shape: (N, 296, 7.0, 7.0)

====================================================================================================
feature map shape: (N, 296, 7.0, 7.0)

====================================================================================================
conv_params: 1050624.0, conv_flops: 51480576.0
feature map shape: (N, 2048, 7.0, 7.0)

====================================================================================================
bn_params: 4096, bn_flops: 100352.0
feature map shape: (N, 2048, 7.0, 7.0)

====================================================================================================
feature map shape: (N, 2048, 7.0, 7.0)

====================================================================================================
feature map shape: (N, 2048, 7.0, 7.0)

====================================================================================================
feature map shape: (N, 2048, 1.0, 1.0)

====================================================================================================
fc_params: 262144, fc_flops: 262144
feature map shape: (N, 128, 1.0, 1.0)

====================================================================================================
feature map shape: (N, 128, 1.0, 1.0)

====================================================================================================
fc_params: 262144, fc_flops: 262144
feature map shape: (N, 2048, 1.0, 1.0)

====================================================================================================
feature map shape: (N, 2048, 1.0, 1.0)

====================================================================================================
feature map shape: (N, 2048, 7.0, 7.0)

====================================================================================================
feature map shape: (N, 2048, 1.0, 1.0)

====================================================================================================
fc_params: 2097152, fc_flops: 2097152
feature map shape: (N, 1024, 1.0, 1.0)

====================================================================================================
feature map shape: (N, 1024, 1.0, 1.0)

====================================================================================================
fc_params: 262144, fc_flops: 262144
feature map shape: (N, 128, 1.0, 1.0)

====================================================================================================
feature map shape: (N, 128, 1.0, 1.0)

====================================================================================================
fc_params: 262144, fc_flops: 262144
feature map shape: (N, 2048, 1.0, 1.0)

====================================================================================================
feature map shape: (N, 2048, 1.0, 1.0)

====================================================================================================
feature map shape: (N, 2048, 7.0, 7.0)

====================================================================================================
feature map shape: (N, 2048, 1.0, 1.0)

====================================================================================================
fc_params: 2097152, fc_flops: 2097152
feature map shape: (N, 1024, 1.0, 1.0)

====================================================================================================
feature map shape: (N, 1024, 1.0, 1.0)

====================================================================================================
fc_params: 409600, fc_flops: 409600
feature map shape: (N, 200, 1.0, 1.0)

====================================================================================================
feature map shape: (N, 200, 1.0, 1.0)

====================================================================================================
feature map shape: (N, 200, 1.0, 1.0)

====================================================================================================
feature map shape: (N, 200, 1.0, 1.0)

====================================================================================================
feature map shape: (N, 200, 1.0, 1.0)

====================================================================================================
feature map shape: (N, 200, 1.0, 1.0)

====================================================================================================
feature map shape: (N, 200, 1.0, 1.0)

====================================================================================================
feature map shape: (N, 200, 1.0, 1.0)

====================================================================================================
feature map shape: (N, 200, 1.0, 1.0)

====================================================================================================
feature map shape: (N, 200, 1.0, 1.0)

====================================================================================================
feature map shape: (N, 200, 1.0, 1.0)

====================================================================================================
feature map shape: (N, 200, 1.0, 1.0)

====================================================================================================
feature map shape: (N, 200, 1.0, 1.0)

====================================================================================================
feature map shape: (N, 200, 1.0, 1.0)

====================================================================================================
feature map shape: (N, 200, 1.0, 1.0)

====================================================================================================
feature map shape: (N, 200, 1.0, 1.0)

params: 24054231.0, FLOPs: 3028309845.0
[INFO] finish running src/param_statistics.py, total_time is 6.050s
