[INFO] start running src/param_statistics.py ...
[INFO] start running initialize ...
[INFO] finish running initialize ...

[INFO] start running build_validation_model ...
[INFO] finish running build_validation_model ...

****************************************************************************************************
net work pruning...
****************************************************************************************************
bn layer name: res2_0_branch1_bn 	 layer total channels: 256 	 remainingchannels: 183.0 	 pruned rate: 28.52%
bn layer name: res2_0_branch2a_bn 	 layer total channels: 64 	 remainingchannels: 34.0 	 pruned rate: 46.88%
bn layer name: res2_0_branch2b_bn 	 layer total channels: 64 	 remainingchannels: 11.0 	 pruned rate: 82.81%
bn layer name: res2_0_branch2c_bn 	 layer total channels: 256 	 remainingchannels: 128.0 	 pruned rate: 50.00%
bn layer name: res2_1_branch2a_bn 	 layer total channels: 64 	 remainingchannels: 35.0 	 pruned rate: 45.31%
bn layer name: res2_1_branch2b_bn 	 layer total channels: 64 	 remainingchannels: 42.0 	 pruned rate: 34.38%
bn layer name: res2_1_branch2c_bn 	 layer total channels: 256 	 remainingchannels: 13.0 	 pruned rate: 94.92%
bn layer name: res2_2_branch2a_bn 	 layer total channels: 64 	 remainingchannels: 48.0 	 pruned rate: 25.00%
bn layer name: res2_2_branch2b_bn 	 layer total channels: 64 	 remainingchannels: 43.0 	 pruned rate: 32.81%
bn layer name: res2_2_branch2c_bn 	 layer total channels: 256 	 remainingchannels: 38.0 	 pruned rate: 85.16%
bn layer name: res3_0_branch1_bn 	 layer total channels: 512 	 remainingchannels: 132.0 	 pruned rate: 74.22%
bn layer name: res3_0_branch2a_bn 	 layer total channels: 128 	 remainingchannels: 100.0 	 pruned rate: 21.88%
bn layer name: res3_0_branch2b_bn 	 layer total channels: 128 	 remainingchannels: 92.0 	 pruned rate: 28.12%
bn layer name: res3_0_branch2c_bn 	 layer total channels: 512 	 remainingchannels: 101.0 	 pruned rate: 80.27%
bn layer name: res3_1_branch2a_bn 	 layer total channels: 128 	 remainingchannels: 38.0 	 pruned rate: 70.31%
bn layer name: res3_1_branch2b_bn 	 layer total channels: 128 	 remainingchannels: 79.0 	 pruned rate: 38.28%
bn layer name: res3_1_branch2c_bn 	 layer total channels: 512 	 remainingchannels: 42.0 	 pruned rate: 91.80%
bn layer name: res3_2_branch2a_bn 	 layer total channels: 128 	 remainingchannels: 77.0 	 pruned rate: 39.84%
bn layer name: res3_2_branch2b_bn 	 layer total channels: 128 	 remainingchannels: 104.0 	 pruned rate: 18.75%
bn layer name: res3_2_branch2c_bn 	 layer total channels: 512 	 remainingchannels: 43.0 	 pruned rate: 91.60%
bn layer name: res3_3_branch2a_bn 	 layer total channels: 128 	 remainingchannels: 57.0 	 pruned rate: 55.47%
bn layer name: res3_3_branch2b_bn 	 layer total channels: 128 	 remainingchannels: 77.0 	 pruned rate: 39.84%
bn layer name: res3_3_branch2c_bn 	 layer total channels: 512 	 remainingchannels: 14.0 	 pruned rate: 97.27%
bn layer name: res4_0_branch1_bn 	 layer total channels: 1024 	 remainingchannels: 101.0 	 pruned rate: 90.14%
bn layer name: res4_0_branch2a_bn 	 layer total channels: 256 	 remainingchannels: 170.0 	 pruned rate: 33.59%
bn layer name: res4_0_branch2b_bn 	 layer total channels: 256 	 remainingchannels: 120.0 	 pruned rate: 53.12%
bn layer name: res4_0_branch2c_bn 	 layer total channels: 1024 	 remainingchannels: 185.0 	 pruned rate: 81.93%
bn layer name: res4_1_branch2a_bn 	 layer total channels: 256 	 remainingchannels: 65.0 	 pruned rate: 74.61%
bn layer name: res4_1_branch2b_bn 	 layer total channels: 256 	 remainingchannels: 92.0 	 pruned rate: 64.06%
bn layer name: res4_1_branch2c_bn 	 layer total channels: 1024 	 remainingchannels: 40.0 	 pruned rate: 96.09%
bn layer name: res4_2_branch2a_bn 	 layer total channels: 256 	 remainingchannels: 62.0 	 pruned rate: 75.78%
bn layer name: res4_2_branch2b_bn 	 layer total channels: 256 	 remainingchannels: 83.0 	 pruned rate: 67.58%
bn layer name: res4_2_branch2c_bn 	 layer total channels: 1024 	 remainingchannels: 18.0 	 pruned rate: 98.24%
bn layer name: res4_3_branch2a_bn 	 layer total channels: 256 	 remainingchannels: 57.0 	 pruned rate: 77.73%
bn layer name: res4_3_branch2b_bn 	 layer total channels: 256 	 remainingchannels: 131.0 	 pruned rate: 48.83%
bn layer name: res4_3_branch2c_bn 	 layer total channels: 1024 	 remainingchannels: 49.0 	 pruned rate: 95.21%
bn layer name: res4_4_branch2a_bn 	 layer total channels: 256 	 remainingchannels: 43.0 	 pruned rate: 83.20%
bn layer name: res4_4_branch2b_bn 	 layer total channels: 256 	 remainingchannels: 85.0 	 pruned rate: 66.80%
bn layer name: res4_4_branch2c_bn 	 layer total channels: 1024 	 remainingchannels: 9.0 	 pruned rate: 99.12%
bn layer name: res4_5_branch2a_bn 	 layer total channels: 256 	 remainingchannels: 60.0 	 pruned rate: 76.56%
bn layer name: res4_5_branch2b_bn 	 layer total channels: 256 	 remainingchannels: 97.0 	 pruned rate: 62.11%
bn layer name: res4_5_branch2c_bn 	 layer total channels: 1024 	 remainingchannels: 9.0 	 pruned rate: 99.12%
bn layer name: res5_0_branch1_bn 	 layer total channels: 2048 	 remainingchannels: 2048.0 	 pruned rate: 0.00%
bn layer name: res5_0_branch2a_bn 	 layer total channels: 512 	 remainingchannels: 81.0 	 pruned rate: 84.18%
bn layer name: res5_0_branch2b_bn 	 layer total channels: 512 	 remainingchannels: 179.0 	 pruned rate: 65.04%
bn layer name: res5_0_branch2c_bn 	 layer total channels: 2048 	 remainingchannels: 2021.0 	 pruned rate: 1.32%
bn layer name: res5_1_branch2a_bn 	 layer total channels: 512 	 remainingchannels: 76.0 	 pruned rate: 85.16%
bn layer name: res5_1_branch2b_bn 	 layer total channels: 512 	 remainingchannels: 58.0 	 pruned rate: 88.67%
bn layer name: res5_1_branch2c_bn 	 layer total channels: 2048 	 remainingchannels: 1408.0 	 pruned rate: 31.25%
bn layer name: res5_2_branch2a_bn 	 layer total channels: 512 	 remainingchannels: 30.0 	 pruned rate: 94.14%
bn layer name: res5_2_branch2b_bn 	 layer total channels: 512 	 remainingchannels: 23.0 	 pruned rate: 95.51%
bn layer name: res5_2_branch2c_bn 	 layer total channels: 2048 	 remainingchannels: 1656.0 	 pruned rate: 19.14%
bn layer name: res_conv1_bn 	 layer total channels: 64 	 remainingchannels: 36.0 	 pruned rate: 43.75%
total pruned rate: 0.600037650602
====================================================================================================
op type: ImageInput
in channels: 3, out channels: 3

====================================================================================================
op type: StopGradient
in channels: 3, out channels: 3

====================================================================================================
op type: StopGradient
in channels: 3, out channels: 3

====================================================================================================
op type: Conv
in channels: 3, out channels: 64

====================================================================================================
op type: SpatialBN
in channels: 3, out channels: 64

====================================================================================================
op type: Relu
in channels: 3, out channels: 64

====================================================================================================
op type: MaxPool
in channels: 64, out channels: 64

====================================================================================================
op type: Conv
in channels: 64, out channels: 256

====================================================================================================
op type: SpatialBN
in channels: 64, out channels: 256

====================================================================================================
op type: Conv
in channels: 64, out channels: 64

====================================================================================================
op type: SpatialBN
in channels: 64, out channels: 34.0

====================================================================================================
op type: Relu
in channels: 34.0, out channels: 34.0

====================================================================================================
C_in: 34.0, old_in: 64
op type: Conv
in channels: 34.0, out channels: 64

====================================================================================================
op type: SpatialBN
in channels: 64, out channels: 11.0

====================================================================================================
op type: Relu
in channels: 11.0, out channels: 11.0

====================================================================================================
op type: Conv
in channels: 11.0, out channels: 256

====================================================================================================
op type: SpatialBN
in channels: 11.0, out channels: 256

====================================================================================================
op type: Sum
in channels: 11.0, out channels: 256

====================================================================================================
op type: Relu
in channels: 256, out channels: 256

====================================================================================================
op type: Conv
in channels: 256, out channels: 64

====================================================================================================
op type: SpatialBN
in channels: 64, out channels: 35.0

====================================================================================================
op type: Relu
in channels: 35.0, out channels: 35.0

====================================================================================================
C_in: 35.0, old_in: 64
op type: Conv
in channels: 35.0, out channels: 64

====================================================================================================
op type: SpatialBN
in channels: 64, out channels: 42.0

====================================================================================================
op type: Relu
in channels: 42.0, out channels: 42.0

====================================================================================================
op type: Conv
in channels: 42.0, out channels: 256

====================================================================================================
op type: SpatialBN
in channels: 42.0, out channels: 256

====================================================================================================
op type: Sum
in channels: 42.0, out channels: 256

====================================================================================================
op type: Relu
in channels: 256, out channels: 256

====================================================================================================
op type: Conv
in channels: 256, out channels: 64

====================================================================================================
op type: SpatialBN
in channels: 64, out channels: 48.0

====================================================================================================
op type: Relu
in channels: 48.0, out channels: 48.0

====================================================================================================
C_in: 48.0, old_in: 64
op type: Conv
in channels: 48.0, out channels: 64

====================================================================================================
op type: SpatialBN
in channels: 64, out channels: 43.0

====================================================================================================
op type: Relu
in channels: 43.0, out channels: 43.0

====================================================================================================
op type: Conv
in channels: 43.0, out channels: 256

====================================================================================================
op type: SpatialBN
in channels: 43.0, out channels: 256

====================================================================================================
op type: Sum
in channels: 43.0, out channels: 256

====================================================================================================
op type: Relu
in channels: 256, out channels: 256

====================================================================================================
op type: Conv
in channels: 256, out channels: 512

====================================================================================================
op type: SpatialBN
in channels: 256, out channels: 512

====================================================================================================
op type: Conv
in channels: 256, out channels: 128

====================================================================================================
op type: SpatialBN
in channels: 128, out channels: 100.0

====================================================================================================
op type: Relu
in channels: 100.0, out channels: 100.0

====================================================================================================
C_in: 100.0, old_in: 128
op type: Conv
in channels: 100.0, out channels: 128

====================================================================================================
op type: SpatialBN
in channels: 128, out channels: 92.0

====================================================================================================
op type: Relu
in channels: 92.0, out channels: 92.0

====================================================================================================
op type: Conv
in channels: 92.0, out channels: 512

====================================================================================================
op type: SpatialBN
in channels: 92.0, out channels: 512

====================================================================================================
op type: Sum
in channels: 92.0, out channels: 512

====================================================================================================
op type: Relu
in channels: 512, out channels: 512

====================================================================================================
op type: Conv
in channels: 512, out channels: 128

====================================================================================================
op type: SpatialBN
in channels: 128, out channels: 38.0

====================================================================================================
op type: Relu
in channels: 38.0, out channels: 38.0

====================================================================================================
C_in: 38.0, old_in: 128
op type: Conv
in channels: 38.0, out channels: 128

====================================================================================================
op type: SpatialBN
in channels: 128, out channels: 79.0

====================================================================================================
op type: Relu
in channels: 79.0, out channels: 79.0

====================================================================================================
op type: Conv
in channels: 79.0, out channels: 512

====================================================================================================
op type: SpatialBN
in channels: 79.0, out channels: 512

====================================================================================================
op type: Sum
in channels: 79.0, out channels: 512

====================================================================================================
op type: Relu
in channels: 512, out channels: 512

====================================================================================================
op type: Conv
in channels: 512, out channels: 128

====================================================================================================
op type: SpatialBN
in channels: 128, out channels: 77.0

====================================================================================================
op type: Relu
in channels: 77.0, out channels: 77.0

====================================================================================================
C_in: 77.0, old_in: 128
op type: Conv
in channels: 77.0, out channels: 128

====================================================================================================
op type: SpatialBN
in channels: 128, out channels: 104.0

====================================================================================================
op type: Relu
in channels: 104.0, out channels: 104.0

====================================================================================================
op type: Conv
in channels: 104.0, out channels: 512

====================================================================================================
op type: SpatialBN
in channels: 104.0, out channels: 512

====================================================================================================
op type: Sum
in channels: 104.0, out channels: 512

====================================================================================================
op type: Relu
in channels: 512, out channels: 512

====================================================================================================
op type: Conv
in channels: 512, out channels: 128

====================================================================================================
op type: SpatialBN
in channels: 128, out channels: 57.0

====================================================================================================
op type: Relu
in channels: 57.0, out channels: 57.0

====================================================================================================
C_in: 57.0, old_in: 128
op type: Conv
in channels: 57.0, out channels: 128

====================================================================================================
op type: SpatialBN
in channels: 128, out channels: 77.0

====================================================================================================
op type: Relu
in channels: 77.0, out channels: 77.0

====================================================================================================
op type: Conv
in channels: 77.0, out channels: 512

====================================================================================================
op type: SpatialBN
in channels: 77.0, out channels: 512

====================================================================================================
op type: Sum
in channels: 77.0, out channels: 512

====================================================================================================
op type: Relu
in channels: 512, out channels: 512

====================================================================================================
op type: Conv
in channels: 512, out channels: 1024

====================================================================================================
op type: SpatialBN
in channels: 512, out channels: 1024

====================================================================================================
op type: Conv
in channels: 512, out channels: 256

====================================================================================================
op type: SpatialBN
in channels: 256, out channels: 170.0

====================================================================================================
op type: Relu
in channels: 170.0, out channels: 170.0

====================================================================================================
C_in: 170.0, old_in: 256
op type: Conv
in channels: 170.0, out channels: 256

====================================================================================================
op type: SpatialBN
in channels: 256, out channels: 120.0

====================================================================================================
op type: Relu
in channels: 120.0, out channels: 120.0

====================================================================================================
op type: Conv
in channels: 120.0, out channels: 1024

====================================================================================================
op type: SpatialBN
in channels: 120.0, out channels: 1024

====================================================================================================
op type: Sum
in channels: 120.0, out channels: 1024

====================================================================================================
op type: Relu
in channels: 1024, out channels: 1024

====================================================================================================
op type: Conv
in channels: 1024, out channels: 256

====================================================================================================
op type: SpatialBN
in channels: 256, out channels: 65.0

====================================================================================================
op type: Relu
in channels: 65.0, out channels: 65.0

====================================================================================================
C_in: 65.0, old_in: 256
op type: Conv
in channels: 65.0, out channels: 256

====================================================================================================
op type: SpatialBN
in channels: 256, out channels: 92.0

====================================================================================================
op type: Relu
in channels: 92.0, out channels: 92.0

====================================================================================================
op type: Conv
in channels: 92.0, out channels: 1024

====================================================================================================
op type: SpatialBN
in channels: 92.0, out channels: 1024

====================================================================================================
op type: Sum
in channels: 92.0, out channels: 1024

====================================================================================================
op type: Relu
in channels: 1024, out channels: 1024

====================================================================================================
op type: Conv
in channels: 1024, out channels: 256

====================================================================================================
op type: SpatialBN
in channels: 256, out channels: 62.0

====================================================================================================
op type: Relu
in channels: 62.0, out channels: 62.0

====================================================================================================
C_in: 62.0, old_in: 256
op type: Conv
in channels: 62.0, out channels: 256

====================================================================================================
op type: SpatialBN
in channels: 256, out channels: 83.0

====================================================================================================
op type: Relu
in channels: 83.0, out channels: 83.0

====================================================================================================
op type: Conv
in channels: 83.0, out channels: 1024

====================================================================================================
op type: SpatialBN
in channels: 83.0, out channels: 1024

====================================================================================================
op type: Sum
in channels: 83.0, out channels: 1024

====================================================================================================
op type: Relu
in channels: 1024, out channels: 1024

====================================================================================================
op type: Conv
in channels: 1024, out channels: 256

====================================================================================================
op type: SpatialBN
in channels: 256, out channels: 57.0

====================================================================================================
op type: Relu
in channels: 57.0, out channels: 57.0

====================================================================================================
C_in: 57.0, old_in: 256
op type: Conv
in channels: 57.0, out channels: 256

====================================================================================================
op type: SpatialBN
in channels: 256, out channels: 131.0

====================================================================================================
op type: Relu
in channels: 131.0, out channels: 131.0

====================================================================================================
op type: Conv
in channels: 131.0, out channels: 1024

====================================================================================================
op type: SpatialBN
in channels: 131.0, out channels: 1024

====================================================================================================
op type: Sum
in channels: 131.0, out channels: 1024

====================================================================================================
op type: Relu
in channels: 1024, out channels: 1024

====================================================================================================
op type: Conv
in channels: 1024, out channels: 256

====================================================================================================
op type: SpatialBN
in channels: 256, out channels: 43.0

====================================================================================================
op type: Relu
in channels: 43.0, out channels: 43.0

====================================================================================================
C_in: 43.0, old_in: 256
op type: Conv
in channels: 43.0, out channels: 256

====================================================================================================
op type: SpatialBN
in channels: 256, out channels: 85.0

====================================================================================================
op type: Relu
in channels: 85.0, out channels: 85.0

====================================================================================================
op type: Conv
in channels: 85.0, out channels: 1024

====================================================================================================
op type: SpatialBN
in channels: 85.0, out channels: 1024

====================================================================================================
op type: Sum
in channels: 85.0, out channels: 1024

====================================================================================================
op type: Relu
in channels: 1024, out channels: 1024

====================================================================================================
op type: Conv
in channels: 1024, out channels: 256

====================================================================================================
op type: SpatialBN
in channels: 256, out channels: 60.0

====================================================================================================
op type: Relu
in channels: 60.0, out channels: 60.0

====================================================================================================
C_in: 60.0, old_in: 256
op type: Conv
in channels: 60.0, out channels: 256

====================================================================================================
op type: SpatialBN
in channels: 256, out channels: 97.0

====================================================================================================
op type: Relu
in channels: 97.0, out channels: 97.0

====================================================================================================
op type: Conv
in channels: 97.0, out channels: 1024

====================================================================================================
op type: SpatialBN
in channels: 97.0, out channels: 1024

====================================================================================================
op type: Sum
in channels: 97.0, out channels: 1024

====================================================================================================
op type: Relu
in channels: 1024, out channels: 1024

====================================================================================================
op type: Conv
in channels: 1024, out channels: 2048

====================================================================================================
op type: SpatialBN
in channels: 1024, out channels: 2048

====================================================================================================
op type: Conv
in channels: 1024, out channels: 512

====================================================================================================
op type: SpatialBN
in channels: 512, out channels: 81.0

====================================================================================================
op type: Relu
in channels: 81.0, out channels: 81.0

====================================================================================================
C_in: 81.0, old_in: 512
op type: Conv
in channels: 81.0, out channels: 512

====================================================================================================
op type: SpatialBN
in channels: 512, out channels: 179.0

====================================================================================================
op type: Relu
in channels: 179.0, out channels: 179.0

====================================================================================================
op type: Conv
in channels: 179.0, out channels: 2048

====================================================================================================
op type: SpatialBN
in channels: 179.0, out channels: 2048

====================================================================================================
op type: Sum
in channels: 179.0, out channels: 2048

====================================================================================================
op type: Relu
in channels: 2048, out channels: 2048

====================================================================================================
op type: Conv
in channels: 2048, out channels: 512

====================================================================================================
op type: SpatialBN
in channels: 512, out channels: 76.0

====================================================================================================
op type: Relu
in channels: 76.0, out channels: 76.0

====================================================================================================
C_in: 76.0, old_in: 512
op type: Conv
in channels: 76.0, out channels: 512

====================================================================================================
op type: SpatialBN
in channels: 512, out channels: 58.0

====================================================================================================
op type: Relu
in channels: 58.0, out channels: 58.0

====================================================================================================
op type: Conv
in channels: 58.0, out channels: 2048

====================================================================================================
op type: SpatialBN
in channels: 58.0, out channels: 2048

====================================================================================================
op type: Sum
in channels: 58.0, out channels: 2048

====================================================================================================
op type: Relu
in channels: 2048, out channels: 2048

====================================================================================================
op type: Conv
in channels: 2048, out channels: 512

====================================================================================================
op type: SpatialBN
in channels: 512, out channels: 30.0

====================================================================================================
op type: Relu
in channels: 30.0, out channels: 30.0

====================================================================================================
C_in: 30.0, old_in: 512
op type: Conv
in channels: 30.0, out channels: 512

====================================================================================================
op type: SpatialBN
in channels: 512, out channels: 23.0

====================================================================================================
op type: Relu
in channels: 23.0, out channels: 23.0

====================================================================================================
op type: Conv
in channels: 23.0, out channels: 2048

====================================================================================================
op type: SpatialBN
in channels: 23.0, out channels: 2048

====================================================================================================
op type: Sum
in channels: 23.0, out channels: 2048

====================================================================================================
op type: Relu
in channels: 2048, out channels: 2048

====================================================================================================
op type: AveragePool
in channels: 2048, out channels: 2048

====================================================================================================
op type: FC
in channels: 2048, out channels: 2048

====================================================================================================
op type: Relu
in channels: 2048, out channels: 2048

====================================================================================================
op type: FC
in channels: 2048, out channels: 2048

====================================================================================================
op type: Sigmoid
in channels: 2048, out channels: 2048

====================================================================================================
op type: Mul
in channels: 2048, out channels: 2048

====================================================================================================
op type: AveragePool
in channels: 2048, out channels: 2048

====================================================================================================
op type: FC
in channels: 2048, out channels: 2048

====================================================================================================
op type: AveragePool
in channels: 2048, out channels: 2048

====================================================================================================
op type: FC
in channels: 2048, out channels: 2048

====================================================================================================
op type: Relu
in channels: 2048, out channels: 2048

====================================================================================================
op type: FC
in channels: 2048, out channels: 2048

====================================================================================================
op type: Sigmoid
in channels: 2048, out channels: 2048

====================================================================================================
op type: Mul
in channels: 2048, out channels: 2048

====================================================================================================
op type: AveragePool
in channels: 2048, out channels: 2048

====================================================================================================
op type: FC
in channels: 2048, out channels: 2048

====================================================================================================
op type: Concat
in channels: 2048, out channels: 2048

====================================================================================================
op type: FC
in channels: 2048, out channels: 2048

====================================================================================================
op type: SoftmaxWithLoss
in channels: 2048, out channels: 2048

====================================================================================================
op type: Split
in channels: 2048, out channels: 2048

====================================================================================================
op type: Sub
in channels: 2048, out channels: 2048

====================================================================================================
op type: Abs
in channels: 2048, out channels: 2048

====================================================================================================
op type: Mul
in channels: 2048, out channels: 2048

====================================================================================================
op type: ReduceBackSum
in channels: 2048, out channels: 2048

====================================================================================================
op type: Sqrt
in channels: 2048, out channels: 2048

====================================================================================================
op type: ReduceBackSum
in channels: 2048, out channels: 2048

====================================================================================================
op type: GivenTensorFill
in channels: 2048, out channels: 2048

====================================================================================================
op type: Div
in channels: 2048, out channels: 2048

====================================================================================================
op type: ConstantFill
in channels: 2048, out channels: 2048

====================================================================================================
op type: Mul
in channels: 2048, out channels: 2048

====================================================================================================
op type: Sum
in channels: 2048, out channels: 2048

====================================================================================================
op type: Accuracy
in channels: 2048, out channels: 2048

====================================================================================================
op type: Accuracy
in channels: 2048, out channels: 2048





new weights_map:

res2_0_branch2a_bn_s : [34]
res2_0_branch2b_bn_rm : [11]
res_conv1_bn_b : [64]
res2_2_branch2a_bn_rm : [48]
res2_2_branch2b_bn_rm : [43]
res4_3_branch2a_bn_b : [57]
res2_1_branch2a_bn_s : [35]
res2_2_branch2a_w : [ 48 256   1   1]
res3_2_branch2c_bn_b : [512]
res5_0_branch2c_bn_s : [2048]
res2_0_branch2a_bn_b : [34]
res_conv1_bn_s : [64]
res5_2_branch2a_bn_rm : [30]
res4_5_branch2b_bn_rm : [97]
res5_0_branch1_bn_riv : [2048]
res2_1_branch2a_bn_b : [35]
res2_1_branch2c_w : [256  64   1   1]
res4_2_branch2c_w : [1024  256    1    1]
res3_1_branch2b_w : [79 38  3  3]
res3_2_branch2c_bn_s : [512]
res3_1_branch2b_bn_riv : [79]
res3_1_branch2a_bn_rm : [38]
res4_4_branch2b_w : [85 43  3  3]
res4_4_branch2c_bn_rm : [1024]
res3_1_branch2b_bn_b : [79]
bi_attention_pred_b : [200]
res3_1_branch2c_bn_b : [512]
res5_2_branch2b_w : [23 30  3  3]
res4_3_branch2a_bn_rm : [57]
res2_1_branch2c_bn_b : [256]
res2_0_branch2b_bn_b : [11]
res4_0_branch2a_bn_s : [170]
res3_2_branch2b_bn_b : [104]
res3_3_branch2a_w : [ 57 512   1   1]
bi_attention_pred_w : [ 200 2048]
res3_1_branch2b_bn_s : [79]
res3_1_branch2c_bn_s : [512]
res4_0_branch2a_bn_rm : [170]
res5_1_branch2c_w : [2048  512    1    1]
res2_1_branch2c_bn_s : [256]
res2_0_branch2b_bn_s : [11]
res3_2_branch2b_bn_s : [104]
res4_0_branch2a_bn_b : [170]
res4_0_branch2c_bn_b : [1024]
res5_2_branch2b_bn_rm : [23]
res2_1_branch2b_bn_riv : [42]
res3_1_branch2b_bn_rm : [79]
res3_3_branch2b_bn_s : [77]
res5_1_branch2c_bn_s : [2048]
res4_2_branch2a_w : [  62 1024    1    1]
osme_fc1_2_w : [ 128 2048]
conv1_b : [64]
res2_0_branch2c_bn_b : [256]
res4_0_branch2c_bn_s : [1024]
res4_3_branch2b_bn_rm : [131]
res5_0_branch2b_bn_s : [179]
res3_3_branch2b_bn_b : [77]
res4_3_branch2c_bn_riv : [1024]
res5_1_branch2c_bn_b : [2048]
res2_0_branch1_bn_rm : [256]
res4_1_branch2a_bn_riv : [65]
conv1_w : [64  3  7  7]
res3_0_branch2b_bn_b : [92]
res4_3_branch2b_w : [131  57   3   3]
osme_fc2_2_w : [2048  128]
osme_fc2_1_w : [2048  128]
res2_1_branch2b_bn_rm : [42]
res4_1_branch2c_bn_b : [1024]
res3_2_branch2a_w : [ 77 512   1   1]
res4_1_branch2b_bn_b : [92]
res5_0_branch2c_bn_b : [2048]
res4_5_branch2c_w : [1024  256    1    1]
res2_0_branch1_w : [256  64   1   1]
res4_4_branch2b_bn_riv : [85]
res2_1_branch2c_bn_rm : [256]
res3_2_branch2c_w : [512 128   1   1]
res3_0_branch2b_bn_s : [92]
res4_1_branch2c_bn_s : [1024]
res4_1_branch2b_bn_s : [92]
res4_0_branch2c_bn_rm : [1024]
res2_2_branch2a_bn_riv : [48]
res5_0_branch2b_w : [179  81   3   3]
res4_1_branch2c_bn_riv : [1024]
attention_1_b : [1024]
res4_4_branch2a_bn_s : [43]
res4_5_branch2c_bn_rm : [1024]
res4_0_branch2b_bn_rm : [120]
res4_5_branch2a_w : [  60 1024    1    1]
res2_0_branch1_bn_riv : [256]
res4_2_branch2b_bn_s : [83]
res2_2_branch2a_bn_b : [48]
res_conv1_bn_riv : [64]
res4_4_branch2a_bn_b : [43]
res4_3_branch2a_bn_s : [57]
res4_0_branch2c_bn_riv : [1024]
res4_2_branch2b_bn_b : [83]
res2_2_branch2a_bn_s : [48]
res2_0_branch2a_bn_riv : [34]
res3_0_branch2b_bn_rm : [92]
res4_4_branch2a_bn_riv : [43]
res5_0_branch2a_bn_rm : [81]
res5_2_branch2a_bn_riv : [30]
res5_1_branch2b_bn_riv : [58]
res5_1_branch2c_bn_riv : [2048]
osme_fc2_2_b : [2048]
osme_fc1_2_b : [128]
res4_5_branch2b_bn_riv : [97]
res5_2_branch2c_bn_s : [2048]
res3_2_branch2a_bn_rm : [77]
res5_1_branch2a_bn_rm : [76]
res4_2_branch2c_bn_rm : [1024]
res2_0_branch2c_w : [256  64   1   1]
res5_0_branch2a_bn_b : [81]
res3_2_branch2a_bn_s : [77]
res3_0_branch2c_bn_rm : [512]
res5_2_branch2c_bn_b : [2048]
res4_0_branch2b_w : [120 170   3   3]
res3_3_branch2c_w : [512 128   1   1]
res5_2_branch2a_w : [  30 2048    1    1]
res5_2_branch2c_bn_rm : [2048]
res3_2_branch2a_bn_b : [77]
res5_0_branch2a_bn_s : [81]
res4_1_branch2b_bn_riv : [92]
res3_0_branch2a_bn_s : [100]
res4_4_branch2b_bn_b : [85]
res4_3_branch2b_bn_riv : [131]
res4_2_branch2c_bn_riv : [1024]
attention_1_w : [1024 2048]
res3_2_branch2b_w : [104  77   3   3]
res4_1_branch2a_bn_s : [65]
osme_fc1_1_w : [ 128 2048]
res4_0_branch2b_bn_b : [120]
res3_0_branch2a_bn_b : [100]
res4_4_branch2b_bn_s : [85]
res2_2_branch2b_bn_riv : [43]
res2_1_branch2a_w : [ 35 256   1   1]
osme_fc1_1_b : [128]
res2_2_branch2c_w : [256  64   1   1]
res4_0_branch1_w : [1024  512    1    1]
res4_0_branch2b_bn_s : [120]
res3_3_branch2a_bn_riv : [57]
res4_2_branch2a_bn_b : [62]
res4_5_branch2a_bn_rm : [60]
res3_2_branch2c_bn_rm : [512]
res5_2_branch2b_bn_s : [23]
res2_0_branch2a_bn_rm : [34]
res5_0_branch2b_bn_riv : [179]
res3_1_branch2a_bn_b : [38]
res3_3_branch2b_bn_rm : [77]
res4_3_branch2c_bn_s : [1024]
res3_0_branch1_w : [512 256   1   1]
res4_2_branch2a_bn_s : [62]
res5_2_branch2b_bn_b : [23]
res3_1_branch2a_bn_s : [38]
res4_3_branch2c_bn_b : [1024]
osme_fc2_1_b : [2048]
res4_5_branch2b_w : [97 60  3  3]
res5_0_branch2b_bn_b : [179]
res5_2_branch2a_bn_b : [30]
res5_0_branch2c_bn_riv : [2048]
res5_1_branch2a_bn_s : [76]
res3_3_branch2a_bn_rm : [57]
res4_0_branch2a_bn_riv : [170]
res3_3_branch2c_bn_riv : [512]
res2_1_branch2a_bn_rm : [35]
res2_0_branch1_bn_s : [256]
res2_2_branch2b_bn_s : [43]
res5_2_branch2a_bn_s : [30]
res_conv1_bn_rm : [64]
res5_1_branch2a_bn_b : [76]
res2_0_branch2c_bn_riv : [256]
res3_2_branch2b_bn_rm : [104]
res2_0_branch1_bn_b : [256]
res2_2_branch2b_bn_b : [43]
res2_2_branch2c_bn_s : [256]
res4_2_branch2b_bn_riv : [83]
res4_1_branch2a_bn_b : [65]
res4_0_branch1_bn_rm : [1024]
res4_0_branch1_bn_s : [1024]
res5_0_branch1_bn_s : [2048]
res4_2_branch2a_bn_rm : [62]
res4_0_branch2c_w : [1024  256    1    1]
res4_1_branch2a_w : [  65 1024    1    1]
res5_0_branch2c_bn_rm : [2048]
res2_2_branch2c_bn_b : [256]
res2_0_branch2b_w : [11 34  3  3]
res3_0_branch1_bn_rm : [512]
res4_0_branch1_bn_b : [1024]
res4_1_branch2c_bn_rm : [1024]
res5_0_branch1_bn_b : [2048]
res4_0_branch2a_w : [170 512   1   1]
res4_1_branch2c_w : [1024  256    1    1]
res2_1_branch2b_bn_s : [42]
res4_2_branch2b_w : [83 62  3  3]
attention_2_w : [1024 2048]
res3_0_branch1_bn_b : [512]
res3_3_branch2c_bn_b : [512]
res3_0_branch1_bn_riv : [512]
res4_2_branch2a_bn_riv : [62]
res4_1_branch2a_bn_rm : [65]
res5_1_branch2b_w : [58 76  3  3]
res3_0_branch2c_bn_riv : [512]
attention_2_b : [1024]
res4_5_branch2c_bn_riv : [1024]
res4_4_branch2c_bn_riv : [1024]
res3_0_branch1_bn_s : [512]
res3_3_branch2c_bn_rm : [512]
res3_3_branch2c_bn_s : [512]
res3_0_branch2a_bn_riv : [100]
res3_3_branch2b_bn_riv : [77]
res5_1_branch2a_w : [  76 2048    1    1]
res3_1_branch2a_w : [ 38 512   1   1]
res2_2_branch2b_w : [43 48  3  3]
res3_3_branch2a_bn_b : [57]
res2_1_branch2c_bn_riv : [256]
res4_5_branch2b_bn_b : [97]
res2_1_branch2b_w : [42 35  3  3]
res4_1_branch2b_bn_rm : [92]
res3_1_branch2c_w : [512 128   1   1]
res3_2_branch2a_bn_riv : [77]
res3_3_branch2a_bn_s : [57]
res3_0_branch2b_w : [ 92 100   3   3]
res4_5_branch2a_bn_riv : [60]
res4_5_branch2b_bn_s : [97]
res2_1_branch2a_bn_riv : [35]
res3_1_branch2c_bn_riv : [512]
res5_1_branch2a_bn_riv : [76]
res3_0_branch2c_bn_b : [512]
res3_0_branch2a_bn_rm : [100]
res4_4_branch2c_bn_b : [1024]
res5_0_branch2a_bn_riv : [81]
res2_2_branch2c_bn_rm : [256]
res5_2_branch2c_bn_riv : [2048]
res3_3_branch2b_w : [77 57  3  3]
res5_2_branch2b_bn_riv : [23]
res4_2_branch2b_bn_rm : [83]
res5_2_branch2c_w : [2048  512    1    1]
res3_0_branch2c_bn_s : [512]
res4_4_branch2c_bn_s : [1024]
res4_4_branch2a_w : [  43 1024    1    1]
res5_0_branch2b_bn_rm : [179]
res2_0_branch2a_w : [34 64  1  1]
res4_4_branch2b_bn_rm : [85]
res5_1_branch2b_bn_rm : [58]
res4_3_branch2a_bn_riv : [57]
res5_0_branch2c_w : [2048  512    1    1]
res5_1_branch2b_bn_b : [58]
res4_3_branch2a_w : [  57 1024    1    1]
res3_1_branch2a_bn_riv : [38]
res5_0_branch1_bn_rm : [2048]
res4_3_branch2c_bn_rm : [1024]
res3_2_branch2b_bn_riv : [104]
res2_1_branch2b_bn_b : [42]
res2_0_branch2b_bn_riv : [11]
res4_1_branch2b_w : [92 65  3  3]
res5_1_branch2b_bn_s : [58]
res4_4_branch2c_w : [1024  256    1    1]
res2_0_branch2c_bn_rm : [256]
res5_1_branch2c_bn_rm : [2048]
res4_0_branch2b_bn_riv : [120]
res3_0_branch2c_w : [512 128   1   1]
res2_2_branch2c_bn_riv : [256]
res4_0_branch1_bn_riv : [1024]
res5_0_branch1_w : [2048 1024    1    1]
res3_1_branch2c_bn_rm : [512]
res4_5_branch2c_bn_b : [1024]
res4_3_branch2c_w : [1024  256    1    1]
res4_5_branch2a_bn_s : [60]
res4_3_branch2b_bn_s : [131]
res4_2_branch2c_bn_s : [1024]
res4_4_branch2a_bn_rm : [43]
res3_2_branch2c_bn_riv : [512]
res5_0_branch2a_w : [  81 1024    1    1]
res4_5_branch2c_bn_s : [1024]
res4_5_branch2a_bn_b : [60]
res4_2_branch2c_bn_b : [1024]
res2_0_branch2c_bn_s : [256]
res4_3_branch2b_bn_b : [131]
res3_0_branch2b_bn_riv : [92]
res3_0_branch2a_w : [100 256   1   1]
++++++++++++++++++++++++++++++++++++++++++++++++++++++++++++++++++++++++++++++++++++++++++++++++++++
computing the params and FLOPs of network
====================================================================================================
feature map shape: (N, 3, 224, 224)

====================================================================================================
feature map shape: (N, 3, 224, 224)

====================================================================================================
feature map shape: (N, 3, 224, 224)

====================================================================================================
conv_params: 9472.0, conv_flops: 118816768.0
feature map shape: (N, 64, 112.0, 112.0)

====================================================================================================
bn_params: 128, bn_flops: 802816.0
feature map shape: (N, 64, 112.0, 112.0)

====================================================================================================
feature map shape: (N, 64, 112.0, 112.0)

====================================================================================================
feature map shape: (N, 64, 56.0, 56.0)

====================================================================================================
conv_params: 16640.0, conv_flops: 52183040.0
feature map shape: (N, 256, 56.0, 56.0)

====================================================================================================
bn_params: 512, bn_flops: 802816.0
feature map shape: (N, 256, 56.0, 56.0)

====================================================================================================
conv_params: 2210.0, conv_flops: 6930560.0
feature map shape: (N, 34, 56.0, 56.0)

====================================================================================================
bn_params: 68, bn_flops: 106624.0
feature map shape: (N, 34, 56.0, 56.0)

====================================================================================================
feature map shape: (N, 34, 56.0, 56.0)

====================================================================================================
conv_params: 3377.0, conv_flops: 10590272.0
feature map shape: (N, 11, 56.0, 56.0)

====================================================================================================
bn_params: 22, bn_flops: 34496.0
feature map shape: (N, 11, 56.0, 56.0)

====================================================================================================
feature map shape: (N, 11, 56.0, 56.0)

====================================================================================================
conv_params: 16640.0, conv_flops: 52183040.0
feature map shape: (N, 256, 56.0, 56.0)

====================================================================================================
bn_params: 512, bn_flops: 802816.0
feature map shape: (N, 256, 56.0, 56.0)

====================================================================================================
feature map shape: (N, 256, 56.0, 56.0)

====================================================================================================
feature map shape: (N, 256, 56.0, 56.0)

====================================================================================================
conv_params: 8995.0, conv_flops: 28208320.0
feature map shape: (N, 35, 56.0, 56.0)

====================================================================================================
bn_params: 70, bn_flops: 109760.0
feature map shape: (N, 35, 56.0, 56.0)

====================================================================================================
feature map shape: (N, 35, 56.0, 56.0)

====================================================================================================
conv_params: 13272.0, conv_flops: 41620992.0
feature map shape: (N, 42, 56.0, 56.0)

====================================================================================================
bn_params: 84, bn_flops: 131712.0
feature map shape: (N, 42, 56.0, 56.0)

====================================================================================================
feature map shape: (N, 42, 56.0, 56.0)

====================================================================================================
conv_params: 16640.0, conv_flops: 52183040.0
feature map shape: (N, 256, 56.0, 56.0)

====================================================================================================
bn_params: 512, bn_flops: 802816.0
feature map shape: (N, 256, 56.0, 56.0)

====================================================================================================
feature map shape: (N, 256, 56.0, 56.0)

====================================================================================================
feature map shape: (N, 256, 56.0, 56.0)

====================================================================================================
conv_params: 12336.0, conv_flops: 38685696.0
feature map shape: (N, 48, 56.0, 56.0)

====================================================================================================
bn_params: 96, bn_flops: 150528.0
feature map shape: (N, 48, 56.0, 56.0)

====================================================================================================
feature map shape: (N, 48, 56.0, 56.0)

====================================================================================================
conv_params: 18619.0, conv_flops: 58389184.0
feature map shape: (N, 43, 56.0, 56.0)

====================================================================================================
bn_params: 86, bn_flops: 134848.0
feature map shape: (N, 43, 56.0, 56.0)

====================================================================================================
feature map shape: (N, 43, 56.0, 56.0)

====================================================================================================
conv_params: 16640.0, conv_flops: 52183040.0
feature map shape: (N, 256, 56.0, 56.0)

====================================================================================================
bn_params: 512, bn_flops: 802816.0
feature map shape: (N, 256, 56.0, 56.0)

====================================================================================================
feature map shape: (N, 256, 56.0, 56.0)

====================================================================================================
feature map shape: (N, 256, 56.0, 56.0)

====================================================================================================
conv_params: 131584.0, conv_flops: 103161856.0
feature map shape: (N, 512, 28.0, 28.0)

====================================================================================================
bn_params: 1024, bn_flops: 401408.0
feature map shape: (N, 512, 28.0, 28.0)

====================================================================================================
conv_params: 25700.0, conv_flops: 20148800.0
feature map shape: (N, 100, 28.0, 28.0)

====================================================================================================
bn_params: 200, bn_flops: 78400.0
feature map shape: (N, 100, 28.0, 28.0)

====================================================================================================
feature map shape: (N, 100, 28.0, 28.0)

====================================================================================================
conv_params: 82892.0, conv_flops: 64987328.0
feature map shape: (N, 92, 28.0, 28.0)

====================================================================================================
bn_params: 184, bn_flops: 72128.0
feature map shape: (N, 92, 28.0, 28.0)

====================================================================================================
feature map shape: (N, 92, 28.0, 28.0)

====================================================================================================
conv_params: 66048.0, conv_flops: 51781632.0
feature map shape: (N, 512, 28.0, 28.0)

====================================================================================================
bn_params: 1024, bn_flops: 401408.0
feature map shape: (N, 512, 28.0, 28.0)

====================================================================================================
feature map shape: (N, 512, 28.0, 28.0)

====================================================================================================
feature map shape: (N, 512, 28.0, 28.0)

====================================================================================================
conv_params: 19494.0, conv_flops: 15283296.0
feature map shape: (N, 38, 28.0, 28.0)

====================================================================================================
bn_params: 76, bn_flops: 29792.0
feature map shape: (N, 38, 28.0, 28.0)

====================================================================================================
feature map shape: (N, 38, 28.0, 28.0)

====================================================================================================
conv_params: 27097.0, conv_flops: 21244048.0
feature map shape: (N, 79, 28.0, 28.0)

====================================================================================================
bn_params: 158, bn_flops: 61936.0
feature map shape: (N, 79, 28.0, 28.0)

====================================================================================================
feature map shape: (N, 79, 28.0, 28.0)

====================================================================================================
conv_params: 66048.0, conv_flops: 51781632.0
feature map shape: (N, 512, 28.0, 28.0)

====================================================================================================
bn_params: 1024, bn_flops: 401408.0
feature map shape: (N, 512, 28.0, 28.0)

====================================================================================================
feature map shape: (N, 512, 28.0, 28.0)

====================================================================================================
feature map shape: (N, 512, 28.0, 28.0)

====================================================================================================
conv_params: 39501.0, conv_flops: 30968784.0
feature map shape: (N, 77, 28.0, 28.0)

====================================================================================================
bn_params: 154, bn_flops: 60368.0
feature map shape: (N, 77, 28.0, 28.0)

====================================================================================================
feature map shape: (N, 77, 28.0, 28.0)

====================================================================================================
conv_params: 72176.0, conv_flops: 56585984.0
feature map shape: (N, 104, 28.0, 28.0)

====================================================================================================
bn_params: 208, bn_flops: 81536.0
feature map shape: (N, 104, 28.0, 28.0)

====================================================================================================
feature map shape: (N, 104, 28.0, 28.0)

====================================================================================================
conv_params: 66048.0, conv_flops: 51781632.0
feature map shape: (N, 512, 28.0, 28.0)

====================================================================================================
bn_params: 1024, bn_flops: 401408.0
feature map shape: (N, 512, 28.0, 28.0)

====================================================================================================
feature map shape: (N, 512, 28.0, 28.0)

====================================================================================================
feature map shape: (N, 512, 28.0, 28.0)

====================================================================================================
conv_params: 29241.0, conv_flops: 22924944.0
feature map shape: (N, 57, 28.0, 28.0)

====================================================================================================
bn_params: 114, bn_flops: 44688.0
feature map shape: (N, 57, 28.0, 28.0)

====================================================================================================
feature map shape: (N, 57, 28.0, 28.0)

====================================================================================================
conv_params: 39578.0, conv_flops: 31029152.0
feature map shape: (N, 77, 28.0, 28.0)

====================================================================================================
bn_params: 154, bn_flops: 60368.0
feature map shape: (N, 77, 28.0, 28.0)

====================================================================================================
feature map shape: (N, 77, 28.0, 28.0)

====================================================================================================
conv_params: 66048.0, conv_flops: 51781632.0
feature map shape: (N, 512, 28.0, 28.0)

====================================================================================================
bn_params: 1024, bn_flops: 401408.0
feature map shape: (N, 512, 28.0, 28.0)

====================================================================================================
feature map shape: (N, 512, 28.0, 28.0)

====================================================================================================
feature map shape: (N, 512, 28.0, 28.0)

====================================================================================================
conv_params: 525312.0, conv_flops: 102961152.0
feature map shape: (N, 1024, 14.0, 14.0)

====================================================================================================
bn_params: 2048, bn_flops: 200704.0
feature map shape: (N, 1024, 14.0, 14.0)

====================================================================================================
conv_params: 87210.0, conv_flops: 17093160.0
feature map shape: (N, 170, 14.0, 14.0)

====================================================================================================
bn_params: 340, bn_flops: 33320.0
feature map shape: (N, 170, 14.0, 14.0)

====================================================================================================
feature map shape: (N, 170, 14.0, 14.0)

====================================================================================================
conv_params: 183720.0, conv_flops: 36009120.0
feature map shape: (N, 120, 14.0, 14.0)

====================================================================================================
bn_params: 240, bn_flops: 23520.0
feature map shape: (N, 120, 14.0, 14.0)

====================================================================================================
feature map shape: (N, 120, 14.0, 14.0)

====================================================================================================
conv_params: 263168.0, conv_flops: 51580928.0
feature map shape: (N, 1024, 14.0, 14.0)

====================================================================================================
bn_params: 2048, bn_flops: 200704.0
feature map shape: (N, 1024, 14.0, 14.0)

====================================================================================================
feature map shape: (N, 1024, 14.0, 14.0)

====================================================================================================
feature map shape: (N, 1024, 14.0, 14.0)

====================================================================================================
conv_params: 66625.0, conv_flops: 13058500.0
feature map shape: (N, 65, 14.0, 14.0)

====================================================================================================
bn_params: 130, bn_flops: 12740.0
feature map shape: (N, 65, 14.0, 14.0)

====================================================================================================
feature map shape: (N, 65, 14.0, 14.0)

====================================================================================================
conv_params: 53912.0, conv_flops: 10566752.0
feature map shape: (N, 92, 14.0, 14.0)

====================================================================================================
bn_params: 184, bn_flops: 18032.0
feature map shape: (N, 92, 14.0, 14.0)

====================================================================================================
feature map shape: (N, 92, 14.0, 14.0)

====================================================================================================
conv_params: 263168.0, conv_flops: 51580928.0
feature map shape: (N, 1024, 14.0, 14.0)

====================================================================================================
bn_params: 2048, bn_flops: 200704.0
feature map shape: (N, 1024, 14.0, 14.0)

====================================================================================================
feature map shape: (N, 1024, 14.0, 14.0)

====================================================================================================
feature map shape: (N, 1024, 14.0, 14.0)

====================================================================================================
conv_params: 63550.0, conv_flops: 12455800.0
feature map shape: (N, 62, 14.0, 14.0)

====================================================================================================
bn_params: 124, bn_flops: 12152.0
feature map shape: (N, 62, 14.0, 14.0)

====================================================================================================
feature map shape: (N, 62, 14.0, 14.0)

====================================================================================================
conv_params: 46397.0, conv_flops: 9093812.0
feature map shape: (N, 83, 14.0, 14.0)

====================================================================================================
bn_params: 166, bn_flops: 16268.0
feature map shape: (N, 83, 14.0, 14.0)

====================================================================================================
feature map shape: (N, 83, 14.0, 14.0)

====================================================================================================
conv_params: 263168.0, conv_flops: 51580928.0
feature map shape: (N, 1024, 14.0, 14.0)

====================================================================================================
bn_params: 2048, bn_flops: 200704.0
feature map shape: (N, 1024, 14.0, 14.0)

====================================================================================================
feature map shape: (N, 1024, 14.0, 14.0)

====================================================================================================
feature map shape: (N, 1024, 14.0, 14.0)

====================================================================================================
conv_params: 58425.0, conv_flops: 11451300.0
feature map shape: (N, 57, 14.0, 14.0)

====================================================================================================
bn_params: 114, bn_flops: 11172.0
feature map shape: (N, 57, 14.0, 14.0)

====================================================================================================
feature map shape: (N, 57, 14.0, 14.0)

====================================================================================================
conv_params: 67334.0, conv_flops: 13197464.0
feature map shape: (N, 131, 14.0, 14.0)

====================================================================================================
bn_params: 262, bn_flops: 25676.0
feature map shape: (N, 131, 14.0, 14.0)

====================================================================================================
feature map shape: (N, 131, 14.0, 14.0)

====================================================================================================
conv_params: 263168.0, conv_flops: 51580928.0
feature map shape: (N, 1024, 14.0, 14.0)

====================================================================================================
bn_params: 2048, bn_flops: 200704.0
feature map shape: (N, 1024, 14.0, 14.0)

====================================================================================================
feature map shape: (N, 1024, 14.0, 14.0)

====================================================================================================
feature map shape: (N, 1024, 14.0, 14.0)

====================================================================================================
conv_params: 44075.0, conv_flops: 8638700.0
feature map shape: (N, 43, 14.0, 14.0)

====================================================================================================
bn_params: 86, bn_flops: 8428.0
feature map shape: (N, 43, 14.0, 14.0)

====================================================================================================
feature map shape: (N, 43, 14.0, 14.0)

====================================================================================================
conv_params: 32980.0, conv_flops: 6464080.0
feature map shape: (N, 85, 14.0, 14.0)

====================================================================================================
bn_params: 170, bn_flops: 16660.0
feature map shape: (N, 85, 14.0, 14.0)

====================================================================================================
feature map shape: (N, 85, 14.0, 14.0)

====================================================================================================
conv_params: 263168.0, conv_flops: 51580928.0
feature map shape: (N, 1024, 14.0, 14.0)

====================================================================================================
bn_params: 2048, bn_flops: 200704.0
feature map shape: (N, 1024, 14.0, 14.0)

====================================================================================================
feature map shape: (N, 1024, 14.0, 14.0)

====================================================================================================
feature map shape: (N, 1024, 14.0, 14.0)

====================================================================================================
conv_params: 61500.0, conv_flops: 12054000.0
feature map shape: (N, 60, 14.0, 14.0)

====================================================================================================
bn_params: 120, bn_flops: 11760.0
feature map shape: (N, 60, 14.0, 14.0)

====================================================================================================
feature map shape: (N, 60, 14.0, 14.0)

====================================================================================================
conv_params: 52477.0, conv_flops: 10285492.0
feature map shape: (N, 97, 14.0, 14.0)

====================================================================================================
bn_params: 194, bn_flops: 19012.0
feature map shape: (N, 97, 14.0, 14.0)

====================================================================================================
feature map shape: (N, 97, 14.0, 14.0)

====================================================================================================
conv_params: 263168.0, conv_flops: 51580928.0
feature map shape: (N, 1024, 14.0, 14.0)

====================================================================================================
bn_params: 2048, bn_flops: 200704.0
feature map shape: (N, 1024, 14.0, 14.0)

====================================================================================================
feature map shape: (N, 1024, 14.0, 14.0)

====================================================================================================
feature map shape: (N, 1024, 14.0, 14.0)

====================================================================================================
conv_params: 2099200.0, conv_flops: 102860800.0
feature map shape: (N, 2048, 7.0, 7.0)

====================================================================================================
bn_params: 4096, bn_flops: 100352.0
feature map shape: (N, 2048, 7.0, 7.0)

====================================================================================================
conv_params: 83025.0, conv_flops: 4068225.0
feature map shape: (N, 81, 7.0, 7.0)

====================================================================================================
bn_params: 162, bn_flops: 3969.0
feature map shape: (N, 81, 7.0, 7.0)

====================================================================================================
feature map shape: (N, 81, 7.0, 7.0)

====================================================================================================
conv_params: 130670.0, conv_flops: 6402830.0
feature map shape: (N, 179, 7.0, 7.0)

====================================================================================================
bn_params: 358, bn_flops: 8771.0
feature map shape: (N, 179, 7.0, 7.0)

====================================================================================================
feature map shape: (N, 179, 7.0, 7.0)

====================================================================================================
conv_params: 1050624.0, conv_flops: 51480576.0
feature map shape: (N, 2048, 7.0, 7.0)

====================================================================================================
bn_params: 4096, bn_flops: 100352.0
feature map shape: (N, 2048, 7.0, 7.0)

====================================================================================================
feature map shape: (N, 2048, 7.0, 7.0)

====================================================================================================
feature map shape: (N, 2048, 7.0, 7.0)

====================================================================================================
conv_params: 155724.0, conv_flops: 7630476.0
feature map shape: (N, 76, 7.0, 7.0)

====================================================================================================
bn_params: 152, bn_flops: 3724.0
feature map shape: (N, 76, 7.0, 7.0)

====================================================================================================
feature map shape: (N, 76, 7.0, 7.0)

====================================================================================================
conv_params: 39730.0, conv_flops: 1946770.0
feature map shape: (N, 58, 7.0, 7.0)

====================================================================================================
bn_params: 116, bn_flops: 2842.0
feature map shape: (N, 58, 7.0, 7.0)

====================================================================================================
feature map shape: (N, 58, 7.0, 7.0)

====================================================================================================
conv_params: 1050624.0, conv_flops: 51480576.0
feature map shape: (N, 2048, 7.0, 7.0)

====================================================================================================
bn_params: 4096, bn_flops: 100352.0
feature map shape: (N, 2048, 7.0, 7.0)

====================================================================================================
feature map shape: (N, 2048, 7.0, 7.0)

====================================================================================================
feature map shape: (N, 2048, 7.0, 7.0)

====================================================================================================
conv_params: 61470.0, conv_flops: 3012030.0
feature map shape: (N, 30, 7.0, 7.0)

====================================================================================================
bn_params: 60, bn_flops: 1470.0
feature map shape: (N, 30, 7.0, 7.0)

====================================================================================================
feature map shape: (N, 30, 7.0, 7.0)

====================================================================================================
conv_params: 6233.0, conv_flops: 305417.0
feature map shape: (N, 23, 7.0, 7.0)

====================================================================================================
bn_params: 46, bn_flops: 1127.0
feature map shape: (N, 23, 7.0, 7.0)

====================================================================================================
feature map shape: (N, 23, 7.0, 7.0)

====================================================================================================
conv_params: 1050624.0, conv_flops: 51480576.0
feature map shape: (N, 2048, 7.0, 7.0)

====================================================================================================
bn_params: 4096, bn_flops: 100352.0
feature map shape: (N, 2048, 7.0, 7.0)

====================================================================================================
feature map shape: (N, 2048, 7.0, 7.0)

====================================================================================================
feature map shape: (N, 2048, 7.0, 7.0)

====================================================================================================
feature map shape: (N, 2048, 1.0, 1.0)

====================================================================================================
fc_params: 262144, fc_flops: 262144
feature map shape: (N, 128, 1.0, 1.0)

====================================================================================================
feature map shape: (N, 128, 1.0, 1.0)

====================================================================================================
fc_params: 262144, fc_flops: 262144
feature map shape: (N, 2048, 1.0, 1.0)

====================================================================================================
feature map shape: (N, 2048, 1.0, 1.0)

====================================================================================================
feature map shape: (N, 2048, 7.0, 7.0)

====================================================================================================
feature map shape: (N, 2048, 1.0, 1.0)

====================================================================================================
fc_params: 2097152, fc_flops: 2097152
feature map shape: (N, 1024, 1.0, 1.0)

====================================================================================================
feature map shape: (N, 1024, 1.0, 1.0)

====================================================================================================
fc_params: 262144, fc_flops: 262144
feature map shape: (N, 128, 1.0, 1.0)

====================================================================================================
feature map shape: (N, 128, 1.0, 1.0)

====================================================================================================
fc_params: 262144, fc_flops: 262144
feature map shape: (N, 2048, 1.0, 1.0)

====================================================================================================
feature map shape: (N, 2048, 1.0, 1.0)

====================================================================================================
feature map shape: (N, 2048, 7.0, 7.0)

====================================================================================================
feature map shape: (N, 2048, 1.0, 1.0)

====================================================================================================
fc_params: 2097152, fc_flops: 2097152
feature map shape: (N, 1024, 1.0, 1.0)

====================================================================================================
feature map shape: (N, 1024, 1.0, 1.0)

====================================================================================================
fc_params: 409600, fc_flops: 409600
feature map shape: (N, 200, 1.0, 1.0)

====================================================================================================
feature map shape: (N, 200, 1.0, 1.0)

====================================================================================================
feature map shape: (N, 200, 1.0, 1.0)

====================================================================================================
feature map shape: (N, 200, 1.0, 1.0)

====================================================================================================
feature map shape: (N, 200, 1.0, 1.0)

====================================================================================================
feature map shape: (N, 200, 1.0, 1.0)

====================================================================================================
feature map shape: (N, 200, 1.0, 1.0)

====================================================================================================
feature map shape: (N, 200, 1.0, 1.0)

====================================================================================================
feature map shape: (N, 200, 1.0, 1.0)

====================================================================================================
feature map shape: (N, 200, 1.0, 1.0)

====================================================================================================
feature map shape: (N, 200, 1.0, 1.0)

====================================================================================================
feature map shape: (N, 200, 1.0, 1.0)

====================================================================================================
feature map shape: (N, 200, 1.0, 1.0)

====================================================================================================
feature map shape: (N, 200, 1.0, 1.0)

====================================================================================================
feature map shape: (N, 200, 1.0, 1.0)

====================================================================================================
feature map shape: (N, 200, 1.0, 1.0)

params: 15211939.0, FLOPs: 1953785611.0
[INFO] finish running src/param_statistics.py, total_time is 5.552s
