[INFO] start running src/param_statistics.py ...
[INFO] start running initialize ...
[INFO] finish running initialize ...

[INFO] start running build_validation_model ...
[INFO] finish running build_validation_model ...

****************************************************************************************************
net work pruning...
****************************************************************************************************
bn layer name: res2_0_branch1_bn 	 layer total channels: 256 	 remainingchannels: 220.0 	 pruned rate: 14.06%
bn layer name: res2_0_branch2a_bn 	 layer total channels: 64 	 remainingchannels: 53.0 	 pruned rate: 17.19%
bn layer name: res2_0_branch2b_bn 	 layer total channels: 64 	 remainingchannels: 36.0 	 pruned rate: 43.75%
bn layer name: res2_0_branch2c_bn 	 layer total channels: 256 	 remainingchannels: 164.0 	 pruned rate: 35.94%
bn layer name: res2_1_branch2a_bn 	 layer total channels: 64 	 remainingchannels: 58.0 	 pruned rate: 9.38%
bn layer name: res2_1_branch2b_bn 	 layer total channels: 64 	 remainingchannels: 63.0 	 pruned rate: 1.56%
bn layer name: res2_1_branch2c_bn 	 layer total channels: 256 	 remainingchannels: 56.0 	 pruned rate: 78.12%
bn layer name: res2_2_branch2a_bn 	 layer total channels: 64 	 remainingchannels: 63.0 	 pruned rate: 1.56%
bn layer name: res2_2_branch2b_bn 	 layer total channels: 64 	 remainingchannels: 61.0 	 pruned rate: 4.69%
bn layer name: res2_2_branch2c_bn 	 layer total channels: 256 	 remainingchannels: 63.0 	 pruned rate: 75.39%
bn layer name: res3_0_branch1_bn 	 layer total channels: 512 	 remainingchannels: 250.0 	 pruned rate: 51.17%
bn layer name: res3_0_branch2a_bn 	 layer total channels: 128 	 remainingchannels: 128.0 	 pruned rate: 0.00%
bn layer name: res3_0_branch2b_bn 	 layer total channels: 128 	 remainingchannels: 127.0 	 pruned rate: 0.78%
bn layer name: res3_0_branch2c_bn 	 layer total channels: 512 	 remainingchannels: 214.0 	 pruned rate: 58.20%
bn layer name: res3_1_branch2a_bn 	 layer total channels: 128 	 remainingchannels: 111.0 	 pruned rate: 13.28%
bn layer name: res3_1_branch2b_bn 	 layer total channels: 128 	 remainingchannels: 122.0 	 pruned rate: 4.69%
bn layer name: res3_1_branch2c_bn 	 layer total channels: 512 	 remainingchannels: 114.0 	 pruned rate: 77.73%
bn layer name: res3_2_branch2a_bn 	 layer total channels: 128 	 remainingchannels: 125.0 	 pruned rate: 2.34%
bn layer name: res3_2_branch2b_bn 	 layer total channels: 128 	 remainingchannels: 125.0 	 pruned rate: 2.34%
bn layer name: res3_2_branch2c_bn 	 layer total channels: 512 	 remainingchannels: 139.0 	 pruned rate: 72.85%
bn layer name: res3_3_branch2a_bn 	 layer total channels: 128 	 remainingchannels: 124.0 	 pruned rate: 3.12%
bn layer name: res3_3_branch2b_bn 	 layer total channels: 128 	 remainingchannels: 122.0 	 pruned rate: 4.69%
bn layer name: res3_3_branch2c_bn 	 layer total channels: 512 	 remainingchannels: 93.0 	 pruned rate: 81.84%
bn layer name: res4_0_branch1_bn 	 layer total channels: 1024 	 remainingchannels: 508.0 	 pruned rate: 50.39%
bn layer name: res4_0_branch2a_bn 	 layer total channels: 256 	 remainingchannels: 252.0 	 pruned rate: 1.56%
bn layer name: res4_0_branch2b_bn 	 layer total channels: 256 	 remainingchannels: 256.0 	 pruned rate: 0.00%
bn layer name: res4_0_branch2c_bn 	 layer total channels: 1024 	 remainingchannels: 597.0 	 pruned rate: 41.70%
bn layer name: res4_1_branch2a_bn 	 layer total channels: 256 	 remainingchannels: 232.0 	 pruned rate: 9.38%
bn layer name: res4_1_branch2b_bn 	 layer total channels: 256 	 remainingchannels: 244.0 	 pruned rate: 4.69%
bn layer name: res4_1_branch2c_bn 	 layer total channels: 1024 	 remainingchannels: 141.0 	 pruned rate: 86.23%
bn layer name: res4_2_branch2a_bn 	 layer total channels: 256 	 remainingchannels: 243.0 	 pruned rate: 5.08%
bn layer name: res4_2_branch2b_bn 	 layer total channels: 256 	 remainingchannels: 226.0 	 pruned rate: 11.72%
bn layer name: res4_2_branch2c_bn 	 layer total channels: 1024 	 remainingchannels: 108.0 	 pruned rate: 89.45%
bn layer name: res4_3_branch2a_bn 	 layer total channels: 256 	 remainingchannels: 239.0 	 pruned rate: 6.64%
bn layer name: res4_3_branch2b_bn 	 layer total channels: 256 	 remainingchannels: 240.0 	 pruned rate: 6.25%
bn layer name: res4_3_branch2c_bn 	 layer total channels: 1024 	 remainingchannels: 215.0 	 pruned rate: 79.00%
bn layer name: res4_4_branch2a_bn 	 layer total channels: 256 	 remainingchannels: 238.0 	 pruned rate: 7.03%
bn layer name: res4_4_branch2b_bn 	 layer total channels: 256 	 remainingchannels: 249.0 	 pruned rate: 2.73%
bn layer name: res4_4_branch2c_bn 	 layer total channels: 1024 	 remainingchannels: 152.0 	 pruned rate: 85.16%
bn layer name: res4_5_branch2a_bn 	 layer total channels: 256 	 remainingchannels: 247.0 	 pruned rate: 3.52%
bn layer name: res4_5_branch2b_bn 	 layer total channels: 256 	 remainingchannels: 255.0 	 pruned rate: 0.39%
bn layer name: res4_5_branch2c_bn 	 layer total channels: 1024 	 remainingchannels: 108.0 	 pruned rate: 89.45%
bn layer name: res5_0_branch1_bn 	 layer total channels: 2048 	 remainingchannels: 2048.0 	 pruned rate: 0.00%
bn layer name: res5_0_branch2a_bn 	 layer total channels: 512 	 remainingchannels: 509.0 	 pruned rate: 0.59%
bn layer name: res5_0_branch2b_bn 	 layer total channels: 512 	 remainingchannels: 510.0 	 pruned rate: 0.39%
bn layer name: res5_0_branch2c_bn 	 layer total channels: 2048 	 remainingchannels: 2044.0 	 pruned rate: 0.20%
bn layer name: res5_1_branch2a_bn 	 layer total channels: 512 	 remainingchannels: 509.0 	 pruned rate: 0.59%
bn layer name: res5_1_branch2b_bn 	 layer total channels: 512 	 remainingchannels: 499.0 	 pruned rate: 2.54%
bn layer name: res5_1_branch2c_bn 	 layer total channels: 2048 	 remainingchannels: 2017.0 	 pruned rate: 1.51%
bn layer name: res5_2_branch2a_bn 	 layer total channels: 512 	 remainingchannels: 506.0 	 pruned rate: 1.17%
bn layer name: res5_2_branch2b_bn 	 layer total channels: 512 	 remainingchannels: 477.0 	 pruned rate: 6.84%
bn layer name: res5_2_branch2c_bn 	 layer total channels: 2048 	 remainingchannels: 2029.0 	 pruned rate: 0.93%
bn layer name: res_conv1_bn 	 layer total channels: 64 	 remainingchannels: 62.0 	 pruned rate: 3.12%
total pruned rate: 0.300037650602
====================================================================================================
op type: ImageInput
in channels: 3, out channels: 3

====================================================================================================
op type: StopGradient
in channels: 3, out channels: 3

====================================================================================================
op type: StopGradient
in channels: 3, out channels: 3

====================================================================================================
op type: Conv
in channels: 3, out channels: 64

====================================================================================================
op type: SpatialBN
in channels: 3, out channels: 64

====================================================================================================
op type: Relu
in channels: 3, out channels: 64

====================================================================================================
op type: MaxPool
in channels: 64, out channels: 64

====================================================================================================
op type: Conv
in channels: 64, out channels: 256

====================================================================================================
op type: SpatialBN
in channels: 64, out channels: 256

====================================================================================================
op type: Conv
in channels: 64, out channels: 64

====================================================================================================
op type: SpatialBN
in channels: 64, out channels: 53.0

====================================================================================================
op type: Relu
in channels: 53.0, out channels: 53.0

====================================================================================================
C_in: 53.0, old_in: 64
op type: Conv
in channels: 53.0, out channels: 64

====================================================================================================
op type: SpatialBN
in channels: 64, out channels: 36.0

====================================================================================================
op type: Relu
in channels: 36.0, out channels: 36.0

====================================================================================================
op type: Conv
in channels: 36.0, out channels: 256

====================================================================================================
op type: SpatialBN
in channels: 36.0, out channels: 256

====================================================================================================
op type: Sum
in channels: 36.0, out channels: 256

====================================================================================================
op type: Relu
in channels: 256, out channels: 256

====================================================================================================
op type: Conv
in channels: 256, out channels: 64

====================================================================================================
op type: SpatialBN
in channels: 64, out channels: 58.0

====================================================================================================
op type: Relu
in channels: 58.0, out channels: 58.0

====================================================================================================
C_in: 58.0, old_in: 64
op type: Conv
in channels: 58.0, out channels: 64

====================================================================================================
op type: SpatialBN
in channels: 64, out channels: 63.0

====================================================================================================
op type: Relu
in channels: 63.0, out channels: 63.0

====================================================================================================
op type: Conv
in channels: 63.0, out channels: 256

====================================================================================================
op type: SpatialBN
in channels: 63.0, out channels: 256

====================================================================================================
op type: Sum
in channels: 63.0, out channels: 256

====================================================================================================
op type: Relu
in channels: 256, out channels: 256

====================================================================================================
op type: Conv
in channels: 256, out channels: 64

====================================================================================================
op type: SpatialBN
in channels: 64, out channels: 63.0

====================================================================================================
op type: Relu
in channels: 63.0, out channels: 63.0

====================================================================================================
C_in: 63.0, old_in: 64
op type: Conv
in channels: 63.0, out channels: 64

====================================================================================================
op type: SpatialBN
in channels: 64, out channels: 61.0

====================================================================================================
op type: Relu
in channels: 61.0, out channels: 61.0

====================================================================================================
op type: Conv
in channels: 61.0, out channels: 256

====================================================================================================
op type: SpatialBN
in channels: 61.0, out channels: 256

====================================================================================================
op type: Sum
in channels: 61.0, out channels: 256

====================================================================================================
op type: Relu
in channels: 256, out channels: 256

====================================================================================================
op type: Conv
in channels: 256, out channels: 512

====================================================================================================
op type: SpatialBN
in channels: 256, out channels: 512

====================================================================================================
op type: Conv
in channels: 256, out channels: 128

====================================================================================================
op type: SpatialBN
in channels: 128, out channels: 128.0

====================================================================================================
op type: Relu
in channels: 128.0, out channels: 128.0

====================================================================================================
op type: Conv
in channels: 128.0, out channels: 128

====================================================================================================
op type: SpatialBN
in channels: 128, out channels: 127.0

====================================================================================================
op type: Relu
in channels: 127.0, out channels: 127.0

====================================================================================================
op type: Conv
in channels: 127.0, out channels: 512

====================================================================================================
op type: SpatialBN
in channels: 127.0, out channels: 512

====================================================================================================
op type: Sum
in channels: 127.0, out channels: 512

====================================================================================================
op type: Relu
in channels: 512, out channels: 512

====================================================================================================
op type: Conv
in channels: 512, out channels: 128

====================================================================================================
op type: SpatialBN
in channels: 128, out channels: 111.0

====================================================================================================
op type: Relu
in channels: 111.0, out channels: 111.0

====================================================================================================
C_in: 111.0, old_in: 128
op type: Conv
in channels: 111.0, out channels: 128

====================================================================================================
op type: SpatialBN
in channels: 128, out channels: 122.0

====================================================================================================
op type: Relu
in channels: 122.0, out channels: 122.0

====================================================================================================
op type: Conv
in channels: 122.0, out channels: 512

====================================================================================================
op type: SpatialBN
in channels: 122.0, out channels: 512

====================================================================================================
op type: Sum
in channels: 122.0, out channels: 512

====================================================================================================
op type: Relu
in channels: 512, out channels: 512

====================================================================================================
op type: Conv
in channels: 512, out channels: 128

====================================================================================================
op type: SpatialBN
in channels: 128, out channels: 125.0

====================================================================================================
op type: Relu
in channels: 125.0, out channels: 125.0

====================================================================================================
C_in: 125.0, old_in: 128
op type: Conv
in channels: 125.0, out channels: 128

====================================================================================================
op type: SpatialBN
in channels: 128, out channels: 125.0

====================================================================================================
op type: Relu
in channels: 125.0, out channels: 125.0

====================================================================================================
op type: Conv
in channels: 125.0, out channels: 512

====================================================================================================
op type: SpatialBN
in channels: 125.0, out channels: 512

====================================================================================================
op type: Sum
in channels: 125.0, out channels: 512

====================================================================================================
op type: Relu
in channels: 512, out channels: 512

====================================================================================================
op type: Conv
in channels: 512, out channels: 128

====================================================================================================
op type: SpatialBN
in channels: 128, out channels: 124.0

====================================================================================================
op type: Relu
in channels: 124.0, out channels: 124.0

====================================================================================================
C_in: 124.0, old_in: 128
op type: Conv
in channels: 124.0, out channels: 128

====================================================================================================
op type: SpatialBN
in channels: 128, out channels: 122.0

====================================================================================================
op type: Relu
in channels: 122.0, out channels: 122.0

====================================================================================================
op type: Conv
in channels: 122.0, out channels: 512

====================================================================================================
op type: SpatialBN
in channels: 122.0, out channels: 512

====================================================================================================
op type: Sum
in channels: 122.0, out channels: 512

====================================================================================================
op type: Relu
in channels: 512, out channels: 512

====================================================================================================
op type: Conv
in channels: 512, out channels: 1024

====================================================================================================
op type: SpatialBN
in channels: 512, out channels: 1024

====================================================================================================
op type: Conv
in channels: 512, out channels: 256

====================================================================================================
op type: SpatialBN
in channels: 256, out channels: 252.0

====================================================================================================
op type: Relu
in channels: 252.0, out channels: 252.0

====================================================================================================
C_in: 252.0, old_in: 256
op type: Conv
in channels: 252.0, out channels: 256

====================================================================================================
op type: SpatialBN
in channels: 256, out channels: 256.0

====================================================================================================
op type: Relu
in channels: 256.0, out channels: 256.0

====================================================================================================
op type: Conv
in channels: 256.0, out channels: 1024

====================================================================================================
op type: SpatialBN
in channels: 256.0, out channels: 1024

====================================================================================================
op type: Sum
in channels: 256.0, out channels: 1024

====================================================================================================
op type: Relu
in channels: 1024, out channels: 1024

====================================================================================================
op type: Conv
in channels: 1024, out channels: 256

====================================================================================================
op type: SpatialBN
in channels: 256, out channels: 232.0

====================================================================================================
op type: Relu
in channels: 232.0, out channels: 232.0

====================================================================================================
C_in: 232.0, old_in: 256
op type: Conv
in channels: 232.0, out channels: 256

====================================================================================================
op type: SpatialBN
in channels: 256, out channels: 244.0

====================================================================================================
op type: Relu
in channels: 244.0, out channels: 244.0

====================================================================================================
op type: Conv
in channels: 244.0, out channels: 1024

====================================================================================================
op type: SpatialBN
in channels: 244.0, out channels: 1024

====================================================================================================
op type: Sum
in channels: 244.0, out channels: 1024

====================================================================================================
op type: Relu
in channels: 1024, out channels: 1024

====================================================================================================
op type: Conv
in channels: 1024, out channels: 256

====================================================================================================
op type: SpatialBN
in channels: 256, out channels: 243.0

====================================================================================================
op type: Relu
in channels: 243.0, out channels: 243.0

====================================================================================================
C_in: 243.0, old_in: 256
op type: Conv
in channels: 243.0, out channels: 256

====================================================================================================
op type: SpatialBN
in channels: 256, out channels: 226.0

====================================================================================================
op type: Relu
in channels: 226.0, out channels: 226.0

====================================================================================================
op type: Conv
in channels: 226.0, out channels: 1024

====================================================================================================
op type: SpatialBN
in channels: 226.0, out channels: 1024

====================================================================================================
op type: Sum
in channels: 226.0, out channels: 1024

====================================================================================================
op type: Relu
in channels: 1024, out channels: 1024

====================================================================================================
op type: Conv
in channels: 1024, out channels: 256

====================================================================================================
op type: SpatialBN
in channels: 256, out channels: 239.0

====================================================================================================
op type: Relu
in channels: 239.0, out channels: 239.0

====================================================================================================
C_in: 239.0, old_in: 256
op type: Conv
in channels: 239.0, out channels: 256

====================================================================================================
op type: SpatialBN
in channels: 256, out channels: 240.0

====================================================================================================
op type: Relu
in channels: 240.0, out channels: 240.0

====================================================================================================
op type: Conv
in channels: 240.0, out channels: 1024

====================================================================================================
op type: SpatialBN
in channels: 240.0, out channels: 1024

====================================================================================================
op type: Sum
in channels: 240.0, out channels: 1024

====================================================================================================
op type: Relu
in channels: 1024, out channels: 1024

====================================================================================================
op type: Conv
in channels: 1024, out channels: 256

====================================================================================================
op type: SpatialBN
in channels: 256, out channels: 238.0

====================================================================================================
op type: Relu
in channels: 238.0, out channels: 238.0

====================================================================================================
C_in: 238.0, old_in: 256
op type: Conv
in channels: 238.0, out channels: 256

====================================================================================================
op type: SpatialBN
in channels: 256, out channels: 249.0

====================================================================================================
op type: Relu
in channels: 249.0, out channels: 249.0

====================================================================================================
op type: Conv
in channels: 249.0, out channels: 1024

====================================================================================================
op type: SpatialBN
in channels: 249.0, out channels: 1024

====================================================================================================
op type: Sum
in channels: 249.0, out channels: 1024

====================================================================================================
op type: Relu
in channels: 1024, out channels: 1024

====================================================================================================
op type: Conv
in channels: 1024, out channels: 256

====================================================================================================
op type: SpatialBN
in channels: 256, out channels: 247.0

====================================================================================================
op type: Relu
in channels: 247.0, out channels: 247.0

====================================================================================================
C_in: 247.0, old_in: 256
op type: Conv
in channels: 247.0, out channels: 256

====================================================================================================
op type: SpatialBN
in channels: 256, out channels: 255.0

====================================================================================================
op type: Relu
in channels: 255.0, out channels: 255.0

====================================================================================================
op type: Conv
in channels: 255.0, out channels: 1024

====================================================================================================
op type: SpatialBN
in channels: 255.0, out channels: 1024

====================================================================================================
op type: Sum
in channels: 255.0, out channels: 1024

====================================================================================================
op type: Relu
in channels: 1024, out channels: 1024

====================================================================================================
op type: Conv
in channels: 1024, out channels: 2048

====================================================================================================
op type: SpatialBN
in channels: 1024, out channels: 2048

====================================================================================================
op type: Conv
in channels: 1024, out channels: 512

====================================================================================================
op type: SpatialBN
in channels: 512, out channels: 509.0

====================================================================================================
op type: Relu
in channels: 509.0, out channels: 509.0

====================================================================================================
C_in: 509.0, old_in: 512
op type: Conv
in channels: 509.0, out channels: 512

====================================================================================================
op type: SpatialBN
in channels: 512, out channels: 510.0

====================================================================================================
op type: Relu
in channels: 510.0, out channels: 510.0

====================================================================================================
op type: Conv
in channels: 510.0, out channels: 2048

====================================================================================================
op type: SpatialBN
in channels: 510.0, out channels: 2048

====================================================================================================
op type: Sum
in channels: 510.0, out channels: 2048

====================================================================================================
op type: Relu
in channels: 2048, out channels: 2048

====================================================================================================
op type: Conv
in channels: 2048, out channels: 512

====================================================================================================
op type: SpatialBN
in channels: 512, out channels: 509.0

====================================================================================================
op type: Relu
in channels: 509.0, out channels: 509.0

====================================================================================================
C_in: 509.0, old_in: 512
op type: Conv
in channels: 509.0, out channels: 512

====================================================================================================
op type: SpatialBN
in channels: 512, out channels: 499.0

====================================================================================================
op type: Relu
in channels: 499.0, out channels: 499.0

====================================================================================================
op type: Conv
in channels: 499.0, out channels: 2048

====================================================================================================
op type: SpatialBN
in channels: 499.0, out channels: 2048

====================================================================================================
op type: Sum
in channels: 499.0, out channels: 2048

====================================================================================================
op type: Relu
in channels: 2048, out channels: 2048

====================================================================================================
op type: Conv
in channels: 2048, out channels: 512

====================================================================================================
op type: SpatialBN
in channels: 512, out channels: 506.0

====================================================================================================
op type: Relu
in channels: 506.0, out channels: 506.0

====================================================================================================
C_in: 506.0, old_in: 512
op type: Conv
in channels: 506.0, out channels: 512

====================================================================================================
op type: SpatialBN
in channels: 512, out channels: 477.0

====================================================================================================
op type: Relu
in channels: 477.0, out channels: 477.0

====================================================================================================
op type: Conv
in channels: 477.0, out channels: 2048

====================================================================================================
op type: SpatialBN
in channels: 477.0, out channels: 2048

====================================================================================================
op type: Sum
in channels: 477.0, out channels: 2048

====================================================================================================
op type: Relu
in channels: 2048, out channels: 2048

====================================================================================================
op type: AveragePool
in channels: 2048, out channels: 2048

====================================================================================================
op type: FC
in channels: 2048, out channels: 2048

====================================================================================================
op type: Relu
in channels: 2048, out channels: 2048

====================================================================================================
op type: FC
in channels: 2048, out channels: 2048

====================================================================================================
op type: Sigmoid
in channels: 2048, out channels: 2048

====================================================================================================
op type: Mul
in channels: 2048, out channels: 2048

====================================================================================================
op type: AveragePool
in channels: 2048, out channels: 2048

====================================================================================================
op type: FC
in channels: 2048, out channels: 2048

====================================================================================================
op type: AveragePool
in channels: 2048, out channels: 2048

====================================================================================================
op type: FC
in channels: 2048, out channels: 2048

====================================================================================================
op type: Relu
in channels: 2048, out channels: 2048

====================================================================================================
op type: FC
in channels: 2048, out channels: 2048

====================================================================================================
op type: Sigmoid
in channels: 2048, out channels: 2048

====================================================================================================
op type: Mul
in channels: 2048, out channels: 2048

====================================================================================================
op type: AveragePool
in channels: 2048, out channels: 2048

====================================================================================================
op type: FC
in channels: 2048, out channels: 2048

====================================================================================================
op type: Concat
in channels: 2048, out channels: 2048

====================================================================================================
op type: FC
in channels: 2048, out channels: 2048

====================================================================================================
op type: SoftmaxWithLoss
in channels: 2048, out channels: 2048

====================================================================================================
op type: Split
in channels: 2048, out channels: 2048

====================================================================================================
op type: Sub
in channels: 2048, out channels: 2048

====================================================================================================
op type: Abs
in channels: 2048, out channels: 2048

====================================================================================================
op type: Mul
in channels: 2048, out channels: 2048

====================================================================================================
op type: ReduceBackSum
in channels: 2048, out channels: 2048

====================================================================================================
op type: Sqrt
in channels: 2048, out channels: 2048

====================================================================================================
op type: ReduceBackSum
in channels: 2048, out channels: 2048

====================================================================================================
op type: GivenTensorFill
in channels: 2048, out channels: 2048

====================================================================================================
op type: Div
in channels: 2048, out channels: 2048

====================================================================================================
op type: ConstantFill
in channels: 2048, out channels: 2048

====================================================================================================
op type: Mul
in channels: 2048, out channels: 2048

====================================================================================================
op type: Sum
in channels: 2048, out channels: 2048

====================================================================================================
op type: Accuracy
in channels: 2048, out channels: 2048

====================================================================================================
op type: Accuracy
in channels: 2048, out channels: 2048





new weights_map:

res2_0_branch2a_bn_s : [53]
res2_0_branch2b_bn_rm : [36]
res_conv1_bn_b : [64]
res2_2_branch2a_bn_rm : [63]
res2_2_branch2b_bn_rm : [61]
res4_3_branch2a_bn_b : [239]
res2_1_branch2a_bn_s : [58]
res2_2_branch2a_w : [ 63 256   1   1]
res3_2_branch2c_bn_b : [512]
res5_0_branch2c_bn_s : [2048]
res2_0_branch2a_bn_b : [53]
res_conv1_bn_s : [64]
res5_2_branch2a_bn_rm : [506]
res4_5_branch2b_bn_rm : [255]
res5_0_branch1_bn_riv : [2048]
res2_1_branch2a_bn_b : [58]
res2_1_branch2c_w : [256  64   1   1]
res4_2_branch2c_w : [1024  256    1    1]
res3_1_branch2b_w : [122 111   3   3]
res3_2_branch2c_bn_s : [512]
res3_1_branch2b_bn_riv : [122]
res3_1_branch2a_bn_rm : [111]
res4_4_branch2b_w : [249 238   3   3]
res4_4_branch2c_bn_rm : [1024]
res3_1_branch2b_bn_b : [122]
bi_attention_pred_b : [200]
res3_1_branch2c_bn_b : [512]
res5_2_branch2b_w : [477 506   3   3]
res4_3_branch2a_bn_rm : [239]
res2_1_branch2c_bn_b : [256]
res2_0_branch2b_bn_b : [36]
res4_0_branch2a_bn_s : [252]
res3_2_branch2b_bn_b : [125]
res3_3_branch2a_w : [124 512   1   1]
bi_attention_pred_w : [ 200 2048]
res3_1_branch2b_bn_s : [122]
res3_1_branch2c_bn_s : [512]
res4_0_branch2a_bn_rm : [252]
res5_1_branch2c_w : [2048  512    1    1]
res2_1_branch2c_bn_s : [256]
res2_0_branch2b_bn_s : [36]
res3_2_branch2b_bn_s : [125]
res4_0_branch2a_bn_b : [252]
res4_0_branch2c_bn_b : [1024]
res5_2_branch2b_bn_rm : [477]
res2_1_branch2b_bn_riv : [63]
res3_1_branch2b_bn_rm : [122]
res3_3_branch2b_bn_s : [122]
res5_1_branch2c_bn_s : [2048]
res4_2_branch2a_w : [ 243 1024    1    1]
osme_fc1_2_w : [ 128 2048]
conv1_b : [64]
res2_0_branch2c_bn_b : [256]
res4_0_branch2c_bn_s : [1024]
res4_3_branch2b_bn_rm : [240]
res5_0_branch2b_bn_s : [510]
res3_3_branch2b_bn_b : [122]
res4_3_branch2c_bn_riv : [1024]
res5_1_branch2c_bn_b : [2048]
res2_0_branch1_bn_rm : [256]
res4_1_branch2a_bn_riv : [232]
conv1_w : [64  3  7  7]
res3_0_branch2b_bn_b : [127]
res4_3_branch2b_w : [240 239   3   3]
osme_fc2_2_w : [2048  128]
osme_fc2_1_w : [2048  128]
res2_1_branch2b_bn_rm : [63]
res4_1_branch2c_bn_b : [1024]
res3_2_branch2a_w : [125 512   1   1]
res4_1_branch2b_bn_b : [244]
res5_0_branch2c_bn_b : [2048]
res4_5_branch2c_w : [1024  256    1    1]
res2_0_branch1_w : [256  64   1   1]
res4_4_branch2b_bn_riv : [249]
res2_1_branch2c_bn_rm : [256]
res3_2_branch2c_w : [512 128   1   1]
res3_0_branch2b_bn_s : [127]
res4_1_branch2c_bn_s : [1024]
res4_1_branch2b_bn_s : [244]
res4_0_branch2c_bn_rm : [1024]
res2_2_branch2a_bn_riv : [63]
res5_0_branch2b_w : [510 509   3   3]
res4_1_branch2c_bn_riv : [1024]
attention_1_b : [1024]
res4_4_branch2a_bn_s : [238]
res4_5_branch2c_bn_rm : [1024]
res4_0_branch2b_bn_rm : [256]
res4_5_branch2a_w : [ 247 1024    1    1]
res2_0_branch1_bn_riv : [256]
res4_2_branch2b_bn_s : [226]
res2_2_branch2a_bn_b : [63]
res_conv1_bn_riv : [64]
res4_4_branch2a_bn_b : [238]
res4_3_branch2a_bn_s : [239]
res4_0_branch2c_bn_riv : [1024]
res4_2_branch2b_bn_b : [226]
res2_2_branch2a_bn_s : [63]
res2_0_branch2a_bn_riv : [53]
res3_0_branch2b_bn_rm : [127]
res4_4_branch2a_bn_riv : [238]
res5_0_branch2a_bn_rm : [509]
res5_2_branch2a_bn_riv : [506]
res5_1_branch2b_bn_riv : [499]
res5_1_branch2c_bn_riv : [2048]
osme_fc2_2_b : [2048]
osme_fc1_2_b : [128]
res4_5_branch2b_bn_riv : [255]
res5_2_branch2c_bn_s : [2048]
res3_2_branch2a_bn_rm : [125]
res5_1_branch2a_bn_rm : [509]
res4_2_branch2c_bn_rm : [1024]
res2_0_branch2c_w : [256  64   1   1]
res5_0_branch2a_bn_b : [509]
res3_2_branch2a_bn_s : [125]
res3_0_branch2c_bn_rm : [512]
res5_2_branch2c_bn_b : [2048]
res4_0_branch2b_w : [256 252   3   3]
res3_3_branch2c_w : [512 128   1   1]
res5_2_branch2a_w : [ 506 2048    1    1]
res5_2_branch2c_bn_rm : [2048]
res3_2_branch2a_bn_b : [125]
res5_0_branch2a_bn_s : [509]
res4_1_branch2b_bn_riv : [244]
res3_0_branch2a_bn_s : [128]
res4_4_branch2b_bn_b : [249]
res4_3_branch2b_bn_riv : [240]
res4_2_branch2c_bn_riv : [1024]
attention_1_w : [1024 2048]
res3_2_branch2b_w : [125 125   3   3]
res4_1_branch2a_bn_s : [232]
osme_fc1_1_w : [ 128 2048]
res4_0_branch2b_bn_b : [256]
res3_0_branch2a_bn_b : [128]
res4_4_branch2b_bn_s : [249]
res2_2_branch2b_bn_riv : [61]
res2_1_branch2a_w : [ 58 256   1   1]
osme_fc1_1_b : [128]
res2_2_branch2c_w : [256  64   1   1]
res4_0_branch1_w : [1024  512    1    1]
res4_0_branch2b_bn_s : [256]
res3_3_branch2a_bn_riv : [124]
res4_2_branch2a_bn_b : [243]
res4_5_branch2a_bn_rm : [247]
res3_2_branch2c_bn_rm : [512]
res5_2_branch2b_bn_s : [477]
res2_0_branch2a_bn_rm : [53]
res5_0_branch2b_bn_riv : [510]
res3_1_branch2a_bn_b : [111]
res3_3_branch2b_bn_rm : [122]
res4_3_branch2c_bn_s : [1024]
res3_0_branch1_w : [512 256   1   1]
res4_2_branch2a_bn_s : [243]
res5_2_branch2b_bn_b : [477]
res3_1_branch2a_bn_s : [111]
res4_3_branch2c_bn_b : [1024]
osme_fc2_1_b : [2048]
res4_5_branch2b_w : [255 247   3   3]
res5_0_branch2b_bn_b : [510]
res5_2_branch2a_bn_b : [506]
res5_0_branch2c_bn_riv : [2048]
res5_1_branch2a_bn_s : [509]
res3_3_branch2a_bn_rm : [124]
res4_0_branch2a_bn_riv : [252]
res3_3_branch2c_bn_riv : [512]
res2_1_branch2a_bn_rm : [58]
res2_0_branch1_bn_s : [256]
res2_2_branch2b_bn_s : [61]
res5_2_branch2a_bn_s : [506]
res_conv1_bn_rm : [64]
res5_1_branch2a_bn_b : [509]
res2_0_branch2c_bn_riv : [256]
res3_2_branch2b_bn_rm : [125]
res2_0_branch1_bn_b : [256]
res2_2_branch2b_bn_b : [61]
res2_2_branch2c_bn_s : [256]
res4_2_branch2b_bn_riv : [226]
res4_1_branch2a_bn_b : [232]
res4_0_branch1_bn_rm : [1024]
res4_0_branch1_bn_s : [1024]
res5_0_branch1_bn_s : [2048]
res4_2_branch2a_bn_rm : [243]
res4_0_branch2c_w : [1024  256    1    1]
res4_1_branch2a_w : [ 232 1024    1    1]
res5_0_branch2c_bn_rm : [2048]
res2_2_branch2c_bn_b : [256]
res2_0_branch2b_w : [36 53  3  3]
res3_0_branch1_bn_rm : [512]
res4_0_branch1_bn_b : [1024]
res4_1_branch2c_bn_rm : [1024]
res5_0_branch1_bn_b : [2048]
res4_0_branch2a_w : [252 512   1   1]
res4_1_branch2c_w : [1024  256    1    1]
res2_1_branch2b_bn_s : [63]
res4_2_branch2b_w : [226 243   3   3]
attention_2_w : [1024 2048]
res3_0_branch1_bn_b : [512]
res3_3_branch2c_bn_b : [512]
res3_0_branch1_bn_riv : [512]
res4_2_branch2a_bn_riv : [243]
res4_1_branch2a_bn_rm : [232]
res5_1_branch2b_w : [499 509   3   3]
res3_0_branch2c_bn_riv : [512]
attention_2_b : [1024]
res4_5_branch2c_bn_riv : [1024]
res4_4_branch2c_bn_riv : [1024]
res3_0_branch1_bn_s : [512]
res3_3_branch2c_bn_rm : [512]
res3_3_branch2c_bn_s : [512]
res3_0_branch2a_bn_riv : [128]
res3_3_branch2b_bn_riv : [122]
res5_1_branch2a_w : [ 509 2048    1    1]
res3_1_branch2a_w : [111 512   1   1]
res2_2_branch2b_w : [61 63  3  3]
res3_3_branch2a_bn_b : [124]
res2_1_branch2c_bn_riv : [256]
res4_5_branch2b_bn_b : [255]
res2_1_branch2b_w : [63 58  3  3]
res4_1_branch2b_bn_rm : [244]
res3_1_branch2c_w : [512 128   1   1]
res3_2_branch2a_bn_riv : [125]
res3_3_branch2a_bn_s : [124]
res3_0_branch2b_w : [127 128   3   3]
res4_5_branch2a_bn_riv : [247]
res4_5_branch2b_bn_s : [255]
res2_1_branch2a_bn_riv : [58]
res3_1_branch2c_bn_riv : [512]
res5_1_branch2a_bn_riv : [509]
res3_0_branch2c_bn_b : [512]
res3_0_branch2a_bn_rm : [128]
res4_4_branch2c_bn_b : [1024]
res5_0_branch2a_bn_riv : [509]
res2_2_branch2c_bn_rm : [256]
res5_2_branch2c_bn_riv : [2048]
res3_3_branch2b_w : [122 124   3   3]
res5_2_branch2b_bn_riv : [477]
res4_2_branch2b_bn_rm : [226]
res5_2_branch2c_w : [2048  512    1    1]
res3_0_branch2c_bn_s : [512]
res4_4_branch2c_bn_s : [1024]
res4_4_branch2a_w : [ 238 1024    1    1]
res5_0_branch2b_bn_rm : [510]
res2_0_branch2a_w : [53 64  1  1]
res4_4_branch2b_bn_rm : [249]
res5_1_branch2b_bn_rm : [499]
res4_3_branch2a_bn_riv : [239]
res5_0_branch2c_w : [2048  512    1    1]
res5_1_branch2b_bn_b : [499]
res4_3_branch2a_w : [ 239 1024    1    1]
res3_1_branch2a_bn_riv : [111]
res5_0_branch1_bn_rm : [2048]
res4_3_branch2c_bn_rm : [1024]
res3_2_branch2b_bn_riv : [125]
res2_1_branch2b_bn_b : [63]
res2_0_branch2b_bn_riv : [36]
res4_1_branch2b_w : [244 232   3   3]
res5_1_branch2b_bn_s : [499]
res4_4_branch2c_w : [1024  256    1    1]
res2_0_branch2c_bn_rm : [256]
res5_1_branch2c_bn_rm : [2048]
res4_0_branch2b_bn_riv : [256]
res3_0_branch2c_w : [512 128   1   1]
res2_2_branch2c_bn_riv : [256]
res4_0_branch1_bn_riv : [1024]
res5_0_branch1_w : [2048 1024    1    1]
res3_1_branch2c_bn_rm : [512]
res4_5_branch2c_bn_b : [1024]
res4_3_branch2c_w : [1024  256    1    1]
res4_5_branch2a_bn_s : [247]
res4_3_branch2b_bn_s : [240]
res4_2_branch2c_bn_s : [1024]
res4_4_branch2a_bn_rm : [238]
res3_2_branch2c_bn_riv : [512]
res5_0_branch2a_w : [ 509 1024    1    1]
res4_5_branch2c_bn_s : [1024]
res4_5_branch2a_bn_b : [247]
res4_2_branch2c_bn_b : [1024]
res2_0_branch2c_bn_s : [256]
res4_3_branch2b_bn_b : [240]
res3_0_branch2b_bn_riv : [127]
res3_0_branch2a_w : [128 256   1   1]
++++++++++++++++++++++++++++++++++++++++++++++++++++++++++++++++++++++++++++++++++++++++++++++++++++
computing the params and FLOPs of network
====================================================================================================
feature map shape: (N, 3, 224, 224)

====================================================================================================
feature map shape: (N, 3, 224, 224)

====================================================================================================
feature map shape: (N, 3, 224, 224)

====================================================================================================
conv_params: 9472.0, conv_flops: 118816768.0
feature map shape: (N, 64, 112.0, 112.0)

====================================================================================================
bn_params: 128, bn_flops: 802816.0
feature map shape: (N, 64, 112.0, 112.0)

====================================================================================================
feature map shape: (N, 64, 112.0, 112.0)

====================================================================================================
feature map shape: (N, 64, 56.0, 56.0)

====================================================================================================
conv_params: 16640.0, conv_flops: 52183040.0
feature map shape: (N, 256, 56.0, 56.0)

====================================================================================================
bn_params: 512, bn_flops: 802816.0
feature map shape: (N, 256, 56.0, 56.0)

====================================================================================================
conv_params: 3445.0, conv_flops: 10803520.0
feature map shape: (N, 53, 56.0, 56.0)

====================================================================================================
bn_params: 106, bn_flops: 166208.0
feature map shape: (N, 53, 56.0, 56.0)

====================================================================================================
feature map shape: (N, 53, 56.0, 56.0)

====================================================================================================
conv_params: 17208.0, conv_flops: 53964288.0
feature map shape: (N, 36, 56.0, 56.0)

====================================================================================================
bn_params: 72, bn_flops: 112896.0
feature map shape: (N, 36, 56.0, 56.0)

====================================================================================================
feature map shape: (N, 36, 56.0, 56.0)

====================================================================================================
conv_params: 16640.0, conv_flops: 52183040.0
feature map shape: (N, 256, 56.0, 56.0)

====================================================================================================
bn_params: 512, bn_flops: 802816.0
feature map shape: (N, 256, 56.0, 56.0)

====================================================================================================
feature map shape: (N, 256, 56.0, 56.0)

====================================================================================================
feature map shape: (N, 256, 56.0, 56.0)

====================================================================================================
conv_params: 14906.0, conv_flops: 46745216.0
feature map shape: (N, 58, 56.0, 56.0)

====================================================================================================
bn_params: 116, bn_flops: 181888.0
feature map shape: (N, 58, 56.0, 56.0)

====================================================================================================
feature map shape: (N, 58, 56.0, 56.0)

====================================================================================================
conv_params: 32949.0, conv_flops: 103328064.0
feature map shape: (N, 63, 56.0, 56.0)

====================================================================================================
bn_params: 126, bn_flops: 197568.0
feature map shape: (N, 63, 56.0, 56.0)

====================================================================================================
feature map shape: (N, 63, 56.0, 56.0)

====================================================================================================
conv_params: 16640.0, conv_flops: 52183040.0
feature map shape: (N, 256, 56.0, 56.0)

====================================================================================================
bn_params: 512, bn_flops: 802816.0
feature map shape: (N, 256, 56.0, 56.0)

====================================================================================================
feature map shape: (N, 256, 56.0, 56.0)

====================================================================================================
feature map shape: (N, 256, 56.0, 56.0)

====================================================================================================
conv_params: 16191.0, conv_flops: 50774976.0
feature map shape: (N, 63, 56.0, 56.0)

====================================================================================================
bn_params: 126, bn_flops: 197568.0
feature map shape: (N, 63, 56.0, 56.0)

====================================================================================================
feature map shape: (N, 63, 56.0, 56.0)

====================================================================================================
conv_params: 34648.0, conv_flops: 108656128.0
feature map shape: (N, 61, 56.0, 56.0)

====================================================================================================
bn_params: 122, bn_flops: 191296.0
feature map shape: (N, 61, 56.0, 56.0)

====================================================================================================
feature map shape: (N, 61, 56.0, 56.0)

====================================================================================================
conv_params: 16640.0, conv_flops: 52183040.0
feature map shape: (N, 256, 56.0, 56.0)

====================================================================================================
bn_params: 512, bn_flops: 802816.0
feature map shape: (N, 256, 56.0, 56.0)

====================================================================================================
feature map shape: (N, 256, 56.0, 56.0)

====================================================================================================
feature map shape: (N, 256, 56.0, 56.0)

====================================================================================================
conv_params: 131584.0, conv_flops: 103161856.0
feature map shape: (N, 512, 28.0, 28.0)

====================================================================================================
bn_params: 1024, bn_flops: 401408.0
feature map shape: (N, 512, 28.0, 28.0)

====================================================================================================
conv_params: 32896.0, conv_flops: 25790464.0
feature map shape: (N, 128, 28.0, 28.0)

====================================================================================================
bn_params: 256, bn_flops: 100352.0
feature map shape: (N, 128, 28.0, 28.0)

====================================================================================================
feature map shape: (N, 128, 28.0, 28.0)

====================================================================================================
conv_params: 146431.0, conv_flops: 114801904.0
feature map shape: (N, 127, 28.0, 28.0)

====================================================================================================
bn_params: 254, bn_flops: 99568.0
feature map shape: (N, 127, 28.0, 28.0)

====================================================================================================
feature map shape: (N, 127, 28.0, 28.0)

====================================================================================================
conv_params: 66048.0, conv_flops: 51781632.0
feature map shape: (N, 512, 28.0, 28.0)

====================================================================================================
bn_params: 1024, bn_flops: 401408.0
feature map shape: (N, 512, 28.0, 28.0)

====================================================================================================
feature map shape: (N, 512, 28.0, 28.0)

====================================================================================================
feature map shape: (N, 512, 28.0, 28.0)

====================================================================================================
conv_params: 56943.0, conv_flops: 44643312.0
feature map shape: (N, 111, 28.0, 28.0)

====================================================================================================
bn_params: 222, bn_flops: 87024.0
feature map shape: (N, 111, 28.0, 28.0)

====================================================================================================
feature map shape: (N, 111, 28.0, 28.0)

====================================================================================================
conv_params: 122000.0, conv_flops: 95648000.0
feature map shape: (N, 122, 28.0, 28.0)

====================================================================================================
bn_params: 244, bn_flops: 95648.0
feature map shape: (N, 122, 28.0, 28.0)

====================================================================================================
feature map shape: (N, 122, 28.0, 28.0)

====================================================================================================
conv_params: 66048.0, conv_flops: 51781632.0
feature map shape: (N, 512, 28.0, 28.0)

====================================================================================================
bn_params: 1024, bn_flops: 401408.0
feature map shape: (N, 512, 28.0, 28.0)

====================================================================================================
feature map shape: (N, 512, 28.0, 28.0)

====================================================================================================
feature map shape: (N, 512, 28.0, 28.0)

====================================================================================================
conv_params: 64125.0, conv_flops: 50274000.0
feature map shape: (N, 125, 28.0, 28.0)

====================================================================================================
bn_params: 250, bn_flops: 98000.0
feature map shape: (N, 125, 28.0, 28.0)

====================================================================================================
feature map shape: (N, 125, 28.0, 28.0)

====================================================================================================
conv_params: 140750.0, conv_flops: 110348000.0
feature map shape: (N, 125, 28.0, 28.0)

====================================================================================================
bn_params: 250, bn_flops: 98000.0
feature map shape: (N, 125, 28.0, 28.0)

====================================================================================================
feature map shape: (N, 125, 28.0, 28.0)

====================================================================================================
conv_params: 66048.0, conv_flops: 51781632.0
feature map shape: (N, 512, 28.0, 28.0)

====================================================================================================
bn_params: 1024, bn_flops: 401408.0
feature map shape: (N, 512, 28.0, 28.0)

====================================================================================================
feature map shape: (N, 512, 28.0, 28.0)

====================================================================================================
feature map shape: (N, 512, 28.0, 28.0)

====================================================================================================
conv_params: 63612.0, conv_flops: 49871808.0
feature map shape: (N, 124, 28.0, 28.0)

====================================================================================================
bn_params: 248, bn_flops: 97216.0
feature map shape: (N, 124, 28.0, 28.0)

====================================================================================================
feature map shape: (N, 124, 28.0, 28.0)

====================================================================================================
conv_params: 136274.0, conv_flops: 106838816.0
feature map shape: (N, 122, 28.0, 28.0)

====================================================================================================
bn_params: 244, bn_flops: 95648.0
feature map shape: (N, 122, 28.0, 28.0)

====================================================================================================
feature map shape: (N, 122, 28.0, 28.0)

====================================================================================================
conv_params: 66048.0, conv_flops: 51781632.0
feature map shape: (N, 512, 28.0, 28.0)

====================================================================================================
bn_params: 1024, bn_flops: 401408.0
feature map shape: (N, 512, 28.0, 28.0)

====================================================================================================
feature map shape: (N, 512, 28.0, 28.0)

====================================================================================================
feature map shape: (N, 512, 28.0, 28.0)

====================================================================================================
conv_params: 525312.0, conv_flops: 102961152.0
feature map shape: (N, 1024, 14.0, 14.0)

====================================================================================================
bn_params: 2048, bn_flops: 200704.0
feature map shape: (N, 1024, 14.0, 14.0)

====================================================================================================
conv_params: 129276.0, conv_flops: 25338096.0
feature map shape: (N, 252, 14.0, 14.0)

====================================================================================================
bn_params: 504, bn_flops: 49392.0
feature map shape: (N, 252, 14.0, 14.0)

====================================================================================================
feature map shape: (N, 252, 14.0, 14.0)

====================================================================================================
conv_params: 580864.0, conv_flops: 113849344.0
feature map shape: (N, 256, 14.0, 14.0)

====================================================================================================
bn_params: 512, bn_flops: 50176.0
feature map shape: (N, 256, 14.0, 14.0)

====================================================================================================
feature map shape: (N, 256, 14.0, 14.0)

====================================================================================================
conv_params: 263168.0, conv_flops: 51580928.0
feature map shape: (N, 1024, 14.0, 14.0)

====================================================================================================
bn_params: 2048, bn_flops: 200704.0
feature map shape: (N, 1024, 14.0, 14.0)

====================================================================================================
feature map shape: (N, 1024, 14.0, 14.0)

====================================================================================================
feature map shape: (N, 1024, 14.0, 14.0)

====================================================================================================
conv_params: 237800.0, conv_flops: 46608800.0
feature map shape: (N, 232, 14.0, 14.0)

====================================================================================================
bn_params: 464, bn_flops: 45472.0
feature map shape: (N, 232, 14.0, 14.0)

====================================================================================================
feature map shape: (N, 232, 14.0, 14.0)

====================================================================================================
conv_params: 509716.0, conv_flops: 99904336.0
feature map shape: (N, 244, 14.0, 14.0)

====================================================================================================
bn_params: 488, bn_flops: 47824.0
feature map shape: (N, 244, 14.0, 14.0)

====================================================================================================
feature map shape: (N, 244, 14.0, 14.0)

====================================================================================================
conv_params: 263168.0, conv_flops: 51580928.0
feature map shape: (N, 1024, 14.0, 14.0)

====================================================================================================
bn_params: 2048, bn_flops: 200704.0
feature map shape: (N, 1024, 14.0, 14.0)

====================================================================================================
feature map shape: (N, 1024, 14.0, 14.0)

====================================================================================================
feature map shape: (N, 1024, 14.0, 14.0)

====================================================================================================
conv_params: 249075.0, conv_flops: 48818700.0
feature map shape: (N, 243, 14.0, 14.0)

====================================================================================================
bn_params: 486, bn_flops: 47628.0
feature map shape: (N, 243, 14.0, 14.0)

====================================================================================================
feature map shape: (N, 243, 14.0, 14.0)

====================================================================================================
conv_params: 494488.0, conv_flops: 96919648.0
feature map shape: (N, 226, 14.0, 14.0)

====================================================================================================
bn_params: 452, bn_flops: 44296.0
feature map shape: (N, 226, 14.0, 14.0)

====================================================================================================
feature map shape: (N, 226, 14.0, 14.0)

====================================================================================================
conv_params: 263168.0, conv_flops: 51580928.0
feature map shape: (N, 1024, 14.0, 14.0)

====================================================================================================
bn_params: 2048, bn_flops: 200704.0
feature map shape: (N, 1024, 14.0, 14.0)

====================================================================================================
feature map shape: (N, 1024, 14.0, 14.0)

====================================================================================================
feature map shape: (N, 1024, 14.0, 14.0)

====================================================================================================
conv_params: 244975.0, conv_flops: 48015100.0
feature map shape: (N, 239, 14.0, 14.0)

====================================================================================================
bn_params: 478, bn_flops: 46844.0
feature map shape: (N, 239, 14.0, 14.0)

====================================================================================================
feature map shape: (N, 239, 14.0, 14.0)

====================================================================================================
conv_params: 516480.0, conv_flops: 101230080.0
feature map shape: (N, 240, 14.0, 14.0)

====================================================================================================
bn_params: 480, bn_flops: 47040.0
feature map shape: (N, 240, 14.0, 14.0)

====================================================================================================
feature map shape: (N, 240, 14.0, 14.0)

====================================================================================================
conv_params: 263168.0, conv_flops: 51580928.0
feature map shape: (N, 1024, 14.0, 14.0)

====================================================================================================
bn_params: 2048, bn_flops: 200704.0
feature map shape: (N, 1024, 14.0, 14.0)

====================================================================================================
feature map shape: (N, 1024, 14.0, 14.0)

====================================================================================================
feature map shape: (N, 1024, 14.0, 14.0)

====================================================================================================
conv_params: 243950.0, conv_flops: 47814200.0
feature map shape: (N, 238, 14.0, 14.0)

====================================================================================================
bn_params: 476, bn_flops: 46648.0
feature map shape: (N, 238, 14.0, 14.0)

====================================================================================================
feature map shape: (N, 238, 14.0, 14.0)

====================================================================================================
conv_params: 533607.0, conv_flops: 104586972.0
feature map shape: (N, 249, 14.0, 14.0)

====================================================================================================
bn_params: 498, bn_flops: 48804.0
feature map shape: (N, 249, 14.0, 14.0)

====================================================================================================
feature map shape: (N, 249, 14.0, 14.0)

====================================================================================================
conv_params: 263168.0, conv_flops: 51580928.0
feature map shape: (N, 1024, 14.0, 14.0)

====================================================================================================
bn_params: 2048, bn_flops: 200704.0
feature map shape: (N, 1024, 14.0, 14.0)

====================================================================================================
feature map shape: (N, 1024, 14.0, 14.0)

====================================================================================================
feature map shape: (N, 1024, 14.0, 14.0)

====================================================================================================
conv_params: 253175.0, conv_flops: 49622300.0
feature map shape: (N, 247, 14.0, 14.0)

====================================================================================================
bn_params: 494, bn_flops: 48412.0
feature map shape: (N, 247, 14.0, 14.0)

====================================================================================================
feature map shape: (N, 247, 14.0, 14.0)

====================================================================================================
conv_params: 567120.0, conv_flops: 111155520.0
feature map shape: (N, 255, 14.0, 14.0)

====================================================================================================
bn_params: 510, bn_flops: 49980.0
feature map shape: (N, 255, 14.0, 14.0)

====================================================================================================
feature map shape: (N, 255, 14.0, 14.0)

====================================================================================================
conv_params: 263168.0, conv_flops: 51580928.0
feature map shape: (N, 1024, 14.0, 14.0)

====================================================================================================
bn_params: 2048, bn_flops: 200704.0
feature map shape: (N, 1024, 14.0, 14.0)

====================================================================================================
feature map shape: (N, 1024, 14.0, 14.0)

====================================================================================================
feature map shape: (N, 1024, 14.0, 14.0)

====================================================================================================
conv_params: 2099200.0, conv_flops: 102860800.0
feature map shape: (N, 2048, 7.0, 7.0)

====================================================================================================
bn_params: 4096, bn_flops: 100352.0
feature map shape: (N, 2048, 7.0, 7.0)

====================================================================================================
conv_params: 521725.0, conv_flops: 25564525.0
feature map shape: (N, 509, 7.0, 7.0)

====================================================================================================
bn_params: 1018, bn_flops: 24941.0
feature map shape: (N, 509, 7.0, 7.0)

====================================================================================================
feature map shape: (N, 509, 7.0, 7.0)

====================================================================================================
conv_params: 2336820.0, conv_flops: 114504180.0
feature map shape: (N, 510, 7.0, 7.0)

====================================================================================================
bn_params: 1020, bn_flops: 24990.0
feature map shape: (N, 510, 7.0, 7.0)

====================================================================================================
feature map shape: (N, 510, 7.0, 7.0)

====================================================================================================
conv_params: 1050624.0, conv_flops: 51480576.0
feature map shape: (N, 2048, 7.0, 7.0)

====================================================================================================
bn_params: 4096, bn_flops: 100352.0
feature map shape: (N, 2048, 7.0, 7.0)

====================================================================================================
feature map shape: (N, 2048, 7.0, 7.0)

====================================================================================================
feature map shape: (N, 2048, 7.0, 7.0)

====================================================================================================
conv_params: 1042941.0, conv_flops: 51104109.0
feature map shape: (N, 509, 7.0, 7.0)

====================================================================================================
bn_params: 1018, bn_flops: 24941.0
feature map shape: (N, 509, 7.0, 7.0)

====================================================================================================
feature map shape: (N, 509, 7.0, 7.0)

====================================================================================================
conv_params: 2286418.0, conv_flops: 112034482.0
feature map shape: (N, 499, 7.0, 7.0)

====================================================================================================
bn_params: 998, bn_flops: 24451.0
feature map shape: (N, 499, 7.0, 7.0)

====================================================================================================
feature map shape: (N, 499, 7.0, 7.0)

====================================================================================================
conv_params: 1050624.0, conv_flops: 51480576.0
feature map shape: (N, 2048, 7.0, 7.0)

====================================================================================================
bn_params: 4096, bn_flops: 100352.0
feature map shape: (N, 2048, 7.0, 7.0)

====================================================================================================
feature map shape: (N, 2048, 7.0, 7.0)

====================================================================================================
feature map shape: (N, 2048, 7.0, 7.0)

====================================================================================================
conv_params: 1036794.0, conv_flops: 50802906.0
feature map shape: (N, 506, 7.0, 7.0)

====================================================================================================
bn_params: 1012, bn_flops: 24794.0
feature map shape: (N, 506, 7.0, 7.0)

====================================================================================================
feature map shape: (N, 506, 7.0, 7.0)

====================================================================================================
conv_params: 2172735.0, conv_flops: 106464015.0
feature map shape: (N, 477, 7.0, 7.0)

====================================================================================================
bn_params: 954, bn_flops: 23373.0
feature map shape: (N, 477, 7.0, 7.0)

====================================================================================================
feature map shape: (N, 477, 7.0, 7.0)

====================================================================================================
conv_params: 1050624.0, conv_flops: 51480576.0
feature map shape: (N, 2048, 7.0, 7.0)

====================================================================================================
bn_params: 4096, bn_flops: 100352.0
feature map shape: (N, 2048, 7.0, 7.0)

====================================================================================================
feature map shape: (N, 2048, 7.0, 7.0)

====================================================================================================
feature map shape: (N, 2048, 7.0, 7.0)

====================================================================================================
feature map shape: (N, 2048, 1.0, 1.0)

====================================================================================================
fc_params: 262144, fc_flops: 262144
feature map shape: (N, 128, 1.0, 1.0)

====================================================================================================
feature map shape: (N, 128, 1.0, 1.0)

====================================================================================================
fc_params: 262144, fc_flops: 262144
feature map shape: (N, 2048, 1.0, 1.0)

====================================================================================================
feature map shape: (N, 2048, 1.0, 1.0)

====================================================================================================
feature map shape: (N, 2048, 7.0, 7.0)

====================================================================================================
feature map shape: (N, 2048, 1.0, 1.0)

====================================================================================================
fc_params: 2097152, fc_flops: 2097152
feature map shape: (N, 1024, 1.0, 1.0)

====================================================================================================
feature map shape: (N, 1024, 1.0, 1.0)

====================================================================================================
fc_params: 262144, fc_flops: 262144
feature map shape: (N, 128, 1.0, 1.0)

====================================================================================================
feature map shape: (N, 128, 1.0, 1.0)

====================================================================================================
fc_params: 262144, fc_flops: 262144
feature map shape: (N, 2048, 1.0, 1.0)

====================================================================================================
feature map shape: (N, 2048, 1.0, 1.0)

====================================================================================================
feature map shape: (N, 2048, 7.0, 7.0)

====================================================================================================
feature map shape: (N, 2048, 1.0, 1.0)

====================================================================================================
fc_params: 2097152, fc_flops: 2097152
feature map shape: (N, 1024, 1.0, 1.0)

====================================================================================================
feature map shape: (N, 1024, 1.0, 1.0)

====================================================================================================
fc_params: 409600, fc_flops: 409600
feature map shape: (N, 200, 1.0, 1.0)

====================================================================================================
feature map shape: (N, 200, 1.0, 1.0)

====================================================================================================
feature map shape: (N, 200, 1.0, 1.0)

====================================================================================================
feature map shape: (N, 200, 1.0, 1.0)

====================================================================================================
feature map shape: (N, 200, 1.0, 1.0)

====================================================================================================
feature map shape: (N, 200, 1.0, 1.0)

====================================================================================================
feature map shape: (N, 200, 1.0, 1.0)

====================================================================================================
feature map shape: (N, 200, 1.0, 1.0)

====================================================================================================
feature map shape: (N, 200, 1.0, 1.0)

====================================================================================================
feature map shape: (N, 200, 1.0, 1.0)

====================================================================================================
feature map shape: (N, 200, 1.0, 1.0)

====================================================================================================
feature map shape: (N, 200, 1.0, 1.0)

====================================================================================================
feature map shape: (N, 200, 1.0, 1.0)

====================================================================================================
feature map shape: (N, 200, 1.0, 1.0)

====================================================================================================
feature map shape: (N, 200, 1.0, 1.0)

====================================================================================================
feature map shape: (N, 200, 1.0, 1.0)

params: 28372531.0, FLOPs: 3650431191.0
[INFO] finish running src/param_statistics.py, total_time is 6.117s
