[INFO] start running src/param_statistics.py ...
[INFO] start running initialize ...
[INFO] finish running initialize ...

[INFO] start running build_validation_model ...
[INFO] finish running build_validation_model ...

****************************************************************************************************
net work pruning...
****************************************************************************************************
bn layer name: res2_0_branch1_bn 	 layer total channels: 256 	 remainingchannels: 195.0 	 pruned rate: 23.83%
bn layer name: res2_0_branch2a_bn 	 layer total channels: 64 	 remainingchannels: 36.0 	 pruned rate: 43.75%
bn layer name: res2_0_branch2b_bn 	 layer total channels: 64 	 remainingchannels: 18.0 	 pruned rate: 71.88%
bn layer name: res2_0_branch2c_bn 	 layer total channels: 256 	 remainingchannels: 138.0 	 pruned rate: 46.09%
bn layer name: res2_1_branch2a_bn 	 layer total channels: 64 	 remainingchannels: 37.0 	 pruned rate: 42.19%
bn layer name: res2_1_branch2b_bn 	 layer total channels: 64 	 remainingchannels: 44.0 	 pruned rate: 31.25%
bn layer name: res2_1_branch2c_bn 	 layer total channels: 256 	 remainingchannels: 23.0 	 pruned rate: 91.02%
bn layer name: res2_2_branch2a_bn 	 layer total channels: 64 	 remainingchannels: 56.0 	 pruned rate: 12.50%
bn layer name: res2_2_branch2b_bn 	 layer total channels: 64 	 remainingchannels: 51.0 	 pruned rate: 20.31%
bn layer name: res2_2_branch2c_bn 	 layer total channels: 256 	 remainingchannels: 43.0 	 pruned rate: 83.20%
bn layer name: res3_0_branch1_bn 	 layer total channels: 512 	 remainingchannels: 163.0 	 pruned rate: 68.16%
bn layer name: res3_0_branch2a_bn 	 layer total channels: 128 	 remainingchannels: 111.0 	 pruned rate: 13.28%
bn layer name: res3_0_branch2b_bn 	 layer total channels: 128 	 remainingchannels: 104.0 	 pruned rate: 18.75%
bn layer name: res3_0_branch2c_bn 	 layer total channels: 512 	 remainingchannels: 127.0 	 pruned rate: 75.20%
bn layer name: res3_1_branch2a_bn 	 layer total channels: 128 	 remainingchannels: 66.0 	 pruned rate: 48.44%
bn layer name: res3_1_branch2b_bn 	 layer total channels: 128 	 remainingchannels: 95.0 	 pruned rate: 25.78%
bn layer name: res3_1_branch2c_bn 	 layer total channels: 512 	 remainingchannels: 60.0 	 pruned rate: 88.28%
bn layer name: res3_2_branch2a_bn 	 layer total channels: 128 	 remainingchannels: 98.0 	 pruned rate: 23.44%
bn layer name: res3_2_branch2b_bn 	 layer total channels: 128 	 remainingchannels: 110.0 	 pruned rate: 14.06%
bn layer name: res3_2_branch2c_bn 	 layer total channels: 512 	 remainingchannels: 73.0 	 pruned rate: 85.74%
bn layer name: res3_3_branch2a_bn 	 layer total channels: 128 	 remainingchannels: 83.0 	 pruned rate: 35.16%
bn layer name: res3_3_branch2b_bn 	 layer total channels: 128 	 remainingchannels: 91.0 	 pruned rate: 28.91%
bn layer name: res3_3_branch2c_bn 	 layer total channels: 512 	 remainingchannels: 27.0 	 pruned rate: 94.73%
bn layer name: res4_0_branch1_bn 	 layer total channels: 1024 	 remainingchannels: 168.0 	 pruned rate: 83.59%
bn layer name: res4_0_branch2a_bn 	 layer total channels: 256 	 remainingchannels: 220.0 	 pruned rate: 14.06%
bn layer name: res4_0_branch2b_bn 	 layer total channels: 256 	 remainingchannels: 177.0 	 pruned rate: 30.86%
bn layer name: res4_0_branch2c_bn 	 layer total channels: 1024 	 remainingchannels: 292.0 	 pruned rate: 71.48%
bn layer name: res4_1_branch2a_bn 	 layer total channels: 256 	 remainingchannels: 100.0 	 pruned rate: 60.94%
bn layer name: res4_1_branch2b_bn 	 layer total channels: 256 	 remainingchannels: 148.0 	 pruned rate: 42.19%
bn layer name: res4_1_branch2c_bn 	 layer total channels: 1024 	 remainingchannels: 61.0 	 pruned rate: 94.04%
bn layer name: res4_2_branch2a_bn 	 layer total channels: 256 	 remainingchannels: 127.0 	 pruned rate: 50.39%
bn layer name: res4_2_branch2b_bn 	 layer total channels: 256 	 remainingchannels: 127.0 	 pruned rate: 50.39%
bn layer name: res4_2_branch2c_bn 	 layer total channels: 1024 	 remainingchannels: 31.0 	 pruned rate: 96.97%
bn layer name: res4_3_branch2a_bn 	 layer total channels: 256 	 remainingchannels: 112.0 	 pruned rate: 56.25%
bn layer name: res4_3_branch2b_bn 	 layer total channels: 256 	 remainingchannels: 166.0 	 pruned rate: 35.16%
bn layer name: res4_3_branch2c_bn 	 layer total channels: 1024 	 remainingchannels: 83.0 	 pruned rate: 91.89%
bn layer name: res4_4_branch2a_bn 	 layer total channels: 256 	 remainingchannels: 116.0 	 pruned rate: 54.69%
bn layer name: res4_4_branch2b_bn 	 layer total channels: 256 	 remainingchannels: 162.0 	 pruned rate: 36.72%
bn layer name: res4_4_branch2c_bn 	 layer total channels: 1024 	 remainingchannels: 18.0 	 pruned rate: 98.24%
bn layer name: res4_5_branch2a_bn 	 layer total channels: 256 	 remainingchannels: 143.0 	 pruned rate: 44.14%
bn layer name: res4_5_branch2b_bn 	 layer total channels: 256 	 remainingchannels: 166.0 	 pruned rate: 35.16%
bn layer name: res4_5_branch2c_bn 	 layer total channels: 1024 	 remainingchannels: 17.0 	 pruned rate: 98.34%
bn layer name: res5_0_branch1_bn 	 layer total channels: 2048 	 remainingchannels: 2048.0 	 pruned rate: 0.00%
bn layer name: res5_0_branch2a_bn 	 layer total channels: 512 	 remainingchannels: 260.0 	 pruned rate: 49.22%
bn layer name: res5_0_branch2b_bn 	 layer total channels: 512 	 remainingchannels: 398.0 	 pruned rate: 22.27%
bn layer name: res5_0_branch2c_bn 	 layer total channels: 2048 	 remainingchannels: 2032.0 	 pruned rate: 0.78%
bn layer name: res5_1_branch2a_bn 	 layer total channels: 512 	 remainingchannels: 211.0 	 pruned rate: 58.79%
bn layer name: res5_1_branch2b_bn 	 layer total channels: 512 	 remainingchannels: 212.0 	 pruned rate: 58.59%
bn layer name: res5_1_branch2c_bn 	 layer total channels: 2048 	 remainingchannels: 1671.0 	 pruned rate: 18.41%
bn layer name: res5_2_branch2a_bn 	 layer total channels: 512 	 remainingchannels: 168.0 	 pruned rate: 67.19%
bn layer name: res5_2_branch2b_bn 	 layer total channels: 512 	 remainingchannels: 128.0 	 pruned rate: 75.00%
bn layer name: res5_2_branch2c_bn 	 layer total channels: 2048 	 remainingchannels: 1826.0 	 pruned rate: 10.84%
bn layer name: res_conv1_bn 	 layer total channels: 64 	 remainingchannels: 42.0 	 pruned rate: 34.38%
total pruned rate: 0.500037650602
====================================================================================================
op type: ImageInput
in channels: 3, out channels: 3

====================================================================================================
op type: StopGradient
in channels: 3, out channels: 3

====================================================================================================
op type: StopGradient
in channels: 3, out channels: 3

====================================================================================================
op type: Conv
in channels: 3, out channels: 64

====================================================================================================
op type: SpatialBN
in channels: 3, out channels: 64

====================================================================================================
op type: Relu
in channels: 3, out channels: 64

====================================================================================================
op type: MaxPool
in channels: 64, out channels: 64

====================================================================================================
op type: Conv
in channels: 64, out channels: 256

====================================================================================================
op type: SpatialBN
in channels: 64, out channels: 256

====================================================================================================
op type: Conv
in channels: 64, out channels: 64

====================================================================================================
op type: SpatialBN
in channels: 64, out channels: 36.0

====================================================================================================
op type: Relu
in channels: 36.0, out channels: 36.0

====================================================================================================
C_in: 36.0, old_in: 64
op type: Conv
in channels: 36.0, out channels: 64

====================================================================================================
op type: SpatialBN
in channels: 64, out channels: 18.0

====================================================================================================
op type: Relu
in channels: 18.0, out channels: 18.0

====================================================================================================
op type: Conv
in channels: 18.0, out channels: 256

====================================================================================================
op type: SpatialBN
in channels: 18.0, out channels: 256

====================================================================================================
op type: Sum
in channels: 18.0, out channels: 256

====================================================================================================
op type: Relu
in channels: 256, out channels: 256

====================================================================================================
op type: Conv
in channels: 256, out channels: 64

====================================================================================================
op type: SpatialBN
in channels: 64, out channels: 37.0

====================================================================================================
op type: Relu
in channels: 37.0, out channels: 37.0

====================================================================================================
C_in: 37.0, old_in: 64
op type: Conv
in channels: 37.0, out channels: 64

====================================================================================================
op type: SpatialBN
in channels: 64, out channels: 44.0

====================================================================================================
op type: Relu
in channels: 44.0, out channels: 44.0

====================================================================================================
op type: Conv
in channels: 44.0, out channels: 256

====================================================================================================
op type: SpatialBN
in channels: 44.0, out channels: 256

====================================================================================================
op type: Sum
in channels: 44.0, out channels: 256

====================================================================================================
op type: Relu
in channels: 256, out channels: 256

====================================================================================================
op type: Conv
in channels: 256, out channels: 64

====================================================================================================
op type: SpatialBN
in channels: 64, out channels: 56.0

====================================================================================================
op type: Relu
in channels: 56.0, out channels: 56.0

====================================================================================================
C_in: 56.0, old_in: 64
op type: Conv
in channels: 56.0, out channels: 64

====================================================================================================
op type: SpatialBN
in channels: 64, out channels: 51.0

====================================================================================================
op type: Relu
in channels: 51.0, out channels: 51.0

====================================================================================================
op type: Conv
in channels: 51.0, out channels: 256

====================================================================================================
op type: SpatialBN
in channels: 51.0, out channels: 256

====================================================================================================
op type: Sum
in channels: 51.0, out channels: 256

====================================================================================================
op type: Relu
in channels: 256, out channels: 256

====================================================================================================
op type: Conv
in channels: 256, out channels: 512

====================================================================================================
op type: SpatialBN
in channels: 256, out channels: 512

====================================================================================================
op type: Conv
in channels: 256, out channels: 128

====================================================================================================
op type: SpatialBN
in channels: 128, out channels: 111.0

====================================================================================================
op type: Relu
in channels: 111.0, out channels: 111.0

====================================================================================================
C_in: 111.0, old_in: 128
op type: Conv
in channels: 111.0, out channels: 128

====================================================================================================
op type: SpatialBN
in channels: 128, out channels: 104.0

====================================================================================================
op type: Relu
in channels: 104.0, out channels: 104.0

====================================================================================================
op type: Conv
in channels: 104.0, out channels: 512

====================================================================================================
op type: SpatialBN
in channels: 104.0, out channels: 512

====================================================================================================
op type: Sum
in channels: 104.0, out channels: 512

====================================================================================================
op type: Relu
in channels: 512, out channels: 512

====================================================================================================
op type: Conv
in channels: 512, out channels: 128

====================================================================================================
op type: SpatialBN
in channels: 128, out channels: 66.0

====================================================================================================
op type: Relu
in channels: 66.0, out channels: 66.0

====================================================================================================
C_in: 66.0, old_in: 128
op type: Conv
in channels: 66.0, out channels: 128

====================================================================================================
op type: SpatialBN
in channels: 128, out channels: 95.0

====================================================================================================
op type: Relu
in channels: 95.0, out channels: 95.0

====================================================================================================
op type: Conv
in channels: 95.0, out channels: 512

====================================================================================================
op type: SpatialBN
in channels: 95.0, out channels: 512

====================================================================================================
op type: Sum
in channels: 95.0, out channels: 512

====================================================================================================
op type: Relu
in channels: 512, out channels: 512

====================================================================================================
op type: Conv
in channels: 512, out channels: 128

====================================================================================================
op type: SpatialBN
in channels: 128, out channels: 98.0

====================================================================================================
op type: Relu
in channels: 98.0, out channels: 98.0

====================================================================================================
C_in: 98.0, old_in: 128
op type: Conv
in channels: 98.0, out channels: 128

====================================================================================================
op type: SpatialBN
in channels: 128, out channels: 110.0

====================================================================================================
op type: Relu
in channels: 110.0, out channels: 110.0

====================================================================================================
op type: Conv
in channels: 110.0, out channels: 512

====================================================================================================
op type: SpatialBN
in channels: 110.0, out channels: 512

====================================================================================================
op type: Sum
in channels: 110.0, out channels: 512

====================================================================================================
op type: Relu
in channels: 512, out channels: 512

====================================================================================================
op type: Conv
in channels: 512, out channels: 128

====================================================================================================
op type: SpatialBN
in channels: 128, out channels: 83.0

====================================================================================================
op type: Relu
in channels: 83.0, out channels: 83.0

====================================================================================================
C_in: 83.0, old_in: 128
op type: Conv
in channels: 83.0, out channels: 128

====================================================================================================
op type: SpatialBN
in channels: 128, out channels: 91.0

====================================================================================================
op type: Relu
in channels: 91.0, out channels: 91.0

====================================================================================================
op type: Conv
in channels: 91.0, out channels: 512

====================================================================================================
op type: SpatialBN
in channels: 91.0, out channels: 512

====================================================================================================
op type: Sum
in channels: 91.0, out channels: 512

====================================================================================================
op type: Relu
in channels: 512, out channels: 512

====================================================================================================
op type: Conv
in channels: 512, out channels: 1024

====================================================================================================
op type: SpatialBN
in channels: 512, out channels: 1024

====================================================================================================
op type: Conv
in channels: 512, out channels: 256

====================================================================================================
op type: SpatialBN
in channels: 256, out channels: 220.0

====================================================================================================
op type: Relu
in channels: 220.0, out channels: 220.0

====================================================================================================
C_in: 220.0, old_in: 256
op type: Conv
in channels: 220.0, out channels: 256

====================================================================================================
op type: SpatialBN
in channels: 256, out channels: 177.0

====================================================================================================
op type: Relu
in channels: 177.0, out channels: 177.0

====================================================================================================
op type: Conv
in channels: 177.0, out channels: 1024

====================================================================================================
op type: SpatialBN
in channels: 177.0, out channels: 1024

====================================================================================================
op type: Sum
in channels: 177.0, out channels: 1024

====================================================================================================
op type: Relu
in channels: 1024, out channels: 1024

====================================================================================================
op type: Conv
in channels: 1024, out channels: 256

====================================================================================================
op type: SpatialBN
in channels: 256, out channels: 100.0

====================================================================================================
op type: Relu
in channels: 100.0, out channels: 100.0

====================================================================================================
C_in: 100.0, old_in: 256
op type: Conv
in channels: 100.0, out channels: 256

====================================================================================================
op type: SpatialBN
in channels: 256, out channels: 148.0

====================================================================================================
op type: Relu
in channels: 148.0, out channels: 148.0

====================================================================================================
op type: Conv
in channels: 148.0, out channels: 1024

====================================================================================================
op type: SpatialBN
in channels: 148.0, out channels: 1024

====================================================================================================
op type: Sum
in channels: 148.0, out channels: 1024

====================================================================================================
op type: Relu
in channels: 1024, out channels: 1024

====================================================================================================
op type: Conv
in channels: 1024, out channels: 256

====================================================================================================
op type: SpatialBN
in channels: 256, out channels: 127.0

====================================================================================================
op type: Relu
in channels: 127.0, out channels: 127.0

====================================================================================================
C_in: 127.0, old_in: 256
op type: Conv
in channels: 127.0, out channels: 256

====================================================================================================
op type: SpatialBN
in channels: 256, out channels: 127.0

====================================================================================================
op type: Relu
in channels: 127.0, out channels: 127.0

====================================================================================================
op type: Conv
in channels: 127.0, out channels: 1024

====================================================================================================
op type: SpatialBN
in channels: 127.0, out channels: 1024

====================================================================================================
op type: Sum
in channels: 127.0, out channels: 1024

====================================================================================================
op type: Relu
in channels: 1024, out channels: 1024

====================================================================================================
op type: Conv
in channels: 1024, out channels: 256

====================================================================================================
op type: SpatialBN
in channels: 256, out channels: 112.0

====================================================================================================
op type: Relu
in channels: 112.0, out channels: 112.0

====================================================================================================
C_in: 112.0, old_in: 256
op type: Conv
in channels: 112.0, out channels: 256

====================================================================================================
op type: SpatialBN
in channels: 256, out channels: 166.0

====================================================================================================
op type: Relu
in channels: 166.0, out channels: 166.0

====================================================================================================
op type: Conv
in channels: 166.0, out channels: 1024

====================================================================================================
op type: SpatialBN
in channels: 166.0, out channels: 1024

====================================================================================================
op type: Sum
in channels: 166.0, out channels: 1024

====================================================================================================
op type: Relu
in channels: 1024, out channels: 1024

====================================================================================================
op type: Conv
in channels: 1024, out channels: 256

====================================================================================================
op type: SpatialBN
in channels: 256, out channels: 116.0

====================================================================================================
op type: Relu
in channels: 116.0, out channels: 116.0

====================================================================================================
C_in: 116.0, old_in: 256
op type: Conv
in channels: 116.0, out channels: 256

====================================================================================================
op type: SpatialBN
in channels: 256, out channels: 162.0

====================================================================================================
op type: Relu
in channels: 162.0, out channels: 162.0

====================================================================================================
op type: Conv
in channels: 162.0, out channels: 1024

====================================================================================================
op type: SpatialBN
in channels: 162.0, out channels: 1024

====================================================================================================
op type: Sum
in channels: 162.0, out channels: 1024

====================================================================================================
op type: Relu
in channels: 1024, out channels: 1024

====================================================================================================
op type: Conv
in channels: 1024, out channels: 256

====================================================================================================
op type: SpatialBN
in channels: 256, out channels: 143.0

====================================================================================================
op type: Relu
in channels: 143.0, out channels: 143.0

====================================================================================================
C_in: 143.0, old_in: 256
op type: Conv
in channels: 143.0, out channels: 256

====================================================================================================
op type: SpatialBN
in channels: 256, out channels: 166.0

====================================================================================================
op type: Relu
in channels: 166.0, out channels: 166.0

====================================================================================================
op type: Conv
in channels: 166.0, out channels: 1024

====================================================================================================
op type: SpatialBN
in channels: 166.0, out channels: 1024

====================================================================================================
op type: Sum
in channels: 166.0, out channels: 1024

====================================================================================================
op type: Relu
in channels: 1024, out channels: 1024

====================================================================================================
op type: Conv
in channels: 1024, out channels: 2048

====================================================================================================
op type: SpatialBN
in channels: 1024, out channels: 2048

====================================================================================================
op type: Conv
in channels: 1024, out channels: 512

====================================================================================================
op type: SpatialBN
in channels: 512, out channels: 260.0

====================================================================================================
op type: Relu
in channels: 260.0, out channels: 260.0

====================================================================================================
C_in: 260.0, old_in: 512
op type: Conv
in channels: 260.0, out channels: 512

====================================================================================================
op type: SpatialBN
in channels: 512, out channels: 398.0

====================================================================================================
op type: Relu
in channels: 398.0, out channels: 398.0

====================================================================================================
op type: Conv
in channels: 398.0, out channels: 2048

====================================================================================================
op type: SpatialBN
in channels: 398.0, out channels: 2048

====================================================================================================
op type: Sum
in channels: 398.0, out channels: 2048

====================================================================================================
op type: Relu
in channels: 2048, out channels: 2048

====================================================================================================
op type: Conv
in channels: 2048, out channels: 512

====================================================================================================
op type: SpatialBN
in channels: 512, out channels: 211.0

====================================================================================================
op type: Relu
in channels: 211.0, out channels: 211.0

====================================================================================================
C_in: 211.0, old_in: 512
op type: Conv
in channels: 211.0, out channels: 512

====================================================================================================
op type: SpatialBN
in channels: 512, out channels: 212.0

====================================================================================================
op type: Relu
in channels: 212.0, out channels: 212.0

====================================================================================================
op type: Conv
in channels: 212.0, out channels: 2048

====================================================================================================
op type: SpatialBN
in channels: 212.0, out channels: 2048

====================================================================================================
op type: Sum
in channels: 212.0, out channels: 2048

====================================================================================================
op type: Relu
in channels: 2048, out channels: 2048

====================================================================================================
op type: Conv
in channels: 2048, out channels: 512

====================================================================================================
op type: SpatialBN
in channels: 512, out channels: 168.0

====================================================================================================
op type: Relu
in channels: 168.0, out channels: 168.0

====================================================================================================
C_in: 168.0, old_in: 512
op type: Conv
in channels: 168.0, out channels: 512

====================================================================================================
op type: SpatialBN
in channels: 512, out channels: 128.0

====================================================================================================
op type: Relu
in channels: 128.0, out channels: 128.0

====================================================================================================
op type: Conv
in channels: 128.0, out channels: 2048

====================================================================================================
op type: SpatialBN
in channels: 128.0, out channels: 2048

====================================================================================================
op type: Sum
in channels: 128.0, out channels: 2048

====================================================================================================
op type: Relu
in channels: 2048, out channels: 2048

====================================================================================================
op type: AveragePool
in channels: 2048, out channels: 2048

====================================================================================================
op type: FC
in channels: 2048, out channels: 2048

====================================================================================================
op type: Relu
in channels: 2048, out channels: 2048

====================================================================================================
op type: FC
in channels: 2048, out channels: 2048

====================================================================================================
op type: Sigmoid
in channels: 2048, out channels: 2048

====================================================================================================
op type: Mul
in channels: 2048, out channels: 2048

====================================================================================================
op type: AveragePool
in channels: 2048, out channels: 2048

====================================================================================================
op type: FC
in channels: 2048, out channels: 2048

====================================================================================================
op type: AveragePool
in channels: 2048, out channels: 2048

====================================================================================================
op type: FC
in channels: 2048, out channels: 2048

====================================================================================================
op type: Relu
in channels: 2048, out channels: 2048

====================================================================================================
op type: FC
in channels: 2048, out channels: 2048

====================================================================================================
op type: Sigmoid
in channels: 2048, out channels: 2048

====================================================================================================
op type: Mul
in channels: 2048, out channels: 2048

====================================================================================================
op type: AveragePool
in channels: 2048, out channels: 2048

====================================================================================================
op type: FC
in channels: 2048, out channels: 2048

====================================================================================================
op type: Concat
in channels: 2048, out channels: 2048

====================================================================================================
op type: FC
in channels: 2048, out channels: 2048

====================================================================================================
op type: SoftmaxWithLoss
in channels: 2048, out channels: 2048

====================================================================================================
op type: Split
in channels: 2048, out channels: 2048

====================================================================================================
op type: Sub
in channels: 2048, out channels: 2048

====================================================================================================
op type: Abs
in channels: 2048, out channels: 2048

====================================================================================================
op type: Mul
in channels: 2048, out channels: 2048

====================================================================================================
op type: ReduceBackSum
in channels: 2048, out channels: 2048

====================================================================================================
op type: Sqrt
in channels: 2048, out channels: 2048

====================================================================================================
op type: ReduceBackSum
in channels: 2048, out channels: 2048

====================================================================================================
op type: GivenTensorFill
in channels: 2048, out channels: 2048

====================================================================================================
op type: Div
in channels: 2048, out channels: 2048

====================================================================================================
op type: ConstantFill
in channels: 2048, out channels: 2048

====================================================================================================
op type: Mul
in channels: 2048, out channels: 2048

====================================================================================================
op type: Sum
in channels: 2048, out channels: 2048

====================================================================================================
op type: Accuracy
in channels: 2048, out channels: 2048

====================================================================================================
op type: Accuracy
in channels: 2048, out channels: 2048





new weights_map:

res2_0_branch2a_bn_s : [36]
res2_0_branch2b_bn_rm : [18]
res_conv1_bn_b : [64]
res2_2_branch2a_bn_rm : [56]
res2_2_branch2b_bn_rm : [51]
res4_3_branch2a_bn_b : [112]
res2_1_branch2a_bn_s : [37]
res2_2_branch2a_w : [ 56 256   1   1]
res3_2_branch2c_bn_b : [512]
res5_0_branch2c_bn_s : [2048]
res2_0_branch2a_bn_b : [36]
res_conv1_bn_s : [64]
res5_2_branch2a_bn_rm : [168]
res4_5_branch2b_bn_rm : [166]
res5_0_branch1_bn_riv : [2048]
res2_1_branch2a_bn_b : [37]
res2_1_branch2c_w : [256  64   1   1]
res4_2_branch2c_w : [1024  256    1    1]
res3_1_branch2b_w : [95 66  3  3]
res3_2_branch2c_bn_s : [512]
res3_1_branch2b_bn_riv : [95]
res3_1_branch2a_bn_rm : [66]
res4_4_branch2b_w : [162 116   3   3]
res4_4_branch2c_bn_rm : [1024]
res3_1_branch2b_bn_b : [95]
bi_attention_pred_b : [200]
res3_1_branch2c_bn_b : [512]
res5_2_branch2b_w : [128 168   3   3]
res4_3_branch2a_bn_rm : [112]
res2_1_branch2c_bn_b : [256]
res2_0_branch2b_bn_b : [18]
res4_0_branch2a_bn_s : [220]
res3_2_branch2b_bn_b : [110]
res3_3_branch2a_w : [ 83 512   1   1]
bi_attention_pred_w : [ 200 2048]
res3_1_branch2b_bn_s : [95]
res3_1_branch2c_bn_s : [512]
res4_0_branch2a_bn_rm : [220]
res5_1_branch2c_w : [2048  512    1    1]
res2_1_branch2c_bn_s : [256]
res2_0_branch2b_bn_s : [18]
res3_2_branch2b_bn_s : [110]
res4_0_branch2a_bn_b : [220]
res4_0_branch2c_bn_b : [1024]
res5_2_branch2b_bn_rm : [128]
res2_1_branch2b_bn_riv : [44]
res3_1_branch2b_bn_rm : [95]
res3_3_branch2b_bn_s : [91]
res5_1_branch2c_bn_s : [2048]
res4_2_branch2a_w : [ 127 1024    1    1]
osme_fc1_2_w : [ 128 2048]
conv1_b : [64]
res2_0_branch2c_bn_b : [256]
res4_0_branch2c_bn_s : [1024]
res4_3_branch2b_bn_rm : [166]
res5_0_branch2b_bn_s : [398]
res3_3_branch2b_bn_b : [91]
res4_3_branch2c_bn_riv : [1024]
res5_1_branch2c_bn_b : [2048]
res2_0_branch1_bn_rm : [256]
res4_1_branch2a_bn_riv : [100]
conv1_w : [64  3  7  7]
res3_0_branch2b_bn_b : [104]
res4_3_branch2b_w : [166 112   3   3]
osme_fc2_2_w : [2048  128]
osme_fc2_1_w : [2048  128]
res2_1_branch2b_bn_rm : [44]
res4_1_branch2c_bn_b : [1024]
res3_2_branch2a_w : [ 98 512   1   1]
res4_1_branch2b_bn_b : [148]
res5_0_branch2c_bn_b : [2048]
res4_5_branch2c_w : [1024  256    1    1]
res2_0_branch1_w : [256  64   1   1]
res4_4_branch2b_bn_riv : [162]
res2_1_branch2c_bn_rm : [256]
res3_2_branch2c_w : [512 128   1   1]
res3_0_branch2b_bn_s : [104]
res4_1_branch2c_bn_s : [1024]
res4_1_branch2b_bn_s : [148]
res4_0_branch2c_bn_rm : [1024]
res2_2_branch2a_bn_riv : [56]
res5_0_branch2b_w : [398 260   3   3]
res4_1_branch2c_bn_riv : [1024]
attention_1_b : [1024]
res4_4_branch2a_bn_s : [116]
res4_5_branch2c_bn_rm : [1024]
res4_0_branch2b_bn_rm : [177]
res4_5_branch2a_w : [ 143 1024    1    1]
res2_0_branch1_bn_riv : [256]
res4_2_branch2b_bn_s : [127]
res2_2_branch2a_bn_b : [56]
res_conv1_bn_riv : [64]
res4_4_branch2a_bn_b : [116]
res4_3_branch2a_bn_s : [112]
res4_0_branch2c_bn_riv : [1024]
res4_2_branch2b_bn_b : [127]
res2_2_branch2a_bn_s : [56]
res2_0_branch2a_bn_riv : [36]
res3_0_branch2b_bn_rm : [104]
res4_4_branch2a_bn_riv : [116]
res5_0_branch2a_bn_rm : [260]
res5_2_branch2a_bn_riv : [168]
res5_1_branch2b_bn_riv : [212]
res5_1_branch2c_bn_riv : [2048]
osme_fc2_2_b : [2048]
osme_fc1_2_b : [128]
res4_5_branch2b_bn_riv : [166]
res5_2_branch2c_bn_s : [2048]
res3_2_branch2a_bn_rm : [98]
res5_1_branch2a_bn_rm : [211]
res4_2_branch2c_bn_rm : [1024]
res2_0_branch2c_w : [256  64   1   1]
res5_0_branch2a_bn_b : [260]
res3_2_branch2a_bn_s : [98]
res3_0_branch2c_bn_rm : [512]
res5_2_branch2c_bn_b : [2048]
res4_0_branch2b_w : [177 220   3   3]
res3_3_branch2c_w : [512 128   1   1]
res5_2_branch2a_w : [ 168 2048    1    1]
res5_2_branch2c_bn_rm : [2048]
res3_2_branch2a_bn_b : [98]
res5_0_branch2a_bn_s : [260]
res4_1_branch2b_bn_riv : [148]
res3_0_branch2a_bn_s : [111]
res4_4_branch2b_bn_b : [162]
res4_3_branch2b_bn_riv : [166]
res4_2_branch2c_bn_riv : [1024]
attention_1_w : [1024 2048]
res3_2_branch2b_w : [110  98   3   3]
res4_1_branch2a_bn_s : [100]
osme_fc1_1_w : [ 128 2048]
res4_0_branch2b_bn_b : [177]
res3_0_branch2a_bn_b : [111]
res4_4_branch2b_bn_s : [162]
res2_2_branch2b_bn_riv : [51]
res2_1_branch2a_w : [ 37 256   1   1]
osme_fc1_1_b : [128]
res2_2_branch2c_w : [256  64   1   1]
res4_0_branch1_w : [1024  512    1    1]
res4_0_branch2b_bn_s : [177]
res3_3_branch2a_bn_riv : [83]
res4_2_branch2a_bn_b : [127]
res4_5_branch2a_bn_rm : [143]
res3_2_branch2c_bn_rm : [512]
res5_2_branch2b_bn_s : [128]
res2_0_branch2a_bn_rm : [36]
res5_0_branch2b_bn_riv : [398]
res3_1_branch2a_bn_b : [66]
res3_3_branch2b_bn_rm : [91]
res4_3_branch2c_bn_s : [1024]
res3_0_branch1_w : [512 256   1   1]
res4_2_branch2a_bn_s : [127]
res5_2_branch2b_bn_b : [128]
res3_1_branch2a_bn_s : [66]
res4_3_branch2c_bn_b : [1024]
osme_fc2_1_b : [2048]
res4_5_branch2b_w : [166 143   3   3]
res5_0_branch2b_bn_b : [398]
res5_2_branch2a_bn_b : [168]
res5_0_branch2c_bn_riv : [2048]
res5_1_branch2a_bn_s : [211]
res3_3_branch2a_bn_rm : [83]
res4_0_branch2a_bn_riv : [220]
res3_3_branch2c_bn_riv : [512]
res2_1_branch2a_bn_rm : [37]
res2_0_branch1_bn_s : [256]
res2_2_branch2b_bn_s : [51]
res5_2_branch2a_bn_s : [168]
res_conv1_bn_rm : [64]
res5_1_branch2a_bn_b : [211]
res2_0_branch2c_bn_riv : [256]
res3_2_branch2b_bn_rm : [110]
res2_0_branch1_bn_b : [256]
res2_2_branch2b_bn_b : [51]
res2_2_branch2c_bn_s : [256]
res4_2_branch2b_bn_riv : [127]
res4_1_branch2a_bn_b : [100]
res4_0_branch1_bn_rm : [1024]
res4_0_branch1_bn_s : [1024]
res5_0_branch1_bn_s : [2048]
res4_2_branch2a_bn_rm : [127]
res4_0_branch2c_w : [1024  256    1    1]
res4_1_branch2a_w : [ 100 1024    1    1]
res5_0_branch2c_bn_rm : [2048]
res2_2_branch2c_bn_b : [256]
res2_0_branch2b_w : [18 36  3  3]
res3_0_branch1_bn_rm : [512]
res4_0_branch1_bn_b : [1024]
res4_1_branch2c_bn_rm : [1024]
res5_0_branch1_bn_b : [2048]
res4_0_branch2a_w : [220 512   1   1]
res4_1_branch2c_w : [1024  256    1    1]
res2_1_branch2b_bn_s : [44]
res4_2_branch2b_w : [127 127   3   3]
attention_2_w : [1024 2048]
res3_0_branch1_bn_b : [512]
res3_3_branch2c_bn_b : [512]
res3_0_branch1_bn_riv : [512]
res4_2_branch2a_bn_riv : [127]
res4_1_branch2a_bn_rm : [100]
res5_1_branch2b_w : [212 211   3   3]
res3_0_branch2c_bn_riv : [512]
attention_2_b : [1024]
res4_5_branch2c_bn_riv : [1024]
res4_4_branch2c_bn_riv : [1024]
res3_0_branch1_bn_s : [512]
res3_3_branch2c_bn_rm : [512]
res3_3_branch2c_bn_s : [512]
res3_0_branch2a_bn_riv : [111]
res3_3_branch2b_bn_riv : [91]
res5_1_branch2a_w : [ 211 2048    1    1]
res3_1_branch2a_w : [ 66 512   1   1]
res2_2_branch2b_w : [51 56  3  3]
res3_3_branch2a_bn_b : [83]
res2_1_branch2c_bn_riv : [256]
res4_5_branch2b_bn_b : [166]
res2_1_branch2b_w : [44 37  3  3]
res4_1_branch2b_bn_rm : [148]
res3_1_branch2c_w : [512 128   1   1]
res3_2_branch2a_bn_riv : [98]
res3_3_branch2a_bn_s : [83]
res3_0_branch2b_w : [104 111   3   3]
res4_5_branch2a_bn_riv : [143]
res4_5_branch2b_bn_s : [166]
res2_1_branch2a_bn_riv : [37]
res3_1_branch2c_bn_riv : [512]
res5_1_branch2a_bn_riv : [211]
res3_0_branch2c_bn_b : [512]
res3_0_branch2a_bn_rm : [111]
res4_4_branch2c_bn_b : [1024]
res5_0_branch2a_bn_riv : [260]
res2_2_branch2c_bn_rm : [256]
res5_2_branch2c_bn_riv : [2048]
res3_3_branch2b_w : [91 83  3  3]
res5_2_branch2b_bn_riv : [128]
res4_2_branch2b_bn_rm : [127]
res5_2_branch2c_w : [2048  512    1    1]
res3_0_branch2c_bn_s : [512]
res4_4_branch2c_bn_s : [1024]
res4_4_branch2a_w : [ 116 1024    1    1]
res5_0_branch2b_bn_rm : [398]
res2_0_branch2a_w : [36 64  1  1]
res4_4_branch2b_bn_rm : [162]
res5_1_branch2b_bn_rm : [212]
res4_3_branch2a_bn_riv : [112]
res5_0_branch2c_w : [2048  512    1    1]
res5_1_branch2b_bn_b : [212]
res4_3_branch2a_w : [ 112 1024    1    1]
res3_1_branch2a_bn_riv : [66]
res5_0_branch1_bn_rm : [2048]
res4_3_branch2c_bn_rm : [1024]
res3_2_branch2b_bn_riv : [110]
res2_1_branch2b_bn_b : [44]
res2_0_branch2b_bn_riv : [18]
res4_1_branch2b_w : [148 100   3   3]
res5_1_branch2b_bn_s : [212]
res4_4_branch2c_w : [1024  256    1    1]
res2_0_branch2c_bn_rm : [256]
res5_1_branch2c_bn_rm : [2048]
res4_0_branch2b_bn_riv : [177]
res3_0_branch2c_w : [512 128   1   1]
res2_2_branch2c_bn_riv : [256]
res4_0_branch1_bn_riv : [1024]
res5_0_branch1_w : [2048 1024    1    1]
res3_1_branch2c_bn_rm : [512]
res4_5_branch2c_bn_b : [1024]
res4_3_branch2c_w : [1024  256    1    1]
res4_5_branch2a_bn_s : [143]
res4_3_branch2b_bn_s : [166]
res4_2_branch2c_bn_s : [1024]
res4_4_branch2a_bn_rm : [116]
res3_2_branch2c_bn_riv : [512]
res5_0_branch2a_w : [ 260 1024    1    1]
res4_5_branch2c_bn_s : [1024]
res4_5_branch2a_bn_b : [143]
res4_2_branch2c_bn_b : [1024]
res2_0_branch2c_bn_s : [256]
res4_3_branch2b_bn_b : [166]
res3_0_branch2b_bn_riv : [104]
res3_0_branch2a_w : [111 256   1   1]
++++++++++++++++++++++++++++++++++++++++++++++++++++++++++++++++++++++++++++++++++++++++++++++++++++
computing the params and FLOPs of network
====================================================================================================
feature map shape: (N, 3, 224, 224)

====================================================================================================
feature map shape: (N, 3, 224, 224)

====================================================================================================
feature map shape: (N, 3, 224, 224)

====================================================================================================
conv_params: 9472.0, conv_flops: 118816768.0
feature map shape: (N, 64, 112.0, 112.0)

====================================================================================================
bn_params: 128, bn_flops: 802816.0
feature map shape: (N, 64, 112.0, 112.0)

====================================================================================================
feature map shape: (N, 64, 112.0, 112.0)

====================================================================================================
feature map shape: (N, 64, 56.0, 56.0)

====================================================================================================
conv_params: 16640.0, conv_flops: 52183040.0
feature map shape: (N, 256, 56.0, 56.0)

====================================================================================================
bn_params: 512, bn_flops: 802816.0
feature map shape: (N, 256, 56.0, 56.0)

====================================================================================================
conv_params: 2340.0, conv_flops: 7338240.0
feature map shape: (N, 36, 56.0, 56.0)

====================================================================================================
bn_params: 72, bn_flops: 112896.0
feature map shape: (N, 36, 56.0, 56.0)

====================================================================================================
feature map shape: (N, 36, 56.0, 56.0)

====================================================================================================
conv_params: 5850.0, conv_flops: 18345600.0
feature map shape: (N, 18, 56.0, 56.0)

====================================================================================================
bn_params: 36, bn_flops: 56448.0
feature map shape: (N, 18, 56.0, 56.0)

====================================================================================================
feature map shape: (N, 18, 56.0, 56.0)

====================================================================================================
conv_params: 16640.0, conv_flops: 52183040.0
feature map shape: (N, 256, 56.0, 56.0)

====================================================================================================
bn_params: 512, bn_flops: 802816.0
feature map shape: (N, 256, 56.0, 56.0)

====================================================================================================
feature map shape: (N, 256, 56.0, 56.0)

====================================================================================================
feature map shape: (N, 256, 56.0, 56.0)

====================================================================================================
conv_params: 9509.0, conv_flops: 29820224.0
feature map shape: (N, 37, 56.0, 56.0)

====================================================================================================
bn_params: 74, bn_flops: 116032.0
feature map shape: (N, 37, 56.0, 56.0)

====================================================================================================
feature map shape: (N, 37, 56.0, 56.0)

====================================================================================================
conv_params: 14696.0, conv_flops: 46086656.0
feature map shape: (N, 44, 56.0, 56.0)

====================================================================================================
bn_params: 88, bn_flops: 137984.0
feature map shape: (N, 44, 56.0, 56.0)

====================================================================================================
feature map shape: (N, 44, 56.0, 56.0)

====================================================================================================
conv_params: 16640.0, conv_flops: 52183040.0
feature map shape: (N, 256, 56.0, 56.0)

====================================================================================================
bn_params: 512, bn_flops: 802816.0
feature map shape: (N, 256, 56.0, 56.0)

====================================================================================================
feature map shape: (N, 256, 56.0, 56.0)

====================================================================================================
feature map shape: (N, 256, 56.0, 56.0)

====================================================================================================
conv_params: 14392.0, conv_flops: 45133312.0
feature map shape: (N, 56, 56.0, 56.0)

====================================================================================================
bn_params: 112, bn_flops: 175616.0
feature map shape: (N, 56, 56.0, 56.0)

====================================================================================================
feature map shape: (N, 56, 56.0, 56.0)

====================================================================================================
conv_params: 25755.0, conv_flops: 80767680.0
feature map shape: (N, 51, 56.0, 56.0)

====================================================================================================
bn_params: 102, bn_flops: 159936.0
feature map shape: (N, 51, 56.0, 56.0)

====================================================================================================
feature map shape: (N, 51, 56.0, 56.0)

====================================================================================================
conv_params: 16640.0, conv_flops: 52183040.0
feature map shape: (N, 256, 56.0, 56.0)

====================================================================================================
bn_params: 512, bn_flops: 802816.0
feature map shape: (N, 256, 56.0, 56.0)

====================================================================================================
feature map shape: (N, 256, 56.0, 56.0)

====================================================================================================
feature map shape: (N, 256, 56.0, 56.0)

====================================================================================================
conv_params: 131584.0, conv_flops: 103161856.0
feature map shape: (N, 512, 28.0, 28.0)

====================================================================================================
bn_params: 1024, bn_flops: 401408.0
feature map shape: (N, 512, 28.0, 28.0)

====================================================================================================
conv_params: 28527.0, conv_flops: 22365168.0
feature map shape: (N, 111, 28.0, 28.0)

====================================================================================================
bn_params: 222, bn_flops: 87024.0
feature map shape: (N, 111, 28.0, 28.0)

====================================================================================================
feature map shape: (N, 111, 28.0, 28.0)

====================================================================================================
conv_params: 104000.0, conv_flops: 81536000.0
feature map shape: (N, 104, 28.0, 28.0)

====================================================================================================
bn_params: 208, bn_flops: 81536.0
feature map shape: (N, 104, 28.0, 28.0)

====================================================================================================
feature map shape: (N, 104, 28.0, 28.0)

====================================================================================================
conv_params: 66048.0, conv_flops: 51781632.0
feature map shape: (N, 512, 28.0, 28.0)

====================================================================================================
bn_params: 1024, bn_flops: 401408.0
feature map shape: (N, 512, 28.0, 28.0)

====================================================================================================
feature map shape: (N, 512, 28.0, 28.0)

====================================================================================================
feature map shape: (N, 512, 28.0, 28.0)

====================================================================================================
conv_params: 33858.0, conv_flops: 26544672.0
feature map shape: (N, 66, 28.0, 28.0)

====================================================================================================
bn_params: 132, bn_flops: 51744.0
feature map shape: (N, 66, 28.0, 28.0)

====================================================================================================
feature map shape: (N, 66, 28.0, 28.0)

====================================================================================================
conv_params: 56525.0, conv_flops: 44315600.0
feature map shape: (N, 95, 28.0, 28.0)

====================================================================================================
bn_params: 190, bn_flops: 74480.0
feature map shape: (N, 95, 28.0, 28.0)

====================================================================================================
feature map shape: (N, 95, 28.0, 28.0)

====================================================================================================
conv_params: 66048.0, conv_flops: 51781632.0
feature map shape: (N, 512, 28.0, 28.0)

====================================================================================================
bn_params: 1024, bn_flops: 401408.0
feature map shape: (N, 512, 28.0, 28.0)

====================================================================================================
feature map shape: (N, 512, 28.0, 28.0)

====================================================================================================
feature map shape: (N, 512, 28.0, 28.0)

====================================================================================================
conv_params: 50274.0, conv_flops: 39414816.0
feature map shape: (N, 98, 28.0, 28.0)

====================================================================================================
bn_params: 196, bn_flops: 76832.0
feature map shape: (N, 98, 28.0, 28.0)

====================================================================================================
feature map shape: (N, 98, 28.0, 28.0)

====================================================================================================
conv_params: 97130.0, conv_flops: 76149920.0
feature map shape: (N, 110, 28.0, 28.0)

====================================================================================================
bn_params: 220, bn_flops: 86240.0
feature map shape: (N, 110, 28.0, 28.0)

====================================================================================================
feature map shape: (N, 110, 28.0, 28.0)

====================================================================================================
conv_params: 66048.0, conv_flops: 51781632.0
feature map shape: (N, 512, 28.0, 28.0)

====================================================================================================
bn_params: 1024, bn_flops: 401408.0
feature map shape: (N, 512, 28.0, 28.0)

====================================================================================================
feature map shape: (N, 512, 28.0, 28.0)

====================================================================================================
feature map shape: (N, 512, 28.0, 28.0)

====================================================================================================
conv_params: 42579.0, conv_flops: 33381936.0
feature map shape: (N, 83, 28.0, 28.0)

====================================================================================================
bn_params: 166, bn_flops: 65072.0
feature map shape: (N, 83, 28.0, 28.0)

====================================================================================================
feature map shape: (N, 83, 28.0, 28.0)

====================================================================================================
conv_params: 68068.0, conv_flops: 53365312.0
feature map shape: (N, 91, 28.0, 28.0)

====================================================================================================
bn_params: 182, bn_flops: 71344.0
feature map shape: (N, 91, 28.0, 28.0)

====================================================================================================
feature map shape: (N, 91, 28.0, 28.0)

====================================================================================================
conv_params: 66048.0, conv_flops: 51781632.0
feature map shape: (N, 512, 28.0, 28.0)

====================================================================================================
bn_params: 1024, bn_flops: 401408.0
feature map shape: (N, 512, 28.0, 28.0)

====================================================================================================
feature map shape: (N, 512, 28.0, 28.0)

====================================================================================================
feature map shape: (N, 512, 28.0, 28.0)

====================================================================================================
conv_params: 525312.0, conv_flops: 102961152.0
feature map shape: (N, 1024, 14.0, 14.0)

====================================================================================================
bn_params: 2048, bn_flops: 200704.0
feature map shape: (N, 1024, 14.0, 14.0)

====================================================================================================
conv_params: 112860.0, conv_flops: 22120560.0
feature map shape: (N, 220, 14.0, 14.0)

====================================================================================================
bn_params: 440, bn_flops: 43120.0
feature map shape: (N, 220, 14.0, 14.0)

====================================================================================================
feature map shape: (N, 220, 14.0, 14.0)

====================================================================================================
conv_params: 350637.0, conv_flops: 68724852.0
feature map shape: (N, 177, 14.0, 14.0)

====================================================================================================
bn_params: 354, bn_flops: 34692.0
feature map shape: (N, 177, 14.0, 14.0)

====================================================================================================
feature map shape: (N, 177, 14.0, 14.0)

====================================================================================================
conv_params: 263168.0, conv_flops: 51580928.0
feature map shape: (N, 1024, 14.0, 14.0)

====================================================================================================
bn_params: 2048, bn_flops: 200704.0
feature map shape: (N, 1024, 14.0, 14.0)

====================================================================================================
feature map shape: (N, 1024, 14.0, 14.0)

====================================================================================================
feature map shape: (N, 1024, 14.0, 14.0)

====================================================================================================
conv_params: 102500.0, conv_flops: 20090000.0
feature map shape: (N, 100, 14.0, 14.0)

====================================================================================================
bn_params: 200, bn_flops: 19600.0
feature map shape: (N, 100, 14.0, 14.0)

====================================================================================================
feature map shape: (N, 100, 14.0, 14.0)

====================================================================================================
conv_params: 133348.0, conv_flops: 26136208.0
feature map shape: (N, 148, 14.0, 14.0)

====================================================================================================
bn_params: 296, bn_flops: 29008.0
feature map shape: (N, 148, 14.0, 14.0)

====================================================================================================
feature map shape: (N, 148, 14.0, 14.0)

====================================================================================================
conv_params: 263168.0, conv_flops: 51580928.0
feature map shape: (N, 1024, 14.0, 14.0)

====================================================================================================
bn_params: 2048, bn_flops: 200704.0
feature map shape: (N, 1024, 14.0, 14.0)

====================================================================================================
feature map shape: (N, 1024, 14.0, 14.0)

====================================================================================================
feature map shape: (N, 1024, 14.0, 14.0)

====================================================================================================
conv_params: 130175.0, conv_flops: 25514300.0
feature map shape: (N, 127, 14.0, 14.0)

====================================================================================================
bn_params: 254, bn_flops: 24892.0
feature map shape: (N, 127, 14.0, 14.0)

====================================================================================================
feature map shape: (N, 127, 14.0, 14.0)

====================================================================================================
conv_params: 145288.0, conv_flops: 28476448.0
feature map shape: (N, 127, 14.0, 14.0)

====================================================================================================
bn_params: 254, bn_flops: 24892.0
feature map shape: (N, 127, 14.0, 14.0)

====================================================================================================
feature map shape: (N, 127, 14.0, 14.0)

====================================================================================================
conv_params: 263168.0, conv_flops: 51580928.0
feature map shape: (N, 1024, 14.0, 14.0)

====================================================================================================
bn_params: 2048, bn_flops: 200704.0
feature map shape: (N, 1024, 14.0, 14.0)

====================================================================================================
feature map shape: (N, 1024, 14.0, 14.0)

====================================================================================================
feature map shape: (N, 1024, 14.0, 14.0)

====================================================================================================
conv_params: 114800.0, conv_flops: 22500800.0
feature map shape: (N, 112, 14.0, 14.0)

====================================================================================================
bn_params: 224, bn_flops: 21952.0
feature map shape: (N, 112, 14.0, 14.0)

====================================================================================================
feature map shape: (N, 112, 14.0, 14.0)

====================================================================================================
conv_params: 167494.0, conv_flops: 32828824.0
feature map shape: (N, 166, 14.0, 14.0)

====================================================================================================
bn_params: 332, bn_flops: 32536.0
feature map shape: (N, 166, 14.0, 14.0)

====================================================================================================
feature map shape: (N, 166, 14.0, 14.0)

====================================================================================================
conv_params: 263168.0, conv_flops: 51580928.0
feature map shape: (N, 1024, 14.0, 14.0)

====================================================================================================
bn_params: 2048, bn_flops: 200704.0
feature map shape: (N, 1024, 14.0, 14.0)

====================================================================================================
feature map shape: (N, 1024, 14.0, 14.0)

====================================================================================================
feature map shape: (N, 1024, 14.0, 14.0)

====================================================================================================
conv_params: 118900.0, conv_flops: 23304400.0
feature map shape: (N, 116, 14.0, 14.0)

====================================================================================================
bn_params: 232, bn_flops: 22736.0
feature map shape: (N, 116, 14.0, 14.0)

====================================================================================================
feature map shape: (N, 116, 14.0, 14.0)

====================================================================================================
conv_params: 169290.0, conv_flops: 33180840.0
feature map shape: (N, 162, 14.0, 14.0)

====================================================================================================
bn_params: 324, bn_flops: 31752.0
feature map shape: (N, 162, 14.0, 14.0)

====================================================================================================
feature map shape: (N, 162, 14.0, 14.0)

====================================================================================================
conv_params: 263168.0, conv_flops: 51580928.0
feature map shape: (N, 1024, 14.0, 14.0)

====================================================================================================
bn_params: 2048, bn_flops: 200704.0
feature map shape: (N, 1024, 14.0, 14.0)

====================================================================================================
feature map shape: (N, 1024, 14.0, 14.0)

====================================================================================================
feature map shape: (N, 1024, 14.0, 14.0)

====================================================================================================
conv_params: 146575.0, conv_flops: 28728700.0
feature map shape: (N, 143, 14.0, 14.0)

====================================================================================================
bn_params: 286, bn_flops: 28028.0
feature map shape: (N, 143, 14.0, 14.0)

====================================================================================================
feature map shape: (N, 143, 14.0, 14.0)

====================================================================================================
conv_params: 213808.0, conv_flops: 41906368.0
feature map shape: (N, 166, 14.0, 14.0)

====================================================================================================
bn_params: 332, bn_flops: 32536.0
feature map shape: (N, 166, 14.0, 14.0)

====================================================================================================
feature map shape: (N, 166, 14.0, 14.0)

====================================================================================================
conv_params: 263168.0, conv_flops: 51580928.0
feature map shape: (N, 1024, 14.0, 14.0)

====================================================================================================
bn_params: 2048, bn_flops: 200704.0
feature map shape: (N, 1024, 14.0, 14.0)

====================================================================================================
feature map shape: (N, 1024, 14.0, 14.0)

====================================================================================================
feature map shape: (N, 1024, 14.0, 14.0)

====================================================================================================
conv_params: 2099200.0, conv_flops: 102860800.0
feature map shape: (N, 2048, 7.0, 7.0)

====================================================================================================
bn_params: 4096, bn_flops: 100352.0
feature map shape: (N, 2048, 7.0, 7.0)

====================================================================================================
conv_params: 266500.0, conv_flops: 13058500.0
feature map shape: (N, 260, 7.0, 7.0)

====================================================================================================
bn_params: 520, bn_flops: 12740.0
feature map shape: (N, 260, 7.0, 7.0)

====================================================================================================
feature map shape: (N, 260, 7.0, 7.0)

====================================================================================================
conv_params: 931718.0, conv_flops: 45654182.0
feature map shape: (N, 398, 7.0, 7.0)

====================================================================================================
bn_params: 796, bn_flops: 19502.0
feature map shape: (N, 398, 7.0, 7.0)

====================================================================================================
feature map shape: (N, 398, 7.0, 7.0)

====================================================================================================
conv_params: 1050624.0, conv_flops: 51480576.0
feature map shape: (N, 2048, 7.0, 7.0)

====================================================================================================
bn_params: 4096, bn_flops: 100352.0
feature map shape: (N, 2048, 7.0, 7.0)

====================================================================================================
feature map shape: (N, 2048, 7.0, 7.0)

====================================================================================================
feature map shape: (N, 2048, 7.0, 7.0)

====================================================================================================
conv_params: 432339.0, conv_flops: 21184611.0
feature map shape: (N, 211, 7.0, 7.0)

====================================================================================================
bn_params: 422, bn_flops: 10339.0
feature map shape: (N, 211, 7.0, 7.0)

====================================================================================================
feature map shape: (N, 211, 7.0, 7.0)

====================================================================================================
conv_params: 402800.0, conv_flops: 19737200.0
feature map shape: (N, 212, 7.0, 7.0)

====================================================================================================
bn_params: 424, bn_flops: 10388.0
feature map shape: (N, 212, 7.0, 7.0)

====================================================================================================
feature map shape: (N, 212, 7.0, 7.0)

====================================================================================================
conv_params: 1050624.0, conv_flops: 51480576.0
feature map shape: (N, 2048, 7.0, 7.0)

====================================================================================================
bn_params: 4096, bn_flops: 100352.0
feature map shape: (N, 2048, 7.0, 7.0)

====================================================================================================
feature map shape: (N, 2048, 7.0, 7.0)

====================================================================================================
feature map shape: (N, 2048, 7.0, 7.0)

====================================================================================================
conv_params: 344232.0, conv_flops: 16867368.0
feature map shape: (N, 168, 7.0, 7.0)

====================================================================================================
bn_params: 336, bn_flops: 8232.0
feature map shape: (N, 168, 7.0, 7.0)

====================================================================================================
feature map shape: (N, 168, 7.0, 7.0)

====================================================================================================
conv_params: 193664.0, conv_flops: 9489536.0
feature map shape: (N, 128, 7.0, 7.0)

====================================================================================================
bn_params: 256, bn_flops: 6272.0
feature map shape: (N, 128, 7.0, 7.0)

====================================================================================================
feature map shape: (N, 128, 7.0, 7.0)

====================================================================================================
conv_params: 1050624.0, conv_flops: 51480576.0
feature map shape: (N, 2048, 7.0, 7.0)

====================================================================================================
bn_params: 4096, bn_flops: 100352.0
feature map shape: (N, 2048, 7.0, 7.0)

====================================================================================================
feature map shape: (N, 2048, 7.0, 7.0)

====================================================================================================
feature map shape: (N, 2048, 7.0, 7.0)

====================================================================================================
feature map shape: (N, 2048, 1.0, 1.0)

====================================================================================================
fc_params: 262144, fc_flops: 262144
feature map shape: (N, 128, 1.0, 1.0)

====================================================================================================
feature map shape: (N, 128, 1.0, 1.0)

====================================================================================================
fc_params: 262144, fc_flops: 262144
feature map shape: (N, 2048, 1.0, 1.0)

====================================================================================================
feature map shape: (N, 2048, 1.0, 1.0)

====================================================================================================
feature map shape: (N, 2048, 7.0, 7.0)

====================================================================================================
feature map shape: (N, 2048, 1.0, 1.0)

====================================================================================================
fc_params: 2097152, fc_flops: 2097152
feature map shape: (N, 1024, 1.0, 1.0)

====================================================================================================
feature map shape: (N, 1024, 1.0, 1.0)

====================================================================================================
fc_params: 262144, fc_flops: 262144
feature map shape: (N, 128, 1.0, 1.0)

====================================================================================================
feature map shape: (N, 128, 1.0, 1.0)

====================================================================================================
fc_params: 262144, fc_flops: 262144
feature map shape: (N, 2048, 1.0, 1.0)

====================================================================================================
feature map shape: (N, 2048, 1.0, 1.0)

====================================================================================================
feature map shape: (N, 2048, 7.0, 7.0)

====================================================================================================
feature map shape: (N, 2048, 1.0, 1.0)

====================================================================================================
fc_params: 2097152, fc_flops: 2097152
feature map shape: (N, 1024, 1.0, 1.0)

====================================================================================================
feature map shape: (N, 1024, 1.0, 1.0)

====================================================================================================
fc_params: 409600, fc_flops: 409600
feature map shape: (N, 200, 1.0, 1.0)

====================================================================================================
feature map shape: (N, 200, 1.0, 1.0)

====================================================================================================
feature map shape: (N, 200, 1.0, 1.0)

====================================================================================================
feature map shape: (N, 200, 1.0, 1.0)

====================================================================================================
feature map shape: (N, 200, 1.0, 1.0)

====================================================================================================
feature map shape: (N, 200, 1.0, 1.0)

====================================================================================================
feature map shape: (N, 200, 1.0, 1.0)

====================================================================================================
feature map shape: (N, 200, 1.0, 1.0)

====================================================================================================
feature map shape: (N, 200, 1.0, 1.0)

====================================================================================================
feature map shape: (N, 200, 1.0, 1.0)

====================================================================================================
feature map shape: (N, 200, 1.0, 1.0)

====================================================================================================
feature map shape: (N, 200, 1.0, 1.0)

====================================================================================================
feature map shape: (N, 200, 1.0, 1.0)

====================================================================================================
feature map shape: (N, 200, 1.0, 1.0)

====================================================================================================
feature map shape: (N, 200, 1.0, 1.0)

====================================================================================================
feature map shape: (N, 200, 1.0, 1.0)

params: 18556409.0, FLOPs: 2426901730.0
[INFO] finish running src/param_statistics.py, total_time is 5.708s
