[INFO] start running src/param_statistics.py ...
[INFO] start running initialize ...
[INFO] finish running initialize ...

[INFO] start running build_validation_model ...
[INFO] finish running build_validation_model ...

****************************************************************************************************
net work pruning...
****************************************************************************************************
bn layer name: res2_0_branch1_bn 	 layer total channels: 256 	 remainingchannels: 166.0 	 pruned rate: 35.16%
bn layer name: res2_0_branch2a_bn 	 layer total channels: 64 	 remainingchannels: 22.0 	 pruned rate: 65.62%
bn layer name: res2_0_branch2b_bn 	 layer total channels: 64 	 remainingchannels: 7.0 	 pruned rate: 89.06%
bn layer name: res2_0_branch2c_bn 	 layer total channels: 256 	 remainingchannels: 111.0 	 pruned rate: 56.64%
bn layer name: res2_1_branch2a_bn 	 layer total channels: 64 	 remainingchannels: 24.0 	 pruned rate: 62.50%
bn layer name: res2_1_branch2b_bn 	 layer total channels: 64 	 remainingchannels: 22.0 	 pruned rate: 65.62%
bn layer name: res2_1_branch2c_bn 	 layer total channels: 256 	 remainingchannels: 6.0 	 pruned rate: 97.66%
bn layer name: res2_2_branch2a_bn 	 layer total channels: 64 	 remainingchannels: 24.0 	 pruned rate: 62.50%
bn layer name: res2_2_branch2b_bn 	 layer total channels: 64 	 remainingchannels: 32.0 	 pruned rate: 50.00%
bn layer name: res2_2_branch2c_bn 	 layer total channels: 256 	 remainingchannels: 27.0 	 pruned rate: 89.45%
bn layer name: res3_0_branch1_bn 	 layer total channels: 512 	 remainingchannels: 91.0 	 pruned rate: 82.23%
bn layer name: res3_0_branch2a_bn 	 layer total channels: 128 	 remainingchannels: 61.0 	 pruned rate: 52.34%
bn layer name: res3_0_branch2b_bn 	 layer total channels: 128 	 remainingchannels: 67.0 	 pruned rate: 47.66%
bn layer name: res3_0_branch2c_bn 	 layer total channels: 512 	 remainingchannels: 55.0 	 pruned rate: 89.26%
bn layer name: res3_1_branch2a_bn 	 layer total channels: 128 	 remainingchannels: 16.0 	 pruned rate: 87.50%
bn layer name: res3_1_branch2b_bn 	 layer total channels: 128 	 remainingchannels: 55.0 	 pruned rate: 57.03%
bn layer name: res3_1_branch2c_bn 	 layer total channels: 512 	 remainingchannels: 30.0 	 pruned rate: 94.14%
bn layer name: res3_2_branch2a_bn 	 layer total channels: 128 	 remainingchannels: 30.0 	 pruned rate: 76.56%
bn layer name: res3_2_branch2b_bn 	 layer total channels: 128 	 remainingchannels: 87.0 	 pruned rate: 32.03%
bn layer name: res3_2_branch2c_bn 	 layer total channels: 512 	 remainingchannels: 19.0 	 pruned rate: 96.29%
bn layer name: res3_3_branch2a_bn 	 layer total channels: 128 	 remainingchannels: 21.0 	 pruned rate: 83.59%
bn layer name: res3_3_branch2b_bn 	 layer total channels: 128 	 remainingchannels: 44.0 	 pruned rate: 65.62%
bn layer name: res3_3_branch2c_bn 	 layer total channels: 512 	 remainingchannels: 3.0 	 pruned rate: 99.41%
bn layer name: res4_0_branch1_bn 	 layer total channels: 1024 	 remainingchannels: 39.0 	 pruned rate: 96.19%
bn layer name: res4_0_branch2a_bn 	 layer total channels: 256 	 remainingchannels: 79.0 	 pruned rate: 69.14%
bn layer name: res4_0_branch2b_bn 	 layer total channels: 256 	 remainingchannels: 44.0 	 pruned rate: 82.81%
bn layer name: res4_0_branch2c_bn 	 layer total channels: 1024 	 remainingchannels: 81.0 	 pruned rate: 92.09%
bn layer name: res4_1_branch2a_bn 	 layer total channels: 256 	 remainingchannels: 27.0 	 pruned rate: 89.45%
bn layer name: res4_1_branch2b_bn 	 layer total channels: 256 	 remainingchannels: 24.0 	 pruned rate: 90.62%
bn layer name: res4_1_branch2c_bn 	 layer total channels: 1024 	 remainingchannels: 22.0 	 pruned rate: 97.85%
bn layer name: res4_2_branch2a_bn 	 layer total channels: 256 	 remainingchannels: 18.0 	 pruned rate: 92.97%
bn layer name: res4_2_branch2b_bn 	 layer total channels: 256 	 remainingchannels: 22.0 	 pruned rate: 91.41%
bn layer name: res4_2_branch2c_bn 	 layer total channels: 1024 	 remainingchannels: 10.0 	 pruned rate: 99.02%
bn layer name: res4_3_branch2a_bn 	 layer total channels: 256 	 remainingchannels: 12.0 	 pruned rate: 95.31%
bn layer name: res4_3_branch2b_bn 	 layer total channels: 256 	 remainingchannels: 52.0 	 pruned rate: 79.69%
bn layer name: res4_3_branch2c_bn 	 layer total channels: 1024 	 remainingchannels: 24.0 	 pruned rate: 97.66%
bn layer name: res4_4_branch2a_bn 	 layer total channels: 256 	 remainingchannels: 4.0 	 pruned rate: 98.44%
bn layer name: res4_4_branch2b_bn 	 layer total channels: 256 	 remainingchannels: 21.0 	 pruned rate: 91.80%
bn layer name: res4_4_branch2c_bn 	 layer total channels: 1024 	 remainingchannels: 1.0 	 pruned rate: 99.90%
bn layer name: res4_5_branch2a_bn 	 layer total channels: 256 	 remainingchannels: 12.0 	 pruned rate: 95.31%
bn layer name: res4_5_branch2b_bn 	 layer total channels: 256 	 remainingchannels: 32.0 	 pruned rate: 87.50%
bn layer name: res4_5_branch2c_bn 	 layer total channels: 1024 	 remainingchannels: 2.0 	 pruned rate: 99.80%
bn layer name: res5_0_branch1_bn 	 layer total channels: 2048 	 remainingchannels: 2048.0 	 pruned rate: 0.00%
bn layer name: res5_0_branch2a_bn 	 layer total channels: 512 	 remainingchannels: 3.0 	 pruned rate: 99.41%
bn layer name: res5_0_branch2b_bn 	 layer total channels: 512 	 remainingchannels: 14.0 	 pruned rate: 97.27%
bn layer name: res5_0_branch2c_bn 	 layer total channels: 2048 	 remainingchannels: 1978.0 	 pruned rate: 3.42%
bn layer name: res5_1_branch2a_bn 	 layer total channels: 512 	 remainingchannels: 6.0 	 pruned rate: 98.83%
bn layer name: res5_1_branch2b_bn 	 layer total channels: 512 	 remainingchannels: 4.0 	 pruned rate: 99.22%
bn layer name: res5_1_branch2c_bn 	 layer total channels: 2048 	 remainingchannels: 1016.0 	 pruned rate: 50.39%
bn layer name: res5_2_branch2a_bn 	 layer total channels: 512 	 remainingchannels: 4.0 	 pruned rate: 99.22%
bn layer name: res5_2_branch2b_bn 	 layer total channels: 512 	 remainingchannels: 0.0 	 pruned rate: 100.00%
bn layer name: res5_2_branch2c_bn 	 layer total channels: 2048 	 remainingchannels: 1325.0 	 pruned rate: 35.30%
bn layer name: res_conv1_bn 	 layer total channels: 64 	 remainingchannels: 23.0 	 pruned rate: 64.06%
total pruned rate: 0.700037650602
====================================================================================================
op type: ImageInput
in channels: 3, out channels: 3

====================================================================================================
op type: StopGradient
in channels: 3, out channels: 3

====================================================================================================
op type: StopGradient
in channels: 3, out channels: 3

====================================================================================================
op type: Conv
in channels: 3, out channels: 64

====================================================================================================
op type: SpatialBN
in channels: 3, out channels: 64

====================================================================================================
op type: Relu
in channels: 3, out channels: 64

====================================================================================================
op type: MaxPool
in channels: 64, out channels: 64

====================================================================================================
op type: Conv
in channels: 64, out channels: 256

====================================================================================================
op type: SpatialBN
in channels: 64, out channels: 256

====================================================================================================
op type: Conv
in channels: 64, out channels: 64

====================================================================================================
op type: SpatialBN
in channels: 64, out channels: 22.0

====================================================================================================
op type: Relu
in channels: 22.0, out channels: 22.0

====================================================================================================
C_in: 22.0, old_in: 64
op type: Conv
in channels: 22.0, out channels: 64

====================================================================================================
op type: SpatialBN
in channels: 64, out channels: 7.0

====================================================================================================
op type: Relu
in channels: 7.0, out channels: 7.0

====================================================================================================
op type: Conv
in channels: 7.0, out channels: 256

====================================================================================================
op type: SpatialBN
in channels: 7.0, out channels: 256

====================================================================================================
op type: Sum
in channels: 7.0, out channels: 256

====================================================================================================
op type: Relu
in channels: 256, out channels: 256

====================================================================================================
op type: Conv
in channels: 256, out channels: 64

====================================================================================================
op type: SpatialBN
in channels: 64, out channels: 24.0

====================================================================================================
op type: Relu
in channels: 24.0, out channels: 24.0

====================================================================================================
C_in: 24.0, old_in: 64
op type: Conv
in channels: 24.0, out channels: 64

====================================================================================================
op type: SpatialBN
in channels: 64, out channels: 22.0

====================================================================================================
op type: Relu
in channels: 22.0, out channels: 22.0

====================================================================================================
op type: Conv
in channels: 22.0, out channels: 256

====================================================================================================
op type: SpatialBN
in channels: 22.0, out channels: 256

====================================================================================================
op type: Sum
in channels: 22.0, out channels: 256

====================================================================================================
op type: Relu
in channels: 256, out channels: 256

====================================================================================================
op type: Conv
in channels: 256, out channels: 64

====================================================================================================
op type: SpatialBN
in channels: 64, out channels: 24.0

====================================================================================================
op type: Relu
in channels: 24.0, out channels: 24.0

====================================================================================================
C_in: 24.0, old_in: 64
op type: Conv
in channels: 24.0, out channels: 64

====================================================================================================
op type: SpatialBN
in channels: 64, out channels: 32.0

====================================================================================================
op type: Relu
in channels: 32.0, out channels: 32.0

====================================================================================================
op type: Conv
in channels: 32.0, out channels: 256

====================================================================================================
op type: SpatialBN
in channels: 32.0, out channels: 256

====================================================================================================
op type: Sum
in channels: 32.0, out channels: 256

====================================================================================================
op type: Relu
in channels: 256, out channels: 256

====================================================================================================
op type: Conv
in channels: 256, out channels: 512

====================================================================================================
op type: SpatialBN
in channels: 256, out channels: 512

====================================================================================================
op type: Conv
in channels: 256, out channels: 128

====================================================================================================
op type: SpatialBN
in channels: 128, out channels: 61.0

====================================================================================================
op type: Relu
in channels: 61.0, out channels: 61.0

====================================================================================================
C_in: 61.0, old_in: 128
op type: Conv
in channels: 61.0, out channels: 128

====================================================================================================
op type: SpatialBN
in channels: 128, out channels: 67.0

====================================================================================================
op type: Relu
in channels: 67.0, out channels: 67.0

====================================================================================================
op type: Conv
in channels: 67.0, out channels: 512

====================================================================================================
op type: SpatialBN
in channels: 67.0, out channels: 512

====================================================================================================
op type: Sum
in channels: 67.0, out channels: 512

====================================================================================================
op type: Relu
in channels: 512, out channels: 512

====================================================================================================
op type: Conv
in channels: 512, out channels: 128

====================================================================================================
op type: SpatialBN
in channels: 128, out channels: 16.0

====================================================================================================
op type: Relu
in channels: 16.0, out channels: 16.0

====================================================================================================
C_in: 16.0, old_in: 128
op type: Conv
in channels: 16.0, out channels: 128

====================================================================================================
op type: SpatialBN
in channels: 128, out channels: 55.0

====================================================================================================
op type: Relu
in channels: 55.0, out channels: 55.0

====================================================================================================
op type: Conv
in channels: 55.0, out channels: 512

====================================================================================================
op type: SpatialBN
in channels: 55.0, out channels: 512

====================================================================================================
op type: Sum
in channels: 55.0, out channels: 512

====================================================================================================
op type: Relu
in channels: 512, out channels: 512

====================================================================================================
op type: Conv
in channels: 512, out channels: 128

====================================================================================================
op type: SpatialBN
in channels: 128, out channels: 30.0

====================================================================================================
op type: Relu
in channels: 30.0, out channels: 30.0

====================================================================================================
C_in: 30.0, old_in: 128
op type: Conv
in channels: 30.0, out channels: 128

====================================================================================================
op type: SpatialBN
in channels: 128, out channels: 87.0

====================================================================================================
op type: Relu
in channels: 87.0, out channels: 87.0

====================================================================================================
op type: Conv
in channels: 87.0, out channels: 512

====================================================================================================
op type: SpatialBN
in channels: 87.0, out channels: 512

====================================================================================================
op type: Sum
in channels: 87.0, out channels: 512

====================================================================================================
op type: Relu
in channels: 512, out channels: 512

====================================================================================================
op type: Conv
in channels: 512, out channels: 128

====================================================================================================
op type: SpatialBN
in channels: 128, out channels: 21.0

====================================================================================================
op type: Relu
in channels: 21.0, out channels: 21.0

====================================================================================================
C_in: 21.0, old_in: 128
op type: Conv
in channels: 21.0, out channels: 128

====================================================================================================
op type: SpatialBN
in channels: 128, out channels: 44.0

====================================================================================================
op type: Relu
in channels: 44.0, out channels: 44.0

====================================================================================================
op type: Conv
in channels: 44.0, out channels: 512

====================================================================================================
op type: SpatialBN
in channels: 44.0, out channels: 512

====================================================================================================
op type: Sum
in channels: 44.0, out channels: 512

====================================================================================================
op type: Relu
in channels: 512, out channels: 512

====================================================================================================
op type: Conv
in channels: 512, out channels: 1024

====================================================================================================
op type: SpatialBN
in channels: 512, out channels: 1024

====================================================================================================
op type: Conv
in channels: 512, out channels: 256

====================================================================================================
op type: SpatialBN
in channels: 256, out channels: 79.0

====================================================================================================
op type: Relu
in channels: 79.0, out channels: 79.0

====================================================================================================
C_in: 79.0, old_in: 256
op type: Conv
in channels: 79.0, out channels: 256

====================================================================================================
op type: SpatialBN
in channels: 256, out channels: 44.0

====================================================================================================
op type: Relu
in channels: 44.0, out channels: 44.0

====================================================================================================
op type: Conv
in channels: 44.0, out channels: 1024

====================================================================================================
op type: SpatialBN
in channels: 44.0, out channels: 1024

====================================================================================================
op type: Sum
in channels: 44.0, out channels: 1024

====================================================================================================
op type: Relu
in channels: 1024, out channels: 1024

====================================================================================================
op type: Conv
in channels: 1024, out channels: 256

====================================================================================================
op type: SpatialBN
in channels: 256, out channels: 27.0

====================================================================================================
op type: Relu
in channels: 27.0, out channels: 27.0

====================================================================================================
C_in: 27.0, old_in: 256
op type: Conv
in channels: 27.0, out channels: 256

====================================================================================================
op type: SpatialBN
in channels: 256, out channels: 24.0

====================================================================================================
op type: Relu
in channels: 24.0, out channels: 24.0

====================================================================================================
op type: Conv
in channels: 24.0, out channels: 1024

====================================================================================================
op type: SpatialBN
in channels: 24.0, out channels: 1024

====================================================================================================
op type: Sum
in channels: 24.0, out channels: 1024

====================================================================================================
op type: Relu
in channels: 1024, out channels: 1024

====================================================================================================
op type: Conv
in channels: 1024, out channels: 256

====================================================================================================
op type: SpatialBN
in channels: 256, out channels: 18.0

====================================================================================================
op type: Relu
in channels: 18.0, out channels: 18.0

====================================================================================================
C_in: 18.0, old_in: 256
op type: Conv
in channels: 18.0, out channels: 256

====================================================================================================
op type: SpatialBN
in channels: 256, out channels: 22.0

====================================================================================================
op type: Relu
in channels: 22.0, out channels: 22.0

====================================================================================================
op type: Conv
in channels: 22.0, out channels: 1024

====================================================================================================
op type: SpatialBN
in channels: 22.0, out channels: 1024

====================================================================================================
op type: Sum
in channels: 22.0, out channels: 1024

====================================================================================================
op type: Relu
in channels: 1024, out channels: 1024

====================================================================================================
op type: Conv
in channels: 1024, out channels: 256

====================================================================================================
op type: SpatialBN
in channels: 256, out channels: 12.0

====================================================================================================
op type: Relu
in channels: 12.0, out channels: 12.0

====================================================================================================
C_in: 12.0, old_in: 256
op type: Conv
in channels: 12.0, out channels: 256

====================================================================================================
op type: SpatialBN
in channels: 256, out channels: 52.0

====================================================================================================
op type: Relu
in channels: 52.0, out channels: 52.0

====================================================================================================
op type: Conv
in channels: 52.0, out channels: 1024

====================================================================================================
op type: SpatialBN
in channels: 52.0, out channels: 1024

====================================================================================================
op type: Sum
in channels: 52.0, out channels: 1024

====================================================================================================
op type: Relu
in channels: 1024, out channels: 1024

====================================================================================================
op type: Conv
in channels: 1024, out channels: 256

====================================================================================================
op type: SpatialBN
in channels: 256, out channels: 4.0

====================================================================================================
op type: Relu
in channels: 4.0, out channels: 4.0

====================================================================================================
C_in: 4.0, old_in: 256
op type: Conv
in channels: 4.0, out channels: 256

====================================================================================================
op type: SpatialBN
in channels: 256, out channels: 21.0

====================================================================================================
op type: Relu
in channels: 21.0, out channels: 21.0

====================================================================================================
op type: Conv
in channels: 21.0, out channels: 1024

====================================================================================================
op type: SpatialBN
in channels: 21.0, out channels: 1024

====================================================================================================
op type: Sum
in channels: 21.0, out channels: 1024

====================================================================================================
op type: Relu
in channels: 1024, out channels: 1024

====================================================================================================
op type: Conv
in channels: 1024, out channels: 256

====================================================================================================
op type: SpatialBN
in channels: 256, out channels: 12.0

====================================================================================================
op type: Relu
in channels: 12.0, out channels: 12.0

====================================================================================================
C_in: 12.0, old_in: 256
op type: Conv
in channels: 12.0, out channels: 256

====================================================================================================
op type: SpatialBN
in channels: 256, out channels: 32.0

====================================================================================================
op type: Relu
in channels: 32.0, out channels: 32.0

====================================================================================================
op type: Conv
in channels: 32.0, out channels: 1024

====================================================================================================
op type: SpatialBN
in channels: 32.0, out channels: 1024

====================================================================================================
op type: Sum
in channels: 32.0, out channels: 1024

====================================================================================================
op type: Relu
in channels: 1024, out channels: 1024

====================================================================================================
op type: Conv
in channels: 1024, out channels: 2048

====================================================================================================
op type: SpatialBN
in channels: 1024, out channels: 2048

====================================================================================================
op type: Conv
in channels: 1024, out channels: 512

====================================================================================================
op type: SpatialBN
in channels: 512, out channels: 3.0

====================================================================================================
op type: Relu
in channels: 3.0, out channels: 3.0

====================================================================================================
C_in: 3.0, old_in: 512
op type: Conv
in channels: 3.0, out channels: 512

====================================================================================================
op type: SpatialBN
in channels: 512, out channels: 14.0

====================================================================================================
op type: Relu
in channels: 14.0, out channels: 14.0

====================================================================================================
op type: Conv
in channels: 14.0, out channels: 2048

====================================================================================================
op type: SpatialBN
in channels: 14.0, out channels: 2048

====================================================================================================
op type: Sum
in channels: 14.0, out channels: 2048

====================================================================================================
op type: Relu
in channels: 2048, out channels: 2048

====================================================================================================
op type: Conv
in channels: 2048, out channels: 512

====================================================================================================
op type: SpatialBN
in channels: 512, out channels: 6.0

====================================================================================================
op type: Relu
in channels: 6.0, out channels: 6.0

====================================================================================================
C_in: 6.0, old_in: 512
op type: Conv
in channels: 6.0, out channels: 512

====================================================================================================
op type: SpatialBN
in channels: 512, out channels: 4.0

====================================================================================================
op type: Relu
in channels: 4.0, out channels: 4.0

====================================================================================================
op type: Conv
in channels: 4.0, out channels: 2048

====================================================================================================
op type: SpatialBN
in channels: 4.0, out channels: 2048

====================================================================================================
op type: Sum
in channels: 4.0, out channels: 2048

====================================================================================================
op type: Relu
in channels: 2048, out channels: 2048

====================================================================================================
op type: Conv
in channels: 2048, out channels: 512

====================================================================================================
op type: SpatialBN
in channels: 512, out channels: 4.0

====================================================================================================
op type: Relu
in channels: 4.0, out channels: 4.0

====================================================================================================
C_in: 4.0, old_in: 512
op type: Conv
in channels: 4.0, out channels: 512

====================================================================================================
op type: SpatialBN
in channels: 512, out channels: 0.0

====================================================================================================
op type: Relu
in channels: 0.0, out channels: 0.0

====================================================================================================
op type: Conv
in channels: 0.0, out channels: 2048

====================================================================================================
op type: SpatialBN
in channels: 0.0, out channels: 2048

====================================================================================================
op type: Sum
in channels: 0.0, out channels: 2048

====================================================================================================
op type: Relu
in channels: 2048, out channels: 2048

====================================================================================================
op type: AveragePool
in channels: 2048, out channels: 2048

====================================================================================================
op type: FC
in channels: 2048, out channels: 2048

====================================================================================================
op type: Relu
in channels: 2048, out channels: 2048

====================================================================================================
op type: FC
in channels: 2048, out channels: 2048

====================================================================================================
op type: Sigmoid
in channels: 2048, out channels: 2048

====================================================================================================
op type: Mul
in channels: 2048, out channels: 2048

====================================================================================================
op type: AveragePool
in channels: 2048, out channels: 2048

====================================================================================================
op type: FC
in channels: 2048, out channels: 2048

====================================================================================================
op type: AveragePool
in channels: 2048, out channels: 2048

====================================================================================================
op type: FC
in channels: 2048, out channels: 2048

====================================================================================================
op type: Relu
in channels: 2048, out channels: 2048

====================================================================================================
op type: FC
in channels: 2048, out channels: 2048

====================================================================================================
op type: Sigmoid
in channels: 2048, out channels: 2048

====================================================================================================
op type: Mul
in channels: 2048, out channels: 2048

====================================================================================================
op type: AveragePool
in channels: 2048, out channels: 2048

====================================================================================================
op type: FC
in channels: 2048, out channels: 2048

====================================================================================================
op type: Concat
in channels: 2048, out channels: 2048

====================================================================================================
op type: FC
in channels: 2048, out channels: 2048

====================================================================================================
op type: SoftmaxWithLoss
in channels: 2048, out channels: 2048

====================================================================================================
op type: Split
in channels: 2048, out channels: 2048

====================================================================================================
op type: Sub
in channels: 2048, out channels: 2048

====================================================================================================
op type: Abs
in channels: 2048, out channels: 2048

====================================================================================================
op type: Mul
in channels: 2048, out channels: 2048

====================================================================================================
op type: ReduceBackSum
in channels: 2048, out channels: 2048

====================================================================================================
op type: Sqrt
in channels: 2048, out channels: 2048

====================================================================================================
op type: ReduceBackSum
in channels: 2048, out channels: 2048

====================================================================================================
op type: GivenTensorFill
in channels: 2048, out channels: 2048

====================================================================================================
op type: Div
in channels: 2048, out channels: 2048

====================================================================================================
op type: ConstantFill
in channels: 2048, out channels: 2048

====================================================================================================
op type: Mul
in channels: 2048, out channels: 2048

====================================================================================================
op type: Sum
in channels: 2048, out channels: 2048

====================================================================================================
op type: Accuracy
in channels: 2048, out channels: 2048

====================================================================================================
op type: Accuracy
in channels: 2048, out channels: 2048





new weights_map:

res2_0_branch2a_bn_s : [22]
res2_0_branch2b_bn_rm : [7]
res_conv1_bn_b : [64]
res2_2_branch2a_bn_rm : [24]
res2_2_branch2b_bn_rm : [32]
res4_3_branch2a_bn_b : [12]
res2_1_branch2a_bn_s : [24]
res2_2_branch2a_w : [ 24 256   1   1]
res3_2_branch2c_bn_b : [512]
res5_0_branch2c_bn_s : [2048]
res2_0_branch2a_bn_b : [22]
res_conv1_bn_s : [64]
res5_2_branch2a_bn_rm : [4]
res4_5_branch2b_bn_rm : [32]
res5_0_branch1_bn_riv : [2048]
res2_1_branch2a_bn_b : [24]
res2_1_branch2c_w : [256  64   1   1]
res4_2_branch2c_w : [1024  256    1    1]
res3_1_branch2b_w : [55 16  3  3]
res3_2_branch2c_bn_s : [512]
res3_1_branch2b_bn_riv : [55]
res3_1_branch2a_bn_rm : [16]
res4_4_branch2b_w : [21  4  3  3]
res4_4_branch2c_bn_rm : [1024]
res3_1_branch2b_bn_b : [55]
bi_attention_pred_b : [200]
res3_1_branch2c_bn_b : [512]
res5_2_branch2b_w : [0 4 3 3]
res4_3_branch2a_bn_rm : [12]
res2_1_branch2c_bn_b : [256]
res2_0_branch2b_bn_b : [7]
res4_0_branch2a_bn_s : [79]
res3_2_branch2b_bn_b : [87]
res3_3_branch2a_w : [ 21 512   1   1]
bi_attention_pred_w : [ 200 2048]
res3_1_branch2b_bn_s : [55]
res3_1_branch2c_bn_s : [512]
res4_0_branch2a_bn_rm : [79]
res5_1_branch2c_w : [2048  512    1    1]
res2_1_branch2c_bn_s : [256]
res2_0_branch2b_bn_s : [7]
res3_2_branch2b_bn_s : [87]
res4_0_branch2a_bn_b : [79]
res4_0_branch2c_bn_b : [1024]
res5_2_branch2b_bn_rm : [0]
res2_1_branch2b_bn_riv : [22]
res3_1_branch2b_bn_rm : [55]
res3_3_branch2b_bn_s : [44]
res5_1_branch2c_bn_s : [2048]
res4_2_branch2a_w : [  18 1024    1    1]
osme_fc1_2_w : [ 128 2048]
conv1_b : [64]
res2_0_branch2c_bn_b : [256]
res4_0_branch2c_bn_s : [1024]
res4_3_branch2b_bn_rm : [52]
res5_0_branch2b_bn_s : [14]
res3_3_branch2b_bn_b : [44]
res4_3_branch2c_bn_riv : [1024]
res5_1_branch2c_bn_b : [2048]
res2_0_branch1_bn_rm : [256]
res4_1_branch2a_bn_riv : [27]
conv1_w : [64  3  7  7]
res3_0_branch2b_bn_b : [67]
res4_3_branch2b_w : [52 12  3  3]
osme_fc2_2_w : [2048  128]
osme_fc2_1_w : [2048  128]
res2_1_branch2b_bn_rm : [22]
res4_1_branch2c_bn_b : [1024]
res3_2_branch2a_w : [ 30 512   1   1]
res4_1_branch2b_bn_b : [24]
res5_0_branch2c_bn_b : [2048]
res4_5_branch2c_w : [1024  256    1    1]
res2_0_branch1_w : [256  64   1   1]
res4_4_branch2b_bn_riv : [21]
res2_1_branch2c_bn_rm : [256]
res3_2_branch2c_w : [512 128   1   1]
res3_0_branch2b_bn_s : [67]
res4_1_branch2c_bn_s : [1024]
res4_1_branch2b_bn_s : [24]
res4_0_branch2c_bn_rm : [1024]
res2_2_branch2a_bn_riv : [24]
res5_0_branch2b_w : [14  3  3  3]
res4_1_branch2c_bn_riv : [1024]
attention_1_b : [1024]
res4_4_branch2a_bn_s : [4]
res4_5_branch2c_bn_rm : [1024]
res4_0_branch2b_bn_rm : [44]
res4_5_branch2a_w : [  12 1024    1    1]
res2_0_branch1_bn_riv : [256]
res4_2_branch2b_bn_s : [22]
res2_2_branch2a_bn_b : [24]
res_conv1_bn_riv : [64]
res4_4_branch2a_bn_b : [4]
res4_3_branch2a_bn_s : [12]
res4_0_branch2c_bn_riv : [1024]
res4_2_branch2b_bn_b : [22]
res2_2_branch2a_bn_s : [24]
res2_0_branch2a_bn_riv : [22]
res3_0_branch2b_bn_rm : [67]
res4_4_branch2a_bn_riv : [4]
res5_0_branch2a_bn_rm : [3]
res5_2_branch2a_bn_riv : [4]
res5_1_branch2b_bn_riv : [4]
res5_1_branch2c_bn_riv : [2048]
osme_fc2_2_b : [2048]
osme_fc1_2_b : [128]
res4_5_branch2b_bn_riv : [32]
res5_2_branch2c_bn_s : [2048]
res3_2_branch2a_bn_rm : [30]
res5_1_branch2a_bn_rm : [6]
res4_2_branch2c_bn_rm : [1024]
res2_0_branch2c_w : [256  64   1   1]
res5_0_branch2a_bn_b : [3]
res3_2_branch2a_bn_s : [30]
res3_0_branch2c_bn_rm : [512]
res5_2_branch2c_bn_b : [2048]
res4_0_branch2b_w : [44 79  3  3]
res3_3_branch2c_w : [512 128   1   1]
res5_2_branch2a_w : [   4 2048    1    1]
res5_2_branch2c_bn_rm : [2048]
res3_2_branch2a_bn_b : [30]
res5_0_branch2a_bn_s : [3]
res4_1_branch2b_bn_riv : [24]
res3_0_branch2a_bn_s : [61]
res4_4_branch2b_bn_b : [21]
res4_3_branch2b_bn_riv : [52]
res4_2_branch2c_bn_riv : [1024]
attention_1_w : [1024 2048]
res3_2_branch2b_w : [87 30  3  3]
res4_1_branch2a_bn_s : [27]
osme_fc1_1_w : [ 128 2048]
res4_0_branch2b_bn_b : [44]
res3_0_branch2a_bn_b : [61]
res4_4_branch2b_bn_s : [21]
res2_2_branch2b_bn_riv : [32]
res2_1_branch2a_w : [ 24 256   1   1]
osme_fc1_1_b : [128]
res2_2_branch2c_w : [256  64   1   1]
res4_0_branch1_w : [1024  512    1    1]
res4_0_branch2b_bn_s : [44]
res3_3_branch2a_bn_riv : [21]
res4_2_branch2a_bn_b : [18]
res4_5_branch2a_bn_rm : [12]
res3_2_branch2c_bn_rm : [512]
res5_2_branch2b_bn_s : [0]
res2_0_branch2a_bn_rm : [22]
res5_0_branch2b_bn_riv : [14]
res3_1_branch2a_bn_b : [16]
res3_3_branch2b_bn_rm : [44]
res4_3_branch2c_bn_s : [1024]
res3_0_branch1_w : [512 256   1   1]
res4_2_branch2a_bn_s : [18]
res5_2_branch2b_bn_b : [0]
res3_1_branch2a_bn_s : [16]
res4_3_branch2c_bn_b : [1024]
osme_fc2_1_b : [2048]
res4_5_branch2b_w : [32 12  3  3]
res5_0_branch2b_bn_b : [14]
res5_2_branch2a_bn_b : [4]
res5_0_branch2c_bn_riv : [2048]
res5_1_branch2a_bn_s : [6]
res3_3_branch2a_bn_rm : [21]
res4_0_branch2a_bn_riv : [79]
res3_3_branch2c_bn_riv : [512]
res2_1_branch2a_bn_rm : [24]
res2_0_branch1_bn_s : [256]
res2_2_branch2b_bn_s : [32]
res5_2_branch2a_bn_s : [4]
res_conv1_bn_rm : [64]
res5_1_branch2a_bn_b : [6]
res2_0_branch2c_bn_riv : [256]
res3_2_branch2b_bn_rm : [87]
res2_0_branch1_bn_b : [256]
res2_2_branch2b_bn_b : [32]
res2_2_branch2c_bn_s : [256]
res4_2_branch2b_bn_riv : [22]
res4_1_branch2a_bn_b : [27]
res4_0_branch1_bn_rm : [1024]
res4_0_branch1_bn_s : [1024]
res5_0_branch1_bn_s : [2048]
res4_2_branch2a_bn_rm : [18]
res4_0_branch2c_w : [1024  256    1    1]
res4_1_branch2a_w : [  27 1024    1    1]
res5_0_branch2c_bn_rm : [2048]
res2_2_branch2c_bn_b : [256]
res2_0_branch2b_w : [ 7 22  3  3]
res3_0_branch1_bn_rm : [512]
res4_0_branch1_bn_b : [1024]
res4_1_branch2c_bn_rm : [1024]
res5_0_branch1_bn_b : [2048]
res4_0_branch2a_w : [ 79 512   1   1]
res4_1_branch2c_w : [1024  256    1    1]
res2_1_branch2b_bn_s : [22]
res4_2_branch2b_w : [22 18  3  3]
attention_2_w : [1024 2048]
res3_0_branch1_bn_b : [512]
res3_3_branch2c_bn_b : [512]
res3_0_branch1_bn_riv : [512]
res4_2_branch2a_bn_riv : [18]
res4_1_branch2a_bn_rm : [27]
res5_1_branch2b_w : [4 6 3 3]
res3_0_branch2c_bn_riv : [512]
attention_2_b : [1024]
res4_5_branch2c_bn_riv : [1024]
res4_4_branch2c_bn_riv : [1024]
res3_0_branch1_bn_s : [512]
res3_3_branch2c_bn_rm : [512]
res3_3_branch2c_bn_s : [512]
res3_0_branch2a_bn_riv : [61]
res3_3_branch2b_bn_riv : [44]
res5_1_branch2a_w : [   6 2048    1    1]
res3_1_branch2a_w : [ 16 512   1   1]
res2_2_branch2b_w : [32 24  3  3]
res3_3_branch2a_bn_b : [21]
res2_1_branch2c_bn_riv : [256]
res4_5_branch2b_bn_b : [32]
res2_1_branch2b_w : [22 24  3  3]
res4_1_branch2b_bn_rm : [24]
res3_1_branch2c_w : [512 128   1   1]
res3_2_branch2a_bn_riv : [30]
res3_3_branch2a_bn_s : [21]
res3_0_branch2b_w : [67 61  3  3]
res4_5_branch2a_bn_riv : [12]
res4_5_branch2b_bn_s : [32]
res2_1_branch2a_bn_riv : [24]
res3_1_branch2c_bn_riv : [512]
res5_1_branch2a_bn_riv : [6]
res3_0_branch2c_bn_b : [512]
res3_0_branch2a_bn_rm : [61]
res4_4_branch2c_bn_b : [1024]
res5_0_branch2a_bn_riv : [3]
res2_2_branch2c_bn_rm : [256]
res5_2_branch2c_bn_riv : [2048]
res3_3_branch2b_w : [44 21  3  3]
res5_2_branch2b_bn_riv : [0]
res4_2_branch2b_bn_rm : [22]
res5_2_branch2c_w : [2048  512    1    1]
res3_0_branch2c_bn_s : [512]
res4_4_branch2c_bn_s : [1024]
res4_4_branch2a_w : [   4 1024    1    1]
res5_0_branch2b_bn_rm : [14]
res2_0_branch2a_w : [22 64  1  1]
res4_4_branch2b_bn_rm : [21]
res5_1_branch2b_bn_rm : [4]
res4_3_branch2a_bn_riv : [12]
res5_0_branch2c_w : [2048  512    1    1]
res5_1_branch2b_bn_b : [4]
res4_3_branch2a_w : [  12 1024    1    1]
res3_1_branch2a_bn_riv : [16]
res5_0_branch1_bn_rm : [2048]
res4_3_branch2c_bn_rm : [1024]
res3_2_branch2b_bn_riv : [87]
res2_1_branch2b_bn_b : [22]
res2_0_branch2b_bn_riv : [7]
res4_1_branch2b_w : [24 27  3  3]
res5_1_branch2b_bn_s : [4]
res4_4_branch2c_w : [1024  256    1    1]
res2_0_branch2c_bn_rm : [256]
res5_1_branch2c_bn_rm : [2048]
res4_0_branch2b_bn_riv : [44]
res3_0_branch2c_w : [512 128   1   1]
res2_2_branch2c_bn_riv : [256]
res4_0_branch1_bn_riv : [1024]
res5_0_branch1_w : [2048 1024    1    1]
res3_1_branch2c_bn_rm : [512]
res4_5_branch2c_bn_b : [1024]
res4_3_branch2c_w : [1024  256    1    1]
res4_5_branch2a_bn_s : [12]
res4_3_branch2b_bn_s : [52]
res4_2_branch2c_bn_s : [1024]
res4_4_branch2a_bn_rm : [4]
res3_2_branch2c_bn_riv : [512]
res5_0_branch2a_w : [   3 1024    1    1]
res4_5_branch2c_bn_s : [1024]
res4_5_branch2a_bn_b : [12]
res4_2_branch2c_bn_b : [1024]
res2_0_branch2c_bn_s : [256]
res4_3_branch2b_bn_b : [52]
res3_0_branch2b_bn_riv : [67]
res3_0_branch2a_w : [ 61 256   1   1]
++++++++++++++++++++++++++++++++++++++++++++++++++++++++++++++++++++++++++++++++++++++++++++++++++++
computing the params and FLOPs of network
====================================================================================================
feature map shape: (N, 3, 224, 224)

====================================================================================================
feature map shape: (N, 3, 224, 224)

====================================================================================================
feature map shape: (N, 3, 224, 224)

====================================================================================================
conv_params: 9472.0, conv_flops: 118816768.0
feature map shape: (N, 64, 112.0, 112.0)

====================================================================================================
bn_params: 128, bn_flops: 802816.0
feature map shape: (N, 64, 112.0, 112.0)

====================================================================================================
feature map shape: (N, 64, 112.0, 112.0)

====================================================================================================
feature map shape: (N, 64, 56.0, 56.0)

====================================================================================================
conv_params: 16640.0, conv_flops: 52183040.0
feature map shape: (N, 256, 56.0, 56.0)

====================================================================================================
bn_params: 512, bn_flops: 802816.0
feature map shape: (N, 256, 56.0, 56.0)

====================================================================================================
conv_params: 1430.0, conv_flops: 4484480.0
feature map shape: (N, 22, 56.0, 56.0)

====================================================================================================
bn_params: 44, bn_flops: 68992.0
feature map shape: (N, 22, 56.0, 56.0)

====================================================================================================
feature map shape: (N, 22, 56.0, 56.0)

====================================================================================================
conv_params: 1393.0, conv_flops: 4368448.0
feature map shape: (N, 7, 56.0, 56.0)

====================================================================================================
bn_params: 14, bn_flops: 21952.0
feature map shape: (N, 7, 56.0, 56.0)

====================================================================================================
feature map shape: (N, 7, 56.0, 56.0)

====================================================================================================
conv_params: 16640.0, conv_flops: 52183040.0
feature map shape: (N, 256, 56.0, 56.0)

====================================================================================================
bn_params: 512, bn_flops: 802816.0
feature map shape: (N, 256, 56.0, 56.0)

====================================================================================================
feature map shape: (N, 256, 56.0, 56.0)

====================================================================================================
feature map shape: (N, 256, 56.0, 56.0)

====================================================================================================
conv_params: 6168.0, conv_flops: 19342848.0
feature map shape: (N, 24, 56.0, 56.0)

====================================================================================================
bn_params: 48, bn_flops: 75264.0
feature map shape: (N, 24, 56.0, 56.0)

====================================================================================================
feature map shape: (N, 24, 56.0, 56.0)

====================================================================================================
conv_params: 4774.0, conv_flops: 14971264.0
feature map shape: (N, 22, 56.0, 56.0)

====================================================================================================
bn_params: 44, bn_flops: 68992.0
feature map shape: (N, 22, 56.0, 56.0)

====================================================================================================
feature map shape: (N, 22, 56.0, 56.0)

====================================================================================================
conv_params: 16640.0, conv_flops: 52183040.0
feature map shape: (N, 256, 56.0, 56.0)

====================================================================================================
bn_params: 512, bn_flops: 802816.0
feature map shape: (N, 256, 56.0, 56.0)

====================================================================================================
feature map shape: (N, 256, 56.0, 56.0)

====================================================================================================
feature map shape: (N, 256, 56.0, 56.0)

====================================================================================================
conv_params: 6168.0, conv_flops: 19342848.0
feature map shape: (N, 24, 56.0, 56.0)

====================================================================================================
bn_params: 48, bn_flops: 75264.0
feature map shape: (N, 24, 56.0, 56.0)

====================================================================================================
feature map shape: (N, 24, 56.0, 56.0)

====================================================================================================
conv_params: 6944.0, conv_flops: 21776384.0
feature map shape: (N, 32, 56.0, 56.0)

====================================================================================================
bn_params: 64, bn_flops: 100352.0
feature map shape: (N, 32, 56.0, 56.0)

====================================================================================================
feature map shape: (N, 32, 56.0, 56.0)

====================================================================================================
conv_params: 16640.0, conv_flops: 52183040.0
feature map shape: (N, 256, 56.0, 56.0)

====================================================================================================
bn_params: 512, bn_flops: 802816.0
feature map shape: (N, 256, 56.0, 56.0)

====================================================================================================
feature map shape: (N, 256, 56.0, 56.0)

====================================================================================================
feature map shape: (N, 256, 56.0, 56.0)

====================================================================================================
conv_params: 131584.0, conv_flops: 103161856.0
feature map shape: (N, 512, 28.0, 28.0)

====================================================================================================
bn_params: 1024, bn_flops: 401408.0
feature map shape: (N, 512, 28.0, 28.0)

====================================================================================================
conv_params: 15677.0, conv_flops: 12290768.0
feature map shape: (N, 61, 28.0, 28.0)

====================================================================================================
bn_params: 122, bn_flops: 47824.0
feature map shape: (N, 61, 28.0, 28.0)

====================================================================================================
feature map shape: (N, 61, 28.0, 28.0)

====================================================================================================
conv_params: 36850.0, conv_flops: 28890400.0
feature map shape: (N, 67, 28.0, 28.0)

====================================================================================================
bn_params: 134, bn_flops: 52528.0
feature map shape: (N, 67, 28.0, 28.0)

====================================================================================================
feature map shape: (N, 67, 28.0, 28.0)

====================================================================================================
conv_params: 66048.0, conv_flops: 51781632.0
feature map shape: (N, 512, 28.0, 28.0)

====================================================================================================
bn_params: 1024, bn_flops: 401408.0
feature map shape: (N, 512, 28.0, 28.0)

====================================================================================================
feature map shape: (N, 512, 28.0, 28.0)

====================================================================================================
feature map shape: (N, 512, 28.0, 28.0)

====================================================================================================
conv_params: 8208.0, conv_flops: 6435072.0
feature map shape: (N, 16, 28.0, 28.0)

====================================================================================================
bn_params: 32, bn_flops: 12544.0
feature map shape: (N, 16, 28.0, 28.0)

====================================================================================================
feature map shape: (N, 16, 28.0, 28.0)

====================================================================================================
conv_params: 7975.0, conv_flops: 6252400.0
feature map shape: (N, 55, 28.0, 28.0)

====================================================================================================
bn_params: 110, bn_flops: 43120.0
feature map shape: (N, 55, 28.0, 28.0)

====================================================================================================
feature map shape: (N, 55, 28.0, 28.0)

====================================================================================================
conv_params: 66048.0, conv_flops: 51781632.0
feature map shape: (N, 512, 28.0, 28.0)

====================================================================================================
bn_params: 1024, bn_flops: 401408.0
feature map shape: (N, 512, 28.0, 28.0)

====================================================================================================
feature map shape: (N, 512, 28.0, 28.0)

====================================================================================================
feature map shape: (N, 512, 28.0, 28.0)

====================================================================================================
conv_params: 15390.0, conv_flops: 12065760.0
feature map shape: (N, 30, 28.0, 28.0)

====================================================================================================
bn_params: 60, bn_flops: 23520.0
feature map shape: (N, 30, 28.0, 28.0)

====================================================================================================
feature map shape: (N, 30, 28.0, 28.0)

====================================================================================================
conv_params: 23577.0, conv_flops: 18484368.0
feature map shape: (N, 87, 28.0, 28.0)

====================================================================================================
bn_params: 174, bn_flops: 68208.0
feature map shape: (N, 87, 28.0, 28.0)

====================================================================================================
feature map shape: (N, 87, 28.0, 28.0)

====================================================================================================
conv_params: 66048.0, conv_flops: 51781632.0
feature map shape: (N, 512, 28.0, 28.0)

====================================================================================================
bn_params: 1024, bn_flops: 401408.0
feature map shape: (N, 512, 28.0, 28.0)

====================================================================================================
feature map shape: (N, 512, 28.0, 28.0)

====================================================================================================
feature map shape: (N, 512, 28.0, 28.0)

====================================================================================================
conv_params: 10773.0, conv_flops: 8446032.0
feature map shape: (N, 21, 28.0, 28.0)

====================================================================================================
bn_params: 42, bn_flops: 16464.0
feature map shape: (N, 21, 28.0, 28.0)

====================================================================================================
feature map shape: (N, 21, 28.0, 28.0)

====================================================================================================
conv_params: 8360.0, conv_flops: 6554240.0
feature map shape: (N, 44, 28.0, 28.0)

====================================================================================================
bn_params: 88, bn_flops: 34496.0
feature map shape: (N, 44, 28.0, 28.0)

====================================================================================================
feature map shape: (N, 44, 28.0, 28.0)

====================================================================================================
conv_params: 66048.0, conv_flops: 51781632.0
feature map shape: (N, 512, 28.0, 28.0)

====================================================================================================
bn_params: 1024, bn_flops: 401408.0
feature map shape: (N, 512, 28.0, 28.0)

====================================================================================================
feature map shape: (N, 512, 28.0, 28.0)

====================================================================================================
feature map shape: (N, 512, 28.0, 28.0)

====================================================================================================
conv_params: 525312.0, conv_flops: 102961152.0
feature map shape: (N, 1024, 14.0, 14.0)

====================================================================================================
bn_params: 2048, bn_flops: 200704.0
feature map shape: (N, 1024, 14.0, 14.0)

====================================================================================================
conv_params: 40527.0, conv_flops: 7943292.0
feature map shape: (N, 79, 14.0, 14.0)

====================================================================================================
bn_params: 158, bn_flops: 15484.0
feature map shape: (N, 79, 14.0, 14.0)

====================================================================================================
feature map shape: (N, 79, 14.0, 14.0)

====================================================================================================
conv_params: 31328.0, conv_flops: 6140288.0
feature map shape: (N, 44, 14.0, 14.0)

====================================================================================================
bn_params: 88, bn_flops: 8624.0
feature map shape: (N, 44, 14.0, 14.0)

====================================================================================================
feature map shape: (N, 44, 14.0, 14.0)

====================================================================================================
conv_params: 263168.0, conv_flops: 51580928.0
feature map shape: (N, 1024, 14.0, 14.0)

====================================================================================================
bn_params: 2048, bn_flops: 200704.0
feature map shape: (N, 1024, 14.0, 14.0)

====================================================================================================
feature map shape: (N, 1024, 14.0, 14.0)

====================================================================================================
feature map shape: (N, 1024, 14.0, 14.0)

====================================================================================================
conv_params: 27675.0, conv_flops: 5424300.0
feature map shape: (N, 27, 14.0, 14.0)

====================================================================================================
bn_params: 54, bn_flops: 5292.0
feature map shape: (N, 27, 14.0, 14.0)

====================================================================================================
feature map shape: (N, 27, 14.0, 14.0)

====================================================================================================
conv_params: 5856.0, conv_flops: 1147776.0
feature map shape: (N, 24, 14.0, 14.0)

====================================================================================================
bn_params: 48, bn_flops: 4704.0
feature map shape: (N, 24, 14.0, 14.0)

====================================================================================================
feature map shape: (N, 24, 14.0, 14.0)

====================================================================================================
conv_params: 263168.0, conv_flops: 51580928.0
feature map shape: (N, 1024, 14.0, 14.0)

====================================================================================================
bn_params: 2048, bn_flops: 200704.0
feature map shape: (N, 1024, 14.0, 14.0)

====================================================================================================
feature map shape: (N, 1024, 14.0, 14.0)

====================================================================================================
feature map shape: (N, 1024, 14.0, 14.0)

====================================================================================================
conv_params: 18450.0, conv_flops: 3616200.0
feature map shape: (N, 18, 14.0, 14.0)

====================================================================================================
bn_params: 36, bn_flops: 3528.0
feature map shape: (N, 18, 14.0, 14.0)

====================================================================================================
feature map shape: (N, 18, 14.0, 14.0)

====================================================================================================
conv_params: 3586.0, conv_flops: 702856.0
feature map shape: (N, 22, 14.0, 14.0)

====================================================================================================
bn_params: 44, bn_flops: 4312.0
feature map shape: (N, 22, 14.0, 14.0)

====================================================================================================
feature map shape: (N, 22, 14.0, 14.0)

====================================================================================================
conv_params: 263168.0, conv_flops: 51580928.0
feature map shape: (N, 1024, 14.0, 14.0)

====================================================================================================
bn_params: 2048, bn_flops: 200704.0
feature map shape: (N, 1024, 14.0, 14.0)

====================================================================================================
feature map shape: (N, 1024, 14.0, 14.0)

====================================================================================================
feature map shape: (N, 1024, 14.0, 14.0)

====================================================================================================
conv_params: 12300.0, conv_flops: 2410800.0
feature map shape: (N, 12, 14.0, 14.0)

====================================================================================================
bn_params: 24, bn_flops: 2352.0
feature map shape: (N, 12, 14.0, 14.0)

====================================================================================================
feature map shape: (N, 12, 14.0, 14.0)

====================================================================================================
conv_params: 5668.0, conv_flops: 1110928.0
feature map shape: (N, 52, 14.0, 14.0)

====================================================================================================
bn_params: 104, bn_flops: 10192.0
feature map shape: (N, 52, 14.0, 14.0)

====================================================================================================
feature map shape: (N, 52, 14.0, 14.0)

====================================================================================================
conv_params: 263168.0, conv_flops: 51580928.0
feature map shape: (N, 1024, 14.0, 14.0)

====================================================================================================
bn_params: 2048, bn_flops: 200704.0
feature map shape: (N, 1024, 14.0, 14.0)

====================================================================================================
feature map shape: (N, 1024, 14.0, 14.0)

====================================================================================================
feature map shape: (N, 1024, 14.0, 14.0)

====================================================================================================
conv_params: 4100.0, conv_flops: 803600.0
feature map shape: (N, 4, 14.0, 14.0)

====================================================================================================
bn_params: 8, bn_flops: 784.0
feature map shape: (N, 4, 14.0, 14.0)

====================================================================================================
feature map shape: (N, 4, 14.0, 14.0)

====================================================================================================
conv_params: 777.0, conv_flops: 152292.0
feature map shape: (N, 21, 14.0, 14.0)

====================================================================================================
bn_params: 42, bn_flops: 4116.0
feature map shape: (N, 21, 14.0, 14.0)

====================================================================================================
feature map shape: (N, 21, 14.0, 14.0)

====================================================================================================
conv_params: 263168.0, conv_flops: 51580928.0
feature map shape: (N, 1024, 14.0, 14.0)

====================================================================================================
bn_params: 2048, bn_flops: 200704.0
feature map shape: (N, 1024, 14.0, 14.0)

====================================================================================================
feature map shape: (N, 1024, 14.0, 14.0)

====================================================================================================
feature map shape: (N, 1024, 14.0, 14.0)

====================================================================================================
conv_params: 12300.0, conv_flops: 2410800.0
feature map shape: (N, 12, 14.0, 14.0)

====================================================================================================
bn_params: 24, bn_flops: 2352.0
feature map shape: (N, 12, 14.0, 14.0)

====================================================================================================
feature map shape: (N, 12, 14.0, 14.0)

====================================================================================================
conv_params: 3488.0, conv_flops: 683648.0
feature map shape: (N, 32, 14.0, 14.0)

====================================================================================================
bn_params: 64, bn_flops: 6272.0
feature map shape: (N, 32, 14.0, 14.0)

====================================================================================================
feature map shape: (N, 32, 14.0, 14.0)

====================================================================================================
conv_params: 263168.0, conv_flops: 51580928.0
feature map shape: (N, 1024, 14.0, 14.0)

====================================================================================================
bn_params: 2048, bn_flops: 200704.0
feature map shape: (N, 1024, 14.0, 14.0)

====================================================================================================
feature map shape: (N, 1024, 14.0, 14.0)

====================================================================================================
feature map shape: (N, 1024, 14.0, 14.0)

====================================================================================================
conv_params: 2099200.0, conv_flops: 102860800.0
feature map shape: (N, 2048, 7.0, 7.0)

====================================================================================================
bn_params: 4096, bn_flops: 100352.0
feature map shape: (N, 2048, 7.0, 7.0)

====================================================================================================
conv_params: 3075.0, conv_flops: 150675.0
feature map shape: (N, 3, 7.0, 7.0)

====================================================================================================
bn_params: 6, bn_flops: 147.0
feature map shape: (N, 3, 7.0, 7.0)

====================================================================================================
feature map shape: (N, 3, 7.0, 7.0)

====================================================================================================
conv_params: 392.0, conv_flops: 19208.0
feature map shape: (N, 14, 7.0, 7.0)

====================================================================================================
bn_params: 28, bn_flops: 686.0
feature map shape: (N, 14, 7.0, 7.0)

====================================================================================================
feature map shape: (N, 14, 7.0, 7.0)

====================================================================================================
conv_params: 1050624.0, conv_flops: 51480576.0
feature map shape: (N, 2048, 7.0, 7.0)

====================================================================================================
bn_params: 4096, bn_flops: 100352.0
feature map shape: (N, 2048, 7.0, 7.0)

====================================================================================================
feature map shape: (N, 2048, 7.0, 7.0)

====================================================================================================
feature map shape: (N, 2048, 7.0, 7.0)

====================================================================================================
conv_params: 12294.0, conv_flops: 602406.0
feature map shape: (N, 6, 7.0, 7.0)

====================================================================================================
bn_params: 12, bn_flops: 294.0
feature map shape: (N, 6, 7.0, 7.0)

====================================================================================================
feature map shape: (N, 6, 7.0, 7.0)

====================================================================================================
conv_params: 220.0, conv_flops: 10780.0
feature map shape: (N, 4, 7.0, 7.0)

====================================================================================================
bn_params: 8, bn_flops: 196.0
feature map shape: (N, 4, 7.0, 7.0)

====================================================================================================
feature map shape: (N, 4, 7.0, 7.0)

====================================================================================================
conv_params: 1050624.0, conv_flops: 51480576.0
feature map shape: (N, 2048, 7.0, 7.0)

====================================================================================================
bn_params: 4096, bn_flops: 100352.0
feature map shape: (N, 2048, 7.0, 7.0)

====================================================================================================
feature map shape: (N, 2048, 7.0, 7.0)

====================================================================================================
feature map shape: (N, 2048, 7.0, 7.0)

====================================================================================================
conv_params: 8196.0, conv_flops: 401604.0
feature map shape: (N, 4, 7.0, 7.0)

====================================================================================================
bn_params: 8, bn_flops: 196.0
feature map shape: (N, 4, 7.0, 7.0)

====================================================================================================
feature map shape: (N, 4, 7.0, 7.0)

====================================================================================================
conv_params: 0.0, conv_flops: 0.0
feature map shape: (N, 0, 7.0, 7.0)

====================================================================================================
bn_params: 0, bn_flops: 0.0
feature map shape: (N, 0, 7.0, 7.0)

====================================================================================================
feature map shape: (N, 0, 7.0, 7.0)

====================================================================================================
conv_params: 1050624.0, conv_flops: 51480576.0
feature map shape: (N, 2048, 7.0, 7.0)

====================================================================================================
bn_params: 4096, bn_flops: 100352.0
feature map shape: (N, 2048, 7.0, 7.0)

====================================================================================================
feature map shape: (N, 2048, 7.0, 7.0)

====================================================================================================
feature map shape: (N, 2048, 7.0, 7.0)

====================================================================================================
feature map shape: (N, 2048, 1.0, 1.0)

====================================================================================================
fc_params: 262144, fc_flops: 262144
feature map shape: (N, 128, 1.0, 1.0)

====================================================================================================
feature map shape: (N, 128, 1.0, 1.0)

====================================================================================================
fc_params: 262144, fc_flops: 262144
feature map shape: (N, 2048, 1.0, 1.0)

====================================================================================================
feature map shape: (N, 2048, 1.0, 1.0)

====================================================================================================
feature map shape: (N, 2048, 7.0, 7.0)

====================================================================================================
feature map shape: (N, 2048, 1.0, 1.0)

====================================================================================================
fc_params: 2097152, fc_flops: 2097152
feature map shape: (N, 1024, 1.0, 1.0)

====================================================================================================
feature map shape: (N, 1024, 1.0, 1.0)

====================================================================================================
fc_params: 262144, fc_flops: 262144
feature map shape: (N, 128, 1.0, 1.0)

====================================================================================================
feature map shape: (N, 128, 1.0, 1.0)

====================================================================================================
fc_params: 262144, fc_flops: 262144
feature map shape: (N, 2048, 1.0, 1.0)

====================================================================================================
feature map shape: (N, 2048, 1.0, 1.0)

====================================================================================================
feature map shape: (N, 2048, 7.0, 7.0)

====================================================================================================
feature map shape: (N, 2048, 1.0, 1.0)

====================================================================================================
fc_params: 2097152, fc_flops: 2097152
feature map shape: (N, 1024, 1.0, 1.0)

====================================================================================================
feature map shape: (N, 1024, 1.0, 1.0)

====================================================================================================
fc_params: 409600, fc_flops: 409600
feature map shape: (N, 200, 1.0, 1.0)

====================================================================================================
feature map shape: (N, 200, 1.0, 1.0)

====================================================================================================
feature map shape: (N, 200, 1.0, 1.0)

====================================================================================================
feature map shape: (N, 200, 1.0, 1.0)

====================================================================================================
feature map shape: (N, 200, 1.0, 1.0)

====================================================================================================
feature map shape: (N, 200, 1.0, 1.0)

====================================================================================================
feature map shape: (N, 200, 1.0, 1.0)

====================================================================================================
feature map shape: (N, 200, 1.0, 1.0)

====================================================================================================
feature map shape: (N, 200, 1.0, 1.0)

====================================================================================================
feature map shape: (N, 200, 1.0, 1.0)

====================================================================================================
feature map shape: (N, 200, 1.0, 1.0)

====================================================================================================
feature map shape: (N, 200, 1.0, 1.0)

====================================================================================================
feature map shape: (N, 200, 1.0, 1.0)

====================================================================================================
feature map shape: (N, 200, 1.0, 1.0)

====================================================================================================
feature map shape: (N, 200, 1.0, 1.0)

====================================================================================================
feature map shape: (N, 200, 1.0, 1.0)

params: 13863395.0, FLOPs: 1539282312.0
[INFO] finish running src/param_statistics.py, total_time is 5.532s
