[INFO] start running src/param_statistics.py ...
[INFO] start running initialize ...
[INFO] finish running initialize ...

[INFO] start running build_validation_model ...
[INFO] finish running build_validation_model ...

****************************************************************************************************
net work pruning...
****************************************************************************************************
bn layer name: res2_0_branch1_bn 	 layer total channels: 256 	 remainingchannels: 220.0 	 pruned rate: 14.06%
bn layer name: res2_0_branch2a_bn 	 layer total channels: 64 	 remainingchannels: 55.0 	 pruned rate: 14.06%
bn layer name: res2_0_branch2b_bn 	 layer total channels: 64 	 remainingchannels: 35.0 	 pruned rate: 45.31%
bn layer name: res2_0_branch2c_bn 	 layer total channels: 256 	 remainingchannels: 163.0 	 pruned rate: 36.33%
bn layer name: res2_1_branch2a_bn 	 layer total channels: 64 	 remainingchannels: 56.0 	 pruned rate: 12.50%
bn layer name: res2_1_branch2b_bn 	 layer total channels: 64 	 remainingchannels: 63.0 	 pruned rate: 1.56%
bn layer name: res2_1_branch2c_bn 	 layer total channels: 256 	 remainingchannels: 58.0 	 pruned rate: 77.34%
bn layer name: res2_2_branch2a_bn 	 layer total channels: 64 	 remainingchannels: 63.0 	 pruned rate: 1.56%
bn layer name: res2_2_branch2b_bn 	 layer total channels: 64 	 remainingchannels: 60.0 	 pruned rate: 6.25%
bn layer name: res2_2_branch2c_bn 	 layer total channels: 256 	 remainingchannels: 63.0 	 pruned rate: 75.39%
bn layer name: res3_0_branch1_bn 	 layer total channels: 512 	 remainingchannels: 246.0 	 pruned rate: 51.95%
bn layer name: res3_0_branch2a_bn 	 layer total channels: 128 	 remainingchannels: 128.0 	 pruned rate: 0.00%
bn layer name: res3_0_branch2b_bn 	 layer total channels: 128 	 remainingchannels: 127.0 	 pruned rate: 0.78%
bn layer name: res3_0_branch2c_bn 	 layer total channels: 512 	 remainingchannels: 218.0 	 pruned rate: 57.42%
bn layer name: res3_1_branch2a_bn 	 layer total channels: 128 	 remainingchannels: 111.0 	 pruned rate: 13.28%
bn layer name: res3_1_branch2b_bn 	 layer total channels: 128 	 remainingchannels: 122.0 	 pruned rate: 4.69%
bn layer name: res3_1_branch2c_bn 	 layer total channels: 512 	 remainingchannels: 114.0 	 pruned rate: 77.73%
bn layer name: res3_2_branch2a_bn 	 layer total channels: 128 	 remainingchannels: 124.0 	 pruned rate: 3.12%
bn layer name: res3_2_branch2b_bn 	 layer total channels: 128 	 remainingchannels: 126.0 	 pruned rate: 1.56%
bn layer name: res3_2_branch2c_bn 	 layer total channels: 512 	 remainingchannels: 140.0 	 pruned rate: 72.66%
bn layer name: res3_3_branch2a_bn 	 layer total channels: 128 	 remainingchannels: 123.0 	 pruned rate: 3.91%
bn layer name: res3_3_branch2b_bn 	 layer total channels: 128 	 remainingchannels: 122.0 	 pruned rate: 4.69%
bn layer name: res3_3_branch2c_bn 	 layer total channels: 512 	 remainingchannels: 94.0 	 pruned rate: 81.64%
bn layer name: res4_0_branch1_bn 	 layer total channels: 1024 	 remainingchannels: 515.0 	 pruned rate: 49.71%
bn layer name: res4_0_branch2a_bn 	 layer total channels: 256 	 remainingchannels: 254.0 	 pruned rate: 0.78%
bn layer name: res4_0_branch2b_bn 	 layer total channels: 256 	 remainingchannels: 256.0 	 pruned rate: 0.00%
bn layer name: res4_0_branch2c_bn 	 layer total channels: 1024 	 remainingchannels: 600.0 	 pruned rate: 41.41%
bn layer name: res4_1_branch2a_bn 	 layer total channels: 256 	 remainingchannels: 233.0 	 pruned rate: 8.98%
bn layer name: res4_1_branch2b_bn 	 layer total channels: 256 	 remainingchannels: 243.0 	 pruned rate: 5.08%
bn layer name: res4_1_branch2c_bn 	 layer total channels: 1024 	 remainingchannels: 143.0 	 pruned rate: 86.04%
bn layer name: res4_2_branch2a_bn 	 layer total channels: 256 	 remainingchannels: 242.0 	 pruned rate: 5.47%
bn layer name: res4_2_branch2b_bn 	 layer total channels: 256 	 remainingchannels: 224.0 	 pruned rate: 12.50%
bn layer name: res4_2_branch2c_bn 	 layer total channels: 1024 	 remainingchannels: 107.0 	 pruned rate: 89.55%
bn layer name: res4_3_branch2a_bn 	 layer total channels: 256 	 remainingchannels: 237.0 	 pruned rate: 7.42%
bn layer name: res4_3_branch2b_bn 	 layer total channels: 256 	 remainingchannels: 238.0 	 pruned rate: 7.03%
bn layer name: res4_3_branch2c_bn 	 layer total channels: 1024 	 remainingchannels: 215.0 	 pruned rate: 79.00%
bn layer name: res4_4_branch2a_bn 	 layer total channels: 256 	 remainingchannels: 237.0 	 pruned rate: 7.42%
bn layer name: res4_4_branch2b_bn 	 layer total channels: 256 	 remainingchannels: 249.0 	 pruned rate: 2.73%
bn layer name: res4_4_branch2c_bn 	 layer total channels: 1024 	 remainingchannels: 154.0 	 pruned rate: 84.96%
bn layer name: res4_5_branch2a_bn 	 layer total channels: 256 	 remainingchannels: 247.0 	 pruned rate: 3.52%
bn layer name: res4_5_branch2b_bn 	 layer total channels: 256 	 remainingchannels: 255.0 	 pruned rate: 0.39%
bn layer name: res4_5_branch2c_bn 	 layer total channels: 1024 	 remainingchannels: 108.0 	 pruned rate: 89.45%
bn layer name: res5_0_branch1_bn 	 layer total channels: 2048 	 remainingchannels: 2048.0 	 pruned rate: 0.00%
bn layer name: res5_0_branch2a_bn 	 layer total channels: 512 	 remainingchannels: 509.0 	 pruned rate: 0.59%
bn layer name: res5_0_branch2b_bn 	 layer total channels: 512 	 remainingchannels: 511.0 	 pruned rate: 0.20%
bn layer name: res5_0_branch2c_bn 	 layer total channels: 2048 	 remainingchannels: 2044.0 	 pruned rate: 0.20%
bn layer name: res5_1_branch2a_bn 	 layer total channels: 512 	 remainingchannels: 509.0 	 pruned rate: 0.59%
bn layer name: res5_1_branch2b_bn 	 layer total channels: 512 	 remainingchannels: 496.0 	 pruned rate: 3.12%
bn layer name: res5_1_branch2c_bn 	 layer total channels: 2048 	 remainingchannels: 2020.0 	 pruned rate: 1.37%
bn layer name: res5_2_branch2a_bn 	 layer total channels: 512 	 remainingchannels: 505.0 	 pruned rate: 1.37%
bn layer name: res5_2_branch2b_bn 	 layer total channels: 512 	 remainingchannels: 471.0 	 pruned rate: 8.01%
bn layer name: res5_2_branch2c_bn 	 layer total channels: 2048 	 remainingchannels: 2028.0 	 pruned rate: 0.98%
bn layer name: res_conv1_bn 	 layer total channels: 64 	 remainingchannels: 62.0 	 pruned rate: 3.12%
total pruned rate: 0.300037650602
====================================================================================================
op type: ImageInput
in channels: 3, out channels: 3

====================================================================================================
op type: StopGradient
in channels: 3, out channels: 3

====================================================================================================
op type: StopGradient
in channels: 3, out channels: 3

====================================================================================================
op type: Conv
in channels: 3, out channels: 64

====================================================================================================
op type: SpatialBN
in channels: 3, out channels: 64

====================================================================================================
op type: Relu
in channels: 3, out channels: 64

====================================================================================================
op type: MaxPool
in channels: 64, out channels: 64

====================================================================================================
op type: Conv
in channels: 64, out channels: 256

====================================================================================================
op type: SpatialBN
in channels: 64, out channels: 256

====================================================================================================
op type: Conv
in channels: 64, out channels: 64

====================================================================================================
op type: SpatialBN
in channels: 64, out channels: 55.0

====================================================================================================
op type: Relu
in channels: 55.0, out channels: 55.0

====================================================================================================
C_in: 55.0, old_in: 64
op type: Conv
in channels: 55.0, out channels: 64

====================================================================================================
op type: SpatialBN
in channels: 64, out channels: 35.0

====================================================================================================
op type: Relu
in channels: 35.0, out channels: 35.0

====================================================================================================
op type: Conv
in channels: 35.0, out channels: 256

====================================================================================================
op type: SpatialBN
in channels: 35.0, out channels: 256

====================================================================================================
op type: Sum
in channels: 35.0, out channels: 256

====================================================================================================
op type: Relu
in channels: 256, out channels: 256

====================================================================================================
op type: Conv
in channels: 256, out channels: 64

====================================================================================================
op type: SpatialBN
in channels: 64, out channels: 56.0

====================================================================================================
op type: Relu
in channels: 56.0, out channels: 56.0

====================================================================================================
C_in: 56.0, old_in: 64
op type: Conv
in channels: 56.0, out channels: 64

====================================================================================================
op type: SpatialBN
in channels: 64, out channels: 63.0

====================================================================================================
op type: Relu
in channels: 63.0, out channels: 63.0

====================================================================================================
op type: Conv
in channels: 63.0, out channels: 256

====================================================================================================
op type: SpatialBN
in channels: 63.0, out channels: 256

====================================================================================================
op type: Sum
in channels: 63.0, out channels: 256

====================================================================================================
op type: Relu
in channels: 256, out channels: 256

====================================================================================================
op type: Conv
in channels: 256, out channels: 64

====================================================================================================
op type: SpatialBN
in channels: 64, out channels: 63.0

====================================================================================================
op type: Relu
in channels: 63.0, out channels: 63.0

====================================================================================================
C_in: 63.0, old_in: 64
op type: Conv
in channels: 63.0, out channels: 64

====================================================================================================
op type: SpatialBN
in channels: 64, out channels: 60.0

====================================================================================================
op type: Relu
in channels: 60.0, out channels: 60.0

====================================================================================================
op type: Conv
in channels: 60.0, out channels: 256

====================================================================================================
op type: SpatialBN
in channels: 60.0, out channels: 256

====================================================================================================
op type: Sum
in channels: 60.0, out channels: 256

====================================================================================================
op type: Relu
in channels: 256, out channels: 256

====================================================================================================
op type: Conv
in channels: 256, out channels: 512

====================================================================================================
op type: SpatialBN
in channels: 256, out channels: 512

====================================================================================================
op type: Conv
in channels: 256, out channels: 128

====================================================================================================
op type: SpatialBN
in channels: 128, out channels: 128.0

====================================================================================================
op type: Relu
in channels: 128.0, out channels: 128.0

====================================================================================================
op type: Conv
in channels: 128.0, out channels: 128

====================================================================================================
op type: SpatialBN
in channels: 128, out channels: 127.0

====================================================================================================
op type: Relu
in channels: 127.0, out channels: 127.0

====================================================================================================
op type: Conv
in channels: 127.0, out channels: 512

====================================================================================================
op type: SpatialBN
in channels: 127.0, out channels: 512

====================================================================================================
op type: Sum
in channels: 127.0, out channels: 512

====================================================================================================
op type: Relu
in channels: 512, out channels: 512

====================================================================================================
op type: Conv
in channels: 512, out channels: 128

====================================================================================================
op type: SpatialBN
in channels: 128, out channels: 111.0

====================================================================================================
op type: Relu
in channels: 111.0, out channels: 111.0

====================================================================================================
C_in: 111.0, old_in: 128
op type: Conv
in channels: 111.0, out channels: 128

====================================================================================================
op type: SpatialBN
in channels: 128, out channels: 122.0

====================================================================================================
op type: Relu
in channels: 122.0, out channels: 122.0

====================================================================================================
op type: Conv
in channels: 122.0, out channels: 512

====================================================================================================
op type: SpatialBN
in channels: 122.0, out channels: 512

====================================================================================================
op type: Sum
in channels: 122.0, out channels: 512

====================================================================================================
op type: Relu
in channels: 512, out channels: 512

====================================================================================================
op type: Conv
in channels: 512, out channels: 128

====================================================================================================
op type: SpatialBN
in channels: 128, out channels: 124.0

====================================================================================================
op type: Relu
in channels: 124.0, out channels: 124.0

====================================================================================================
C_in: 124.0, old_in: 128
op type: Conv
in channels: 124.0, out channels: 128

====================================================================================================
op type: SpatialBN
in channels: 128, out channels: 126.0

====================================================================================================
op type: Relu
in channels: 126.0, out channels: 126.0

====================================================================================================
op type: Conv
in channels: 126.0, out channels: 512

====================================================================================================
op type: SpatialBN
in channels: 126.0, out channels: 512

====================================================================================================
op type: Sum
in channels: 126.0, out channels: 512

====================================================================================================
op type: Relu
in channels: 512, out channels: 512

====================================================================================================
op type: Conv
in channels: 512, out channels: 128

====================================================================================================
op type: SpatialBN
in channels: 128, out channels: 123.0

====================================================================================================
op type: Relu
in channels: 123.0, out channels: 123.0

====================================================================================================
C_in: 123.0, old_in: 128
op type: Conv
in channels: 123.0, out channels: 128

====================================================================================================
op type: SpatialBN
in channels: 128, out channels: 122.0

====================================================================================================
op type: Relu
in channels: 122.0, out channels: 122.0

====================================================================================================
op type: Conv
in channels: 122.0, out channels: 512

====================================================================================================
op type: SpatialBN
in channels: 122.0, out channels: 512

====================================================================================================
op type: Sum
in channels: 122.0, out channels: 512

====================================================================================================
op type: Relu
in channels: 512, out channels: 512

====================================================================================================
op type: Conv
in channels: 512, out channels: 1024

====================================================================================================
op type: SpatialBN
in channels: 512, out channels: 1024

====================================================================================================
op type: Conv
in channels: 512, out channels: 256

====================================================================================================
op type: SpatialBN
in channels: 256, out channels: 254.0

====================================================================================================
op type: Relu
in channels: 254.0, out channels: 254.0

====================================================================================================
C_in: 254.0, old_in: 256
op type: Conv
in channels: 254.0, out channels: 256

====================================================================================================
op type: SpatialBN
in channels: 256, out channels: 256.0

====================================================================================================
op type: Relu
in channels: 256.0, out channels: 256.0

====================================================================================================
op type: Conv
in channels: 256.0, out channels: 1024

====================================================================================================
op type: SpatialBN
in channels: 256.0, out channels: 1024

====================================================================================================
op type: Sum
in channels: 256.0, out channels: 1024

====================================================================================================
op type: Relu
in channels: 1024, out channels: 1024

====================================================================================================
op type: Conv
in channels: 1024, out channels: 256

====================================================================================================
op type: SpatialBN
in channels: 256, out channels: 233.0

====================================================================================================
op type: Relu
in channels: 233.0, out channels: 233.0

====================================================================================================
C_in: 233.0, old_in: 256
op type: Conv
in channels: 233.0, out channels: 256

====================================================================================================
op type: SpatialBN
in channels: 256, out channels: 243.0

====================================================================================================
op type: Relu
in channels: 243.0, out channels: 243.0

====================================================================================================
op type: Conv
in channels: 243.0, out channels: 1024

====================================================================================================
op type: SpatialBN
in channels: 243.0, out channels: 1024

====================================================================================================
op type: Sum
in channels: 243.0, out channels: 1024

====================================================================================================
op type: Relu
in channels: 1024, out channels: 1024

====================================================================================================
op type: Conv
in channels: 1024, out channels: 256

====================================================================================================
op type: SpatialBN
in channels: 256, out channels: 242.0

====================================================================================================
op type: Relu
in channels: 242.0, out channels: 242.0

====================================================================================================
C_in: 242.0, old_in: 256
op type: Conv
in channels: 242.0, out channels: 256

====================================================================================================
op type: SpatialBN
in channels: 256, out channels: 224.0

====================================================================================================
op type: Relu
in channels: 224.0, out channels: 224.0

====================================================================================================
op type: Conv
in channels: 224.0, out channels: 1024

====================================================================================================
op type: SpatialBN
in channels: 224.0, out channels: 1024

====================================================================================================
op type: Sum
in channels: 224.0, out channels: 1024

====================================================================================================
op type: Relu
in channels: 1024, out channels: 1024

====================================================================================================
op type: Conv
in channels: 1024, out channels: 256

====================================================================================================
op type: SpatialBN
in channels: 256, out channels: 237.0

====================================================================================================
op type: Relu
in channels: 237.0, out channels: 237.0

====================================================================================================
C_in: 237.0, old_in: 256
op type: Conv
in channels: 237.0, out channels: 256

====================================================================================================
op type: SpatialBN
in channels: 256, out channels: 238.0

====================================================================================================
op type: Relu
in channels: 238.0, out channels: 238.0

====================================================================================================
op type: Conv
in channels: 238.0, out channels: 1024

====================================================================================================
op type: SpatialBN
in channels: 238.0, out channels: 1024

====================================================================================================
op type: Sum
in channels: 238.0, out channels: 1024

====================================================================================================
op type: Relu
in channels: 1024, out channels: 1024

====================================================================================================
op type: Conv
in channels: 1024, out channels: 256

====================================================================================================
op type: SpatialBN
in channels: 256, out channels: 237.0

====================================================================================================
op type: Relu
in channels: 237.0, out channels: 237.0

====================================================================================================
C_in: 237.0, old_in: 256
op type: Conv
in channels: 237.0, out channels: 256

====================================================================================================
op type: SpatialBN
in channels: 256, out channels: 249.0

====================================================================================================
op type: Relu
in channels: 249.0, out channels: 249.0

====================================================================================================
op type: Conv
in channels: 249.0, out channels: 1024

====================================================================================================
op type: SpatialBN
in channels: 249.0, out channels: 1024

====================================================================================================
op type: Sum
in channels: 249.0, out channels: 1024

====================================================================================================
op type: Relu
in channels: 1024, out channels: 1024

====================================================================================================
op type: Conv
in channels: 1024, out channels: 256

====================================================================================================
op type: SpatialBN
in channels: 256, out channels: 247.0

====================================================================================================
op type: Relu
in channels: 247.0, out channels: 247.0

====================================================================================================
C_in: 247.0, old_in: 256
op type: Conv
in channels: 247.0, out channels: 256

====================================================================================================
op type: SpatialBN
in channels: 256, out channels: 255.0

====================================================================================================
op type: Relu
in channels: 255.0, out channels: 255.0

====================================================================================================
op type: Conv
in channels: 255.0, out channels: 1024

====================================================================================================
op type: SpatialBN
in channels: 255.0, out channels: 1024

====================================================================================================
op type: Sum
in channels: 255.0, out channels: 1024

====================================================================================================
op type: Relu
in channels: 1024, out channels: 1024

====================================================================================================
op type: Conv
in channels: 1024, out channels: 2048

====================================================================================================
op type: SpatialBN
in channels: 1024, out channels: 2048

====================================================================================================
op type: Conv
in channels: 1024, out channels: 512

====================================================================================================
op type: SpatialBN
in channels: 512, out channels: 509.0

====================================================================================================
op type: Relu
in channels: 509.0, out channels: 509.0

====================================================================================================
C_in: 509.0, old_in: 512
op type: Conv
in channels: 509.0, out channels: 512

====================================================================================================
op type: SpatialBN
in channels: 512, out channels: 511.0

====================================================================================================
op type: Relu
in channels: 511.0, out channels: 511.0

====================================================================================================
op type: Conv
in channels: 511.0, out channels: 2048

====================================================================================================
op type: SpatialBN
in channels: 511.0, out channels: 2048

====================================================================================================
op type: Sum
in channels: 511.0, out channels: 2048

====================================================================================================
op type: Relu
in channels: 2048, out channels: 2048

====================================================================================================
op type: Conv
in channels: 2048, out channels: 512

====================================================================================================
op type: SpatialBN
in channels: 512, out channels: 509.0

====================================================================================================
op type: Relu
in channels: 509.0, out channels: 509.0

====================================================================================================
C_in: 509.0, old_in: 512
op type: Conv
in channels: 509.0, out channels: 512

====================================================================================================
op type: SpatialBN
in channels: 512, out channels: 496.0

====================================================================================================
op type: Relu
in channels: 496.0, out channels: 496.0

====================================================================================================
op type: Conv
in channels: 496.0, out channels: 2048

====================================================================================================
op type: SpatialBN
in channels: 496.0, out channels: 2048

====================================================================================================
op type: Sum
in channels: 496.0, out channels: 2048

====================================================================================================
op type: Relu
in channels: 2048, out channels: 2048

====================================================================================================
op type: Conv
in channels: 2048, out channels: 512

====================================================================================================
op type: SpatialBN
in channels: 512, out channels: 505.0

====================================================================================================
op type: Relu
in channels: 505.0, out channels: 505.0

====================================================================================================
C_in: 505.0, old_in: 512
op type: Conv
in channels: 505.0, out channels: 512

====================================================================================================
op type: SpatialBN
in channels: 512, out channels: 471.0

====================================================================================================
op type: Relu
in channels: 471.0, out channels: 471.0

====================================================================================================
op type: Conv
in channels: 471.0, out channels: 2048

====================================================================================================
op type: SpatialBN
in channels: 471.0, out channels: 2048

====================================================================================================
op type: Sum
in channels: 471.0, out channels: 2048

====================================================================================================
op type: Relu
in channels: 2048, out channels: 2048

====================================================================================================
op type: AveragePool
in channels: 2048, out channels: 2048

====================================================================================================
op type: FC
in channels: 2048, out channels: 2048

====================================================================================================
op type: Relu
in channels: 2048, out channels: 2048

====================================================================================================
op type: FC
in channels: 2048, out channels: 2048

====================================================================================================
op type: Sigmoid
in channels: 2048, out channels: 2048

====================================================================================================
op type: Mul
in channels: 2048, out channels: 2048

====================================================================================================
op type: AveragePool
in channels: 2048, out channels: 2048

====================================================================================================
op type: FC
in channels: 2048, out channels: 2048

====================================================================================================
op type: AveragePool
in channels: 2048, out channels: 2048

====================================================================================================
op type: FC
in channels: 2048, out channels: 2048

====================================================================================================
op type: Relu
in channels: 2048, out channels: 2048

====================================================================================================
op type: FC
in channels: 2048, out channels: 2048

====================================================================================================
op type: Sigmoid
in channels: 2048, out channels: 2048

====================================================================================================
op type: Mul
in channels: 2048, out channels: 2048

====================================================================================================
op type: AveragePool
in channels: 2048, out channels: 2048

====================================================================================================
op type: FC
in channels: 2048, out channels: 2048

====================================================================================================
op type: Concat
in channels: 2048, out channels: 2048

====================================================================================================
op type: FC
in channels: 2048, out channels: 2048

====================================================================================================
op type: SoftmaxWithLoss
in channels: 2048, out channels: 2048

====================================================================================================
op type: Split
in channels: 2048, out channels: 2048

====================================================================================================
op type: Sub
in channels: 2048, out channels: 2048

====================================================================================================
op type: Abs
in channels: 2048, out channels: 2048

====================================================================================================
op type: Mul
in channels: 2048, out channels: 2048

====================================================================================================
op type: ReduceBackSum
in channels: 2048, out channels: 2048

====================================================================================================
op type: Sqrt
in channels: 2048, out channels: 2048

====================================================================================================
op type: ReduceBackSum
in channels: 2048, out channels: 2048

====================================================================================================
op type: GivenTensorFill
in channels: 2048, out channels: 2048

====================================================================================================
op type: Div
in channels: 2048, out channels: 2048

====================================================================================================
op type: ConstantFill
in channels: 2048, out channels: 2048

====================================================================================================
op type: Mul
in channels: 2048, out channels: 2048

====================================================================================================
op type: Sum
in channels: 2048, out channels: 2048

====================================================================================================
op type: Accuracy
in channels: 2048, out channels: 2048

====================================================================================================
op type: Accuracy
in channels: 2048, out channels: 2048





new weights_map:

res2_0_branch2a_bn_s : [55]
res2_0_branch2b_bn_rm : [35]
res_conv1_bn_b : [64]
res2_2_branch2a_bn_rm : [63]
res2_2_branch2b_bn_rm : [60]
res4_3_branch2a_bn_b : [237]
res2_1_branch2a_bn_s : [56]
res2_2_branch2a_w : [ 63 256   1   1]
res3_2_branch2c_bn_b : [512]
res5_0_branch2c_bn_s : [2048]
res2_0_branch2a_bn_b : [55]
res_conv1_bn_s : [64]
res5_2_branch2a_bn_rm : [505]
res4_5_branch2b_bn_rm : [255]
res5_0_branch1_bn_riv : [2048]
res2_1_branch2a_bn_b : [56]
res2_1_branch2c_w : [256  64   1   1]
res4_2_branch2c_w : [1024  256    1    1]
res3_1_branch2b_w : [122 111   3   3]
res3_2_branch2c_bn_s : [512]
res3_1_branch2b_bn_riv : [122]
res3_1_branch2a_bn_rm : [111]
res4_4_branch2b_w : [249 237   3   3]
res4_4_branch2c_bn_rm : [1024]
res3_1_branch2b_bn_b : [122]
bi_attention_pred_b : [196]
res3_1_branch2c_bn_b : [512]
res5_2_branch2b_w : [471 505   3   3]
res4_3_branch2a_bn_rm : [237]
res2_1_branch2c_bn_b : [256]
res2_0_branch2b_bn_b : [35]
res4_0_branch2a_bn_s : [254]
res3_2_branch2b_bn_b : [126]
res3_3_branch2a_w : [123 512   1   1]
bi_attention_pred_w : [ 196 2048]
res3_1_branch2b_bn_s : [122]
res3_1_branch2c_bn_s : [512]
res4_0_branch2a_bn_rm : [254]
res5_1_branch2c_w : [2048  512    1    1]
res2_1_branch2c_bn_s : [256]
res2_0_branch2b_bn_s : [35]
res3_2_branch2b_bn_s : [126]
res4_0_branch2a_bn_b : [254]
res4_0_branch2c_bn_b : [1024]
res5_2_branch2b_bn_rm : [471]
res2_1_branch2b_bn_riv : [63]
res3_1_branch2b_bn_rm : [122]
res3_3_branch2b_bn_s : [122]
res5_1_branch2c_bn_s : [2048]
res4_2_branch2a_w : [ 242 1024    1    1]
osme_fc1_2_w : [ 128 2048]
conv1_b : [64]
res2_0_branch2c_bn_b : [256]
res4_0_branch2c_bn_s : [1024]
res4_3_branch2b_bn_rm : [238]
res5_0_branch2b_bn_s : [511]
res3_3_branch2b_bn_b : [122]
res4_3_branch2c_bn_riv : [1024]
res5_1_branch2c_bn_b : [2048]
res2_0_branch1_bn_rm : [256]
res4_1_branch2a_bn_riv : [233]
conv1_w : [64  3  7  7]
res3_0_branch2b_bn_b : [127]
res4_3_branch2b_w : [238 237   3   3]
osme_fc2_2_w : [2048  128]
osme_fc2_1_w : [2048  128]
res2_1_branch2b_bn_rm : [63]
res4_1_branch2c_bn_b : [1024]
res3_2_branch2a_w : [124 512   1   1]
res4_1_branch2b_bn_b : [243]
res5_0_branch2c_bn_b : [2048]
res4_5_branch2c_w : [1024  256    1    1]
res2_0_branch1_w : [256  64   1   1]
res4_4_branch2b_bn_riv : [249]
res2_1_branch2c_bn_rm : [256]
res3_2_branch2c_w : [512 128   1   1]
res3_0_branch2b_bn_s : [127]
res4_1_branch2c_bn_s : [1024]
res4_1_branch2b_bn_s : [243]
res4_0_branch2c_bn_rm : [1024]
res2_2_branch2a_bn_riv : [63]
res5_0_branch2b_w : [511 509   3   3]
res4_1_branch2c_bn_riv : [1024]
attention_1_b : [1024]
res4_4_branch2a_bn_s : [237]
res4_5_branch2c_bn_rm : [1024]
res4_0_branch2b_bn_rm : [256]
res4_5_branch2a_w : [ 247 1024    1    1]
res2_0_branch1_bn_riv : [256]
res4_2_branch2b_bn_s : [224]
res2_2_branch2a_bn_b : [63]
res_conv1_bn_riv : [64]
res4_4_branch2a_bn_b : [237]
res4_3_branch2a_bn_s : [237]
res4_0_branch2c_bn_riv : [1024]
res4_2_branch2b_bn_b : [224]
res2_2_branch2a_bn_s : [63]
res2_0_branch2a_bn_riv : [55]
res3_0_branch2b_bn_rm : [127]
res4_4_branch2a_bn_riv : [237]
res5_0_branch2a_bn_rm : [509]
res5_2_branch2a_bn_riv : [505]
res5_1_branch2b_bn_riv : [496]
res5_1_branch2c_bn_riv : [2048]
osme_fc2_2_b : [2048]
osme_fc1_2_b : [128]
res4_5_branch2b_bn_riv : [255]
res5_2_branch2c_bn_s : [2048]
res3_2_branch2a_bn_rm : [124]
res5_1_branch2a_bn_rm : [509]
res4_2_branch2c_bn_rm : [1024]
res2_0_branch2c_w : [256  64   1   1]
res5_0_branch2a_bn_b : [509]
res3_2_branch2a_bn_s : [124]
res3_0_branch2c_bn_rm : [512]
res5_2_branch2c_bn_b : [2048]
res4_0_branch2b_w : [256 254   3   3]
res3_3_branch2c_w : [512 128   1   1]
res5_2_branch2a_w : [ 505 2048    1    1]
res5_2_branch2c_bn_rm : [2048]
res3_2_branch2a_bn_b : [124]
res5_0_branch2a_bn_s : [509]
res4_1_branch2b_bn_riv : [243]
res3_0_branch2a_bn_s : [128]
res4_4_branch2b_bn_b : [249]
res4_3_branch2b_bn_riv : [238]
res4_2_branch2c_bn_riv : [1024]
attention_1_w : [1024 2048]
res3_2_branch2b_w : [126 124   3   3]
res4_1_branch2a_bn_s : [233]
osme_fc1_1_w : [ 128 2048]
res4_0_branch2b_bn_b : [256]
res3_0_branch2a_bn_b : [128]
res4_4_branch2b_bn_s : [249]
res2_2_branch2b_bn_riv : [60]
res2_1_branch2a_w : [ 56 256   1   1]
osme_fc1_1_b : [128]
res2_2_branch2c_w : [256  64   1   1]
res4_0_branch1_w : [1024  512    1    1]
res4_0_branch2b_bn_s : [256]
res3_3_branch2a_bn_riv : [123]
res4_2_branch2a_bn_b : [242]
res4_5_branch2a_bn_rm : [247]
res3_2_branch2c_bn_rm : [512]
res5_2_branch2b_bn_s : [471]
res2_0_branch2a_bn_rm : [55]
res5_0_branch2b_bn_riv : [511]
res3_1_branch2a_bn_b : [111]
res3_3_branch2b_bn_rm : [122]
res4_3_branch2c_bn_s : [1024]
res3_0_branch1_w : [512 256   1   1]
res4_2_branch2a_bn_s : [242]
res5_2_branch2b_bn_b : [471]
res3_1_branch2a_bn_s : [111]
res4_3_branch2c_bn_b : [1024]
osme_fc2_1_b : [2048]
res4_5_branch2b_w : [255 247   3   3]
res5_0_branch2b_bn_b : [511]
res5_2_branch2a_bn_b : [505]
res5_0_branch2c_bn_riv : [2048]
res5_1_branch2a_bn_s : [509]
res3_3_branch2a_bn_rm : [123]
res4_0_branch2a_bn_riv : [254]
res3_3_branch2c_bn_riv : [512]
res2_1_branch2a_bn_rm : [56]
res2_0_branch1_bn_s : [256]
res2_2_branch2b_bn_s : [60]
res5_2_branch2a_bn_s : [505]
res_conv1_bn_rm : [64]
res5_1_branch2a_bn_b : [509]
res2_0_branch2c_bn_riv : [256]
res3_2_branch2b_bn_rm : [126]
res2_0_branch1_bn_b : [256]
res2_2_branch2b_bn_b : [60]
res2_2_branch2c_bn_s : [256]
res4_2_branch2b_bn_riv : [224]
res4_1_branch2a_bn_b : [233]
res4_0_branch1_bn_rm : [1024]
res4_0_branch1_bn_s : [1024]
res5_0_branch1_bn_s : [2048]
res4_2_branch2a_bn_rm : [242]
res4_0_branch2c_w : [1024  256    1    1]
res4_1_branch2a_w : [ 233 1024    1    1]
res5_0_branch2c_bn_rm : [2048]
res2_2_branch2c_bn_b : [256]
res2_0_branch2b_w : [35 55  3  3]
res3_0_branch1_bn_rm : [512]
res4_0_branch1_bn_b : [1024]
res4_1_branch2c_bn_rm : [1024]
res5_0_branch1_bn_b : [2048]
res4_0_branch2a_w : [254 512   1   1]
res4_1_branch2c_w : [1024  256    1    1]
res2_1_branch2b_bn_s : [63]
res4_2_branch2b_w : [224 242   3   3]
attention_2_w : [1024 2048]
res3_0_branch1_bn_b : [512]
res3_3_branch2c_bn_b : [512]
res3_0_branch1_bn_riv : [512]
res4_2_branch2a_bn_riv : [242]
res4_1_branch2a_bn_rm : [233]
res5_1_branch2b_w : [496 509   3   3]
res3_0_branch2c_bn_riv : [512]
attention_2_b : [1024]
res4_5_branch2c_bn_riv : [1024]
res4_4_branch2c_bn_riv : [1024]
res3_0_branch1_bn_s : [512]
res3_3_branch2c_bn_rm : [512]
res3_3_branch2c_bn_s : [512]
res3_0_branch2a_bn_riv : [128]
res3_3_branch2b_bn_riv : [122]
res5_1_branch2a_w : [ 509 2048    1    1]
res3_1_branch2a_w : [111 512   1   1]
res2_2_branch2b_w : [60 63  3  3]
res3_3_branch2a_bn_b : [123]
res2_1_branch2c_bn_riv : [256]
res4_5_branch2b_bn_b : [255]
res2_1_branch2b_w : [63 56  3  3]
res4_1_branch2b_bn_rm : [243]
res3_1_branch2c_w : [512 128   1   1]
res3_2_branch2a_bn_riv : [124]
res3_3_branch2a_bn_s : [123]
res3_0_branch2b_w : [127 128   3   3]
res4_5_branch2a_bn_riv : [247]
res4_5_branch2b_bn_s : [255]
res2_1_branch2a_bn_riv : [56]
res3_1_branch2c_bn_riv : [512]
res5_1_branch2a_bn_riv : [509]
res3_0_branch2c_bn_b : [512]
res3_0_branch2a_bn_rm : [128]
res4_4_branch2c_bn_b : [1024]
res5_0_branch2a_bn_riv : [509]
res2_2_branch2c_bn_rm : [256]
res5_2_branch2c_bn_riv : [2048]
res3_3_branch2b_w : [122 123   3   3]
res5_2_branch2b_bn_riv : [471]
res4_2_branch2b_bn_rm : [224]
res5_2_branch2c_w : [2048  512    1    1]
res3_0_branch2c_bn_s : [512]
res4_4_branch2c_bn_s : [1024]
res4_4_branch2a_w : [ 237 1024    1    1]
res5_0_branch2b_bn_rm : [511]
res2_0_branch2a_w : [55 64  1  1]
res4_4_branch2b_bn_rm : [249]
res5_1_branch2b_bn_rm : [496]
res4_3_branch2a_bn_riv : [237]
res5_0_branch2c_w : [2048  512    1    1]
res5_1_branch2b_bn_b : [496]
res4_3_branch2a_w : [ 237 1024    1    1]
res3_1_branch2a_bn_riv : [111]
res5_0_branch1_bn_rm : [2048]
res4_3_branch2c_bn_rm : [1024]
res3_2_branch2b_bn_riv : [126]
res2_1_branch2b_bn_b : [63]
res2_0_branch2b_bn_riv : [35]
res4_1_branch2b_w : [243 233   3   3]
res5_1_branch2b_bn_s : [496]
res4_4_branch2c_w : [1024  256    1    1]
res2_0_branch2c_bn_rm : [256]
res5_1_branch2c_bn_rm : [2048]
res4_0_branch2b_bn_riv : [256]
res3_0_branch2c_w : [512 128   1   1]
res2_2_branch2c_bn_riv : [256]
res4_0_branch1_bn_riv : [1024]
res5_0_branch1_w : [2048 1024    1    1]
res3_1_branch2c_bn_rm : [512]
res4_5_branch2c_bn_b : [1024]
res4_3_branch2c_w : [1024  256    1    1]
res4_5_branch2a_bn_s : [247]
res4_3_branch2b_bn_s : [238]
res4_2_branch2c_bn_s : [1024]
res4_4_branch2a_bn_rm : [237]
res3_2_branch2c_bn_riv : [512]
res5_0_branch2a_w : [ 509 1024    1    1]
res4_5_branch2c_bn_s : [1024]
res4_5_branch2a_bn_b : [247]
res4_2_branch2c_bn_b : [1024]
res2_0_branch2c_bn_s : [256]
res4_3_branch2b_bn_b : [238]
res3_0_branch2b_bn_riv : [127]
res3_0_branch2a_w : [128 256   1   1]
++++++++++++++++++++++++++++++++++++++++++++++++++++++++++++++++++++++++++++++++++++++++++++++++++++
computing the params and FLOPs of network
====================================================================================================
feature map shape: (N, 3, 224, 224)

====================================================================================================
feature map shape: (N, 3, 224, 224)

====================================================================================================
feature map shape: (N, 3, 224, 224)

====================================================================================================
conv_params: 9472.0, conv_flops: 118816768.0
feature map shape: (N, 64, 112.0, 112.0)

====================================================================================================
bn_params: 128, bn_flops: 802816.0
feature map shape: (N, 64, 112.0, 112.0)

====================================================================================================
feature map shape: (N, 64, 112.0, 112.0)

====================================================================================================
feature map shape: (N, 64, 56.0, 56.0)

====================================================================================================
conv_params: 16640.0, conv_flops: 52183040.0
feature map shape: (N, 256, 56.0, 56.0)

====================================================================================================
bn_params: 512, bn_flops: 802816.0
feature map shape: (N, 256, 56.0, 56.0)

====================================================================================================
conv_params: 3575.0, conv_flops: 11211200.0
feature map shape: (N, 55, 56.0, 56.0)

====================================================================================================
bn_params: 110, bn_flops: 172480.0
feature map shape: (N, 55, 56.0, 56.0)

====================================================================================================
feature map shape: (N, 55, 56.0, 56.0)

====================================================================================================
conv_params: 17360.0, conv_flops: 54440960.0
feature map shape: (N, 35, 56.0, 56.0)

====================================================================================================
bn_params: 70, bn_flops: 109760.0
feature map shape: (N, 35, 56.0, 56.0)

====================================================================================================
feature map shape: (N, 35, 56.0, 56.0)

====================================================================================================
conv_params: 16640.0, conv_flops: 52183040.0
feature map shape: (N, 256, 56.0, 56.0)

====================================================================================================
bn_params: 512, bn_flops: 802816.0
feature map shape: (N, 256, 56.0, 56.0)

====================================================================================================
feature map shape: (N, 256, 56.0, 56.0)

====================================================================================================
feature map shape: (N, 256, 56.0, 56.0)

====================================================================================================
conv_params: 14392.0, conv_flops: 45133312.0
feature map shape: (N, 56, 56.0, 56.0)

====================================================================================================
bn_params: 112, bn_flops: 175616.0
feature map shape: (N, 56, 56.0, 56.0)

====================================================================================================
feature map shape: (N, 56, 56.0, 56.0)

====================================================================================================
conv_params: 31815.0, conv_flops: 99771840.0
feature map shape: (N, 63, 56.0, 56.0)

====================================================================================================
bn_params: 126, bn_flops: 197568.0
feature map shape: (N, 63, 56.0, 56.0)

====================================================================================================
feature map shape: (N, 63, 56.0, 56.0)

====================================================================================================
conv_params: 16640.0, conv_flops: 52183040.0
feature map shape: (N, 256, 56.0, 56.0)

====================================================================================================
bn_params: 512, bn_flops: 802816.0
feature map shape: (N, 256, 56.0, 56.0)

====================================================================================================
feature map shape: (N, 256, 56.0, 56.0)

====================================================================================================
feature map shape: (N, 256, 56.0, 56.0)

====================================================================================================
conv_params: 16191.0, conv_flops: 50774976.0
feature map shape: (N, 63, 56.0, 56.0)

====================================================================================================
bn_params: 126, bn_flops: 197568.0
feature map shape: (N, 63, 56.0, 56.0)

====================================================================================================
feature map shape: (N, 63, 56.0, 56.0)

====================================================================================================
conv_params: 34080.0, conv_flops: 106874880.0
feature map shape: (N, 60, 56.0, 56.0)

====================================================================================================
bn_params: 120, bn_flops: 188160.0
feature map shape: (N, 60, 56.0, 56.0)

====================================================================================================
feature map shape: (N, 60, 56.0, 56.0)

====================================================================================================
conv_params: 16640.0, conv_flops: 52183040.0
feature map shape: (N, 256, 56.0, 56.0)

====================================================================================================
bn_params: 512, bn_flops: 802816.0
feature map shape: (N, 256, 56.0, 56.0)

====================================================================================================
feature map shape: (N, 256, 56.0, 56.0)

====================================================================================================
feature map shape: (N, 256, 56.0, 56.0)

====================================================================================================
conv_params: 131584.0, conv_flops: 103161856.0
feature map shape: (N, 512, 28.0, 28.0)

====================================================================================================
bn_params: 1024, bn_flops: 401408.0
feature map shape: (N, 512, 28.0, 28.0)

====================================================================================================
conv_params: 32896.0, conv_flops: 25790464.0
feature map shape: (N, 128, 28.0, 28.0)

====================================================================================================
bn_params: 256, bn_flops: 100352.0
feature map shape: (N, 128, 28.0, 28.0)

====================================================================================================
feature map shape: (N, 128, 28.0, 28.0)

====================================================================================================
conv_params: 146431.0, conv_flops: 114801904.0
feature map shape: (N, 127, 28.0, 28.0)

====================================================================================================
bn_params: 254, bn_flops: 99568.0
feature map shape: (N, 127, 28.0, 28.0)

====================================================================================================
feature map shape: (N, 127, 28.0, 28.0)

====================================================================================================
conv_params: 66048.0, conv_flops: 51781632.0
feature map shape: (N, 512, 28.0, 28.0)

====================================================================================================
bn_params: 1024, bn_flops: 401408.0
feature map shape: (N, 512, 28.0, 28.0)

====================================================================================================
feature map shape: (N, 512, 28.0, 28.0)

====================================================================================================
feature map shape: (N, 512, 28.0, 28.0)

====================================================================================================
conv_params: 56943.0, conv_flops: 44643312.0
feature map shape: (N, 111, 28.0, 28.0)

====================================================================================================
bn_params: 222, bn_flops: 87024.0
feature map shape: (N, 111, 28.0, 28.0)

====================================================================================================
feature map shape: (N, 111, 28.0, 28.0)

====================================================================================================
conv_params: 122000.0, conv_flops: 95648000.0
feature map shape: (N, 122, 28.0, 28.0)

====================================================================================================
bn_params: 244, bn_flops: 95648.0
feature map shape: (N, 122, 28.0, 28.0)

====================================================================================================
feature map shape: (N, 122, 28.0, 28.0)

====================================================================================================
conv_params: 66048.0, conv_flops: 51781632.0
feature map shape: (N, 512, 28.0, 28.0)

====================================================================================================
bn_params: 1024, bn_flops: 401408.0
feature map shape: (N, 512, 28.0, 28.0)

====================================================================================================
feature map shape: (N, 512, 28.0, 28.0)

====================================================================================================
feature map shape: (N, 512, 28.0, 28.0)

====================================================================================================
conv_params: 63612.0, conv_flops: 49871808.0
feature map shape: (N, 124, 28.0, 28.0)

====================================================================================================
bn_params: 248, bn_flops: 97216.0
feature map shape: (N, 124, 28.0, 28.0)

====================================================================================================
feature map shape: (N, 124, 28.0, 28.0)

====================================================================================================
conv_params: 140742.0, conv_flops: 110341728.0
feature map shape: (N, 126, 28.0, 28.0)

====================================================================================================
bn_params: 252, bn_flops: 98784.0
feature map shape: (N, 126, 28.0, 28.0)

====================================================================================================
feature map shape: (N, 126, 28.0, 28.0)

====================================================================================================
conv_params: 66048.0, conv_flops: 51781632.0
feature map shape: (N, 512, 28.0, 28.0)

====================================================================================================
bn_params: 1024, bn_flops: 401408.0
feature map shape: (N, 512, 28.0, 28.0)

====================================================================================================
feature map shape: (N, 512, 28.0, 28.0)

====================================================================================================
feature map shape: (N, 512, 28.0, 28.0)

====================================================================================================
conv_params: 63099.0, conv_flops: 49469616.0
feature map shape: (N, 123, 28.0, 28.0)

====================================================================================================
bn_params: 246, bn_flops: 96432.0
feature map shape: (N, 123, 28.0, 28.0)

====================================================================================================
feature map shape: (N, 123, 28.0, 28.0)

====================================================================================================
conv_params: 135176.0, conv_flops: 105977984.0
feature map shape: (N, 122, 28.0, 28.0)

====================================================================================================
bn_params: 244, bn_flops: 95648.0
feature map shape: (N, 122, 28.0, 28.0)

====================================================================================================
feature map shape: (N, 122, 28.0, 28.0)

====================================================================================================
conv_params: 66048.0, conv_flops: 51781632.0
feature map shape: (N, 512, 28.0, 28.0)

====================================================================================================
bn_params: 1024, bn_flops: 401408.0
feature map shape: (N, 512, 28.0, 28.0)

====================================================================================================
feature map shape: (N, 512, 28.0, 28.0)

====================================================================================================
feature map shape: (N, 512, 28.0, 28.0)

====================================================================================================
conv_params: 525312.0, conv_flops: 102961152.0
feature map shape: (N, 1024, 14.0, 14.0)

====================================================================================================
bn_params: 2048, bn_flops: 200704.0
feature map shape: (N, 1024, 14.0, 14.0)

====================================================================================================
conv_params: 130302.0, conv_flops: 25539192.0
feature map shape: (N, 254, 14.0, 14.0)

====================================================================================================
bn_params: 508, bn_flops: 49784.0
feature map shape: (N, 254, 14.0, 14.0)

====================================================================================================
feature map shape: (N, 254, 14.0, 14.0)

====================================================================================================
conv_params: 585472.0, conv_flops: 114752512.0
feature map shape: (N, 256, 14.0, 14.0)

====================================================================================================
bn_params: 512, bn_flops: 50176.0
feature map shape: (N, 256, 14.0, 14.0)

====================================================================================================
feature map shape: (N, 256, 14.0, 14.0)

====================================================================================================
conv_params: 263168.0, conv_flops: 51580928.0
feature map shape: (N, 1024, 14.0, 14.0)

====================================================================================================
bn_params: 2048, bn_flops: 200704.0
feature map shape: (N, 1024, 14.0, 14.0)

====================================================================================================
feature map shape: (N, 1024, 14.0, 14.0)

====================================================================================================
feature map shape: (N, 1024, 14.0, 14.0)

====================================================================================================
conv_params: 238825.0, conv_flops: 46809700.0
feature map shape: (N, 233, 14.0, 14.0)

====================================================================================================
bn_params: 466, bn_flops: 45668.0
feature map shape: (N, 233, 14.0, 14.0)

====================================================================================================
feature map shape: (N, 233, 14.0, 14.0)

====================================================================================================
conv_params: 509814.0, conv_flops: 99923544.0
feature map shape: (N, 243, 14.0, 14.0)

====================================================================================================
bn_params: 486, bn_flops: 47628.0
feature map shape: (N, 243, 14.0, 14.0)

====================================================================================================
feature map shape: (N, 243, 14.0, 14.0)

====================================================================================================
conv_params: 263168.0, conv_flops: 51580928.0
feature map shape: (N, 1024, 14.0, 14.0)

====================================================================================================
bn_params: 2048, bn_flops: 200704.0
feature map shape: (N, 1024, 14.0, 14.0)

====================================================================================================
feature map shape: (N, 1024, 14.0, 14.0)

====================================================================================================
feature map shape: (N, 1024, 14.0, 14.0)

====================================================================================================
conv_params: 248050.0, conv_flops: 48617800.0
feature map shape: (N, 242, 14.0, 14.0)

====================================================================================================
bn_params: 484, bn_flops: 47432.0
feature map shape: (N, 242, 14.0, 14.0)

====================================================================================================
feature map shape: (N, 242, 14.0, 14.0)

====================================================================================================
conv_params: 488096.0, conv_flops: 95666816.0
feature map shape: (N, 224, 14.0, 14.0)

====================================================================================================
bn_params: 448, bn_flops: 43904.0
feature map shape: (N, 224, 14.0, 14.0)

====================================================================================================
feature map shape: (N, 224, 14.0, 14.0)

====================================================================================================
conv_params: 263168.0, conv_flops: 51580928.0
feature map shape: (N, 1024, 14.0, 14.0)

====================================================================================================
bn_params: 2048, bn_flops: 200704.0
feature map shape: (N, 1024, 14.0, 14.0)

====================================================================================================
feature map shape: (N, 1024, 14.0, 14.0)

====================================================================================================
feature map shape: (N, 1024, 14.0, 14.0)

====================================================================================================
conv_params: 242925.0, conv_flops: 47613300.0
feature map shape: (N, 237, 14.0, 14.0)

====================================================================================================
bn_params: 474, bn_flops: 46452.0
feature map shape: (N, 237, 14.0, 14.0)

====================================================================================================
feature map shape: (N, 237, 14.0, 14.0)

====================================================================================================
conv_params: 507892.0, conv_flops: 99546832.0
feature map shape: (N, 238, 14.0, 14.0)

====================================================================================================
bn_params: 476, bn_flops: 46648.0
feature map shape: (N, 238, 14.0, 14.0)

====================================================================================================
feature map shape: (N, 238, 14.0, 14.0)

====================================================================================================
conv_params: 263168.0, conv_flops: 51580928.0
feature map shape: (N, 1024, 14.0, 14.0)

====================================================================================================
bn_params: 2048, bn_flops: 200704.0
feature map shape: (N, 1024, 14.0, 14.0)

====================================================================================================
feature map shape: (N, 1024, 14.0, 14.0)

====================================================================================================
feature map shape: (N, 1024, 14.0, 14.0)

====================================================================================================
conv_params: 242925.0, conv_flops: 47613300.0
feature map shape: (N, 237, 14.0, 14.0)

====================================================================================================
bn_params: 474, bn_flops: 46452.0
feature map shape: (N, 237, 14.0, 14.0)

====================================================================================================
feature map shape: (N, 237, 14.0, 14.0)

====================================================================================================
conv_params: 531366.0, conv_flops: 104147736.0
feature map shape: (N, 249, 14.0, 14.0)

====================================================================================================
bn_params: 498, bn_flops: 48804.0
feature map shape: (N, 249, 14.0, 14.0)

====================================================================================================
feature map shape: (N, 249, 14.0, 14.0)

====================================================================================================
conv_params: 263168.0, conv_flops: 51580928.0
feature map shape: (N, 1024, 14.0, 14.0)

====================================================================================================
bn_params: 2048, bn_flops: 200704.0
feature map shape: (N, 1024, 14.0, 14.0)

====================================================================================================
feature map shape: (N, 1024, 14.0, 14.0)

====================================================================================================
feature map shape: (N, 1024, 14.0, 14.0)

====================================================================================================
conv_params: 253175.0, conv_flops: 49622300.0
feature map shape: (N, 247, 14.0, 14.0)

====================================================================================================
bn_params: 494, bn_flops: 48412.0
feature map shape: (N, 247, 14.0, 14.0)

====================================================================================================
feature map shape: (N, 247, 14.0, 14.0)

====================================================================================================
conv_params: 567120.0, conv_flops: 111155520.0
feature map shape: (N, 255, 14.0, 14.0)

====================================================================================================
bn_params: 510, bn_flops: 49980.0
feature map shape: (N, 255, 14.0, 14.0)

====================================================================================================
feature map shape: (N, 255, 14.0, 14.0)

====================================================================================================
conv_params: 263168.0, conv_flops: 51580928.0
feature map shape: (N, 1024, 14.0, 14.0)

====================================================================================================
bn_params: 2048, bn_flops: 200704.0
feature map shape: (N, 1024, 14.0, 14.0)

====================================================================================================
feature map shape: (N, 1024, 14.0, 14.0)

====================================================================================================
feature map shape: (N, 1024, 14.0, 14.0)

====================================================================================================
conv_params: 2099200.0, conv_flops: 102860800.0
feature map shape: (N, 2048, 7.0, 7.0)

====================================================================================================
bn_params: 4096, bn_flops: 100352.0
feature map shape: (N, 2048, 7.0, 7.0)

====================================================================================================
conv_params: 521725.0, conv_flops: 25564525.0
feature map shape: (N, 509, 7.0, 7.0)

====================================================================================================
bn_params: 1018, bn_flops: 24941.0
feature map shape: (N, 509, 7.0, 7.0)

====================================================================================================
feature map shape: (N, 509, 7.0, 7.0)

====================================================================================================
conv_params: 2341402.0, conv_flops: 114728698.0
feature map shape: (N, 511, 7.0, 7.0)

====================================================================================================
bn_params: 1022, bn_flops: 25039.0
feature map shape: (N, 511, 7.0, 7.0)

====================================================================================================
feature map shape: (N, 511, 7.0, 7.0)

====================================================================================================
conv_params: 1050624.0, conv_flops: 51480576.0
feature map shape: (N, 2048, 7.0, 7.0)

====================================================================================================
bn_params: 4096, bn_flops: 100352.0
feature map shape: (N, 2048, 7.0, 7.0)

====================================================================================================
feature map shape: (N, 2048, 7.0, 7.0)

====================================================================================================
feature map shape: (N, 2048, 7.0, 7.0)

====================================================================================================
conv_params: 1042941.0, conv_flops: 51104109.0
feature map shape: (N, 509, 7.0, 7.0)

====================================================================================================
bn_params: 1018, bn_flops: 24941.0
feature map shape: (N, 509, 7.0, 7.0)

====================================================================================================
feature map shape: (N, 509, 7.0, 7.0)

====================================================================================================
conv_params: 2272672.0, conv_flops: 111360928.0
feature map shape: (N, 496, 7.0, 7.0)

====================================================================================================
bn_params: 992, bn_flops: 24304.0
feature map shape: (N, 496, 7.0, 7.0)

====================================================================================================
feature map shape: (N, 496, 7.0, 7.0)

====================================================================================================
conv_params: 1050624.0, conv_flops: 51480576.0
feature map shape: (N, 2048, 7.0, 7.0)

====================================================================================================
bn_params: 4096, bn_flops: 100352.0
feature map shape: (N, 2048, 7.0, 7.0)

====================================================================================================
feature map shape: (N, 2048, 7.0, 7.0)

====================================================================================================
feature map shape: (N, 2048, 7.0, 7.0)

====================================================================================================
conv_params: 1034745.0, conv_flops: 50702505.0
feature map shape: (N, 505, 7.0, 7.0)

====================================================================================================
bn_params: 1010, bn_flops: 24745.0
feature map shape: (N, 505, 7.0, 7.0)

====================================================================================================
feature map shape: (N, 505, 7.0, 7.0)

====================================================================================================
conv_params: 2141166.0, conv_flops: 104917134.0
feature map shape: (N, 471, 7.0, 7.0)

====================================================================================================
bn_params: 942, bn_flops: 23079.0
feature map shape: (N, 471, 7.0, 7.0)

====================================================================================================
feature map shape: (N, 471, 7.0, 7.0)

====================================================================================================
conv_params: 1050624.0, conv_flops: 51480576.0
feature map shape: (N, 2048, 7.0, 7.0)

====================================================================================================
bn_params: 4096, bn_flops: 100352.0
feature map shape: (N, 2048, 7.0, 7.0)

====================================================================================================
feature map shape: (N, 2048, 7.0, 7.0)

====================================================================================================
feature map shape: (N, 2048, 7.0, 7.0)

====================================================================================================
feature map shape: (N, 2048, 1.0, 1.0)

====================================================================================================
fc_params: 262144, fc_flops: 262144
feature map shape: (N, 128, 1.0, 1.0)

====================================================================================================
feature map shape: (N, 128, 1.0, 1.0)

====================================================================================================
fc_params: 262144, fc_flops: 262144
feature map shape: (N, 2048, 1.0, 1.0)

====================================================================================================
feature map shape: (N, 2048, 1.0, 1.0)

====================================================================================================
feature map shape: (N, 2048, 7.0, 7.0)

====================================================================================================
feature map shape: (N, 2048, 1.0, 1.0)

====================================================================================================
fc_params: 2097152, fc_flops: 2097152
feature map shape: (N, 1024, 1.0, 1.0)

====================================================================================================
feature map shape: (N, 1024, 1.0, 1.0)

====================================================================================================
fc_params: 262144, fc_flops: 262144
feature map shape: (N, 128, 1.0, 1.0)

====================================================================================================
feature map shape: (N, 128, 1.0, 1.0)

====================================================================================================
fc_params: 262144, fc_flops: 262144
feature map shape: (N, 2048, 1.0, 1.0)

====================================================================================================
feature map shape: (N, 2048, 1.0, 1.0)

====================================================================================================
feature map shape: (N, 2048, 7.0, 7.0)

====================================================================================================
feature map shape: (N, 2048, 1.0, 1.0)

====================================================================================================
fc_params: 2097152, fc_flops: 2097152
feature map shape: (N, 1024, 1.0, 1.0)

====================================================================================================
feature map shape: (N, 1024, 1.0, 1.0)

====================================================================================================
fc_params: 401408, fc_flops: 401408
feature map shape: (N, 196, 1.0, 1.0)

====================================================================================================
feature map shape: (N, 196, 1.0, 1.0)

====================================================================================================
feature map shape: (N, 196, 1.0, 1.0)

====================================================================================================
feature map shape: (N, 196, 1.0, 1.0)

====================================================================================================
feature map shape: (N, 196, 1.0, 1.0)

====================================================================================================
feature map shape: (N, 196, 1.0, 1.0)

====================================================================================================
feature map shape: (N, 196, 1.0, 1.0)

====================================================================================================
feature map shape: (N, 196, 1.0, 1.0)

====================================================================================================
feature map shape: (N, 196, 1.0, 1.0)

====================================================================================================
feature map shape: (N, 196, 1.0, 1.0)

====================================================================================================
feature map shape: (N, 196, 1.0, 1.0)

====================================================================================================
feature map shape: (N, 196, 1.0, 1.0)

====================================================================================================
feature map shape: (N, 196, 1.0, 1.0)

====================================================================================================
feature map shape: (N, 196, 1.0, 1.0)

====================================================================================================
feature map shape: (N, 196, 1.0, 1.0)

====================================================================================================
feature map shape: (N, 196, 1.0, 1.0)

params: 28302891.0, FLOPs: 3637726952.0
[INFO] finish running src/param_statistics.py, total_time is 5.382s
