[INFO] start running src/param_statistics.py ...
[INFO] start running initialize ...
[INFO] finish running initialize ...

[INFO] start running build_validation_model ...
[INFO] finish running build_validation_model ...

****************************************************************************************************
net work pruning...
****************************************************************************************************
bn layer name: res2_0_branch1_bn 	 layer total channels: 256 	 remainingchannels: 208.0 	 pruned rate: 18.75%
bn layer name: res2_0_branch2a_bn 	 layer total channels: 64 	 remainingchannels: 41.0 	 pruned rate: 35.94%
bn layer name: res2_0_branch2b_bn 	 layer total channels: 64 	 remainingchannels: 20.0 	 pruned rate: 68.75%
bn layer name: res2_0_branch2c_bn 	 layer total channels: 256 	 remainingchannels: 145.0 	 pruned rate: 43.36%
bn layer name: res2_1_branch2a_bn 	 layer total channels: 64 	 remainingchannels: 43.0 	 pruned rate: 32.81%
bn layer name: res2_1_branch2b_bn 	 layer total channels: 64 	 remainingchannels: 51.0 	 pruned rate: 20.31%
bn layer name: res2_1_branch2c_bn 	 layer total channels: 256 	 remainingchannels: 35.0 	 pruned rate: 86.33%
bn layer name: res2_2_branch2a_bn 	 layer total channels: 64 	 remainingchannels: 58.0 	 pruned rate: 9.38%
bn layer name: res2_2_branch2b_bn 	 layer total channels: 64 	 remainingchannels: 56.0 	 pruned rate: 12.50%
bn layer name: res2_2_branch2c_bn 	 layer total channels: 256 	 remainingchannels: 50.0 	 pruned rate: 80.47%
bn layer name: res3_0_branch1_bn 	 layer total channels: 512 	 remainingchannels: 200.0 	 pruned rate: 60.94%
bn layer name: res3_0_branch2a_bn 	 layer total channels: 128 	 remainingchannels: 120.0 	 pruned rate: 6.25%
bn layer name: res3_0_branch2b_bn 	 layer total channels: 128 	 remainingchannels: 118.0 	 pruned rate: 7.81%
bn layer name: res3_0_branch2c_bn 	 layer total channels: 512 	 remainingchannels: 152.0 	 pruned rate: 70.31%
bn layer name: res3_1_branch2a_bn 	 layer total channels: 128 	 remainingchannels: 86.0 	 pruned rate: 32.81%
bn layer name: res3_1_branch2b_bn 	 layer total channels: 128 	 remainingchannels: 108.0 	 pruned rate: 15.62%
bn layer name: res3_1_branch2c_bn 	 layer total channels: 512 	 remainingchannels: 74.0 	 pruned rate: 85.55%
bn layer name: res3_2_branch2a_bn 	 layer total channels: 128 	 remainingchannels: 114.0 	 pruned rate: 10.94%
bn layer name: res3_2_branch2b_bn 	 layer total channels: 128 	 remainingchannels: 116.0 	 pruned rate: 9.38%
bn layer name: res3_2_branch2c_bn 	 layer total channels: 512 	 remainingchannels: 100.0 	 pruned rate: 80.47%
bn layer name: res3_3_branch2a_bn 	 layer total channels: 128 	 remainingchannels: 106.0 	 pruned rate: 17.19%
bn layer name: res3_3_branch2b_bn 	 layer total channels: 128 	 remainingchannels: 106.0 	 pruned rate: 17.19%
bn layer name: res3_3_branch2c_bn 	 layer total channels: 512 	 remainingchannels: 53.0 	 pruned rate: 89.65%
bn layer name: res4_0_branch1_bn 	 layer total channels: 1024 	 remainingchannels: 268.0 	 pruned rate: 73.83%
bn layer name: res4_0_branch2a_bn 	 layer total channels: 256 	 remainingchannels: 244.0 	 pruned rate: 4.69%
bn layer name: res4_0_branch2b_bn 	 layer total channels: 256 	 remainingchannels: 223.0 	 pruned rate: 12.89%
bn layer name: res4_0_branch2c_bn 	 layer total channels: 1024 	 remainingchannels: 404.0 	 pruned rate: 60.55%
bn layer name: res4_1_branch2a_bn 	 layer total channels: 256 	 remainingchannels: 158.0 	 pruned rate: 38.28%
bn layer name: res4_1_branch2b_bn 	 layer total channels: 256 	 remainingchannels: 195.0 	 pruned rate: 23.83%
bn layer name: res4_1_branch2c_bn 	 layer total channels: 1024 	 remainingchannels: 87.0 	 pruned rate: 91.50%
bn layer name: res4_2_branch2a_bn 	 layer total channels: 256 	 remainingchannels: 181.0 	 pruned rate: 29.30%
bn layer name: res4_2_branch2b_bn 	 layer total channels: 256 	 remainingchannels: 171.0 	 pruned rate: 33.20%
bn layer name: res4_2_branch2c_bn 	 layer total channels: 1024 	 remainingchannels: 46.0 	 pruned rate: 95.51%
bn layer name: res4_3_branch2a_bn 	 layer total channels: 256 	 remainingchannels: 174.0 	 pruned rate: 32.03%
bn layer name: res4_3_branch2b_bn 	 layer total channels: 256 	 remainingchannels: 210.0 	 pruned rate: 17.97%
bn layer name: res4_3_branch2c_bn 	 layer total channels: 1024 	 remainingchannels: 119.0 	 pruned rate: 88.38%
bn layer name: res4_4_branch2a_bn 	 layer total channels: 256 	 remainingchannels: 188.0 	 pruned rate: 26.56%
bn layer name: res4_4_branch2b_bn 	 layer total channels: 256 	 remainingchannels: 212.0 	 pruned rate: 17.19%
bn layer name: res4_4_branch2c_bn 	 layer total channels: 1024 	 remainingchannels: 47.0 	 pruned rate: 95.41%
bn layer name: res4_5_branch2a_bn 	 layer total channels: 256 	 remainingchannels: 212.0 	 pruned rate: 17.19%
bn layer name: res4_5_branch2b_bn 	 layer total channels: 256 	 remainingchannels: 229.0 	 pruned rate: 10.55%
bn layer name: res4_5_branch2c_bn 	 layer total channels: 1024 	 remainingchannels: 37.0 	 pruned rate: 96.39%
bn layer name: res5_0_branch1_bn 	 layer total channels: 2048 	 remainingchannels: 2048.0 	 pruned rate: 0.00%
bn layer name: res5_0_branch2a_bn 	 layer total channels: 512 	 remainingchannels: 454.0 	 pruned rate: 11.33%
bn layer name: res5_0_branch2b_bn 	 layer total channels: 512 	 remainingchannels: 474.0 	 pruned rate: 7.42%
bn layer name: res5_0_branch2c_bn 	 layer total channels: 2048 	 remainingchannels: 2036.0 	 pruned rate: 0.59%
bn layer name: res5_1_branch2a_bn 	 layer total channels: 512 	 remainingchannels: 407.0 	 pruned rate: 20.51%
bn layer name: res5_1_branch2b_bn 	 layer total channels: 512 	 remainingchannels: 383.0 	 pruned rate: 25.20%
bn layer name: res5_1_branch2c_bn 	 layer total channels: 2048 	 remainingchannels: 1863.0 	 pruned rate: 9.03%
bn layer name: res5_2_branch2a_bn 	 layer total channels: 512 	 remainingchannels: 412.0 	 pruned rate: 19.53%
bn layer name: res5_2_branch2b_bn 	 layer total channels: 512 	 remainingchannels: 291.0 	 pruned rate: 43.16%
bn layer name: res5_2_branch2c_bn 	 layer total channels: 2048 	 remainingchannels: 1951.0 	 pruned rate: 4.74%
bn layer name: res_conv1_bn 	 layer total channels: 64 	 remainingchannels: 51.0 	 pruned rate: 20.31%
total pruned rate: 0.400037650602
====================================================================================================
op type: ImageInput
in channels: 3, out channels: 3

====================================================================================================
op type: StopGradient
in channels: 3, out channels: 3

====================================================================================================
op type: StopGradient
in channels: 3, out channels: 3

====================================================================================================
op type: Conv
in channels: 3, out channels: 64

====================================================================================================
op type: SpatialBN
in channels: 3, out channels: 64

====================================================================================================
op type: Relu
in channels: 3, out channels: 64

====================================================================================================
op type: MaxPool
in channels: 64, out channels: 64

====================================================================================================
op type: Conv
in channels: 64, out channels: 256

====================================================================================================
op type: SpatialBN
in channels: 64, out channels: 256

====================================================================================================
op type: Conv
in channels: 64, out channels: 64

====================================================================================================
op type: SpatialBN
in channels: 64, out channels: 41.0

====================================================================================================
op type: Relu
in channels: 41.0, out channels: 41.0

====================================================================================================
C_in: 41.0, old_in: 64
op type: Conv
in channels: 41.0, out channels: 64

====================================================================================================
op type: SpatialBN
in channels: 64, out channels: 20.0

====================================================================================================
op type: Relu
in channels: 20.0, out channels: 20.0

====================================================================================================
op type: Conv
in channels: 20.0, out channels: 256

====================================================================================================
op type: SpatialBN
in channels: 20.0, out channels: 256

====================================================================================================
op type: Sum
in channels: 20.0, out channels: 256

====================================================================================================
op type: Relu
in channels: 256, out channels: 256

====================================================================================================
op type: Conv
in channels: 256, out channels: 64

====================================================================================================
op type: SpatialBN
in channels: 64, out channels: 43.0

====================================================================================================
op type: Relu
in channels: 43.0, out channels: 43.0

====================================================================================================
C_in: 43.0, old_in: 64
op type: Conv
in channels: 43.0, out channels: 64

====================================================================================================
op type: SpatialBN
in channels: 64, out channels: 51.0

====================================================================================================
op type: Relu
in channels: 51.0, out channels: 51.0

====================================================================================================
op type: Conv
in channels: 51.0, out channels: 256

====================================================================================================
op type: SpatialBN
in channels: 51.0, out channels: 256

====================================================================================================
op type: Sum
in channels: 51.0, out channels: 256

====================================================================================================
op type: Relu
in channels: 256, out channels: 256

====================================================================================================
op type: Conv
in channels: 256, out channels: 64

====================================================================================================
op type: SpatialBN
in channels: 64, out channels: 58.0

====================================================================================================
op type: Relu
in channels: 58.0, out channels: 58.0

====================================================================================================
C_in: 58.0, old_in: 64
op type: Conv
in channels: 58.0, out channels: 64

====================================================================================================
op type: SpatialBN
in channels: 64, out channels: 56.0

====================================================================================================
op type: Relu
in channels: 56.0, out channels: 56.0

====================================================================================================
op type: Conv
in channels: 56.0, out channels: 256

====================================================================================================
op type: SpatialBN
in channels: 56.0, out channels: 256

====================================================================================================
op type: Sum
in channels: 56.0, out channels: 256

====================================================================================================
op type: Relu
in channels: 256, out channels: 256

====================================================================================================
op type: Conv
in channels: 256, out channels: 512

====================================================================================================
op type: SpatialBN
in channels: 256, out channels: 512

====================================================================================================
op type: Conv
in channels: 256, out channels: 128

====================================================================================================
op type: SpatialBN
in channels: 128, out channels: 120.0

====================================================================================================
op type: Relu
in channels: 120.0, out channels: 120.0

====================================================================================================
C_in: 120.0, old_in: 128
op type: Conv
in channels: 120.0, out channels: 128

====================================================================================================
op type: SpatialBN
in channels: 128, out channels: 118.0

====================================================================================================
op type: Relu
in channels: 118.0, out channels: 118.0

====================================================================================================
op type: Conv
in channels: 118.0, out channels: 512

====================================================================================================
op type: SpatialBN
in channels: 118.0, out channels: 512

====================================================================================================
op type: Sum
in channels: 118.0, out channels: 512

====================================================================================================
op type: Relu
in channels: 512, out channels: 512

====================================================================================================
op type: Conv
in channels: 512, out channels: 128

====================================================================================================
op type: SpatialBN
in channels: 128, out channels: 86.0

====================================================================================================
op type: Relu
in channels: 86.0, out channels: 86.0

====================================================================================================
C_in: 86.0, old_in: 128
op type: Conv
in channels: 86.0, out channels: 128

====================================================================================================
op type: SpatialBN
in channels: 128, out channels: 108.0

====================================================================================================
op type: Relu
in channels: 108.0, out channels: 108.0

====================================================================================================
op type: Conv
in channels: 108.0, out channels: 512

====================================================================================================
op type: SpatialBN
in channels: 108.0, out channels: 512

====================================================================================================
op type: Sum
in channels: 108.0, out channels: 512

====================================================================================================
op type: Relu
in channels: 512, out channels: 512

====================================================================================================
op type: Conv
in channels: 512, out channels: 128

====================================================================================================
op type: SpatialBN
in channels: 128, out channels: 114.0

====================================================================================================
op type: Relu
in channels: 114.0, out channels: 114.0

====================================================================================================
C_in: 114.0, old_in: 128
op type: Conv
in channels: 114.0, out channels: 128

====================================================================================================
op type: SpatialBN
in channels: 128, out channels: 116.0

====================================================================================================
op type: Relu
in channels: 116.0, out channels: 116.0

====================================================================================================
op type: Conv
in channels: 116.0, out channels: 512

====================================================================================================
op type: SpatialBN
in channels: 116.0, out channels: 512

====================================================================================================
op type: Sum
in channels: 116.0, out channels: 512

====================================================================================================
op type: Relu
in channels: 512, out channels: 512

====================================================================================================
op type: Conv
in channels: 512, out channels: 128

====================================================================================================
op type: SpatialBN
in channels: 128, out channels: 106.0

====================================================================================================
op type: Relu
in channels: 106.0, out channels: 106.0

====================================================================================================
C_in: 106.0, old_in: 128
op type: Conv
in channels: 106.0, out channels: 128

====================================================================================================
op type: SpatialBN
in channels: 128, out channels: 106.0

====================================================================================================
op type: Relu
in channels: 106.0, out channels: 106.0

====================================================================================================
op type: Conv
in channels: 106.0, out channels: 512

====================================================================================================
op type: SpatialBN
in channels: 106.0, out channels: 512

====================================================================================================
op type: Sum
in channels: 106.0, out channels: 512

====================================================================================================
op type: Relu
in channels: 512, out channels: 512

====================================================================================================
op type: Conv
in channels: 512, out channels: 1024

====================================================================================================
op type: SpatialBN
in channels: 512, out channels: 1024

====================================================================================================
op type: Conv
in channels: 512, out channels: 256

====================================================================================================
op type: SpatialBN
in channels: 256, out channels: 244.0

====================================================================================================
op type: Relu
in channels: 244.0, out channels: 244.0

====================================================================================================
C_in: 244.0, old_in: 256
op type: Conv
in channels: 244.0, out channels: 256

====================================================================================================
op type: SpatialBN
in channels: 256, out channels: 223.0

====================================================================================================
op type: Relu
in channels: 223.0, out channels: 223.0

====================================================================================================
op type: Conv
in channels: 223.0, out channels: 1024

====================================================================================================
op type: SpatialBN
in channels: 223.0, out channels: 1024

====================================================================================================
op type: Sum
in channels: 223.0, out channels: 1024

====================================================================================================
op type: Relu
in channels: 1024, out channels: 1024

====================================================================================================
op type: Conv
in channels: 1024, out channels: 256

====================================================================================================
op type: SpatialBN
in channels: 256, out channels: 158.0

====================================================================================================
op type: Relu
in channels: 158.0, out channels: 158.0

====================================================================================================
C_in: 158.0, old_in: 256
op type: Conv
in channels: 158.0, out channels: 256

====================================================================================================
op type: SpatialBN
in channels: 256, out channels: 195.0

====================================================================================================
op type: Relu
in channels: 195.0, out channels: 195.0

====================================================================================================
op type: Conv
in channels: 195.0, out channels: 1024

====================================================================================================
op type: SpatialBN
in channels: 195.0, out channels: 1024

====================================================================================================
op type: Sum
in channels: 195.0, out channels: 1024

====================================================================================================
op type: Relu
in channels: 1024, out channels: 1024

====================================================================================================
op type: Conv
in channels: 1024, out channels: 256

====================================================================================================
op type: SpatialBN
in channels: 256, out channels: 181.0

====================================================================================================
op type: Relu
in channels: 181.0, out channels: 181.0

====================================================================================================
C_in: 181.0, old_in: 256
op type: Conv
in channels: 181.0, out channels: 256

====================================================================================================
op type: SpatialBN
in channels: 256, out channels: 171.0

====================================================================================================
op type: Relu
in channels: 171.0, out channels: 171.0

====================================================================================================
op type: Conv
in channels: 171.0, out channels: 1024

====================================================================================================
op type: SpatialBN
in channels: 171.0, out channels: 1024

====================================================================================================
op type: Sum
in channels: 171.0, out channels: 1024

====================================================================================================
op type: Relu
in channels: 1024, out channels: 1024

====================================================================================================
op type: Conv
in channels: 1024, out channels: 256

====================================================================================================
op type: SpatialBN
in channels: 256, out channels: 174.0

====================================================================================================
op type: Relu
in channels: 174.0, out channels: 174.0

====================================================================================================
C_in: 174.0, old_in: 256
op type: Conv
in channels: 174.0, out channels: 256

====================================================================================================
op type: SpatialBN
in channels: 256, out channels: 210.0

====================================================================================================
op type: Relu
in channels: 210.0, out channels: 210.0

====================================================================================================
op type: Conv
in channels: 210.0, out channels: 1024

====================================================================================================
op type: SpatialBN
in channels: 210.0, out channels: 1024

====================================================================================================
op type: Sum
in channels: 210.0, out channels: 1024

====================================================================================================
op type: Relu
in channels: 1024, out channels: 1024

====================================================================================================
op type: Conv
in channels: 1024, out channels: 256

====================================================================================================
op type: SpatialBN
in channels: 256, out channels: 188.0

====================================================================================================
op type: Relu
in channels: 188.0, out channels: 188.0

====================================================================================================
C_in: 188.0, old_in: 256
op type: Conv
in channels: 188.0, out channels: 256

====================================================================================================
op type: SpatialBN
in channels: 256, out channels: 212.0

====================================================================================================
op type: Relu
in channels: 212.0, out channels: 212.0

====================================================================================================
op type: Conv
in channels: 212.0, out channels: 1024

====================================================================================================
op type: SpatialBN
in channels: 212.0, out channels: 1024

====================================================================================================
op type: Sum
in channels: 212.0, out channels: 1024

====================================================================================================
op type: Relu
in channels: 1024, out channels: 1024

====================================================================================================
op type: Conv
in channels: 1024, out channels: 256

====================================================================================================
op type: SpatialBN
in channels: 256, out channels: 212.0

====================================================================================================
op type: Relu
in channels: 212.0, out channels: 212.0

====================================================================================================
C_in: 212.0, old_in: 256
op type: Conv
in channels: 212.0, out channels: 256

====================================================================================================
op type: SpatialBN
in channels: 256, out channels: 229.0

====================================================================================================
op type: Relu
in channels: 229.0, out channels: 229.0

====================================================================================================
op type: Conv
in channels: 229.0, out channels: 1024

====================================================================================================
op type: SpatialBN
in channels: 229.0, out channels: 1024

====================================================================================================
op type: Sum
in channels: 229.0, out channels: 1024

====================================================================================================
op type: Relu
in channels: 1024, out channels: 1024

====================================================================================================
op type: Conv
in channels: 1024, out channels: 2048

====================================================================================================
op type: SpatialBN
in channels: 1024, out channels: 2048

====================================================================================================
op type: Conv
in channels: 1024, out channels: 512

====================================================================================================
op type: SpatialBN
in channels: 512, out channels: 454.0

====================================================================================================
op type: Relu
in channels: 454.0, out channels: 454.0

====================================================================================================
C_in: 454.0, old_in: 512
op type: Conv
in channels: 454.0, out channels: 512

====================================================================================================
op type: SpatialBN
in channels: 512, out channels: 474.0

====================================================================================================
op type: Relu
in channels: 474.0, out channels: 474.0

====================================================================================================
op type: Conv
in channels: 474.0, out channels: 2048

====================================================================================================
op type: SpatialBN
in channels: 474.0, out channels: 2048

====================================================================================================
op type: Sum
in channels: 474.0, out channels: 2048

====================================================================================================
op type: Relu
in channels: 2048, out channels: 2048

====================================================================================================
op type: Conv
in channels: 2048, out channels: 512

====================================================================================================
op type: SpatialBN
in channels: 512, out channels: 407.0

====================================================================================================
op type: Relu
in channels: 407.0, out channels: 407.0

====================================================================================================
C_in: 407.0, old_in: 512
op type: Conv
in channels: 407.0, out channels: 512

====================================================================================================
op type: SpatialBN
in channels: 512, out channels: 383.0

====================================================================================================
op type: Relu
in channels: 383.0, out channels: 383.0

====================================================================================================
op type: Conv
in channels: 383.0, out channels: 2048

====================================================================================================
op type: SpatialBN
in channels: 383.0, out channels: 2048

====================================================================================================
op type: Sum
in channels: 383.0, out channels: 2048

====================================================================================================
op type: Relu
in channels: 2048, out channels: 2048

====================================================================================================
op type: Conv
in channels: 2048, out channels: 512

====================================================================================================
op type: SpatialBN
in channels: 512, out channels: 412.0

====================================================================================================
op type: Relu
in channels: 412.0, out channels: 412.0

====================================================================================================
C_in: 412.0, old_in: 512
op type: Conv
in channels: 412.0, out channels: 512

====================================================================================================
op type: SpatialBN
in channels: 512, out channels: 291.0

====================================================================================================
op type: Relu
in channels: 291.0, out channels: 291.0

====================================================================================================
op type: Conv
in channels: 291.0, out channels: 2048

====================================================================================================
op type: SpatialBN
in channels: 291.0, out channels: 2048

====================================================================================================
op type: Sum
in channels: 291.0, out channels: 2048

====================================================================================================
op type: Relu
in channels: 2048, out channels: 2048

====================================================================================================
op type: AveragePool
in channels: 2048, out channels: 2048

====================================================================================================
op type: FC
in channels: 2048, out channels: 2048

====================================================================================================
op type: Relu
in channels: 2048, out channels: 2048

====================================================================================================
op type: FC
in channels: 2048, out channels: 2048

====================================================================================================
op type: Sigmoid
in channels: 2048, out channels: 2048

====================================================================================================
op type: Mul
in channels: 2048, out channels: 2048

====================================================================================================
op type: AveragePool
in channels: 2048, out channels: 2048

====================================================================================================
op type: FC
in channels: 2048, out channels: 2048

====================================================================================================
op type: AveragePool
in channels: 2048, out channels: 2048

====================================================================================================
op type: FC
in channels: 2048, out channels: 2048

====================================================================================================
op type: Relu
in channels: 2048, out channels: 2048

====================================================================================================
op type: FC
in channels: 2048, out channels: 2048

====================================================================================================
op type: Sigmoid
in channels: 2048, out channels: 2048

====================================================================================================
op type: Mul
in channels: 2048, out channels: 2048

====================================================================================================
op type: AveragePool
in channels: 2048, out channels: 2048

====================================================================================================
op type: FC
in channels: 2048, out channels: 2048

====================================================================================================
op type: Concat
in channels: 2048, out channels: 2048

====================================================================================================
op type: FC
in channels: 2048, out channels: 2048

====================================================================================================
op type: SoftmaxWithLoss
in channels: 2048, out channels: 2048

====================================================================================================
op type: Split
in channels: 2048, out channels: 2048

====================================================================================================
op type: Sub
in channels: 2048, out channels: 2048

====================================================================================================
op type: Abs
in channels: 2048, out channels: 2048

====================================================================================================
op type: Mul
in channels: 2048, out channels: 2048

====================================================================================================
op type: ReduceBackSum
in channels: 2048, out channels: 2048

====================================================================================================
op type: Sqrt
in channels: 2048, out channels: 2048

====================================================================================================
op type: ReduceBackSum
in channels: 2048, out channels: 2048

====================================================================================================
op type: GivenTensorFill
in channels: 2048, out channels: 2048

====================================================================================================
op type: Div
in channels: 2048, out channels: 2048

====================================================================================================
op type: ConstantFill
in channels: 2048, out channels: 2048

====================================================================================================
op type: Mul
in channels: 2048, out channels: 2048

====================================================================================================
op type: Sum
in channels: 2048, out channels: 2048

====================================================================================================
op type: Accuracy
in channels: 2048, out channels: 2048

====================================================================================================
op type: Accuracy
in channels: 2048, out channels: 2048





new weights_map:

res2_0_branch2a_bn_s : [41]
res2_0_branch2b_bn_rm : [20]
res_conv1_bn_b : [64]
res2_2_branch2a_bn_rm : [58]
res2_2_branch2b_bn_rm : [56]
res4_3_branch2a_bn_b : [174]
res2_1_branch2a_bn_s : [43]
res2_2_branch2a_w : [ 58 256   1   1]
res3_2_branch2c_bn_b : [512]
res5_0_branch2c_bn_s : [2048]
res2_0_branch2a_bn_b : [41]
res_conv1_bn_s : [64]
res5_2_branch2a_bn_rm : [412]
res4_5_branch2b_bn_rm : [229]
res5_0_branch1_bn_riv : [2048]
res2_1_branch2a_bn_b : [43]
res2_1_branch2c_w : [256  64   1   1]
res4_2_branch2c_w : [1024  256    1    1]
res3_1_branch2b_w : [108  86   3   3]
res3_2_branch2c_bn_s : [512]
res3_1_branch2b_bn_riv : [108]
res3_1_branch2a_bn_rm : [86]
res4_4_branch2b_w : [212 188   3   3]
res4_4_branch2c_bn_rm : [1024]
res3_1_branch2b_bn_b : [108]
bi_attention_pred_b : [196]
res3_1_branch2c_bn_b : [512]
res5_2_branch2b_w : [291 412   3   3]
res4_3_branch2a_bn_rm : [174]
res2_1_branch2c_bn_b : [256]
res2_0_branch2b_bn_b : [20]
res4_0_branch2a_bn_s : [244]
res3_2_branch2b_bn_b : [116]
res3_3_branch2a_w : [106 512   1   1]
bi_attention_pred_w : [ 196 2048]
res3_1_branch2b_bn_s : [108]
res3_1_branch2c_bn_s : [512]
res4_0_branch2a_bn_rm : [244]
res5_1_branch2c_w : [2048  512    1    1]
res2_1_branch2c_bn_s : [256]
res2_0_branch2b_bn_s : [20]
res3_2_branch2b_bn_s : [116]
res4_0_branch2a_bn_b : [244]
res4_0_branch2c_bn_b : [1024]
res5_2_branch2b_bn_rm : [291]
res2_1_branch2b_bn_riv : [51]
res3_1_branch2b_bn_rm : [108]
res3_3_branch2b_bn_s : [106]
res5_1_branch2c_bn_s : [2048]
res4_2_branch2a_w : [ 181 1024    1    1]
osme_fc1_2_w : [ 128 2048]
conv1_b : [64]
res2_0_branch2c_bn_b : [256]
res4_0_branch2c_bn_s : [1024]
res4_3_branch2b_bn_rm : [210]
res5_0_branch2b_bn_s : [474]
res3_3_branch2b_bn_b : [106]
res4_3_branch2c_bn_riv : [1024]
res5_1_branch2c_bn_b : [2048]
res2_0_branch1_bn_rm : [256]
res4_1_branch2a_bn_riv : [158]
conv1_w : [64  3  7  7]
res3_0_branch2b_bn_b : [118]
res4_3_branch2b_w : [210 174   3   3]
osme_fc2_2_w : [2048  128]
osme_fc2_1_w : [2048  128]
res2_1_branch2b_bn_rm : [51]
res4_1_branch2c_bn_b : [1024]
res3_2_branch2a_w : [114 512   1   1]
res4_1_branch2b_bn_b : [195]
res5_0_branch2c_bn_b : [2048]
res4_5_branch2c_w : [1024  256    1    1]
res2_0_branch1_w : [256  64   1   1]
res4_4_branch2b_bn_riv : [212]
res2_1_branch2c_bn_rm : [256]
res3_2_branch2c_w : [512 128   1   1]
res3_0_branch2b_bn_s : [118]
res4_1_branch2c_bn_s : [1024]
res4_1_branch2b_bn_s : [195]
res4_0_branch2c_bn_rm : [1024]
res2_2_branch2a_bn_riv : [58]
res5_0_branch2b_w : [474 454   3   3]
res4_1_branch2c_bn_riv : [1024]
attention_1_b : [1024]
res4_4_branch2a_bn_s : [188]
res4_5_branch2c_bn_rm : [1024]
res4_0_branch2b_bn_rm : [223]
res4_5_branch2a_w : [ 212 1024    1    1]
res2_0_branch1_bn_riv : [256]
res4_2_branch2b_bn_s : [171]
res2_2_branch2a_bn_b : [58]
res_conv1_bn_riv : [64]
res4_4_branch2a_bn_b : [188]
res4_3_branch2a_bn_s : [174]
res4_0_branch2c_bn_riv : [1024]
res4_2_branch2b_bn_b : [171]
res2_2_branch2a_bn_s : [58]
res2_0_branch2a_bn_riv : [41]
res3_0_branch2b_bn_rm : [118]
res4_4_branch2a_bn_riv : [188]
res5_0_branch2a_bn_rm : [454]
res5_2_branch2a_bn_riv : [412]
res5_1_branch2b_bn_riv : [383]
res5_1_branch2c_bn_riv : [2048]
osme_fc2_2_b : [2048]
osme_fc1_2_b : [128]
res4_5_branch2b_bn_riv : [229]
res5_2_branch2c_bn_s : [2048]
res3_2_branch2a_bn_rm : [114]
res5_1_branch2a_bn_rm : [407]
res4_2_branch2c_bn_rm : [1024]
res2_0_branch2c_w : [256  64   1   1]
res5_0_branch2a_bn_b : [454]
res3_2_branch2a_bn_s : [114]
res3_0_branch2c_bn_rm : [512]
res5_2_branch2c_bn_b : [2048]
res4_0_branch2b_w : [223 244   3   3]
res3_3_branch2c_w : [512 128   1   1]
res5_2_branch2a_w : [ 412 2048    1    1]
res5_2_branch2c_bn_rm : [2048]
res3_2_branch2a_bn_b : [114]
res5_0_branch2a_bn_s : [454]
res4_1_branch2b_bn_riv : [195]
res3_0_branch2a_bn_s : [120]
res4_4_branch2b_bn_b : [212]
res4_3_branch2b_bn_riv : [210]
res4_2_branch2c_bn_riv : [1024]
attention_1_w : [1024 2048]
res3_2_branch2b_w : [116 114   3   3]
res4_1_branch2a_bn_s : [158]
osme_fc1_1_w : [ 128 2048]
res4_0_branch2b_bn_b : [223]
res3_0_branch2a_bn_b : [120]
res4_4_branch2b_bn_s : [212]
res2_2_branch2b_bn_riv : [56]
res2_1_branch2a_w : [ 43 256   1   1]
osme_fc1_1_b : [128]
res2_2_branch2c_w : [256  64   1   1]
res4_0_branch1_w : [1024  512    1    1]
res4_0_branch2b_bn_s : [223]
res3_3_branch2a_bn_riv : [106]
res4_2_branch2a_bn_b : [181]
res4_5_branch2a_bn_rm : [212]
res3_2_branch2c_bn_rm : [512]
res5_2_branch2b_bn_s : [291]
res2_0_branch2a_bn_rm : [41]
res5_0_branch2b_bn_riv : [474]
res3_1_branch2a_bn_b : [86]
res3_3_branch2b_bn_rm : [106]
res4_3_branch2c_bn_s : [1024]
res3_0_branch1_w : [512 256   1   1]
res4_2_branch2a_bn_s : [181]
res5_2_branch2b_bn_b : [291]
res3_1_branch2a_bn_s : [86]
res4_3_branch2c_bn_b : [1024]
osme_fc2_1_b : [2048]
res4_5_branch2b_w : [229 212   3   3]
res5_0_branch2b_bn_b : [474]
res5_2_branch2a_bn_b : [412]
res5_0_branch2c_bn_riv : [2048]
res5_1_branch2a_bn_s : [407]
res3_3_branch2a_bn_rm : [106]
res4_0_branch2a_bn_riv : [244]
res3_3_branch2c_bn_riv : [512]
res2_1_branch2a_bn_rm : [43]
res2_0_branch1_bn_s : [256]
res2_2_branch2b_bn_s : [56]
res5_2_branch2a_bn_s : [412]
res_conv1_bn_rm : [64]
res5_1_branch2a_bn_b : [407]
res2_0_branch2c_bn_riv : [256]
res3_2_branch2b_bn_rm : [116]
res2_0_branch1_bn_b : [256]
res2_2_branch2b_bn_b : [56]
res2_2_branch2c_bn_s : [256]
res4_2_branch2b_bn_riv : [171]
res4_1_branch2a_bn_b : [158]
res4_0_branch1_bn_rm : [1024]
res4_0_branch1_bn_s : [1024]
res5_0_branch1_bn_s : [2048]
res4_2_branch2a_bn_rm : [181]
res4_0_branch2c_w : [1024  256    1    1]
res4_1_branch2a_w : [ 158 1024    1    1]
res5_0_branch2c_bn_rm : [2048]
res2_2_branch2c_bn_b : [256]
res2_0_branch2b_w : [20 41  3  3]
res3_0_branch1_bn_rm : [512]
res4_0_branch1_bn_b : [1024]
res4_1_branch2c_bn_rm : [1024]
res5_0_branch1_bn_b : [2048]
res4_0_branch2a_w : [244 512   1   1]
res4_1_branch2c_w : [1024  256    1    1]
res2_1_branch2b_bn_s : [51]
res4_2_branch2b_w : [171 181   3   3]
attention_2_w : [1024 2048]
res3_0_branch1_bn_b : [512]
res3_3_branch2c_bn_b : [512]
res3_0_branch1_bn_riv : [512]
res4_2_branch2a_bn_riv : [181]
res4_1_branch2a_bn_rm : [158]
res5_1_branch2b_w : [383 407   3   3]
res3_0_branch2c_bn_riv : [512]
attention_2_b : [1024]
res4_5_branch2c_bn_riv : [1024]
res4_4_branch2c_bn_riv : [1024]
res3_0_branch1_bn_s : [512]
res3_3_branch2c_bn_rm : [512]
res3_3_branch2c_bn_s : [512]
res3_0_branch2a_bn_riv : [120]
res3_3_branch2b_bn_riv : [106]
res5_1_branch2a_w : [ 407 2048    1    1]
res3_1_branch2a_w : [ 86 512   1   1]
res2_2_branch2b_w : [56 58  3  3]
res3_3_branch2a_bn_b : [106]
res2_1_branch2c_bn_riv : [256]
res4_5_branch2b_bn_b : [229]
res2_1_branch2b_w : [51 43  3  3]
res4_1_branch2b_bn_rm : [195]
res3_1_branch2c_w : [512 128   1   1]
res3_2_branch2a_bn_riv : [114]
res3_3_branch2a_bn_s : [106]
res3_0_branch2b_w : [118 120   3   3]
res4_5_branch2a_bn_riv : [212]
res4_5_branch2b_bn_s : [229]
res2_1_branch2a_bn_riv : [43]
res3_1_branch2c_bn_riv : [512]
res5_1_branch2a_bn_riv : [407]
res3_0_branch2c_bn_b : [512]
res3_0_branch2a_bn_rm : [120]
res4_4_branch2c_bn_b : [1024]
res5_0_branch2a_bn_riv : [454]
res2_2_branch2c_bn_rm : [256]
res5_2_branch2c_bn_riv : [2048]
res3_3_branch2b_w : [106 106   3   3]
res5_2_branch2b_bn_riv : [291]
res4_2_branch2b_bn_rm : [171]
res5_2_branch2c_w : [2048  512    1    1]
res3_0_branch2c_bn_s : [512]
res4_4_branch2c_bn_s : [1024]
res4_4_branch2a_w : [ 188 1024    1    1]
res5_0_branch2b_bn_rm : [474]
res2_0_branch2a_w : [41 64  1  1]
res4_4_branch2b_bn_rm : [212]
res5_1_branch2b_bn_rm : [383]
res4_3_branch2a_bn_riv : [174]
res5_0_branch2c_w : [2048  512    1    1]
res5_1_branch2b_bn_b : [383]
res4_3_branch2a_w : [ 174 1024    1    1]
res3_1_branch2a_bn_riv : [86]
res5_0_branch1_bn_rm : [2048]
res4_3_branch2c_bn_rm : [1024]
res3_2_branch2b_bn_riv : [116]
res2_1_branch2b_bn_b : [51]
res2_0_branch2b_bn_riv : [20]
res4_1_branch2b_w : [195 158   3   3]
res5_1_branch2b_bn_s : [383]
res4_4_branch2c_w : [1024  256    1    1]
res2_0_branch2c_bn_rm : [256]
res5_1_branch2c_bn_rm : [2048]
res4_0_branch2b_bn_riv : [223]
res3_0_branch2c_w : [512 128   1   1]
res2_2_branch2c_bn_riv : [256]
res4_0_branch1_bn_riv : [1024]
res5_0_branch1_w : [2048 1024    1    1]
res3_1_branch2c_bn_rm : [512]
res4_5_branch2c_bn_b : [1024]
res4_3_branch2c_w : [1024  256    1    1]
res4_5_branch2a_bn_s : [212]
res4_3_branch2b_bn_s : [210]
res4_2_branch2c_bn_s : [1024]
res4_4_branch2a_bn_rm : [188]
res3_2_branch2c_bn_riv : [512]
res5_0_branch2a_w : [ 454 1024    1    1]
res4_5_branch2c_bn_s : [1024]
res4_5_branch2a_bn_b : [212]
res4_2_branch2c_bn_b : [1024]
res2_0_branch2c_bn_s : [256]
res4_3_branch2b_bn_b : [210]
res3_0_branch2b_bn_riv : [118]
res3_0_branch2a_w : [120 256   1   1]
++++++++++++++++++++++++++++++++++++++++++++++++++++++++++++++++++++++++++++++++++++++++++++++++++++
computing the params and FLOPs of network
====================================================================================================
feature map shape: (N, 3, 224, 224)

====================================================================================================
feature map shape: (N, 3, 224, 224)

====================================================================================================
feature map shape: (N, 3, 224, 224)

====================================================================================================
conv_params: 9472.0, conv_flops: 118816768.0
feature map shape: (N, 64, 112.0, 112.0)

====================================================================================================
bn_params: 128, bn_flops: 802816.0
feature map shape: (N, 64, 112.0, 112.0)

====================================================================================================
feature map shape: (N, 64, 112.0, 112.0)

====================================================================================================
feature map shape: (N, 64, 56.0, 56.0)

====================================================================================================
conv_params: 16640.0, conv_flops: 52183040.0
feature map shape: (N, 256, 56.0, 56.0)

====================================================================================================
bn_params: 512, bn_flops: 802816.0
feature map shape: (N, 256, 56.0, 56.0)

====================================================================================================
conv_params: 2665.0, conv_flops: 8357440.0
feature map shape: (N, 41, 56.0, 56.0)

====================================================================================================
bn_params: 82, bn_flops: 128576.0
feature map shape: (N, 41, 56.0, 56.0)

====================================================================================================
feature map shape: (N, 41, 56.0, 56.0)

====================================================================================================
conv_params: 7400.0, conv_flops: 23206400.0
feature map shape: (N, 20, 56.0, 56.0)

====================================================================================================
bn_params: 40, bn_flops: 62720.0
feature map shape: (N, 20, 56.0, 56.0)

====================================================================================================
feature map shape: (N, 20, 56.0, 56.0)

====================================================================================================
conv_params: 16640.0, conv_flops: 52183040.0
feature map shape: (N, 256, 56.0, 56.0)

====================================================================================================
bn_params: 512, bn_flops: 802816.0
feature map shape: (N, 256, 56.0, 56.0)

====================================================================================================
feature map shape: (N, 256, 56.0, 56.0)

====================================================================================================
feature map shape: (N, 256, 56.0, 56.0)

====================================================================================================
conv_params: 11051.0, conv_flops: 34655936.0
feature map shape: (N, 43, 56.0, 56.0)

====================================================================================================
bn_params: 86, bn_flops: 134848.0
feature map shape: (N, 43, 56.0, 56.0)

====================================================================================================
feature map shape: (N, 43, 56.0, 56.0)

====================================================================================================
conv_params: 19788.0, conv_flops: 62055168.0
feature map shape: (N, 51, 56.0, 56.0)

====================================================================================================
bn_params: 102, bn_flops: 159936.0
feature map shape: (N, 51, 56.0, 56.0)

====================================================================================================
feature map shape: (N, 51, 56.0, 56.0)

====================================================================================================
conv_params: 16640.0, conv_flops: 52183040.0
feature map shape: (N, 256, 56.0, 56.0)

====================================================================================================
bn_params: 512, bn_flops: 802816.0
feature map shape: (N, 256, 56.0, 56.0)

====================================================================================================
feature map shape: (N, 256, 56.0, 56.0)

====================================================================================================
feature map shape: (N, 256, 56.0, 56.0)

====================================================================================================
conv_params: 14906.0, conv_flops: 46745216.0
feature map shape: (N, 58, 56.0, 56.0)

====================================================================================================
bn_params: 116, bn_flops: 181888.0
feature map shape: (N, 58, 56.0, 56.0)

====================================================================================================
feature map shape: (N, 58, 56.0, 56.0)

====================================================================================================
conv_params: 29288.0, conv_flops: 91847168.0
feature map shape: (N, 56, 56.0, 56.0)

====================================================================================================
bn_params: 112, bn_flops: 175616.0
feature map shape: (N, 56, 56.0, 56.0)

====================================================================================================
feature map shape: (N, 56, 56.0, 56.0)

====================================================================================================
conv_params: 16640.0, conv_flops: 52183040.0
feature map shape: (N, 256, 56.0, 56.0)

====================================================================================================
bn_params: 512, bn_flops: 802816.0
feature map shape: (N, 256, 56.0, 56.0)

====================================================================================================
feature map shape: (N, 256, 56.0, 56.0)

====================================================================================================
feature map shape: (N, 256, 56.0, 56.0)

====================================================================================================
conv_params: 131584.0, conv_flops: 103161856.0
feature map shape: (N, 512, 28.0, 28.0)

====================================================================================================
bn_params: 1024, bn_flops: 401408.0
feature map shape: (N, 512, 28.0, 28.0)

====================================================================================================
conv_params: 30840.0, conv_flops: 24178560.0
feature map shape: (N, 120, 28.0, 28.0)

====================================================================================================
bn_params: 240, bn_flops: 94080.0
feature map shape: (N, 120, 28.0, 28.0)

====================================================================================================
feature map shape: (N, 120, 28.0, 28.0)

====================================================================================================
conv_params: 127558.0, conv_flops: 100005472.0
feature map shape: (N, 118, 28.0, 28.0)

====================================================================================================
bn_params: 236, bn_flops: 92512.0
feature map shape: (N, 118, 28.0, 28.0)

====================================================================================================
feature map shape: (N, 118, 28.0, 28.0)

====================================================================================================
conv_params: 66048.0, conv_flops: 51781632.0
feature map shape: (N, 512, 28.0, 28.0)

====================================================================================================
bn_params: 1024, bn_flops: 401408.0
feature map shape: (N, 512, 28.0, 28.0)

====================================================================================================
feature map shape: (N, 512, 28.0, 28.0)

====================================================================================================
feature map shape: (N, 512, 28.0, 28.0)

====================================================================================================
conv_params: 44118.0, conv_flops: 34588512.0
feature map shape: (N, 86, 28.0, 28.0)

====================================================================================================
bn_params: 172, bn_flops: 67424.0
feature map shape: (N, 86, 28.0, 28.0)

====================================================================================================
feature map shape: (N, 86, 28.0, 28.0)

====================================================================================================
conv_params: 83700.0, conv_flops: 65620800.0
feature map shape: (N, 108, 28.0, 28.0)

====================================================================================================
bn_params: 216, bn_flops: 84672.0
feature map shape: (N, 108, 28.0, 28.0)

====================================================================================================
feature map shape: (N, 108, 28.0, 28.0)

====================================================================================================
conv_params: 66048.0, conv_flops: 51781632.0
feature map shape: (N, 512, 28.0, 28.0)

====================================================================================================
bn_params: 1024, bn_flops: 401408.0
feature map shape: (N, 512, 28.0, 28.0)

====================================================================================================
feature map shape: (N, 512, 28.0, 28.0)

====================================================================================================
feature map shape: (N, 512, 28.0, 28.0)

====================================================================================================
conv_params: 58482.0, conv_flops: 45849888.0
feature map shape: (N, 114, 28.0, 28.0)

====================================================================================================
bn_params: 228, bn_flops: 89376.0
feature map shape: (N, 114, 28.0, 28.0)

====================================================================================================
feature map shape: (N, 114, 28.0, 28.0)

====================================================================================================
conv_params: 119132.0, conv_flops: 93399488.0
feature map shape: (N, 116, 28.0, 28.0)

====================================================================================================
bn_params: 232, bn_flops: 90944.0
feature map shape: (N, 116, 28.0, 28.0)

====================================================================================================
feature map shape: (N, 116, 28.0, 28.0)

====================================================================================================
conv_params: 66048.0, conv_flops: 51781632.0
feature map shape: (N, 512, 28.0, 28.0)

====================================================================================================
bn_params: 1024, bn_flops: 401408.0
feature map shape: (N, 512, 28.0, 28.0)

====================================================================================================
feature map shape: (N, 512, 28.0, 28.0)

====================================================================================================
feature map shape: (N, 512, 28.0, 28.0)

====================================================================================================
conv_params: 54378.0, conv_flops: 42632352.0
feature map shape: (N, 106, 28.0, 28.0)

====================================================================================================
bn_params: 212, bn_flops: 83104.0
feature map shape: (N, 106, 28.0, 28.0)

====================================================================================================
feature map shape: (N, 106, 28.0, 28.0)

====================================================================================================
conv_params: 101230.0, conv_flops: 79364320.0
feature map shape: (N, 106, 28.0, 28.0)

====================================================================================================
bn_params: 212, bn_flops: 83104.0
feature map shape: (N, 106, 28.0, 28.0)

====================================================================================================
feature map shape: (N, 106, 28.0, 28.0)

====================================================================================================
conv_params: 66048.0, conv_flops: 51781632.0
feature map shape: (N, 512, 28.0, 28.0)

====================================================================================================
bn_params: 1024, bn_flops: 401408.0
feature map shape: (N, 512, 28.0, 28.0)

====================================================================================================
feature map shape: (N, 512, 28.0, 28.0)

====================================================================================================
feature map shape: (N, 512, 28.0, 28.0)

====================================================================================================
conv_params: 525312.0, conv_flops: 102961152.0
feature map shape: (N, 1024, 14.0, 14.0)

====================================================================================================
bn_params: 2048, bn_flops: 200704.0
feature map shape: (N, 1024, 14.0, 14.0)

====================================================================================================
conv_params: 125172.0, conv_flops: 24533712.0
feature map shape: (N, 244, 14.0, 14.0)

====================================================================================================
bn_params: 488, bn_flops: 47824.0
feature map shape: (N, 244, 14.0, 14.0)

====================================================================================================
feature map shape: (N, 244, 14.0, 14.0)

====================================================================================================
conv_params: 489931.0, conv_flops: 96026476.0
feature map shape: (N, 223, 14.0, 14.0)

====================================================================================================
bn_params: 446, bn_flops: 43708.0
feature map shape: (N, 223, 14.0, 14.0)

====================================================================================================
feature map shape: (N, 223, 14.0, 14.0)

====================================================================================================
conv_params: 263168.0, conv_flops: 51580928.0
feature map shape: (N, 1024, 14.0, 14.0)

====================================================================================================
bn_params: 2048, bn_flops: 200704.0
feature map shape: (N, 1024, 14.0, 14.0)

====================================================================================================
feature map shape: (N, 1024, 14.0, 14.0)

====================================================================================================
feature map shape: (N, 1024, 14.0, 14.0)

====================================================================================================
conv_params: 161950.0, conv_flops: 31742200.0
feature map shape: (N, 158, 14.0, 14.0)

====================================================================================================
bn_params: 316, bn_flops: 30968.0
feature map shape: (N, 158, 14.0, 14.0)

====================================================================================================
feature map shape: (N, 158, 14.0, 14.0)

====================================================================================================
conv_params: 277485.0, conv_flops: 54387060.0
feature map shape: (N, 195, 14.0, 14.0)

====================================================================================================
bn_params: 390, bn_flops: 38220.0
feature map shape: (N, 195, 14.0, 14.0)

====================================================================================================
feature map shape: (N, 195, 14.0, 14.0)

====================================================================================================
conv_params: 263168.0, conv_flops: 51580928.0
feature map shape: (N, 1024, 14.0, 14.0)

====================================================================================================
bn_params: 2048, bn_flops: 200704.0
feature map shape: (N, 1024, 14.0, 14.0)

====================================================================================================
feature map shape: (N, 1024, 14.0, 14.0)

====================================================================================================
feature map shape: (N, 1024, 14.0, 14.0)

====================================================================================================
conv_params: 185525.0, conv_flops: 36362900.0
feature map shape: (N, 181, 14.0, 14.0)

====================================================================================================
bn_params: 362, bn_flops: 35476.0
feature map shape: (N, 181, 14.0, 14.0)

====================================================================================================
feature map shape: (N, 181, 14.0, 14.0)

====================================================================================================
conv_params: 278730.0, conv_flops: 54631080.0
feature map shape: (N, 171, 14.0, 14.0)

====================================================================================================
bn_params: 342, bn_flops: 33516.0
feature map shape: (N, 171, 14.0, 14.0)

====================================================================================================
feature map shape: (N, 171, 14.0, 14.0)

====================================================================================================
conv_params: 263168.0, conv_flops: 51580928.0
feature map shape: (N, 1024, 14.0, 14.0)

====================================================================================================
bn_params: 2048, bn_flops: 200704.0
feature map shape: (N, 1024, 14.0, 14.0)

====================================================================================================
feature map shape: (N, 1024, 14.0, 14.0)

====================================================================================================
feature map shape: (N, 1024, 14.0, 14.0)

====================================================================================================
conv_params: 178350.0, conv_flops: 34956600.0
feature map shape: (N, 174, 14.0, 14.0)

====================================================================================================
bn_params: 348, bn_flops: 34104.0
feature map shape: (N, 174, 14.0, 14.0)

====================================================================================================
feature map shape: (N, 174, 14.0, 14.0)

====================================================================================================
conv_params: 329070.0, conv_flops: 64497720.0
feature map shape: (N, 210, 14.0, 14.0)

====================================================================================================
bn_params: 420, bn_flops: 41160.0
feature map shape: (N, 210, 14.0, 14.0)

====================================================================================================
feature map shape: (N, 210, 14.0, 14.0)

====================================================================================================
conv_params: 263168.0, conv_flops: 51580928.0
feature map shape: (N, 1024, 14.0, 14.0)

====================================================================================================
bn_params: 2048, bn_flops: 200704.0
feature map shape: (N, 1024, 14.0, 14.0)

====================================================================================================
feature map shape: (N, 1024, 14.0, 14.0)

====================================================================================================
feature map shape: (N, 1024, 14.0, 14.0)

====================================================================================================
conv_params: 192700.0, conv_flops: 37769200.0
feature map shape: (N, 188, 14.0, 14.0)

====================================================================================================
bn_params: 376, bn_flops: 36848.0
feature map shape: (N, 188, 14.0, 14.0)

====================================================================================================
feature map shape: (N, 188, 14.0, 14.0)

====================================================================================================
conv_params: 358916.0, conv_flops: 70347536.0
feature map shape: (N, 212, 14.0, 14.0)

====================================================================================================
bn_params: 424, bn_flops: 41552.0
feature map shape: (N, 212, 14.0, 14.0)

====================================================================================================
feature map shape: (N, 212, 14.0, 14.0)

====================================================================================================
conv_params: 263168.0, conv_flops: 51580928.0
feature map shape: (N, 1024, 14.0, 14.0)

====================================================================================================
bn_params: 2048, bn_flops: 200704.0
feature map shape: (N, 1024, 14.0, 14.0)

====================================================================================================
feature map shape: (N, 1024, 14.0, 14.0)

====================================================================================================
feature map shape: (N, 1024, 14.0, 14.0)

====================================================================================================
conv_params: 217300.0, conv_flops: 42590800.0
feature map shape: (N, 212, 14.0, 14.0)

====================================================================================================
bn_params: 424, bn_flops: 41552.0
feature map shape: (N, 212, 14.0, 14.0)

====================================================================================================
feature map shape: (N, 212, 14.0, 14.0)

====================================================================================================
conv_params: 437161.0, conv_flops: 85683556.0
feature map shape: (N, 229, 14.0, 14.0)

====================================================================================================
bn_params: 458, bn_flops: 44884.0
feature map shape: (N, 229, 14.0, 14.0)

====================================================================================================
feature map shape: (N, 229, 14.0, 14.0)

====================================================================================================
conv_params: 263168.0, conv_flops: 51580928.0
feature map shape: (N, 1024, 14.0, 14.0)

====================================================================================================
bn_params: 2048, bn_flops: 200704.0
feature map shape: (N, 1024, 14.0, 14.0)

====================================================================================================
feature map shape: (N, 1024, 14.0, 14.0)

====================================================================================================
feature map shape: (N, 1024, 14.0, 14.0)

====================================================================================================
conv_params: 2099200.0, conv_flops: 102860800.0
feature map shape: (N, 2048, 7.0, 7.0)

====================================================================================================
bn_params: 4096, bn_flops: 100352.0
feature map shape: (N, 2048, 7.0, 7.0)

====================================================================================================
conv_params: 465350.0, conv_flops: 22802150.0
feature map shape: (N, 454, 7.0, 7.0)

====================================================================================================
bn_params: 908, bn_flops: 22246.0
feature map shape: (N, 454, 7.0, 7.0)

====================================================================================================
feature map shape: (N, 454, 7.0, 7.0)

====================================================================================================
conv_params: 1937238.0, conv_flops: 94924662.0
feature map shape: (N, 474, 7.0, 7.0)

====================================================================================================
bn_params: 948, bn_flops: 23226.0
feature map shape: (N, 474, 7.0, 7.0)

====================================================================================================
feature map shape: (N, 474, 7.0, 7.0)

====================================================================================================
conv_params: 1050624.0, conv_flops: 51480576.0
feature map shape: (N, 2048, 7.0, 7.0)

====================================================================================================
bn_params: 4096, bn_flops: 100352.0
feature map shape: (N, 2048, 7.0, 7.0)

====================================================================================================
feature map shape: (N, 2048, 7.0, 7.0)

====================================================================================================
feature map shape: (N, 2048, 7.0, 7.0)

====================================================================================================
conv_params: 833943.0, conv_flops: 40863207.0
feature map shape: (N, 407, 7.0, 7.0)

====================================================================================================
bn_params: 814, bn_flops: 19943.0
feature map shape: (N, 407, 7.0, 7.0)

====================================================================================================
feature map shape: (N, 407, 7.0, 7.0)

====================================================================================================
conv_params: 1403312.0, conv_flops: 68762288.0
feature map shape: (N, 383, 7.0, 7.0)

====================================================================================================
bn_params: 766, bn_flops: 18767.0
feature map shape: (N, 383, 7.0, 7.0)

====================================================================================================
feature map shape: (N, 383, 7.0, 7.0)

====================================================================================================
conv_params: 1050624.0, conv_flops: 51480576.0
feature map shape: (N, 2048, 7.0, 7.0)

====================================================================================================
bn_params: 4096, bn_flops: 100352.0
feature map shape: (N, 2048, 7.0, 7.0)

====================================================================================================
feature map shape: (N, 2048, 7.0, 7.0)

====================================================================================================
feature map shape: (N, 2048, 7.0, 7.0)

====================================================================================================
conv_params: 844188.0, conv_flops: 41365212.0
feature map shape: (N, 412, 7.0, 7.0)

====================================================================================================
bn_params: 824, bn_flops: 20188.0
feature map shape: (N, 412, 7.0, 7.0)

====================================================================================================
feature map shape: (N, 412, 7.0, 7.0)

====================================================================================================
conv_params: 1079319.0, conv_flops: 52886631.0
feature map shape: (N, 291, 7.0, 7.0)

====================================================================================================
bn_params: 582, bn_flops: 14259.0
feature map shape: (N, 291, 7.0, 7.0)

====================================================================================================
feature map shape: (N, 291, 7.0, 7.0)

====================================================================================================
conv_params: 1050624.0, conv_flops: 51480576.0
feature map shape: (N, 2048, 7.0, 7.0)

====================================================================================================
bn_params: 4096, bn_flops: 100352.0
feature map shape: (N, 2048, 7.0, 7.0)

====================================================================================================
feature map shape: (N, 2048, 7.0, 7.0)

====================================================================================================
feature map shape: (N, 2048, 7.0, 7.0)

====================================================================================================
feature map shape: (N, 2048, 1.0, 1.0)

====================================================================================================
fc_params: 262144, fc_flops: 262144
feature map shape: (N, 128, 1.0, 1.0)

====================================================================================================
feature map shape: (N, 128, 1.0, 1.0)

====================================================================================================
fc_params: 262144, fc_flops: 262144
feature map shape: (N, 2048, 1.0, 1.0)

====================================================================================================
feature map shape: (N, 2048, 1.0, 1.0)

====================================================================================================
feature map shape: (N, 2048, 7.0, 7.0)

====================================================================================================
feature map shape: (N, 2048, 1.0, 1.0)

====================================================================================================
fc_params: 2097152, fc_flops: 2097152
feature map shape: (N, 1024, 1.0, 1.0)

====================================================================================================
feature map shape: (N, 1024, 1.0, 1.0)

====================================================================================================
fc_params: 262144, fc_flops: 262144
feature map shape: (N, 128, 1.0, 1.0)

====================================================================================================
feature map shape: (N, 128, 1.0, 1.0)

====================================================================================================
fc_params: 262144, fc_flops: 262144
feature map shape: (N, 2048, 1.0, 1.0)

====================================================================================================
feature map shape: (N, 2048, 1.0, 1.0)

====================================================================================================
feature map shape: (N, 2048, 7.0, 7.0)

====================================================================================================
feature map shape: (N, 2048, 1.0, 1.0)

====================================================================================================
fc_params: 2097152, fc_flops: 2097152
feature map shape: (N, 1024, 1.0, 1.0)

====================================================================================================
feature map shape: (N, 1024, 1.0, 1.0)

====================================================================================================
fc_params: 401408, fc_flops: 401408
feature map shape: (N, 196, 1.0, 1.0)

====================================================================================================
feature map shape: (N, 196, 1.0, 1.0)

====================================================================================================
feature map shape: (N, 196, 1.0, 1.0)

====================================================================================================
feature map shape: (N, 196, 1.0, 1.0)

====================================================================================================
feature map shape: (N, 196, 1.0, 1.0)

====================================================================================================
feature map shape: (N, 196, 1.0, 1.0)

====================================================================================================
feature map shape: (N, 196, 1.0, 1.0)

====================================================================================================
feature map shape: (N, 196, 1.0, 1.0)

====================================================================================================
feature map shape: (N, 196, 1.0, 1.0)

====================================================================================================
feature map shape: (N, 196, 1.0, 1.0)

====================================================================================================
feature map shape: (N, 196, 1.0, 1.0)

====================================================================================================
feature map shape: (N, 196, 1.0, 1.0)

====================================================================================================
feature map shape: (N, 196, 1.0, 1.0)

====================================================================================================
feature map shape: (N, 196, 1.0, 1.0)

====================================================================================================
feature map shape: (N, 196, 1.0, 1.0)

====================================================================================================
feature map shape: (N, 196, 1.0, 1.0)

params: 24021602.0, FLOPs: 3030815255.0
[INFO] finish running src/param_statistics.py, total_time is 5.906s
