[INFO] start running src/param_statistics.py ...
[INFO] start running initialize ...
[INFO] finish running initialize ...

[INFO] start running build_validation_model ...
[INFO] finish running build_validation_model ...

****************************************************************************************************
net work pruning...
****************************************************************************************************
bn layer name: res2_0_branch1_bn 	 layer total channels: 256 	 remainingchannels: 196.0 	 pruned rate: 23.44%
bn layer name: res2_0_branch2a_bn 	 layer total channels: 64 	 remainingchannels: 36.0 	 pruned rate: 43.75%
bn layer name: res2_0_branch2b_bn 	 layer total channels: 64 	 remainingchannels: 16.0 	 pruned rate: 75.00%
bn layer name: res2_0_branch2c_bn 	 layer total channels: 256 	 remainingchannels: 138.0 	 pruned rate: 46.09%
bn layer name: res2_1_branch2a_bn 	 layer total channels: 64 	 remainingchannels: 36.0 	 pruned rate: 43.75%
bn layer name: res2_1_branch2b_bn 	 layer total channels: 64 	 remainingchannels: 44.0 	 pruned rate: 31.25%
bn layer name: res2_1_branch2c_bn 	 layer total channels: 256 	 remainingchannels: 26.0 	 pruned rate: 89.84%
bn layer name: res2_2_branch2a_bn 	 layer total channels: 64 	 remainingchannels: 56.0 	 pruned rate: 12.50%
bn layer name: res2_2_branch2b_bn 	 layer total channels: 64 	 remainingchannels: 50.0 	 pruned rate: 21.88%
bn layer name: res2_2_branch2c_bn 	 layer total channels: 256 	 remainingchannels: 42.0 	 pruned rate: 83.59%
bn layer name: res3_0_branch1_bn 	 layer total channels: 512 	 remainingchannels: 160.0 	 pruned rate: 68.75%
bn layer name: res3_0_branch2a_bn 	 layer total channels: 128 	 remainingchannels: 110.0 	 pruned rate: 14.06%
bn layer name: res3_0_branch2b_bn 	 layer total channels: 128 	 remainingchannels: 105.0 	 pruned rate: 17.97%
bn layer name: res3_0_branch2c_bn 	 layer total channels: 512 	 remainingchannels: 128.0 	 pruned rate: 75.00%
bn layer name: res3_1_branch2a_bn 	 layer total channels: 128 	 remainingchannels: 65.0 	 pruned rate: 49.22%
bn layer name: res3_1_branch2b_bn 	 layer total channels: 128 	 remainingchannels: 91.0 	 pruned rate: 28.91%
bn layer name: res3_1_branch2c_bn 	 layer total channels: 512 	 remainingchannels: 56.0 	 pruned rate: 89.06%
bn layer name: res3_2_branch2a_bn 	 layer total channels: 128 	 remainingchannels: 97.0 	 pruned rate: 24.22%
bn layer name: res3_2_branch2b_bn 	 layer total channels: 128 	 remainingchannels: 109.0 	 pruned rate: 14.84%
bn layer name: res3_2_branch2c_bn 	 layer total channels: 512 	 remainingchannels: 74.0 	 pruned rate: 85.55%
bn layer name: res3_3_branch2a_bn 	 layer total channels: 128 	 remainingchannels: 84.0 	 pruned rate: 34.38%
bn layer name: res3_3_branch2b_bn 	 layer total channels: 128 	 remainingchannels: 90.0 	 pruned rate: 29.69%
bn layer name: res3_3_branch2c_bn 	 layer total channels: 512 	 remainingchannels: 31.0 	 pruned rate: 93.95%
bn layer name: res4_0_branch1_bn 	 layer total channels: 1024 	 remainingchannels: 168.0 	 pruned rate: 83.59%
bn layer name: res4_0_branch2a_bn 	 layer total channels: 256 	 remainingchannels: 217.0 	 pruned rate: 15.23%
bn layer name: res4_0_branch2b_bn 	 layer total channels: 256 	 remainingchannels: 177.0 	 pruned rate: 30.86%
bn layer name: res4_0_branch2c_bn 	 layer total channels: 1024 	 remainingchannels: 292.0 	 pruned rate: 71.48%
bn layer name: res4_1_branch2a_bn 	 layer total channels: 256 	 remainingchannels: 101.0 	 pruned rate: 60.55%
bn layer name: res4_1_branch2b_bn 	 layer total channels: 256 	 remainingchannels: 153.0 	 pruned rate: 40.23%
bn layer name: res4_1_branch2c_bn 	 layer total channels: 1024 	 remainingchannels: 62.0 	 pruned rate: 93.95%
bn layer name: res4_2_branch2a_bn 	 layer total channels: 256 	 remainingchannels: 126.0 	 pruned rate: 50.78%
bn layer name: res4_2_branch2b_bn 	 layer total channels: 256 	 remainingchannels: 131.0 	 pruned rate: 48.83%
bn layer name: res4_2_branch2c_bn 	 layer total channels: 1024 	 remainingchannels: 28.0 	 pruned rate: 97.27%
bn layer name: res4_3_branch2a_bn 	 layer total channels: 256 	 remainingchannels: 118.0 	 pruned rate: 53.91%
bn layer name: res4_3_branch2b_bn 	 layer total channels: 256 	 remainingchannels: 166.0 	 pruned rate: 35.16%
bn layer name: res4_3_branch2c_bn 	 layer total channels: 1024 	 remainingchannels: 82.0 	 pruned rate: 91.99%
bn layer name: res4_4_branch2a_bn 	 layer total channels: 256 	 remainingchannels: 122.0 	 pruned rate: 52.34%
bn layer name: res4_4_branch2b_bn 	 layer total channels: 256 	 remainingchannels: 161.0 	 pruned rate: 37.11%
bn layer name: res4_4_branch2c_bn 	 layer total channels: 1024 	 remainingchannels: 20.0 	 pruned rate: 98.05%
bn layer name: res4_5_branch2a_bn 	 layer total channels: 256 	 remainingchannels: 144.0 	 pruned rate: 43.75%
bn layer name: res4_5_branch2b_bn 	 layer total channels: 256 	 remainingchannels: 171.0 	 pruned rate: 33.20%
bn layer name: res4_5_branch2c_bn 	 layer total channels: 1024 	 remainingchannels: 17.0 	 pruned rate: 98.34%
bn layer name: res5_0_branch1_bn 	 layer total channels: 2048 	 remainingchannels: 2048.0 	 pruned rate: 0.00%
bn layer name: res5_0_branch2a_bn 	 layer total channels: 512 	 remainingchannels: 257.0 	 pruned rate: 49.80%
bn layer name: res5_0_branch2b_bn 	 layer total channels: 512 	 remainingchannels: 393.0 	 pruned rate: 23.24%
bn layer name: res5_0_branch2c_bn 	 layer total channels: 2048 	 remainingchannels: 2032.0 	 pruned rate: 0.78%
bn layer name: res5_1_branch2a_bn 	 layer total channels: 512 	 remainingchannels: 210.0 	 pruned rate: 58.98%
bn layer name: res5_1_branch2b_bn 	 layer total channels: 512 	 remainingchannels: 209.0 	 pruned rate: 59.18%
bn layer name: res5_1_branch2c_bn 	 layer total channels: 2048 	 remainingchannels: 1666.0 	 pruned rate: 18.65%
bn layer name: res5_2_branch2a_bn 	 layer total channels: 512 	 remainingchannels: 169.0 	 pruned rate: 66.99%
bn layer name: res5_2_branch2b_bn 	 layer total channels: 512 	 remainingchannels: 130.0 	 pruned rate: 74.61%
bn layer name: res5_2_branch2c_bn 	 layer total channels: 2048 	 remainingchannels: 1828.0 	 pruned rate: 10.74%
bn layer name: res_conv1_bn 	 layer total channels: 64 	 remainingchannels: 41.0 	 pruned rate: 35.94%
total pruned rate: 0.500037650602
====================================================================================================
op type: ImageInput
in channels: 3, out channels: 3

====================================================================================================
op type: StopGradient
in channels: 3, out channels: 3

====================================================================================================
op type: StopGradient
in channels: 3, out channels: 3

====================================================================================================
op type: Conv
in channels: 3, out channels: 64

====================================================================================================
op type: SpatialBN
in channels: 3, out channels: 64

====================================================================================================
op type: Relu
in channels: 3, out channels: 64

====================================================================================================
op type: MaxPool
in channels: 64, out channels: 64

====================================================================================================
op type: Conv
in channels: 64, out channels: 256

====================================================================================================
op type: SpatialBN
in channels: 64, out channels: 256

====================================================================================================
op type: Conv
in channels: 64, out channels: 64

====================================================================================================
op type: SpatialBN
in channels: 64, out channels: 36.0

====================================================================================================
op type: Relu
in channels: 36.0, out channels: 36.0

====================================================================================================
C_in: 36.0, old_in: 64
op type: Conv
in channels: 36.0, out channels: 64

====================================================================================================
op type: SpatialBN
in channels: 64, out channels: 16.0

====================================================================================================
op type: Relu
in channels: 16.0, out channels: 16.0

====================================================================================================
op type: Conv
in channels: 16.0, out channels: 256

====================================================================================================
op type: SpatialBN
in channels: 16.0, out channels: 256

====================================================================================================
op type: Sum
in channels: 16.0, out channels: 256

====================================================================================================
op type: Relu
in channels: 256, out channels: 256

====================================================================================================
op type: Conv
in channels: 256, out channels: 64

====================================================================================================
op type: SpatialBN
in channels: 64, out channels: 36.0

====================================================================================================
op type: Relu
in channels: 36.0, out channels: 36.0

====================================================================================================
C_in: 36.0, old_in: 64
op type: Conv
in channels: 36.0, out channels: 64

====================================================================================================
op type: SpatialBN
in channels: 64, out channels: 44.0

====================================================================================================
op type: Relu
in channels: 44.0, out channels: 44.0

====================================================================================================
op type: Conv
in channels: 44.0, out channels: 256

====================================================================================================
op type: SpatialBN
in channels: 44.0, out channels: 256

====================================================================================================
op type: Sum
in channels: 44.0, out channels: 256

====================================================================================================
op type: Relu
in channels: 256, out channels: 256

====================================================================================================
op type: Conv
in channels: 256, out channels: 64

====================================================================================================
op type: SpatialBN
in channels: 64, out channels: 56.0

====================================================================================================
op type: Relu
in channels: 56.0, out channels: 56.0

====================================================================================================
C_in: 56.0, old_in: 64
op type: Conv
in channels: 56.0, out channels: 64

====================================================================================================
op type: SpatialBN
in channels: 64, out channels: 50.0

====================================================================================================
op type: Relu
in channels: 50.0, out channels: 50.0

====================================================================================================
op type: Conv
in channels: 50.0, out channels: 256

====================================================================================================
op type: SpatialBN
in channels: 50.0, out channels: 256

====================================================================================================
op type: Sum
in channels: 50.0, out channels: 256

====================================================================================================
op type: Relu
in channels: 256, out channels: 256

====================================================================================================
op type: Conv
in channels: 256, out channels: 512

====================================================================================================
op type: SpatialBN
in channels: 256, out channels: 512

====================================================================================================
op type: Conv
in channels: 256, out channels: 128

====================================================================================================
op type: SpatialBN
in channels: 128, out channels: 110.0

====================================================================================================
op type: Relu
in channels: 110.0, out channels: 110.0

====================================================================================================
C_in: 110.0, old_in: 128
op type: Conv
in channels: 110.0, out channels: 128

====================================================================================================
op type: SpatialBN
in channels: 128, out channels: 105.0

====================================================================================================
op type: Relu
in channels: 105.0, out channels: 105.0

====================================================================================================
op type: Conv
in channels: 105.0, out channels: 512

====================================================================================================
op type: SpatialBN
in channels: 105.0, out channels: 512

====================================================================================================
op type: Sum
in channels: 105.0, out channels: 512

====================================================================================================
op type: Relu
in channels: 512, out channels: 512

====================================================================================================
op type: Conv
in channels: 512, out channels: 128

====================================================================================================
op type: SpatialBN
in channels: 128, out channels: 65.0

====================================================================================================
op type: Relu
in channels: 65.0, out channels: 65.0

====================================================================================================
C_in: 65.0, old_in: 128
op type: Conv
in channels: 65.0, out channels: 128

====================================================================================================
op type: SpatialBN
in channels: 128, out channels: 91.0

====================================================================================================
op type: Relu
in channels: 91.0, out channels: 91.0

====================================================================================================
op type: Conv
in channels: 91.0, out channels: 512

====================================================================================================
op type: SpatialBN
in channels: 91.0, out channels: 512

====================================================================================================
op type: Sum
in channels: 91.0, out channels: 512

====================================================================================================
op type: Relu
in channels: 512, out channels: 512

====================================================================================================
op type: Conv
in channels: 512, out channels: 128

====================================================================================================
op type: SpatialBN
in channels: 128, out channels: 97.0

====================================================================================================
op type: Relu
in channels: 97.0, out channels: 97.0

====================================================================================================
C_in: 97.0, old_in: 128
op type: Conv
in channels: 97.0, out channels: 128

====================================================================================================
op type: SpatialBN
in channels: 128, out channels: 109.0

====================================================================================================
op type: Relu
in channels: 109.0, out channels: 109.0

====================================================================================================
op type: Conv
in channels: 109.0, out channels: 512

====================================================================================================
op type: SpatialBN
in channels: 109.0, out channels: 512

====================================================================================================
op type: Sum
in channels: 109.0, out channels: 512

====================================================================================================
op type: Relu
in channels: 512, out channels: 512

====================================================================================================
op type: Conv
in channels: 512, out channels: 128

====================================================================================================
op type: SpatialBN
in channels: 128, out channels: 84.0

====================================================================================================
op type: Relu
in channels: 84.0, out channels: 84.0

====================================================================================================
C_in: 84.0, old_in: 128
op type: Conv
in channels: 84.0, out channels: 128

====================================================================================================
op type: SpatialBN
in channels: 128, out channels: 90.0

====================================================================================================
op type: Relu
in channels: 90.0, out channels: 90.0

====================================================================================================
op type: Conv
in channels: 90.0, out channels: 512

====================================================================================================
op type: SpatialBN
in channels: 90.0, out channels: 512

====================================================================================================
op type: Sum
in channels: 90.0, out channels: 512

====================================================================================================
op type: Relu
in channels: 512, out channels: 512

====================================================================================================
op type: Conv
in channels: 512, out channels: 1024

====================================================================================================
op type: SpatialBN
in channels: 512, out channels: 1024

====================================================================================================
op type: Conv
in channels: 512, out channels: 256

====================================================================================================
op type: SpatialBN
in channels: 256, out channels: 217.0

====================================================================================================
op type: Relu
in channels: 217.0, out channels: 217.0

====================================================================================================
C_in: 217.0, old_in: 256
op type: Conv
in channels: 217.0, out channels: 256

====================================================================================================
op type: SpatialBN
in channels: 256, out channels: 177.0

====================================================================================================
op type: Relu
in channels: 177.0, out channels: 177.0

====================================================================================================
op type: Conv
in channels: 177.0, out channels: 1024

====================================================================================================
op type: SpatialBN
in channels: 177.0, out channels: 1024

====================================================================================================
op type: Sum
in channels: 177.0, out channels: 1024

====================================================================================================
op type: Relu
in channels: 1024, out channels: 1024

====================================================================================================
op type: Conv
in channels: 1024, out channels: 256

====================================================================================================
op type: SpatialBN
in channels: 256, out channels: 101.0

====================================================================================================
op type: Relu
in channels: 101.0, out channels: 101.0

====================================================================================================
C_in: 101.0, old_in: 256
op type: Conv
in channels: 101.0, out channels: 256

====================================================================================================
op type: SpatialBN
in channels: 256, out channels: 153.0

====================================================================================================
op type: Relu
in channels: 153.0, out channels: 153.0

====================================================================================================
op type: Conv
in channels: 153.0, out channels: 1024

====================================================================================================
op type: SpatialBN
in channels: 153.0, out channels: 1024

====================================================================================================
op type: Sum
in channels: 153.0, out channels: 1024

====================================================================================================
op type: Relu
in channels: 1024, out channels: 1024

====================================================================================================
op type: Conv
in channels: 1024, out channels: 256

====================================================================================================
op type: SpatialBN
in channels: 256, out channels: 126.0

====================================================================================================
op type: Relu
in channels: 126.0, out channels: 126.0

====================================================================================================
C_in: 126.0, old_in: 256
op type: Conv
in channels: 126.0, out channels: 256

====================================================================================================
op type: SpatialBN
in channels: 256, out channels: 131.0

====================================================================================================
op type: Relu
in channels: 131.0, out channels: 131.0

====================================================================================================
op type: Conv
in channels: 131.0, out channels: 1024

====================================================================================================
op type: SpatialBN
in channels: 131.0, out channels: 1024

====================================================================================================
op type: Sum
in channels: 131.0, out channels: 1024

====================================================================================================
op type: Relu
in channels: 1024, out channels: 1024

====================================================================================================
op type: Conv
in channels: 1024, out channels: 256

====================================================================================================
op type: SpatialBN
in channels: 256, out channels: 118.0

====================================================================================================
op type: Relu
in channels: 118.0, out channels: 118.0

====================================================================================================
C_in: 118.0, old_in: 256
op type: Conv
in channels: 118.0, out channels: 256

====================================================================================================
op type: SpatialBN
in channels: 256, out channels: 166.0

====================================================================================================
op type: Relu
in channels: 166.0, out channels: 166.0

====================================================================================================
op type: Conv
in channels: 166.0, out channels: 1024

====================================================================================================
op type: SpatialBN
in channels: 166.0, out channels: 1024

====================================================================================================
op type: Sum
in channels: 166.0, out channels: 1024

====================================================================================================
op type: Relu
in channels: 1024, out channels: 1024

====================================================================================================
op type: Conv
in channels: 1024, out channels: 256

====================================================================================================
op type: SpatialBN
in channels: 256, out channels: 122.0

====================================================================================================
op type: Relu
in channels: 122.0, out channels: 122.0

====================================================================================================
C_in: 122.0, old_in: 256
op type: Conv
in channels: 122.0, out channels: 256

====================================================================================================
op type: SpatialBN
in channels: 256, out channels: 161.0

====================================================================================================
op type: Relu
in channels: 161.0, out channels: 161.0

====================================================================================================
op type: Conv
in channels: 161.0, out channels: 1024

====================================================================================================
op type: SpatialBN
in channels: 161.0, out channels: 1024

====================================================================================================
op type: Sum
in channels: 161.0, out channels: 1024

====================================================================================================
op type: Relu
in channels: 1024, out channels: 1024

====================================================================================================
op type: Conv
in channels: 1024, out channels: 256

====================================================================================================
op type: SpatialBN
in channels: 256, out channels: 144.0

====================================================================================================
op type: Relu
in channels: 144.0, out channels: 144.0

====================================================================================================
C_in: 144.0, old_in: 256
op type: Conv
in channels: 144.0, out channels: 256

====================================================================================================
op type: SpatialBN
in channels: 256, out channels: 171.0

====================================================================================================
op type: Relu
in channels: 171.0, out channels: 171.0

====================================================================================================
op type: Conv
in channels: 171.0, out channels: 1024

====================================================================================================
op type: SpatialBN
in channels: 171.0, out channels: 1024

====================================================================================================
op type: Sum
in channels: 171.0, out channels: 1024

====================================================================================================
op type: Relu
in channels: 1024, out channels: 1024

====================================================================================================
op type: Conv
in channels: 1024, out channels: 2048

====================================================================================================
op type: SpatialBN
in channels: 1024, out channels: 2048

====================================================================================================
op type: Conv
in channels: 1024, out channels: 512

====================================================================================================
op type: SpatialBN
in channels: 512, out channels: 257.0

====================================================================================================
op type: Relu
in channels: 257.0, out channels: 257.0

====================================================================================================
C_in: 257.0, old_in: 512
op type: Conv
in channels: 257.0, out channels: 512

====================================================================================================
op type: SpatialBN
in channels: 512, out channels: 393.0

====================================================================================================
op type: Relu
in channels: 393.0, out channels: 393.0

====================================================================================================
op type: Conv
in channels: 393.0, out channels: 2048

====================================================================================================
op type: SpatialBN
in channels: 393.0, out channels: 2048

====================================================================================================
op type: Sum
in channels: 393.0, out channels: 2048

====================================================================================================
op type: Relu
in channels: 2048, out channels: 2048

====================================================================================================
op type: Conv
in channels: 2048, out channels: 512

====================================================================================================
op type: SpatialBN
in channels: 512, out channels: 210.0

====================================================================================================
op type: Relu
in channels: 210.0, out channels: 210.0

====================================================================================================
C_in: 210.0, old_in: 512
op type: Conv
in channels: 210.0, out channels: 512

====================================================================================================
op type: SpatialBN
in channels: 512, out channels: 209.0

====================================================================================================
op type: Relu
in channels: 209.0, out channels: 209.0

====================================================================================================
op type: Conv
in channels: 209.0, out channels: 2048

====================================================================================================
op type: SpatialBN
in channels: 209.0, out channels: 2048

====================================================================================================
op type: Sum
in channels: 209.0, out channels: 2048

====================================================================================================
op type: Relu
in channels: 2048, out channels: 2048

====================================================================================================
op type: Conv
in channels: 2048, out channels: 512

====================================================================================================
op type: SpatialBN
in channels: 512, out channels: 169.0

====================================================================================================
op type: Relu
in channels: 169.0, out channels: 169.0

====================================================================================================
C_in: 169.0, old_in: 512
op type: Conv
in channels: 169.0, out channels: 512

====================================================================================================
op type: SpatialBN
in channels: 512, out channels: 130.0

====================================================================================================
op type: Relu
in channels: 130.0, out channels: 130.0

====================================================================================================
op type: Conv
in channels: 130.0, out channels: 2048

====================================================================================================
op type: SpatialBN
in channels: 130.0, out channels: 2048

====================================================================================================
op type: Sum
in channels: 130.0, out channels: 2048

====================================================================================================
op type: Relu
in channels: 2048, out channels: 2048

====================================================================================================
op type: AveragePool
in channels: 2048, out channels: 2048

====================================================================================================
op type: FC
in channels: 2048, out channels: 2048

====================================================================================================
op type: Relu
in channels: 2048, out channels: 2048

====================================================================================================
op type: FC
in channels: 2048, out channels: 2048

====================================================================================================
op type: Sigmoid
in channels: 2048, out channels: 2048

====================================================================================================
op type: Mul
in channels: 2048, out channels: 2048

====================================================================================================
op type: AveragePool
in channels: 2048, out channels: 2048

====================================================================================================
op type: FC
in channels: 2048, out channels: 2048

====================================================================================================
op type: AveragePool
in channels: 2048, out channels: 2048

====================================================================================================
op type: FC
in channels: 2048, out channels: 2048

====================================================================================================
op type: Relu
in channels: 2048, out channels: 2048

====================================================================================================
op type: FC
in channels: 2048, out channels: 2048

====================================================================================================
op type: Sigmoid
in channels: 2048, out channels: 2048

====================================================================================================
op type: Mul
in channels: 2048, out channels: 2048

====================================================================================================
op type: AveragePool
in channels: 2048, out channels: 2048

====================================================================================================
op type: FC
in channels: 2048, out channels: 2048

====================================================================================================
op type: Concat
in channels: 2048, out channels: 2048

====================================================================================================
op type: FC
in channels: 2048, out channels: 2048

====================================================================================================
op type: SoftmaxWithLoss
in channels: 2048, out channels: 2048

====================================================================================================
op type: Split
in channels: 2048, out channels: 2048

====================================================================================================
op type: Sub
in channels: 2048, out channels: 2048

====================================================================================================
op type: Abs
in channels: 2048, out channels: 2048

====================================================================================================
op type: Mul
in channels: 2048, out channels: 2048

====================================================================================================
op type: ReduceBackSum
in channels: 2048, out channels: 2048

====================================================================================================
op type: Sqrt
in channels: 2048, out channels: 2048

====================================================================================================
op type: ReduceBackSum
in channels: 2048, out channels: 2048

====================================================================================================
op type: GivenTensorFill
in channels: 2048, out channels: 2048

====================================================================================================
op type: Div
in channels: 2048, out channels: 2048

====================================================================================================
op type: ConstantFill
in channels: 2048, out channels: 2048

====================================================================================================
op type: Mul
in channels: 2048, out channels: 2048

====================================================================================================
op type: Sum
in channels: 2048, out channels: 2048

====================================================================================================
op type: Accuracy
in channels: 2048, out channels: 2048

====================================================================================================
op type: Accuracy
in channels: 2048, out channels: 2048





new weights_map:

res2_0_branch2a_bn_s : [36]
res2_0_branch2b_bn_rm : [16]
res_conv1_bn_b : [64]
res2_2_branch2a_bn_rm : [56]
res2_2_branch2b_bn_rm : [50]
res4_3_branch2a_bn_b : [118]
res2_1_branch2a_bn_s : [36]
res2_2_branch2a_w : [ 56 256   1   1]
res3_2_branch2c_bn_b : [512]
res5_0_branch2c_bn_s : [2048]
res2_0_branch2a_bn_b : [36]
res_conv1_bn_s : [64]
res5_2_branch2a_bn_rm : [169]
res4_5_branch2b_bn_rm : [171]
res5_0_branch1_bn_riv : [2048]
res2_1_branch2a_bn_b : [36]
res2_1_branch2c_w : [256  64   1   1]
res4_2_branch2c_w : [1024  256    1    1]
res3_1_branch2b_w : [91 65  3  3]
res3_2_branch2c_bn_s : [512]
res3_1_branch2b_bn_riv : [91]
res3_1_branch2a_bn_rm : [65]
res4_4_branch2b_w : [161 122   3   3]
res4_4_branch2c_bn_rm : [1024]
res3_1_branch2b_bn_b : [91]
bi_attention_pred_b : [196]
res3_1_branch2c_bn_b : [512]
res5_2_branch2b_w : [130 169   3   3]
res4_3_branch2a_bn_rm : [118]
res2_1_branch2c_bn_b : [256]
res2_0_branch2b_bn_b : [16]
res4_0_branch2a_bn_s : [217]
res3_2_branch2b_bn_b : [109]
res3_3_branch2a_w : [ 84 512   1   1]
bi_attention_pred_w : [ 196 2048]
res3_1_branch2b_bn_s : [91]
res3_1_branch2c_bn_s : [512]
res4_0_branch2a_bn_rm : [217]
res5_1_branch2c_w : [2048  512    1    1]
res2_1_branch2c_bn_s : [256]
res2_0_branch2b_bn_s : [16]
res3_2_branch2b_bn_s : [109]
res4_0_branch2a_bn_b : [217]
res4_0_branch2c_bn_b : [1024]
res5_2_branch2b_bn_rm : [130]
res2_1_branch2b_bn_riv : [44]
res3_1_branch2b_bn_rm : [91]
res3_3_branch2b_bn_s : [90]
res5_1_branch2c_bn_s : [2048]
res4_2_branch2a_w : [ 126 1024    1    1]
osme_fc1_2_w : [ 128 2048]
conv1_b : [64]
res2_0_branch2c_bn_b : [256]
res4_0_branch2c_bn_s : [1024]
res4_3_branch2b_bn_rm : [166]
res5_0_branch2b_bn_s : [393]
res3_3_branch2b_bn_b : [90]
res4_3_branch2c_bn_riv : [1024]
res5_1_branch2c_bn_b : [2048]
res2_0_branch1_bn_rm : [256]
res4_1_branch2a_bn_riv : [101]
conv1_w : [64  3  7  7]
res3_0_branch2b_bn_b : [105]
res4_3_branch2b_w : [166 118   3   3]
osme_fc2_2_w : [2048  128]
osme_fc2_1_w : [2048  128]
res2_1_branch2b_bn_rm : [44]
res4_1_branch2c_bn_b : [1024]
res3_2_branch2a_w : [ 97 512   1   1]
res4_1_branch2b_bn_b : [153]
res5_0_branch2c_bn_b : [2048]
res4_5_branch2c_w : [1024  256    1    1]
res2_0_branch1_w : [256  64   1   1]
res4_4_branch2b_bn_riv : [161]
res2_1_branch2c_bn_rm : [256]
res3_2_branch2c_w : [512 128   1   1]
res3_0_branch2b_bn_s : [105]
res4_1_branch2c_bn_s : [1024]
res4_1_branch2b_bn_s : [153]
res4_0_branch2c_bn_rm : [1024]
res2_2_branch2a_bn_riv : [56]
res5_0_branch2b_w : [393 257   3   3]
res4_1_branch2c_bn_riv : [1024]
attention_1_b : [1024]
res4_4_branch2a_bn_s : [122]
res4_5_branch2c_bn_rm : [1024]
res4_0_branch2b_bn_rm : [177]
res4_5_branch2a_w : [ 144 1024    1    1]
res2_0_branch1_bn_riv : [256]
res4_2_branch2b_bn_s : [131]
res2_2_branch2a_bn_b : [56]
res_conv1_bn_riv : [64]
res4_4_branch2a_bn_b : [122]
res4_3_branch2a_bn_s : [118]
res4_0_branch2c_bn_riv : [1024]
res4_2_branch2b_bn_b : [131]
res2_2_branch2a_bn_s : [56]
res2_0_branch2a_bn_riv : [36]
res3_0_branch2b_bn_rm : [105]
res4_4_branch2a_bn_riv : [122]
res5_0_branch2a_bn_rm : [257]
res5_2_branch2a_bn_riv : [169]
res5_1_branch2b_bn_riv : [209]
res5_1_branch2c_bn_riv : [2048]
osme_fc2_2_b : [2048]
osme_fc1_2_b : [128]
res4_5_branch2b_bn_riv : [171]
res5_2_branch2c_bn_s : [2048]
res3_2_branch2a_bn_rm : [97]
res5_1_branch2a_bn_rm : [210]
res4_2_branch2c_bn_rm : [1024]
res2_0_branch2c_w : [256  64   1   1]
res5_0_branch2a_bn_b : [257]
res3_2_branch2a_bn_s : [97]
res3_0_branch2c_bn_rm : [512]
res5_2_branch2c_bn_b : [2048]
res4_0_branch2b_w : [177 217   3   3]
res3_3_branch2c_w : [512 128   1   1]
res5_2_branch2a_w : [ 169 2048    1    1]
res5_2_branch2c_bn_rm : [2048]
res3_2_branch2a_bn_b : [97]
res5_0_branch2a_bn_s : [257]
res4_1_branch2b_bn_riv : [153]
res3_0_branch2a_bn_s : [110]
res4_4_branch2b_bn_b : [161]
res4_3_branch2b_bn_riv : [166]
res4_2_branch2c_bn_riv : [1024]
attention_1_w : [1024 2048]
res3_2_branch2b_w : [109  97   3   3]
res4_1_branch2a_bn_s : [101]
osme_fc1_1_w : [ 128 2048]
res4_0_branch2b_bn_b : [177]
res3_0_branch2a_bn_b : [110]
res4_4_branch2b_bn_s : [161]
res2_2_branch2b_bn_riv : [50]
res2_1_branch2a_w : [ 36 256   1   1]
osme_fc1_1_b : [128]
res2_2_branch2c_w : [256  64   1   1]
res4_0_branch1_w : [1024  512    1    1]
res4_0_branch2b_bn_s : [177]
res3_3_branch2a_bn_riv : [84]
res4_2_branch2a_bn_b : [126]
res4_5_branch2a_bn_rm : [144]
res3_2_branch2c_bn_rm : [512]
res5_2_branch2b_bn_s : [130]
res2_0_branch2a_bn_rm : [36]
res5_0_branch2b_bn_riv : [393]
res3_1_branch2a_bn_b : [65]
res3_3_branch2b_bn_rm : [90]
res4_3_branch2c_bn_s : [1024]
res3_0_branch1_w : [512 256   1   1]
res4_2_branch2a_bn_s : [126]
res5_2_branch2b_bn_b : [130]
res3_1_branch2a_bn_s : [65]
res4_3_branch2c_bn_b : [1024]
osme_fc2_1_b : [2048]
res4_5_branch2b_w : [171 144   3   3]
res5_0_branch2b_bn_b : [393]
res5_2_branch2a_bn_b : [169]
res5_0_branch2c_bn_riv : [2048]
res5_1_branch2a_bn_s : [210]
res3_3_branch2a_bn_rm : [84]
res4_0_branch2a_bn_riv : [217]
res3_3_branch2c_bn_riv : [512]
res2_1_branch2a_bn_rm : [36]
res2_0_branch1_bn_s : [256]
res2_2_branch2b_bn_s : [50]
res5_2_branch2a_bn_s : [169]
res_conv1_bn_rm : [64]
res5_1_branch2a_bn_b : [210]
res2_0_branch2c_bn_riv : [256]
res3_2_branch2b_bn_rm : [109]
res2_0_branch1_bn_b : [256]
res2_2_branch2b_bn_b : [50]
res2_2_branch2c_bn_s : [256]
res4_2_branch2b_bn_riv : [131]
res4_1_branch2a_bn_b : [101]
res4_0_branch1_bn_rm : [1024]
res4_0_branch1_bn_s : [1024]
res5_0_branch1_bn_s : [2048]
res4_2_branch2a_bn_rm : [126]
res4_0_branch2c_w : [1024  256    1    1]
res4_1_branch2a_w : [ 101 1024    1    1]
res5_0_branch2c_bn_rm : [2048]
res2_2_branch2c_bn_b : [256]
res2_0_branch2b_w : [16 36  3  3]
res3_0_branch1_bn_rm : [512]
res4_0_branch1_bn_b : [1024]
res4_1_branch2c_bn_rm : [1024]
res5_0_branch1_bn_b : [2048]
res4_0_branch2a_w : [217 512   1   1]
res4_1_branch2c_w : [1024  256    1    1]
res2_1_branch2b_bn_s : [44]
res4_2_branch2b_w : [131 126   3   3]
attention_2_w : [1024 2048]
res3_0_branch1_bn_b : [512]
res3_3_branch2c_bn_b : [512]
res3_0_branch1_bn_riv : [512]
res4_2_branch2a_bn_riv : [126]
res4_1_branch2a_bn_rm : [101]
res5_1_branch2b_w : [209 210   3   3]
res3_0_branch2c_bn_riv : [512]
attention_2_b : [1024]
res4_5_branch2c_bn_riv : [1024]
res4_4_branch2c_bn_riv : [1024]
res3_0_branch1_bn_s : [512]
res3_3_branch2c_bn_rm : [512]
res3_3_branch2c_bn_s : [512]
res3_0_branch2a_bn_riv : [110]
res3_3_branch2b_bn_riv : [90]
res5_1_branch2a_w : [ 210 2048    1    1]
res3_1_branch2a_w : [ 65 512   1   1]
res2_2_branch2b_w : [50 56  3  3]
res3_3_branch2a_bn_b : [84]
res2_1_branch2c_bn_riv : [256]
res4_5_branch2b_bn_b : [171]
res2_1_branch2b_w : [44 36  3  3]
res4_1_branch2b_bn_rm : [153]
res3_1_branch2c_w : [512 128   1   1]
res3_2_branch2a_bn_riv : [97]
res3_3_branch2a_bn_s : [84]
res3_0_branch2b_w : [105 110   3   3]
res4_5_branch2a_bn_riv : [144]
res4_5_branch2b_bn_s : [171]
res2_1_branch2a_bn_riv : [36]
res3_1_branch2c_bn_riv : [512]
res5_1_branch2a_bn_riv : [210]
res3_0_branch2c_bn_b : [512]
res3_0_branch2a_bn_rm : [110]
res4_4_branch2c_bn_b : [1024]
res5_0_branch2a_bn_riv : [257]
res2_2_branch2c_bn_rm : [256]
res5_2_branch2c_bn_riv : [2048]
res3_3_branch2b_w : [90 84  3  3]
res5_2_branch2b_bn_riv : [130]
res4_2_branch2b_bn_rm : [131]
res5_2_branch2c_w : [2048  512    1    1]
res3_0_branch2c_bn_s : [512]
res4_4_branch2c_bn_s : [1024]
res4_4_branch2a_w : [ 122 1024    1    1]
res5_0_branch2b_bn_rm : [393]
res2_0_branch2a_w : [36 64  1  1]
res4_4_branch2b_bn_rm : [161]
res5_1_branch2b_bn_rm : [209]
res4_3_branch2a_bn_riv : [118]
res5_0_branch2c_w : [2048  512    1    1]
res5_1_branch2b_bn_b : [209]
res4_3_branch2a_w : [ 118 1024    1    1]
res3_1_branch2a_bn_riv : [65]
res5_0_branch1_bn_rm : [2048]
res4_3_branch2c_bn_rm : [1024]
res3_2_branch2b_bn_riv : [109]
res2_1_branch2b_bn_b : [44]
res2_0_branch2b_bn_riv : [16]
res4_1_branch2b_w : [153 101   3   3]
res5_1_branch2b_bn_s : [209]
res4_4_branch2c_w : [1024  256    1    1]
res2_0_branch2c_bn_rm : [256]
res5_1_branch2c_bn_rm : [2048]
res4_0_branch2b_bn_riv : [177]
res3_0_branch2c_w : [512 128   1   1]
res2_2_branch2c_bn_riv : [256]
res4_0_branch1_bn_riv : [1024]
res5_0_branch1_w : [2048 1024    1    1]
res3_1_branch2c_bn_rm : [512]
res4_5_branch2c_bn_b : [1024]
res4_3_branch2c_w : [1024  256    1    1]
res4_5_branch2a_bn_s : [144]
res4_3_branch2b_bn_s : [166]
res4_2_branch2c_bn_s : [1024]
res4_4_branch2a_bn_rm : [122]
res3_2_branch2c_bn_riv : [512]
res5_0_branch2a_w : [ 257 1024    1    1]
res4_5_branch2c_bn_s : [1024]
res4_5_branch2a_bn_b : [144]
res4_2_branch2c_bn_b : [1024]
res2_0_branch2c_bn_s : [256]
res4_3_branch2b_bn_b : [166]
res3_0_branch2b_bn_riv : [105]
res3_0_branch2a_w : [110 256   1   1]
++++++++++++++++++++++++++++++++++++++++++++++++++++++++++++++++++++++++++++++++++++++++++++++++++++
computing the params and FLOPs of network
====================================================================================================
feature map shape: (N, 3, 224, 224)

====================================================================================================
feature map shape: (N, 3, 224, 224)

====================================================================================================
feature map shape: (N, 3, 224, 224)

====================================================================================================
conv_params: 9472.0, conv_flops: 118816768.0
feature map shape: (N, 64, 112.0, 112.0)

====================================================================================================
bn_params: 128, bn_flops: 802816.0
feature map shape: (N, 64, 112.0, 112.0)

====================================================================================================
feature map shape: (N, 64, 112.0, 112.0)

====================================================================================================
feature map shape: (N, 64, 56.0, 56.0)

====================================================================================================
conv_params: 16640.0, conv_flops: 52183040.0
feature map shape: (N, 256, 56.0, 56.0)

====================================================================================================
bn_params: 512, bn_flops: 802816.0
feature map shape: (N, 256, 56.0, 56.0)

====================================================================================================
conv_params: 2340.0, conv_flops: 7338240.0
feature map shape: (N, 36, 56.0, 56.0)

====================================================================================================
bn_params: 72, bn_flops: 112896.0
feature map shape: (N, 36, 56.0, 56.0)

====================================================================================================
feature map shape: (N, 36, 56.0, 56.0)

====================================================================================================
conv_params: 5200.0, conv_flops: 16307200.0
feature map shape: (N, 16, 56.0, 56.0)

====================================================================================================
bn_params: 32, bn_flops: 50176.0
feature map shape: (N, 16, 56.0, 56.0)

====================================================================================================
feature map shape: (N, 16, 56.0, 56.0)

====================================================================================================
conv_params: 16640.0, conv_flops: 52183040.0
feature map shape: (N, 256, 56.0, 56.0)

====================================================================================================
bn_params: 512, bn_flops: 802816.0
feature map shape: (N, 256, 56.0, 56.0)

====================================================================================================
feature map shape: (N, 256, 56.0, 56.0)

====================================================================================================
feature map shape: (N, 256, 56.0, 56.0)

====================================================================================================
conv_params: 9252.0, conv_flops: 29014272.0
feature map shape: (N, 36, 56.0, 56.0)

====================================================================================================
bn_params: 72, bn_flops: 112896.0
feature map shape: (N, 36, 56.0, 56.0)

====================================================================================================
feature map shape: (N, 36, 56.0, 56.0)

====================================================================================================
conv_params: 14300.0, conv_flops: 44844800.0
feature map shape: (N, 44, 56.0, 56.0)

====================================================================================================
bn_params: 88, bn_flops: 137984.0
feature map shape: (N, 44, 56.0, 56.0)

====================================================================================================
feature map shape: (N, 44, 56.0, 56.0)

====================================================================================================
conv_params: 16640.0, conv_flops: 52183040.0
feature map shape: (N, 256, 56.0, 56.0)

====================================================================================================
bn_params: 512, bn_flops: 802816.0
feature map shape: (N, 256, 56.0, 56.0)

====================================================================================================
feature map shape: (N, 256, 56.0, 56.0)

====================================================================================================
feature map shape: (N, 256, 56.0, 56.0)

====================================================================================================
conv_params: 14392.0, conv_flops: 45133312.0
feature map shape: (N, 56, 56.0, 56.0)

====================================================================================================
bn_params: 112, bn_flops: 175616.0
feature map shape: (N, 56, 56.0, 56.0)

====================================================================================================
feature map shape: (N, 56, 56.0, 56.0)

====================================================================================================
conv_params: 25250.0, conv_flops: 79184000.0
feature map shape: (N, 50, 56.0, 56.0)

====================================================================================================
bn_params: 100, bn_flops: 156800.0
feature map shape: (N, 50, 56.0, 56.0)

====================================================================================================
feature map shape: (N, 50, 56.0, 56.0)

====================================================================================================
conv_params: 16640.0, conv_flops: 52183040.0
feature map shape: (N, 256, 56.0, 56.0)

====================================================================================================
bn_params: 512, bn_flops: 802816.0
feature map shape: (N, 256, 56.0, 56.0)

====================================================================================================
feature map shape: (N, 256, 56.0, 56.0)

====================================================================================================
feature map shape: (N, 256, 56.0, 56.0)

====================================================================================================
conv_params: 131584.0, conv_flops: 103161856.0
feature map shape: (N, 512, 28.0, 28.0)

====================================================================================================
bn_params: 1024, bn_flops: 401408.0
feature map shape: (N, 512, 28.0, 28.0)

====================================================================================================
conv_params: 28270.0, conv_flops: 22163680.0
feature map shape: (N, 110, 28.0, 28.0)

====================================================================================================
bn_params: 220, bn_flops: 86240.0
feature map shape: (N, 110, 28.0, 28.0)

====================================================================================================
feature map shape: (N, 110, 28.0, 28.0)

====================================================================================================
conv_params: 104055.0, conv_flops: 81579120.0
feature map shape: (N, 105, 28.0, 28.0)

====================================================================================================
bn_params: 210, bn_flops: 82320.0
feature map shape: (N, 105, 28.0, 28.0)

====================================================================================================
feature map shape: (N, 105, 28.0, 28.0)

====================================================================================================
conv_params: 66048.0, conv_flops: 51781632.0
feature map shape: (N, 512, 28.0, 28.0)

====================================================================================================
bn_params: 1024, bn_flops: 401408.0
feature map shape: (N, 512, 28.0, 28.0)

====================================================================================================
feature map shape: (N, 512, 28.0, 28.0)

====================================================================================================
feature map shape: (N, 512, 28.0, 28.0)

====================================================================================================
conv_params: 33345.0, conv_flops: 26142480.0
feature map shape: (N, 65, 28.0, 28.0)

====================================================================================================
bn_params: 130, bn_flops: 50960.0
feature map shape: (N, 65, 28.0, 28.0)

====================================================================================================
feature map shape: (N, 65, 28.0, 28.0)

====================================================================================================
conv_params: 53326.0, conv_flops: 41807584.0
feature map shape: (N, 91, 28.0, 28.0)

====================================================================================================
bn_params: 182, bn_flops: 71344.0
feature map shape: (N, 91, 28.0, 28.0)

====================================================================================================
feature map shape: (N, 91, 28.0, 28.0)

====================================================================================================
conv_params: 66048.0, conv_flops: 51781632.0
feature map shape: (N, 512, 28.0, 28.0)

====================================================================================================
bn_params: 1024, bn_flops: 401408.0
feature map shape: (N, 512, 28.0, 28.0)

====================================================================================================
feature map shape: (N, 512, 28.0, 28.0)

====================================================================================================
feature map shape: (N, 512, 28.0, 28.0)

====================================================================================================
conv_params: 49761.0, conv_flops: 39012624.0
feature map shape: (N, 97, 28.0, 28.0)

====================================================================================================
bn_params: 194, bn_flops: 76048.0
feature map shape: (N, 97, 28.0, 28.0)

====================================================================================================
feature map shape: (N, 97, 28.0, 28.0)

====================================================================================================
conv_params: 95266.0, conv_flops: 74688544.0
feature map shape: (N, 109, 28.0, 28.0)

====================================================================================================
bn_params: 218, bn_flops: 85456.0
feature map shape: (N, 109, 28.0, 28.0)

====================================================================================================
feature map shape: (N, 109, 28.0, 28.0)

====================================================================================================
conv_params: 66048.0, conv_flops: 51781632.0
feature map shape: (N, 512, 28.0, 28.0)

====================================================================================================
bn_params: 1024, bn_flops: 401408.0
feature map shape: (N, 512, 28.0, 28.0)

====================================================================================================
feature map shape: (N, 512, 28.0, 28.0)

====================================================================================================
feature map shape: (N, 512, 28.0, 28.0)

====================================================================================================
conv_params: 43092.0, conv_flops: 33784128.0
feature map shape: (N, 84, 28.0, 28.0)

====================================================================================================
bn_params: 168, bn_flops: 65856.0
feature map shape: (N, 84, 28.0, 28.0)

====================================================================================================
feature map shape: (N, 84, 28.0, 28.0)

====================================================================================================
conv_params: 68130.0, conv_flops: 53413920.0
feature map shape: (N, 90, 28.0, 28.0)

====================================================================================================
bn_params: 180, bn_flops: 70560.0
feature map shape: (N, 90, 28.0, 28.0)

====================================================================================================
feature map shape: (N, 90, 28.0, 28.0)

====================================================================================================
conv_params: 66048.0, conv_flops: 51781632.0
feature map shape: (N, 512, 28.0, 28.0)

====================================================================================================
bn_params: 1024, bn_flops: 401408.0
feature map shape: (N, 512, 28.0, 28.0)

====================================================================================================
feature map shape: (N, 512, 28.0, 28.0)

====================================================================================================
feature map shape: (N, 512, 28.0, 28.0)

====================================================================================================
conv_params: 525312.0, conv_flops: 102961152.0
feature map shape: (N, 1024, 14.0, 14.0)

====================================================================================================
bn_params: 2048, bn_flops: 200704.0
feature map shape: (N, 1024, 14.0, 14.0)

====================================================================================================
conv_params: 111321.0, conv_flops: 21818916.0
feature map shape: (N, 217, 14.0, 14.0)

====================================================================================================
bn_params: 434, bn_flops: 42532.0
feature map shape: (N, 217, 14.0, 14.0)

====================================================================================================
feature map shape: (N, 217, 14.0, 14.0)

====================================================================================================
conv_params: 345858.0, conv_flops: 67788168.0
feature map shape: (N, 177, 14.0, 14.0)

====================================================================================================
bn_params: 354, bn_flops: 34692.0
feature map shape: (N, 177, 14.0, 14.0)

====================================================================================================
feature map shape: (N, 177, 14.0, 14.0)

====================================================================================================
conv_params: 263168.0, conv_flops: 51580928.0
feature map shape: (N, 1024, 14.0, 14.0)

====================================================================================================
bn_params: 2048, bn_flops: 200704.0
feature map shape: (N, 1024, 14.0, 14.0)

====================================================================================================
feature map shape: (N, 1024, 14.0, 14.0)

====================================================================================================
feature map shape: (N, 1024, 14.0, 14.0)

====================================================================================================
conv_params: 103525.0, conv_flops: 20290900.0
feature map shape: (N, 101, 14.0, 14.0)

====================================================================================================
bn_params: 202, bn_flops: 19796.0
feature map shape: (N, 101, 14.0, 14.0)

====================================================================================================
feature map shape: (N, 101, 14.0, 14.0)

====================================================================================================
conv_params: 139230.0, conv_flops: 27289080.0
feature map shape: (N, 153, 14.0, 14.0)

====================================================================================================
bn_params: 306, bn_flops: 29988.0
feature map shape: (N, 153, 14.0, 14.0)

====================================================================================================
feature map shape: (N, 153, 14.0, 14.0)

====================================================================================================
conv_params: 263168.0, conv_flops: 51580928.0
feature map shape: (N, 1024, 14.0, 14.0)

====================================================================================================
bn_params: 2048, bn_flops: 200704.0
feature map shape: (N, 1024, 14.0, 14.0)

====================================================================================================
feature map shape: (N, 1024, 14.0, 14.0)

====================================================================================================
feature map shape: (N, 1024, 14.0, 14.0)

====================================================================================================
conv_params: 129150.0, conv_flops: 25313400.0
feature map shape: (N, 126, 14.0, 14.0)

====================================================================================================
bn_params: 252, bn_flops: 24696.0
feature map shape: (N, 126, 14.0, 14.0)

====================================================================================================
feature map shape: (N, 126, 14.0, 14.0)

====================================================================================================
conv_params: 148685.0, conv_flops: 29142260.0
feature map shape: (N, 131, 14.0, 14.0)

====================================================================================================
bn_params: 262, bn_flops: 25676.0
feature map shape: (N, 131, 14.0, 14.0)

====================================================================================================
feature map shape: (N, 131, 14.0, 14.0)

====================================================================================================
conv_params: 263168.0, conv_flops: 51580928.0
feature map shape: (N, 1024, 14.0, 14.0)

====================================================================================================
bn_params: 2048, bn_flops: 200704.0
feature map shape: (N, 1024, 14.0, 14.0)

====================================================================================================
feature map shape: (N, 1024, 14.0, 14.0)

====================================================================================================
feature map shape: (N, 1024, 14.0, 14.0)

====================================================================================================
conv_params: 120950.0, conv_flops: 23706200.0
feature map shape: (N, 118, 14.0, 14.0)

====================================================================================================
bn_params: 236, bn_flops: 23128.0
feature map shape: (N, 118, 14.0, 14.0)

====================================================================================================
feature map shape: (N, 118, 14.0, 14.0)

====================================================================================================
conv_params: 176458.0, conv_flops: 34585768.0
feature map shape: (N, 166, 14.0, 14.0)

====================================================================================================
bn_params: 332, bn_flops: 32536.0
feature map shape: (N, 166, 14.0, 14.0)

====================================================================================================
feature map shape: (N, 166, 14.0, 14.0)

====================================================================================================
conv_params: 263168.0, conv_flops: 51580928.0
feature map shape: (N, 1024, 14.0, 14.0)

====================================================================================================
bn_params: 2048, bn_flops: 200704.0
feature map shape: (N, 1024, 14.0, 14.0)

====================================================================================================
feature map shape: (N, 1024, 14.0, 14.0)

====================================================================================================
feature map shape: (N, 1024, 14.0, 14.0)

====================================================================================================
conv_params: 125050.0, conv_flops: 24509800.0
feature map shape: (N, 122, 14.0, 14.0)

====================================================================================================
bn_params: 244, bn_flops: 23912.0
feature map shape: (N, 122, 14.0, 14.0)

====================================================================================================
feature map shape: (N, 122, 14.0, 14.0)

====================================================================================================
conv_params: 176939.0, conv_flops: 34680044.0
feature map shape: (N, 161, 14.0, 14.0)

====================================================================================================
bn_params: 322, bn_flops: 31556.0
feature map shape: (N, 161, 14.0, 14.0)

====================================================================================================
feature map shape: (N, 161, 14.0, 14.0)

====================================================================================================
conv_params: 263168.0, conv_flops: 51580928.0
feature map shape: (N, 1024, 14.0, 14.0)

====================================================================================================
bn_params: 2048, bn_flops: 200704.0
feature map shape: (N, 1024, 14.0, 14.0)

====================================================================================================
feature map shape: (N, 1024, 14.0, 14.0)

====================================================================================================
feature map shape: (N, 1024, 14.0, 14.0)

====================================================================================================
conv_params: 147600.0, conv_flops: 28929600.0
feature map shape: (N, 144, 14.0, 14.0)

====================================================================================================
bn_params: 288, bn_flops: 28224.0
feature map shape: (N, 144, 14.0, 14.0)

====================================================================================================
feature map shape: (N, 144, 14.0, 14.0)

====================================================================================================
conv_params: 221787.0, conv_flops: 43470252.0
feature map shape: (N, 171, 14.0, 14.0)

====================================================================================================
bn_params: 342, bn_flops: 33516.0
feature map shape: (N, 171, 14.0, 14.0)

====================================================================================================
feature map shape: (N, 171, 14.0, 14.0)

====================================================================================================
conv_params: 263168.0, conv_flops: 51580928.0
feature map shape: (N, 1024, 14.0, 14.0)

====================================================================================================
bn_params: 2048, bn_flops: 200704.0
feature map shape: (N, 1024, 14.0, 14.0)

====================================================================================================
feature map shape: (N, 1024, 14.0, 14.0)

====================================================================================================
feature map shape: (N, 1024, 14.0, 14.0)

====================================================================================================
conv_params: 2099200.0, conv_flops: 102860800.0
feature map shape: (N, 2048, 7.0, 7.0)

====================================================================================================
bn_params: 4096, bn_flops: 100352.0
feature map shape: (N, 2048, 7.0, 7.0)

====================================================================================================
conv_params: 263425.0, conv_flops: 12907825.0
feature map shape: (N, 257, 7.0, 7.0)

====================================================================================================
bn_params: 514, bn_flops: 12593.0
feature map shape: (N, 257, 7.0, 7.0)

====================================================================================================
feature map shape: (N, 257, 7.0, 7.0)

====================================================================================================
conv_params: 909402.0, conv_flops: 44560698.0
feature map shape: (N, 393, 7.0, 7.0)

====================================================================================================
bn_params: 786, bn_flops: 19257.0
feature map shape: (N, 393, 7.0, 7.0)

====================================================================================================
feature map shape: (N, 393, 7.0, 7.0)

====================================================================================================
conv_params: 1050624.0, conv_flops: 51480576.0
feature map shape: (N, 2048, 7.0, 7.0)

====================================================================================================
bn_params: 4096, bn_flops: 100352.0
feature map shape: (N, 2048, 7.0, 7.0)

====================================================================================================
feature map shape: (N, 2048, 7.0, 7.0)

====================================================================================================
feature map shape: (N, 2048, 7.0, 7.0)

====================================================================================================
conv_params: 430290.0, conv_flops: 21084210.0
feature map shape: (N, 210, 7.0, 7.0)

====================================================================================================
bn_params: 420, bn_flops: 10290.0
feature map shape: (N, 210, 7.0, 7.0)

====================================================================================================
feature map shape: (N, 210, 7.0, 7.0)

====================================================================================================
conv_params: 395219.0, conv_flops: 19365731.0
feature map shape: (N, 209, 7.0, 7.0)

====================================================================================================
bn_params: 418, bn_flops: 10241.0
feature map shape: (N, 209, 7.0, 7.0)

====================================================================================================
feature map shape: (N, 209, 7.0, 7.0)

====================================================================================================
conv_params: 1050624.0, conv_flops: 51480576.0
feature map shape: (N, 2048, 7.0, 7.0)

====================================================================================================
bn_params: 4096, bn_flops: 100352.0
feature map shape: (N, 2048, 7.0, 7.0)

====================================================================================================
feature map shape: (N, 2048, 7.0, 7.0)

====================================================================================================
feature map shape: (N, 2048, 7.0, 7.0)

====================================================================================================
conv_params: 346281.0, conv_flops: 16967769.0
feature map shape: (N, 169, 7.0, 7.0)

====================================================================================================
bn_params: 338, bn_flops: 8281.0
feature map shape: (N, 169, 7.0, 7.0)

====================================================================================================
feature map shape: (N, 169, 7.0, 7.0)

====================================================================================================
conv_params: 197860.0, conv_flops: 9695140.0
feature map shape: (N, 130, 7.0, 7.0)

====================================================================================================
bn_params: 260, bn_flops: 6370.0
feature map shape: (N, 130, 7.0, 7.0)

====================================================================================================
feature map shape: (N, 130, 7.0, 7.0)

====================================================================================================
conv_params: 1050624.0, conv_flops: 51480576.0
feature map shape: (N, 2048, 7.0, 7.0)

====================================================================================================
bn_params: 4096, bn_flops: 100352.0
feature map shape: (N, 2048, 7.0, 7.0)

====================================================================================================
feature map shape: (N, 2048, 7.0, 7.0)

====================================================================================================
feature map shape: (N, 2048, 7.0, 7.0)

====================================================================================================
feature map shape: (N, 2048, 1.0, 1.0)

====================================================================================================
fc_params: 262144, fc_flops: 262144
feature map shape: (N, 128, 1.0, 1.0)

====================================================================================================
feature map shape: (N, 128, 1.0, 1.0)

====================================================================================================
fc_params: 262144, fc_flops: 262144
feature map shape: (N, 2048, 1.0, 1.0)

====================================================================================================
feature map shape: (N, 2048, 1.0, 1.0)

====================================================================================================
feature map shape: (N, 2048, 7.0, 7.0)

====================================================================================================
feature map shape: (N, 2048, 1.0, 1.0)

====================================================================================================
fc_params: 2097152, fc_flops: 2097152
feature map shape: (N, 1024, 1.0, 1.0)

====================================================================================================
feature map shape: (N, 1024, 1.0, 1.0)

====================================================================================================
fc_params: 262144, fc_flops: 262144
feature map shape: (N, 128, 1.0, 1.0)

====================================================================================================
feature map shape: (N, 128, 1.0, 1.0)

====================================================================================================
fc_params: 262144, fc_flops: 262144
feature map shape: (N, 2048, 1.0, 1.0)

====================================================================================================
feature map shape: (N, 2048, 1.0, 1.0)

====================================================================================================
feature map shape: (N, 2048, 7.0, 7.0)

====================================================================================================
feature map shape: (N, 2048, 1.0, 1.0)

====================================================================================================
fc_params: 2097152, fc_flops: 2097152
feature map shape: (N, 1024, 1.0, 1.0)

====================================================================================================
feature map shape: (N, 1024, 1.0, 1.0)

====================================================================================================
fc_params: 401408, fc_flops: 401408
feature map shape: (N, 196, 1.0, 1.0)

====================================================================================================
feature map shape: (N, 196, 1.0, 1.0)

====================================================================================================
feature map shape: (N, 196, 1.0, 1.0)

====================================================================================================
feature map shape: (N, 196, 1.0, 1.0)

====================================================================================================
feature map shape: (N, 196, 1.0, 1.0)

====================================================================================================
feature map shape: (N, 196, 1.0, 1.0)

====================================================================================================
feature map shape: (N, 196, 1.0, 1.0)

====================================================================================================
feature map shape: (N, 196, 1.0, 1.0)

====================================================================================================
feature map shape: (N, 196, 1.0, 1.0)

====================================================================================================
feature map shape: (N, 196, 1.0, 1.0)

====================================================================================================
feature map shape: (N, 196, 1.0, 1.0)

====================================================================================================
feature map shape: (N, 196, 1.0, 1.0)

====================================================================================================
feature map shape: (N, 196, 1.0, 1.0)

====================================================================================================
feature map shape: (N, 196, 1.0, 1.0)

====================================================================================================
feature map shape: (N, 196, 1.0, 1.0)

====================================================================================================
feature map shape: (N, 196, 1.0, 1.0)

params: 18552801.0, FLOPs: 2423330405.0
[INFO] finish running src/param_statistics.py, total_time is 5.896s
