[INFO] start running src/param_statistics.py ...
[INFO] start running initialize ...
[INFO] finish running initialize ...

[INFO] start running build_validation_model ...
[INFO] finish running build_validation_model ...

****************************************************************************************************
net work pruning...
****************************************************************************************************
bn layer name: res2_0_branch1_bn 	 layer total channels: 256 	 remainingchannels: 181.0 	 pruned rate: 29.30%
bn layer name: res2_0_branch2a_bn 	 layer total channels: 64 	 remainingchannels: 34.0 	 pruned rate: 46.88%
bn layer name: res2_0_branch2b_bn 	 layer total channels: 64 	 remainingchannels: 10.0 	 pruned rate: 84.38%
bn layer name: res2_0_branch2c_bn 	 layer total channels: 256 	 remainingchannels: 128.0 	 pruned rate: 50.00%
bn layer name: res2_1_branch2a_bn 	 layer total channels: 64 	 remainingchannels: 35.0 	 pruned rate: 45.31%
bn layer name: res2_1_branch2b_bn 	 layer total channels: 64 	 remainingchannels: 40.0 	 pruned rate: 37.50%
bn layer name: res2_1_branch2c_bn 	 layer total channels: 256 	 remainingchannels: 14.0 	 pruned rate: 94.53%
bn layer name: res2_2_branch2a_bn 	 layer total channels: 64 	 remainingchannels: 49.0 	 pruned rate: 23.44%
bn layer name: res2_2_branch2b_bn 	 layer total channels: 64 	 remainingchannels: 42.0 	 pruned rate: 34.38%
bn layer name: res2_2_branch2c_bn 	 layer total channels: 256 	 remainingchannels: 39.0 	 pruned rate: 84.77%
bn layer name: res3_0_branch1_bn 	 layer total channels: 512 	 remainingchannels: 131.0 	 pruned rate: 74.41%
bn layer name: res3_0_branch2a_bn 	 layer total channels: 128 	 remainingchannels: 100.0 	 pruned rate: 21.88%
bn layer name: res3_0_branch2b_bn 	 layer total channels: 128 	 remainingchannels: 92.0 	 pruned rate: 28.12%
bn layer name: res3_0_branch2c_bn 	 layer total channels: 512 	 remainingchannels: 101.0 	 pruned rate: 80.27%
bn layer name: res3_1_branch2a_bn 	 layer total channels: 128 	 remainingchannels: 39.0 	 pruned rate: 69.53%
bn layer name: res3_1_branch2b_bn 	 layer total channels: 128 	 remainingchannels: 79.0 	 pruned rate: 38.28%
bn layer name: res3_1_branch2c_bn 	 layer total channels: 512 	 remainingchannels: 42.0 	 pruned rate: 91.80%
bn layer name: res3_2_branch2a_bn 	 layer total channels: 128 	 remainingchannels: 77.0 	 pruned rate: 39.84%
bn layer name: res3_2_branch2b_bn 	 layer total channels: 128 	 remainingchannels: 106.0 	 pruned rate: 17.19%
bn layer name: res3_2_branch2c_bn 	 layer total channels: 512 	 remainingchannels: 45.0 	 pruned rate: 91.21%
bn layer name: res3_3_branch2a_bn 	 layer total channels: 128 	 remainingchannels: 58.0 	 pruned rate: 54.69%
bn layer name: res3_3_branch2b_bn 	 layer total channels: 128 	 remainingchannels: 80.0 	 pruned rate: 37.50%
bn layer name: res3_3_branch2c_bn 	 layer total channels: 512 	 remainingchannels: 15.0 	 pruned rate: 97.07%
bn layer name: res4_0_branch1_bn 	 layer total channels: 1024 	 remainingchannels: 100.0 	 pruned rate: 90.23%
bn layer name: res4_0_branch2a_bn 	 layer total channels: 256 	 remainingchannels: 169.0 	 pruned rate: 33.98%
bn layer name: res4_0_branch2b_bn 	 layer total channels: 256 	 remainingchannels: 120.0 	 pruned rate: 53.12%
bn layer name: res4_0_branch2c_bn 	 layer total channels: 1024 	 remainingchannels: 184.0 	 pruned rate: 82.03%
bn layer name: res4_1_branch2a_bn 	 layer total channels: 256 	 remainingchannels: 68.0 	 pruned rate: 73.44%
bn layer name: res4_1_branch2b_bn 	 layer total channels: 256 	 remainingchannels: 93.0 	 pruned rate: 63.67%
bn layer name: res4_1_branch2c_bn 	 layer total channels: 1024 	 remainingchannels: 41.0 	 pruned rate: 96.00%
bn layer name: res4_2_branch2a_bn 	 layer total channels: 256 	 remainingchannels: 60.0 	 pruned rate: 76.56%
bn layer name: res4_2_branch2b_bn 	 layer total channels: 256 	 remainingchannels: 83.0 	 pruned rate: 67.58%
bn layer name: res4_2_branch2c_bn 	 layer total channels: 1024 	 remainingchannels: 18.0 	 pruned rate: 98.24%
bn layer name: res4_3_branch2a_bn 	 layer total channels: 256 	 remainingchannels: 56.0 	 pruned rate: 78.12%
bn layer name: res4_3_branch2b_bn 	 layer total channels: 256 	 remainingchannels: 129.0 	 pruned rate: 49.61%
bn layer name: res4_3_branch2c_bn 	 layer total channels: 1024 	 remainingchannels: 50.0 	 pruned rate: 95.12%
bn layer name: res4_4_branch2a_bn 	 layer total channels: 256 	 remainingchannels: 40.0 	 pruned rate: 84.38%
bn layer name: res4_4_branch2b_bn 	 layer total channels: 256 	 remainingchannels: 87.0 	 pruned rate: 66.02%
bn layer name: res4_4_branch2c_bn 	 layer total channels: 1024 	 remainingchannels: 9.0 	 pruned rate: 99.12%
bn layer name: res4_5_branch2a_bn 	 layer total channels: 256 	 remainingchannels: 54.0 	 pruned rate: 78.91%
bn layer name: res4_5_branch2b_bn 	 layer total channels: 256 	 remainingchannels: 95.0 	 pruned rate: 62.89%
bn layer name: res4_5_branch2c_bn 	 layer total channels: 1024 	 remainingchannels: 8.0 	 pruned rate: 99.22%
bn layer name: res5_0_branch1_bn 	 layer total channels: 2048 	 remainingchannels: 2048.0 	 pruned rate: 0.00%
bn layer name: res5_0_branch2a_bn 	 layer total channels: 512 	 remainingchannels: 84.0 	 pruned rate: 83.59%
bn layer name: res5_0_branch2b_bn 	 layer total channels: 512 	 remainingchannels: 185.0 	 pruned rate: 63.87%
bn layer name: res5_0_branch2c_bn 	 layer total channels: 2048 	 remainingchannels: 2022.0 	 pruned rate: 1.27%
bn layer name: res5_1_branch2a_bn 	 layer total channels: 512 	 remainingchannels: 74.0 	 pruned rate: 85.55%
bn layer name: res5_1_branch2b_bn 	 layer total channels: 512 	 remainingchannels: 54.0 	 pruned rate: 89.45%
bn layer name: res5_1_branch2c_bn 	 layer total channels: 2048 	 remainingchannels: 1410.0 	 pruned rate: 31.15%
bn layer name: res5_2_branch2a_bn 	 layer total channels: 512 	 remainingchannels: 27.0 	 pruned rate: 94.73%
bn layer name: res5_2_branch2b_bn 	 layer total channels: 512 	 remainingchannels: 27.0 	 pruned rate: 94.73%
bn layer name: res5_2_branch2c_bn 	 layer total channels: 2048 	 remainingchannels: 1657.0 	 pruned rate: 19.09%
bn layer name: res_conv1_bn 	 layer total channels: 64 	 remainingchannels: 34.0 	 pruned rate: 46.88%
total pruned rate: 0.600037650602
====================================================================================================
op type: ImageInput
in channels: 3, out channels: 3

====================================================================================================
op type: StopGradient
in channels: 3, out channels: 3

====================================================================================================
op type: StopGradient
in channels: 3, out channels: 3

====================================================================================================
op type: Conv
in channels: 3, out channels: 64

====================================================================================================
op type: SpatialBN
in channels: 3, out channels: 64

====================================================================================================
op type: Relu
in channels: 3, out channels: 64

====================================================================================================
op type: MaxPool
in channels: 64, out channels: 64

====================================================================================================
op type: Conv
in channels: 64, out channels: 256

====================================================================================================
op type: SpatialBN
in channels: 64, out channels: 256

====================================================================================================
op type: Conv
in channels: 64, out channels: 64

====================================================================================================
op type: SpatialBN
in channels: 64, out channels: 34.0

====================================================================================================
op type: Relu
in channels: 34.0, out channels: 34.0

====================================================================================================
C_in: 34.0, old_in: 64
op type: Conv
in channels: 34.0, out channels: 64

====================================================================================================
op type: SpatialBN
in channels: 64, out channels: 10.0

====================================================================================================
op type: Relu
in channels: 10.0, out channels: 10.0

====================================================================================================
op type: Conv
in channels: 10.0, out channels: 256

====================================================================================================
op type: SpatialBN
in channels: 10.0, out channels: 256

====================================================================================================
op type: Sum
in channels: 10.0, out channels: 256

====================================================================================================
op type: Relu
in channels: 256, out channels: 256

====================================================================================================
op type: Conv
in channels: 256, out channels: 64

====================================================================================================
op type: SpatialBN
in channels: 64, out channels: 35.0

====================================================================================================
op type: Relu
in channels: 35.0, out channels: 35.0

====================================================================================================
C_in: 35.0, old_in: 64
op type: Conv
in channels: 35.0, out channels: 64

====================================================================================================
op type: SpatialBN
in channels: 64, out channels: 40.0

====================================================================================================
op type: Relu
in channels: 40.0, out channels: 40.0

====================================================================================================
op type: Conv
in channels: 40.0, out channels: 256

====================================================================================================
op type: SpatialBN
in channels: 40.0, out channels: 256

====================================================================================================
op type: Sum
in channels: 40.0, out channels: 256

====================================================================================================
op type: Relu
in channels: 256, out channels: 256

====================================================================================================
op type: Conv
in channels: 256, out channels: 64

====================================================================================================
op type: SpatialBN
in channels: 64, out channels: 49.0

====================================================================================================
op type: Relu
in channels: 49.0, out channels: 49.0

====================================================================================================
C_in: 49.0, old_in: 64
op type: Conv
in channels: 49.0, out channels: 64

====================================================================================================
op type: SpatialBN
in channels: 64, out channels: 42.0

====================================================================================================
op type: Relu
in channels: 42.0, out channels: 42.0

====================================================================================================
op type: Conv
in channels: 42.0, out channels: 256

====================================================================================================
op type: SpatialBN
in channels: 42.0, out channels: 256

====================================================================================================
op type: Sum
in channels: 42.0, out channels: 256

====================================================================================================
op type: Relu
in channels: 256, out channels: 256

====================================================================================================
op type: Conv
in channels: 256, out channels: 512

====================================================================================================
op type: SpatialBN
in channels: 256, out channels: 512

====================================================================================================
op type: Conv
in channels: 256, out channels: 128

====================================================================================================
op type: SpatialBN
in channels: 128, out channels: 100.0

====================================================================================================
op type: Relu
in channels: 100.0, out channels: 100.0

====================================================================================================
C_in: 100.0, old_in: 128
op type: Conv
in channels: 100.0, out channels: 128

====================================================================================================
op type: SpatialBN
in channels: 128, out channels: 92.0

====================================================================================================
op type: Relu
in channels: 92.0, out channels: 92.0

====================================================================================================
op type: Conv
in channels: 92.0, out channels: 512

====================================================================================================
op type: SpatialBN
in channels: 92.0, out channels: 512

====================================================================================================
op type: Sum
in channels: 92.0, out channels: 512

====================================================================================================
op type: Relu
in channels: 512, out channels: 512

====================================================================================================
op type: Conv
in channels: 512, out channels: 128

====================================================================================================
op type: SpatialBN
in channels: 128, out channels: 39.0

====================================================================================================
op type: Relu
in channels: 39.0, out channels: 39.0

====================================================================================================
C_in: 39.0, old_in: 128
op type: Conv
in channels: 39.0, out channels: 128

====================================================================================================
op type: SpatialBN
in channels: 128, out channels: 79.0

====================================================================================================
op type: Relu
in channels: 79.0, out channels: 79.0

====================================================================================================
op type: Conv
in channels: 79.0, out channels: 512

====================================================================================================
op type: SpatialBN
in channels: 79.0, out channels: 512

====================================================================================================
op type: Sum
in channels: 79.0, out channels: 512

====================================================================================================
op type: Relu
in channels: 512, out channels: 512

====================================================================================================
op type: Conv
in channels: 512, out channels: 128

====================================================================================================
op type: SpatialBN
in channels: 128, out channels: 77.0

====================================================================================================
op type: Relu
in channels: 77.0, out channels: 77.0

====================================================================================================
C_in: 77.0, old_in: 128
op type: Conv
in channels: 77.0, out channels: 128

====================================================================================================
op type: SpatialBN
in channels: 128, out channels: 106.0

====================================================================================================
op type: Relu
in channels: 106.0, out channels: 106.0

====================================================================================================
op type: Conv
in channels: 106.0, out channels: 512

====================================================================================================
op type: SpatialBN
in channels: 106.0, out channels: 512

====================================================================================================
op type: Sum
in channels: 106.0, out channels: 512

====================================================================================================
op type: Relu
in channels: 512, out channels: 512

====================================================================================================
op type: Conv
in channels: 512, out channels: 128

====================================================================================================
op type: SpatialBN
in channels: 128, out channels: 58.0

====================================================================================================
op type: Relu
in channels: 58.0, out channels: 58.0

====================================================================================================
C_in: 58.0, old_in: 128
op type: Conv
in channels: 58.0, out channels: 128

====================================================================================================
op type: SpatialBN
in channels: 128, out channels: 80.0

====================================================================================================
op type: Relu
in channels: 80.0, out channels: 80.0

====================================================================================================
op type: Conv
in channels: 80.0, out channels: 512

====================================================================================================
op type: SpatialBN
in channels: 80.0, out channels: 512

====================================================================================================
op type: Sum
in channels: 80.0, out channels: 512

====================================================================================================
op type: Relu
in channels: 512, out channels: 512

====================================================================================================
op type: Conv
in channels: 512, out channels: 1024

====================================================================================================
op type: SpatialBN
in channels: 512, out channels: 1024

====================================================================================================
op type: Conv
in channels: 512, out channels: 256

====================================================================================================
op type: SpatialBN
in channels: 256, out channels: 169.0

====================================================================================================
op type: Relu
in channels: 169.0, out channels: 169.0

====================================================================================================
C_in: 169.0, old_in: 256
op type: Conv
in channels: 169.0, out channels: 256

====================================================================================================
op type: SpatialBN
in channels: 256, out channels: 120.0

====================================================================================================
op type: Relu
in channels: 120.0, out channels: 120.0

====================================================================================================
op type: Conv
in channels: 120.0, out channels: 1024

====================================================================================================
op type: SpatialBN
in channels: 120.0, out channels: 1024

====================================================================================================
op type: Sum
in channels: 120.0, out channels: 1024

====================================================================================================
op type: Relu
in channels: 1024, out channels: 1024

====================================================================================================
op type: Conv
in channels: 1024, out channels: 256

====================================================================================================
op type: SpatialBN
in channels: 256, out channels: 68.0

====================================================================================================
op type: Relu
in channels: 68.0, out channels: 68.0

====================================================================================================
C_in: 68.0, old_in: 256
op type: Conv
in channels: 68.0, out channels: 256

====================================================================================================
op type: SpatialBN
in channels: 256, out channels: 93.0

====================================================================================================
op type: Relu
in channels: 93.0, out channels: 93.0

====================================================================================================
op type: Conv
in channels: 93.0, out channels: 1024

====================================================================================================
op type: SpatialBN
in channels: 93.0, out channels: 1024

====================================================================================================
op type: Sum
in channels: 93.0, out channels: 1024

====================================================================================================
op type: Relu
in channels: 1024, out channels: 1024

====================================================================================================
op type: Conv
in channels: 1024, out channels: 256

====================================================================================================
op type: SpatialBN
in channels: 256, out channels: 60.0

====================================================================================================
op type: Relu
in channels: 60.0, out channels: 60.0

====================================================================================================
C_in: 60.0, old_in: 256
op type: Conv
in channels: 60.0, out channels: 256

====================================================================================================
op type: SpatialBN
in channels: 256, out channels: 83.0

====================================================================================================
op type: Relu
in channels: 83.0, out channels: 83.0

====================================================================================================
op type: Conv
in channels: 83.0, out channels: 1024

====================================================================================================
op type: SpatialBN
in channels: 83.0, out channels: 1024

====================================================================================================
op type: Sum
in channels: 83.0, out channels: 1024

====================================================================================================
op type: Relu
in channels: 1024, out channels: 1024

====================================================================================================
op type: Conv
in channels: 1024, out channels: 256

====================================================================================================
op type: SpatialBN
in channels: 256, out channels: 56.0

====================================================================================================
op type: Relu
in channels: 56.0, out channels: 56.0

====================================================================================================
C_in: 56.0, old_in: 256
op type: Conv
in channels: 56.0, out channels: 256

====================================================================================================
op type: SpatialBN
in channels: 256, out channels: 129.0

====================================================================================================
op type: Relu
in channels: 129.0, out channels: 129.0

====================================================================================================
op type: Conv
in channels: 129.0, out channels: 1024

====================================================================================================
op type: SpatialBN
in channels: 129.0, out channels: 1024

====================================================================================================
op type: Sum
in channels: 129.0, out channels: 1024

====================================================================================================
op type: Relu
in channels: 1024, out channels: 1024

====================================================================================================
op type: Conv
in channels: 1024, out channels: 256

====================================================================================================
op type: SpatialBN
in channels: 256, out channels: 40.0

====================================================================================================
op type: Relu
in channels: 40.0, out channels: 40.0

====================================================================================================
C_in: 40.0, old_in: 256
op type: Conv
in channels: 40.0, out channels: 256

====================================================================================================
op type: SpatialBN
in channels: 256, out channels: 87.0

====================================================================================================
op type: Relu
in channels: 87.0, out channels: 87.0

====================================================================================================
op type: Conv
in channels: 87.0, out channels: 1024

====================================================================================================
op type: SpatialBN
in channels: 87.0, out channels: 1024

====================================================================================================
op type: Sum
in channels: 87.0, out channels: 1024

====================================================================================================
op type: Relu
in channels: 1024, out channels: 1024

====================================================================================================
op type: Conv
in channels: 1024, out channels: 256

====================================================================================================
op type: SpatialBN
in channels: 256, out channels: 54.0

====================================================================================================
op type: Relu
in channels: 54.0, out channels: 54.0

====================================================================================================
C_in: 54.0, old_in: 256
op type: Conv
in channels: 54.0, out channels: 256

====================================================================================================
op type: SpatialBN
in channels: 256, out channels: 95.0

====================================================================================================
op type: Relu
in channels: 95.0, out channels: 95.0

====================================================================================================
op type: Conv
in channels: 95.0, out channels: 1024

====================================================================================================
op type: SpatialBN
in channels: 95.0, out channels: 1024

====================================================================================================
op type: Sum
in channels: 95.0, out channels: 1024

====================================================================================================
op type: Relu
in channels: 1024, out channels: 1024

====================================================================================================
op type: Conv
in channels: 1024, out channels: 2048

====================================================================================================
op type: SpatialBN
in channels: 1024, out channels: 2048

====================================================================================================
op type: Conv
in channels: 1024, out channels: 512

====================================================================================================
op type: SpatialBN
in channels: 512, out channels: 84.0

====================================================================================================
op type: Relu
in channels: 84.0, out channels: 84.0

====================================================================================================
C_in: 84.0, old_in: 512
op type: Conv
in channels: 84.0, out channels: 512

====================================================================================================
op type: SpatialBN
in channels: 512, out channels: 185.0

====================================================================================================
op type: Relu
in channels: 185.0, out channels: 185.0

====================================================================================================
op type: Conv
in channels: 185.0, out channels: 2048

====================================================================================================
op type: SpatialBN
in channels: 185.0, out channels: 2048

====================================================================================================
op type: Sum
in channels: 185.0, out channels: 2048

====================================================================================================
op type: Relu
in channels: 2048, out channels: 2048

====================================================================================================
op type: Conv
in channels: 2048, out channels: 512

====================================================================================================
op type: SpatialBN
in channels: 512, out channels: 74.0

====================================================================================================
op type: Relu
in channels: 74.0, out channels: 74.0

====================================================================================================
C_in: 74.0, old_in: 512
op type: Conv
in channels: 74.0, out channels: 512

====================================================================================================
op type: SpatialBN
in channels: 512, out channels: 54.0

====================================================================================================
op type: Relu
in channels: 54.0, out channels: 54.0

====================================================================================================
op type: Conv
in channels: 54.0, out channels: 2048

====================================================================================================
op type: SpatialBN
in channels: 54.0, out channels: 2048

====================================================================================================
op type: Sum
in channels: 54.0, out channels: 2048

====================================================================================================
op type: Relu
in channels: 2048, out channels: 2048

====================================================================================================
op type: Conv
in channels: 2048, out channels: 512

====================================================================================================
op type: SpatialBN
in channels: 512, out channels: 27.0

====================================================================================================
op type: Relu
in channels: 27.0, out channels: 27.0

====================================================================================================
C_in: 27.0, old_in: 512
op type: Conv
in channels: 27.0, out channels: 512

====================================================================================================
op type: SpatialBN
in channels: 512, out channels: 27.0

====================================================================================================
op type: Relu
in channels: 27.0, out channels: 27.0

====================================================================================================
op type: Conv
in channels: 27.0, out channels: 2048

====================================================================================================
op type: SpatialBN
in channels: 27.0, out channels: 2048

====================================================================================================
op type: Sum
in channels: 27.0, out channels: 2048

====================================================================================================
op type: Relu
in channels: 2048, out channels: 2048

====================================================================================================
op type: AveragePool
in channels: 2048, out channels: 2048

====================================================================================================
op type: FC
in channels: 2048, out channels: 2048

====================================================================================================
op type: Relu
in channels: 2048, out channels: 2048

====================================================================================================
op type: FC
in channels: 2048, out channels: 2048

====================================================================================================
op type: Sigmoid
in channels: 2048, out channels: 2048

====================================================================================================
op type: Mul
in channels: 2048, out channels: 2048

====================================================================================================
op type: AveragePool
in channels: 2048, out channels: 2048

====================================================================================================
op type: FC
in channels: 2048, out channels: 2048

====================================================================================================
op type: AveragePool
in channels: 2048, out channels: 2048

====================================================================================================
op type: FC
in channels: 2048, out channels: 2048

====================================================================================================
op type: Relu
in channels: 2048, out channels: 2048

====================================================================================================
op type: FC
in channels: 2048, out channels: 2048

====================================================================================================
op type: Sigmoid
in channels: 2048, out channels: 2048

====================================================================================================
op type: Mul
in channels: 2048, out channels: 2048

====================================================================================================
op type: AveragePool
in channels: 2048, out channels: 2048

====================================================================================================
op type: FC
in channels: 2048, out channels: 2048

====================================================================================================
op type: Concat
in channels: 2048, out channels: 2048

====================================================================================================
op type: FC
in channels: 2048, out channels: 2048

====================================================================================================
op type: SoftmaxWithLoss
in channels: 2048, out channels: 2048

====================================================================================================
op type: Split
in channels: 2048, out channels: 2048

====================================================================================================
op type: Sub
in channels: 2048, out channels: 2048

====================================================================================================
op type: Abs
in channels: 2048, out channels: 2048

====================================================================================================
op type: Mul
in channels: 2048, out channels: 2048

====================================================================================================
op type: ReduceBackSum
in channels: 2048, out channels: 2048

====================================================================================================
op type: Sqrt
in channels: 2048, out channels: 2048

====================================================================================================
op type: ReduceBackSum
in channels: 2048, out channels: 2048

====================================================================================================
op type: GivenTensorFill
in channels: 2048, out channels: 2048

====================================================================================================
op type: Div
in channels: 2048, out channels: 2048

====================================================================================================
op type: ConstantFill
in channels: 2048, out channels: 2048

====================================================================================================
op type: Mul
in channels: 2048, out channels: 2048

====================================================================================================
op type: Sum
in channels: 2048, out channels: 2048

====================================================================================================
op type: Accuracy
in channels: 2048, out channels: 2048

====================================================================================================
op type: Accuracy
in channels: 2048, out channels: 2048





new weights_map:

res2_0_branch2a_bn_s : [34]
res2_0_branch2b_bn_rm : [10]
res_conv1_bn_b : [64]
res2_2_branch2a_bn_rm : [49]
res2_2_branch2b_bn_rm : [42]
res4_3_branch2a_bn_b : [56]
res2_1_branch2a_bn_s : [35]
res2_2_branch2a_w : [ 49 256   1   1]
res3_2_branch2c_bn_b : [512]
res5_0_branch2c_bn_s : [2048]
res2_0_branch2a_bn_b : [34]
res_conv1_bn_s : [64]
res5_2_branch2a_bn_rm : [27]
res4_5_branch2b_bn_rm : [95]
res5_0_branch1_bn_riv : [2048]
res2_1_branch2a_bn_b : [35]
res2_1_branch2c_w : [256  64   1   1]
res4_2_branch2c_w : [1024  256    1    1]
res3_1_branch2b_w : [79 39  3  3]
res3_2_branch2c_bn_s : [512]
res3_1_branch2b_bn_riv : [79]
res3_1_branch2a_bn_rm : [39]
res4_4_branch2b_w : [87 40  3  3]
res4_4_branch2c_bn_rm : [1024]
res3_1_branch2b_bn_b : [79]
bi_attention_pred_b : [196]
res3_1_branch2c_bn_b : [512]
res5_2_branch2b_w : [27 27  3  3]
res4_3_branch2a_bn_rm : [56]
res2_1_branch2c_bn_b : [256]
res2_0_branch2b_bn_b : [10]
res4_0_branch2a_bn_s : [169]
res3_2_branch2b_bn_b : [106]
res3_3_branch2a_w : [ 58 512   1   1]
bi_attention_pred_w : [ 196 2048]
res3_1_branch2b_bn_s : [79]
res3_1_branch2c_bn_s : [512]
res4_0_branch2a_bn_rm : [169]
res5_1_branch2c_w : [2048  512    1    1]
res2_1_branch2c_bn_s : [256]
res2_0_branch2b_bn_s : [10]
res3_2_branch2b_bn_s : [106]
res4_0_branch2a_bn_b : [169]
res4_0_branch2c_bn_b : [1024]
res5_2_branch2b_bn_rm : [27]
res2_1_branch2b_bn_riv : [40]
res3_1_branch2b_bn_rm : [79]
res3_3_branch2b_bn_s : [80]
res5_1_branch2c_bn_s : [2048]
res4_2_branch2a_w : [  60 1024    1    1]
osme_fc1_2_w : [ 128 2048]
conv1_b : [64]
res2_0_branch2c_bn_b : [256]
res4_0_branch2c_bn_s : [1024]
res4_3_branch2b_bn_rm : [129]
res5_0_branch2b_bn_s : [185]
res3_3_branch2b_bn_b : [80]
res4_3_branch2c_bn_riv : [1024]
res5_1_branch2c_bn_b : [2048]
res2_0_branch1_bn_rm : [256]
res4_1_branch2a_bn_riv : [68]
conv1_w : [64  3  7  7]
res3_0_branch2b_bn_b : [92]
res4_3_branch2b_w : [129  56   3   3]
osme_fc2_2_w : [2048  128]
osme_fc2_1_w : [2048  128]
res2_1_branch2b_bn_rm : [40]
res4_1_branch2c_bn_b : [1024]
res3_2_branch2a_w : [ 77 512   1   1]
res4_1_branch2b_bn_b : [93]
res5_0_branch2c_bn_b : [2048]
res4_5_branch2c_w : [1024  256    1    1]
res2_0_branch1_w : [256  64   1   1]
res4_4_branch2b_bn_riv : [87]
res2_1_branch2c_bn_rm : [256]
res3_2_branch2c_w : [512 128   1   1]
res3_0_branch2b_bn_s : [92]
res4_1_branch2c_bn_s : [1024]
res4_1_branch2b_bn_s : [93]
res4_0_branch2c_bn_rm : [1024]
res2_2_branch2a_bn_riv : [49]
res5_0_branch2b_w : [185  84   3   3]
res4_1_branch2c_bn_riv : [1024]
attention_1_b : [1024]
res4_4_branch2a_bn_s : [40]
res4_5_branch2c_bn_rm : [1024]
res4_0_branch2b_bn_rm : [120]
res4_5_branch2a_w : [  54 1024    1    1]
res2_0_branch1_bn_riv : [256]
res4_2_branch2b_bn_s : [83]
res2_2_branch2a_bn_b : [49]
res_conv1_bn_riv : [64]
res4_4_branch2a_bn_b : [40]
res4_3_branch2a_bn_s : [56]
res4_0_branch2c_bn_riv : [1024]
res4_2_branch2b_bn_b : [83]
res2_2_branch2a_bn_s : [49]
res2_0_branch2a_bn_riv : [34]
res3_0_branch2b_bn_rm : [92]
res4_4_branch2a_bn_riv : [40]
res5_0_branch2a_bn_rm : [84]
res5_2_branch2a_bn_riv : [27]
res5_1_branch2b_bn_riv : [54]
res5_1_branch2c_bn_riv : [2048]
osme_fc2_2_b : [2048]
osme_fc1_2_b : [128]
res4_5_branch2b_bn_riv : [95]
res5_2_branch2c_bn_s : [2048]
res3_2_branch2a_bn_rm : [77]
res5_1_branch2a_bn_rm : [74]
res4_2_branch2c_bn_rm : [1024]
res2_0_branch2c_w : [256  64   1   1]
res5_0_branch2a_bn_b : [84]
res3_2_branch2a_bn_s : [77]
res3_0_branch2c_bn_rm : [512]
res5_2_branch2c_bn_b : [2048]
res4_0_branch2b_w : [120 169   3   3]
res3_3_branch2c_w : [512 128   1   1]
res5_2_branch2a_w : [  27 2048    1    1]
res5_2_branch2c_bn_rm : [2048]
res3_2_branch2a_bn_b : [77]
res5_0_branch2a_bn_s : [84]
res4_1_branch2b_bn_riv : [93]
res3_0_branch2a_bn_s : [100]
res4_4_branch2b_bn_b : [87]
res4_3_branch2b_bn_riv : [129]
res4_2_branch2c_bn_riv : [1024]
attention_1_w : [1024 2048]
res3_2_branch2b_w : [106  77   3   3]
res4_1_branch2a_bn_s : [68]
osme_fc1_1_w : [ 128 2048]
res4_0_branch2b_bn_b : [120]
res3_0_branch2a_bn_b : [100]
res4_4_branch2b_bn_s : [87]
res2_2_branch2b_bn_riv : [42]
res2_1_branch2a_w : [ 35 256   1   1]
osme_fc1_1_b : [128]
res2_2_branch2c_w : [256  64   1   1]
res4_0_branch1_w : [1024  512    1    1]
res4_0_branch2b_bn_s : [120]
res3_3_branch2a_bn_riv : [58]
res4_2_branch2a_bn_b : [60]
res4_5_branch2a_bn_rm : [54]
res3_2_branch2c_bn_rm : [512]
res5_2_branch2b_bn_s : [27]
res2_0_branch2a_bn_rm : [34]
res5_0_branch2b_bn_riv : [185]
res3_1_branch2a_bn_b : [39]
res3_3_branch2b_bn_rm : [80]
res4_3_branch2c_bn_s : [1024]
res3_0_branch1_w : [512 256   1   1]
res4_2_branch2a_bn_s : [60]
res5_2_branch2b_bn_b : [27]
res3_1_branch2a_bn_s : [39]
res4_3_branch2c_bn_b : [1024]
osme_fc2_1_b : [2048]
res4_5_branch2b_w : [95 54  3  3]
res5_0_branch2b_bn_b : [185]
res5_2_branch2a_bn_b : [27]
res5_0_branch2c_bn_riv : [2048]
res5_1_branch2a_bn_s : [74]
res3_3_branch2a_bn_rm : [58]
res4_0_branch2a_bn_riv : [169]
res3_3_branch2c_bn_riv : [512]
res2_1_branch2a_bn_rm : [35]
res2_0_branch1_bn_s : [256]
res2_2_branch2b_bn_s : [42]
res5_2_branch2a_bn_s : [27]
res_conv1_bn_rm : [64]
res5_1_branch2a_bn_b : [74]
res2_0_branch2c_bn_riv : [256]
res3_2_branch2b_bn_rm : [106]
res2_0_branch1_bn_b : [256]
res2_2_branch2b_bn_b : [42]
res2_2_branch2c_bn_s : [256]
res4_2_branch2b_bn_riv : [83]
res4_1_branch2a_bn_b : [68]
res4_0_branch1_bn_rm : [1024]
res4_0_branch1_bn_s : [1024]
res5_0_branch1_bn_s : [2048]
res4_2_branch2a_bn_rm : [60]
res4_0_branch2c_w : [1024  256    1    1]
res4_1_branch2a_w : [  68 1024    1    1]
res5_0_branch2c_bn_rm : [2048]
res2_2_branch2c_bn_b : [256]
res2_0_branch2b_w : [10 34  3  3]
res3_0_branch1_bn_rm : [512]
res4_0_branch1_bn_b : [1024]
res4_1_branch2c_bn_rm : [1024]
res5_0_branch1_bn_b : [2048]
res4_0_branch2a_w : [169 512   1   1]
res4_1_branch2c_w : [1024  256    1    1]
res2_1_branch2b_bn_s : [40]
res4_2_branch2b_w : [83 60  3  3]
attention_2_w : [1024 2048]
res3_0_branch1_bn_b : [512]
res3_3_branch2c_bn_b : [512]
res3_0_branch1_bn_riv : [512]
res4_2_branch2a_bn_riv : [60]
res4_1_branch2a_bn_rm : [68]
res5_1_branch2b_w : [54 74  3  3]
res3_0_branch2c_bn_riv : [512]
attention_2_b : [1024]
res4_5_branch2c_bn_riv : [1024]
res4_4_branch2c_bn_riv : [1024]
res3_0_branch1_bn_s : [512]
res3_3_branch2c_bn_rm : [512]
res3_3_branch2c_bn_s : [512]
res3_0_branch2a_bn_riv : [100]
res3_3_branch2b_bn_riv : [80]
res5_1_branch2a_w : [  74 2048    1    1]
res3_1_branch2a_w : [ 39 512   1   1]
res2_2_branch2b_w : [42 49  3  3]
res3_3_branch2a_bn_b : [58]
res2_1_branch2c_bn_riv : [256]
res4_5_branch2b_bn_b : [95]
res2_1_branch2b_w : [40 35  3  3]
res4_1_branch2b_bn_rm : [93]
res3_1_branch2c_w : [512 128   1   1]
res3_2_branch2a_bn_riv : [77]
res3_3_branch2a_bn_s : [58]
res3_0_branch2b_w : [ 92 100   3   3]
res4_5_branch2a_bn_riv : [54]
res4_5_branch2b_bn_s : [95]
res2_1_branch2a_bn_riv : [35]
res3_1_branch2c_bn_riv : [512]
res5_1_branch2a_bn_riv : [74]
res3_0_branch2c_bn_b : [512]
res3_0_branch2a_bn_rm : [100]
res4_4_branch2c_bn_b : [1024]
res5_0_branch2a_bn_riv : [84]
res2_2_branch2c_bn_rm : [256]
res5_2_branch2c_bn_riv : [2048]
res3_3_branch2b_w : [80 58  3  3]
res5_2_branch2b_bn_riv : [27]
res4_2_branch2b_bn_rm : [83]
res5_2_branch2c_w : [2048  512    1    1]
res3_0_branch2c_bn_s : [512]
res4_4_branch2c_bn_s : [1024]
res4_4_branch2a_w : [  40 1024    1    1]
res5_0_branch2b_bn_rm : [185]
res2_0_branch2a_w : [34 64  1  1]
res4_4_branch2b_bn_rm : [87]
res5_1_branch2b_bn_rm : [54]
res4_3_branch2a_bn_riv : [56]
res5_0_branch2c_w : [2048  512    1    1]
res5_1_branch2b_bn_b : [54]
res4_3_branch2a_w : [  56 1024    1    1]
res3_1_branch2a_bn_riv : [39]
res5_0_branch1_bn_rm : [2048]
res4_3_branch2c_bn_rm : [1024]
res3_2_branch2b_bn_riv : [106]
res2_1_branch2b_bn_b : [40]
res2_0_branch2b_bn_riv : [10]
res4_1_branch2b_w : [93 68  3  3]
res5_1_branch2b_bn_s : [54]
res4_4_branch2c_w : [1024  256    1    1]
res2_0_branch2c_bn_rm : [256]
res5_1_branch2c_bn_rm : [2048]
res4_0_branch2b_bn_riv : [120]
res3_0_branch2c_w : [512 128   1   1]
res2_2_branch2c_bn_riv : [256]
res4_0_branch1_bn_riv : [1024]
res5_0_branch1_w : [2048 1024    1    1]
res3_1_branch2c_bn_rm : [512]
res4_5_branch2c_bn_b : [1024]
res4_3_branch2c_w : [1024  256    1    1]
res4_5_branch2a_bn_s : [54]
res4_3_branch2b_bn_s : [129]
res4_2_branch2c_bn_s : [1024]
res4_4_branch2a_bn_rm : [40]
res3_2_branch2c_bn_riv : [512]
res5_0_branch2a_w : [  84 1024    1    1]
res4_5_branch2c_bn_s : [1024]
res4_5_branch2a_bn_b : [54]
res4_2_branch2c_bn_b : [1024]
res2_0_branch2c_bn_s : [256]
res4_3_branch2b_bn_b : [129]
res3_0_branch2b_bn_riv : [92]
res3_0_branch2a_w : [100 256   1   1]
++++++++++++++++++++++++++++++++++++++++++++++++++++++++++++++++++++++++++++++++++++++++++++++++++++
computing the params and FLOPs of network
====================================================================================================
feature map shape: (N, 3, 224, 224)

====================================================================================================
feature map shape: (N, 3, 224, 224)

====================================================================================================
feature map shape: (N, 3, 224, 224)

====================================================================================================
conv_params: 9472.0, conv_flops: 118816768.0
feature map shape: (N, 64, 112.0, 112.0)

====================================================================================================
bn_params: 128, bn_flops: 802816.0
feature map shape: (N, 64, 112.0, 112.0)

====================================================================================================
feature map shape: (N, 64, 112.0, 112.0)

====================================================================================================
feature map shape: (N, 64, 56.0, 56.0)

====================================================================================================
conv_params: 16640.0, conv_flops: 52183040.0
feature map shape: (N, 256, 56.0, 56.0)

====================================================================================================
bn_params: 512, bn_flops: 802816.0
feature map shape: (N, 256, 56.0, 56.0)

====================================================================================================
conv_params: 2210.0, conv_flops: 6930560.0
feature map shape: (N, 34, 56.0, 56.0)

====================================================================================================
bn_params: 68, bn_flops: 106624.0
feature map shape: (N, 34, 56.0, 56.0)

====================================================================================================
feature map shape: (N, 34, 56.0, 56.0)

====================================================================================================
conv_params: 3070.0, conv_flops: 9627520.0
feature map shape: (N, 10, 56.0, 56.0)

====================================================================================================
bn_params: 20, bn_flops: 31360.0
feature map shape: (N, 10, 56.0, 56.0)

====================================================================================================
feature map shape: (N, 10, 56.0, 56.0)

====================================================================================================
conv_params: 16640.0, conv_flops: 52183040.0
feature map shape: (N, 256, 56.0, 56.0)

====================================================================================================
bn_params: 512, bn_flops: 802816.0
feature map shape: (N, 256, 56.0, 56.0)

====================================================================================================
feature map shape: (N, 256, 56.0, 56.0)

====================================================================================================
feature map shape: (N, 256, 56.0, 56.0)

====================================================================================================
conv_params: 8995.0, conv_flops: 28208320.0
feature map shape: (N, 35, 56.0, 56.0)

====================================================================================================
bn_params: 70, bn_flops: 109760.0
feature map shape: (N, 35, 56.0, 56.0)

====================================================================================================
feature map shape: (N, 35, 56.0, 56.0)

====================================================================================================
conv_params: 12640.0, conv_flops: 39639040.0
feature map shape: (N, 40, 56.0, 56.0)

====================================================================================================
bn_params: 80, bn_flops: 125440.0
feature map shape: (N, 40, 56.0, 56.0)

====================================================================================================
feature map shape: (N, 40, 56.0, 56.0)

====================================================================================================
conv_params: 16640.0, conv_flops: 52183040.0
feature map shape: (N, 256, 56.0, 56.0)

====================================================================================================
bn_params: 512, bn_flops: 802816.0
feature map shape: (N, 256, 56.0, 56.0)

====================================================================================================
feature map shape: (N, 256, 56.0, 56.0)

====================================================================================================
feature map shape: (N, 256, 56.0, 56.0)

====================================================================================================
conv_params: 12593.0, conv_flops: 39491648.0
feature map shape: (N, 49, 56.0, 56.0)

====================================================================================================
bn_params: 98, bn_flops: 153664.0
feature map shape: (N, 49, 56.0, 56.0)

====================================================================================================
feature map shape: (N, 49, 56.0, 56.0)

====================================================================================================
conv_params: 18564.0, conv_flops: 58216704.0
feature map shape: (N, 42, 56.0, 56.0)

====================================================================================================
bn_params: 84, bn_flops: 131712.0
feature map shape: (N, 42, 56.0, 56.0)

====================================================================================================
feature map shape: (N, 42, 56.0, 56.0)

====================================================================================================
conv_params: 16640.0, conv_flops: 52183040.0
feature map shape: (N, 256, 56.0, 56.0)

====================================================================================================
bn_params: 512, bn_flops: 802816.0
feature map shape: (N, 256, 56.0, 56.0)

====================================================================================================
feature map shape: (N, 256, 56.0, 56.0)

====================================================================================================
feature map shape: (N, 256, 56.0, 56.0)

====================================================================================================
conv_params: 131584.0, conv_flops: 103161856.0
feature map shape: (N, 512, 28.0, 28.0)

====================================================================================================
bn_params: 1024, bn_flops: 401408.0
feature map shape: (N, 512, 28.0, 28.0)

====================================================================================================
conv_params: 25700.0, conv_flops: 20148800.0
feature map shape: (N, 100, 28.0, 28.0)

====================================================================================================
bn_params: 200, bn_flops: 78400.0
feature map shape: (N, 100, 28.0, 28.0)

====================================================================================================
feature map shape: (N, 100, 28.0, 28.0)

====================================================================================================
conv_params: 82892.0, conv_flops: 64987328.0
feature map shape: (N, 92, 28.0, 28.0)

====================================================================================================
bn_params: 184, bn_flops: 72128.0
feature map shape: (N, 92, 28.0, 28.0)

====================================================================================================
feature map shape: (N, 92, 28.0, 28.0)

====================================================================================================
conv_params: 66048.0, conv_flops: 51781632.0
feature map shape: (N, 512, 28.0, 28.0)

====================================================================================================
bn_params: 1024, bn_flops: 401408.0
feature map shape: (N, 512, 28.0, 28.0)

====================================================================================================
feature map shape: (N, 512, 28.0, 28.0)

====================================================================================================
feature map shape: (N, 512, 28.0, 28.0)

====================================================================================================
conv_params: 20007.0, conv_flops: 15685488.0
feature map shape: (N, 39, 28.0, 28.0)

====================================================================================================
bn_params: 78, bn_flops: 30576.0
feature map shape: (N, 39, 28.0, 28.0)

====================================================================================================
feature map shape: (N, 39, 28.0, 28.0)

====================================================================================================
conv_params: 27808.0, conv_flops: 21801472.0
feature map shape: (N, 79, 28.0, 28.0)

====================================================================================================
bn_params: 158, bn_flops: 61936.0
feature map shape: (N, 79, 28.0, 28.0)

====================================================================================================
feature map shape: (N, 79, 28.0, 28.0)

====================================================================================================
conv_params: 66048.0, conv_flops: 51781632.0
feature map shape: (N, 512, 28.0, 28.0)

====================================================================================================
bn_params: 1024, bn_flops: 401408.0
feature map shape: (N, 512, 28.0, 28.0)

====================================================================================================
feature map shape: (N, 512, 28.0, 28.0)

====================================================================================================
feature map shape: (N, 512, 28.0, 28.0)

====================================================================================================
conv_params: 39501.0, conv_flops: 30968784.0
feature map shape: (N, 77, 28.0, 28.0)

====================================================================================================
bn_params: 154, bn_flops: 60368.0
feature map shape: (N, 77, 28.0, 28.0)

====================================================================================================
feature map shape: (N, 77, 28.0, 28.0)

====================================================================================================
conv_params: 73564.0, conv_flops: 57674176.0
feature map shape: (N, 106, 28.0, 28.0)

====================================================================================================
bn_params: 212, bn_flops: 83104.0
feature map shape: (N, 106, 28.0, 28.0)

====================================================================================================
feature map shape: (N, 106, 28.0, 28.0)

====================================================================================================
conv_params: 66048.0, conv_flops: 51781632.0
feature map shape: (N, 512, 28.0, 28.0)

====================================================================================================
bn_params: 1024, bn_flops: 401408.0
feature map shape: (N, 512, 28.0, 28.0)

====================================================================================================
feature map shape: (N, 512, 28.0, 28.0)

====================================================================================================
feature map shape: (N, 512, 28.0, 28.0)

====================================================================================================
conv_params: 29754.0, conv_flops: 23327136.0
feature map shape: (N, 58, 28.0, 28.0)

====================================================================================================
bn_params: 116, bn_flops: 45472.0
feature map shape: (N, 58, 28.0, 28.0)

====================================================================================================
feature map shape: (N, 58, 28.0, 28.0)

====================================================================================================
conv_params: 41840.0, conv_flops: 32802560.0
feature map shape: (N, 80, 28.0, 28.0)

====================================================================================================
bn_params: 160, bn_flops: 62720.0
feature map shape: (N, 80, 28.0, 28.0)

====================================================================================================
feature map shape: (N, 80, 28.0, 28.0)

====================================================================================================
conv_params: 66048.0, conv_flops: 51781632.0
feature map shape: (N, 512, 28.0, 28.0)

====================================================================================================
bn_params: 1024, bn_flops: 401408.0
feature map shape: (N, 512, 28.0, 28.0)

====================================================================================================
feature map shape: (N, 512, 28.0, 28.0)

====================================================================================================
feature map shape: (N, 512, 28.0, 28.0)

====================================================================================================
conv_params: 525312.0, conv_flops: 102961152.0
feature map shape: (N, 1024, 14.0, 14.0)

====================================================================================================
bn_params: 2048, bn_flops: 200704.0
feature map shape: (N, 1024, 14.0, 14.0)

====================================================================================================
conv_params: 86697.0, conv_flops: 16992612.0
feature map shape: (N, 169, 14.0, 14.0)

====================================================================================================
bn_params: 338, bn_flops: 33124.0
feature map shape: (N, 169, 14.0, 14.0)

====================================================================================================
feature map shape: (N, 169, 14.0, 14.0)

====================================================================================================
conv_params: 182640.0, conv_flops: 35797440.0
feature map shape: (N, 120, 14.0, 14.0)

====================================================================================================
bn_params: 240, bn_flops: 23520.0
feature map shape: (N, 120, 14.0, 14.0)

====================================================================================================
feature map shape: (N, 120, 14.0, 14.0)

====================================================================================================
conv_params: 263168.0, conv_flops: 51580928.0
feature map shape: (N, 1024, 14.0, 14.0)

====================================================================================================
bn_params: 2048, bn_flops: 200704.0
feature map shape: (N, 1024, 14.0, 14.0)

====================================================================================================
feature map shape: (N, 1024, 14.0, 14.0)

====================================================================================================
feature map shape: (N, 1024, 14.0, 14.0)

====================================================================================================
conv_params: 69700.0, conv_flops: 13661200.0
feature map shape: (N, 68, 14.0, 14.0)

====================================================================================================
bn_params: 136, bn_flops: 13328.0
feature map shape: (N, 68, 14.0, 14.0)

====================================================================================================
feature map shape: (N, 68, 14.0, 14.0)

====================================================================================================
conv_params: 57009.0, conv_flops: 11173764.0
feature map shape: (N, 93, 14.0, 14.0)

====================================================================================================
bn_params: 186, bn_flops: 18228.0
feature map shape: (N, 93, 14.0, 14.0)

====================================================================================================
feature map shape: (N, 93, 14.0, 14.0)

====================================================================================================
conv_params: 263168.0, conv_flops: 51580928.0
feature map shape: (N, 1024, 14.0, 14.0)

====================================================================================================
bn_params: 2048, bn_flops: 200704.0
feature map shape: (N, 1024, 14.0, 14.0)

====================================================================================================
feature map shape: (N, 1024, 14.0, 14.0)

====================================================================================================
feature map shape: (N, 1024, 14.0, 14.0)

====================================================================================================
conv_params: 61500.0, conv_flops: 12054000.0
feature map shape: (N, 60, 14.0, 14.0)

====================================================================================================
bn_params: 120, bn_flops: 11760.0
feature map shape: (N, 60, 14.0, 14.0)

====================================================================================================
feature map shape: (N, 60, 14.0, 14.0)

====================================================================================================
conv_params: 44903.0, conv_flops: 8800988.0
feature map shape: (N, 83, 14.0, 14.0)

====================================================================================================
bn_params: 166, bn_flops: 16268.0
feature map shape: (N, 83, 14.0, 14.0)

====================================================================================================
feature map shape: (N, 83, 14.0, 14.0)

====================================================================================================
conv_params: 263168.0, conv_flops: 51580928.0
feature map shape: (N, 1024, 14.0, 14.0)

====================================================================================================
bn_params: 2048, bn_flops: 200704.0
feature map shape: (N, 1024, 14.0, 14.0)

====================================================================================================
feature map shape: (N, 1024, 14.0, 14.0)

====================================================================================================
feature map shape: (N, 1024, 14.0, 14.0)

====================================================================================================
conv_params: 57400.0, conv_flops: 11250400.0
feature map shape: (N, 56, 14.0, 14.0)

====================================================================================================
bn_params: 112, bn_flops: 10976.0
feature map shape: (N, 56, 14.0, 14.0)

====================================================================================================
feature map shape: (N, 56, 14.0, 14.0)

====================================================================================================
conv_params: 65145.0, conv_flops: 12768420.0
feature map shape: (N, 129, 14.0, 14.0)

====================================================================================================
bn_params: 258, bn_flops: 25284.0
feature map shape: (N, 129, 14.0, 14.0)

====================================================================================================
feature map shape: (N, 129, 14.0, 14.0)

====================================================================================================
conv_params: 263168.0, conv_flops: 51580928.0
feature map shape: (N, 1024, 14.0, 14.0)

====================================================================================================
bn_params: 2048, bn_flops: 200704.0
feature map shape: (N, 1024, 14.0, 14.0)

====================================================================================================
feature map shape: (N, 1024, 14.0, 14.0)

====================================================================================================
feature map shape: (N, 1024, 14.0, 14.0)

====================================================================================================
conv_params: 41000.0, conv_flops: 8036000.0
feature map shape: (N, 40, 14.0, 14.0)

====================================================================================================
bn_params: 80, bn_flops: 7840.0
feature map shape: (N, 40, 14.0, 14.0)

====================================================================================================
feature map shape: (N, 40, 14.0, 14.0)

====================================================================================================
conv_params: 31407.0, conv_flops: 6155772.0
feature map shape: (N, 87, 14.0, 14.0)

====================================================================================================
bn_params: 174, bn_flops: 17052.0
feature map shape: (N, 87, 14.0, 14.0)

====================================================================================================
feature map shape: (N, 87, 14.0, 14.0)

====================================================================================================
conv_params: 263168.0, conv_flops: 51580928.0
feature map shape: (N, 1024, 14.0, 14.0)

====================================================================================================
bn_params: 2048, bn_flops: 200704.0
feature map shape: (N, 1024, 14.0, 14.0)

====================================================================================================
feature map shape: (N, 1024, 14.0, 14.0)

====================================================================================================
feature map shape: (N, 1024, 14.0, 14.0)

====================================================================================================
conv_params: 55350.0, conv_flops: 10848600.0
feature map shape: (N, 54, 14.0, 14.0)

====================================================================================================
bn_params: 108, bn_flops: 10584.0
feature map shape: (N, 54, 14.0, 14.0)

====================================================================================================
feature map shape: (N, 54, 14.0, 14.0)

====================================================================================================
conv_params: 46265.0, conv_flops: 9067940.0
feature map shape: (N, 95, 14.0, 14.0)

====================================================================================================
bn_params: 190, bn_flops: 18620.0
feature map shape: (N, 95, 14.0, 14.0)

====================================================================================================
feature map shape: (N, 95, 14.0, 14.0)

====================================================================================================
conv_params: 263168.0, conv_flops: 51580928.0
feature map shape: (N, 1024, 14.0, 14.0)

====================================================================================================
bn_params: 2048, bn_flops: 200704.0
feature map shape: (N, 1024, 14.0, 14.0)

====================================================================================================
feature map shape: (N, 1024, 14.0, 14.0)

====================================================================================================
feature map shape: (N, 1024, 14.0, 14.0)

====================================================================================================
conv_params: 2099200.0, conv_flops: 102860800.0
feature map shape: (N, 2048, 7.0, 7.0)

====================================================================================================
bn_params: 4096, bn_flops: 100352.0
feature map shape: (N, 2048, 7.0, 7.0)

====================================================================================================
conv_params: 86100.0, conv_flops: 4218900.0
feature map shape: (N, 84, 7.0, 7.0)

====================================================================================================
bn_params: 168, bn_flops: 4116.0
feature map shape: (N, 84, 7.0, 7.0)

====================================================================================================
feature map shape: (N, 84, 7.0, 7.0)

====================================================================================================
conv_params: 140045.0, conv_flops: 6862205.0
feature map shape: (N, 185, 7.0, 7.0)

====================================================================================================
bn_params: 370, bn_flops: 9065.0
feature map shape: (N, 185, 7.0, 7.0)

====================================================================================================
feature map shape: (N, 185, 7.0, 7.0)

====================================================================================================
conv_params: 1050624.0, conv_flops: 51480576.0
feature map shape: (N, 2048, 7.0, 7.0)

====================================================================================================
bn_params: 4096, bn_flops: 100352.0
feature map shape: (N, 2048, 7.0, 7.0)

====================================================================================================
feature map shape: (N, 2048, 7.0, 7.0)

====================================================================================================
feature map shape: (N, 2048, 7.0, 7.0)

====================================================================================================
conv_params: 151626.0, conv_flops: 7429674.0
feature map shape: (N, 74, 7.0, 7.0)

====================================================================================================
bn_params: 148, bn_flops: 3626.0
feature map shape: (N, 74, 7.0, 7.0)

====================================================================================================
feature map shape: (N, 74, 7.0, 7.0)

====================================================================================================
conv_params: 36018.0, conv_flops: 1764882.0
feature map shape: (N, 54, 7.0, 7.0)

====================================================================================================
bn_params: 108, bn_flops: 2646.0
feature map shape: (N, 54, 7.0, 7.0)

====================================================================================================
feature map shape: (N, 54, 7.0, 7.0)

====================================================================================================
conv_params: 1050624.0, conv_flops: 51480576.0
feature map shape: (N, 2048, 7.0, 7.0)

====================================================================================================
bn_params: 4096, bn_flops: 100352.0
feature map shape: (N, 2048, 7.0, 7.0)

====================================================================================================
feature map shape: (N, 2048, 7.0, 7.0)

====================================================================================================
feature map shape: (N, 2048, 7.0, 7.0)

====================================================================================================
conv_params: 55323.0, conv_flops: 2710827.0
feature map shape: (N, 27, 7.0, 7.0)

====================================================================================================
bn_params: 54, bn_flops: 1323.0
feature map shape: (N, 27, 7.0, 7.0)

====================================================================================================
feature map shape: (N, 27, 7.0, 7.0)

====================================================================================================
conv_params: 6588.0, conv_flops: 322812.0
feature map shape: (N, 27, 7.0, 7.0)

====================================================================================================
bn_params: 54, bn_flops: 1323.0
feature map shape: (N, 27, 7.0, 7.0)

====================================================================================================
feature map shape: (N, 27, 7.0, 7.0)

====================================================================================================
conv_params: 1050624.0, conv_flops: 51480576.0
feature map shape: (N, 2048, 7.0, 7.0)

====================================================================================================
bn_params: 4096, bn_flops: 100352.0
feature map shape: (N, 2048, 7.0, 7.0)

====================================================================================================
feature map shape: (N, 2048, 7.0, 7.0)

====================================================================================================
feature map shape: (N, 2048, 7.0, 7.0)

====================================================================================================
feature map shape: (N, 2048, 1.0, 1.0)

====================================================================================================
fc_params: 262144, fc_flops: 262144
feature map shape: (N, 128, 1.0, 1.0)

====================================================================================================
feature map shape: (N, 128, 1.0, 1.0)

====================================================================================================
fc_params: 262144, fc_flops: 262144
feature map shape: (N, 2048, 1.0, 1.0)

====================================================================================================
feature map shape: (N, 2048, 1.0, 1.0)

====================================================================================================
feature map shape: (N, 2048, 7.0, 7.0)

====================================================================================================
feature map shape: (N, 2048, 1.0, 1.0)

====================================================================================================
fc_params: 2097152, fc_flops: 2097152
feature map shape: (N, 1024, 1.0, 1.0)

====================================================================================================
feature map shape: (N, 1024, 1.0, 1.0)

====================================================================================================
fc_params: 262144, fc_flops: 262144
feature map shape: (N, 128, 1.0, 1.0)

====================================================================================================
feature map shape: (N, 128, 1.0, 1.0)

====================================================================================================
fc_params: 262144, fc_flops: 262144
feature map shape: (N, 2048, 1.0, 1.0)

====================================================================================================
feature map shape: (N, 2048, 1.0, 1.0)

====================================================================================================
feature map shape: (N, 2048, 7.0, 7.0)

====================================================================================================
feature map shape: (N, 2048, 1.0, 1.0)

====================================================================================================
fc_params: 2097152, fc_flops: 2097152
feature map shape: (N, 1024, 1.0, 1.0)

====================================================================================================
feature map shape: (N, 1024, 1.0, 1.0)

====================================================================================================
fc_params: 401408, fc_flops: 401408
feature map shape: (N, 196, 1.0, 1.0)

====================================================================================================
feature map shape: (N, 196, 1.0, 1.0)

====================================================================================================
feature map shape: (N, 196, 1.0, 1.0)

====================================================================================================
feature map shape: (N, 196, 1.0, 1.0)

====================================================================================================
feature map shape: (N, 196, 1.0, 1.0)

====================================================================================================
feature map shape: (N, 196, 1.0, 1.0)

====================================================================================================
feature map shape: (N, 196, 1.0, 1.0)

====================================================================================================
feature map shape: (N, 196, 1.0, 1.0)

====================================================================================================
feature map shape: (N, 196, 1.0, 1.0)

====================================================================================================
feature map shape: (N, 196, 1.0, 1.0)

====================================================================================================
feature map shape: (N, 196, 1.0, 1.0)

====================================================================================================
feature map shape: (N, 196, 1.0, 1.0)

====================================================================================================
feature map shape: (N, 196, 1.0, 1.0)

====================================================================================================
feature map shape: (N, 196, 1.0, 1.0)

====================================================================================================
feature map shape: (N, 196, 1.0, 1.0)

====================================================================================================
feature map shape: (N, 196, 1.0, 1.0)

params: 15188050.0, FLOPs: 1951866223.0
[INFO] finish running src/param_statistics.py, total_time is 5.648s
