[INFO] start running src/param_statistics.py ...
[INFO] start running initialize ...
[INFO] finish running initialize ...

[INFO] start running build_validation_model ...
[INFO] finish running build_validation_model ...

****************************************************************************************************
net work pruning...
****************************************************************************************************
bn layer name: res2_0_branch1_bn 	 layer total channels: 256 	 remainingchannels: 166.0 	 pruned rate: 35.16%
bn layer name: res2_0_branch2a_bn 	 layer total channels: 64 	 remainingchannels: 21.0 	 pruned rate: 67.19%
bn layer name: res2_0_branch2b_bn 	 layer total channels: 64 	 remainingchannels: 7.0 	 pruned rate: 89.06%
bn layer name: res2_0_branch2c_bn 	 layer total channels: 256 	 remainingchannels: 111.0 	 pruned rate: 56.64%
bn layer name: res2_1_branch2a_bn 	 layer total channels: 64 	 remainingchannels: 24.0 	 pruned rate: 62.50%
bn layer name: res2_1_branch2b_bn 	 layer total channels: 64 	 remainingchannels: 21.0 	 pruned rate: 67.19%
bn layer name: res2_1_branch2c_bn 	 layer total channels: 256 	 remainingchannels: 7.0 	 pruned rate: 97.27%
bn layer name: res2_2_branch2a_bn 	 layer total channels: 64 	 remainingchannels: 24.0 	 pruned rate: 62.50%
bn layer name: res2_2_branch2b_bn 	 layer total channels: 64 	 remainingchannels: 31.0 	 pruned rate: 51.56%
bn layer name: res2_2_branch2c_bn 	 layer total channels: 256 	 remainingchannels: 27.0 	 pruned rate: 89.45%
bn layer name: res3_0_branch1_bn 	 layer total channels: 512 	 remainingchannels: 89.0 	 pruned rate: 82.62%
bn layer name: res3_0_branch2a_bn 	 layer total channels: 128 	 remainingchannels: 61.0 	 pruned rate: 52.34%
bn layer name: res3_0_branch2b_bn 	 layer total channels: 128 	 remainingchannels: 69.0 	 pruned rate: 46.09%
bn layer name: res3_0_branch2c_bn 	 layer total channels: 512 	 remainingchannels: 56.0 	 pruned rate: 89.06%
bn layer name: res3_1_branch2a_bn 	 layer total channels: 128 	 remainingchannels: 16.0 	 pruned rate: 87.50%
bn layer name: res3_1_branch2b_bn 	 layer total channels: 128 	 remainingchannels: 56.0 	 pruned rate: 56.25%
bn layer name: res3_1_branch2c_bn 	 layer total channels: 512 	 remainingchannels: 29.0 	 pruned rate: 94.34%
bn layer name: res3_2_branch2a_bn 	 layer total channels: 128 	 remainingchannels: 29.0 	 pruned rate: 77.34%
bn layer name: res3_2_branch2b_bn 	 layer total channels: 128 	 remainingchannels: 90.0 	 pruned rate: 29.69%
bn layer name: res3_2_branch2c_bn 	 layer total channels: 512 	 remainingchannels: 21.0 	 pruned rate: 95.90%
bn layer name: res3_3_branch2a_bn 	 layer total channels: 128 	 remainingchannels: 21.0 	 pruned rate: 83.59%
bn layer name: res3_3_branch2b_bn 	 layer total channels: 128 	 remainingchannels: 43.0 	 pruned rate: 66.41%
bn layer name: res3_3_branch2c_bn 	 layer total channels: 512 	 remainingchannels: 3.0 	 pruned rate: 99.41%
bn layer name: res4_0_branch1_bn 	 layer total channels: 1024 	 remainingchannels: 38.0 	 pruned rate: 96.29%
bn layer name: res4_0_branch2a_bn 	 layer total channels: 256 	 remainingchannels: 81.0 	 pruned rate: 68.36%
bn layer name: res4_0_branch2b_bn 	 layer total channels: 256 	 remainingchannels: 44.0 	 pruned rate: 82.81%
bn layer name: res4_0_branch2c_bn 	 layer total channels: 1024 	 remainingchannels: 78.0 	 pruned rate: 92.38%
bn layer name: res4_1_branch2a_bn 	 layer total channels: 256 	 remainingchannels: 27.0 	 pruned rate: 89.45%
bn layer name: res4_1_branch2b_bn 	 layer total channels: 256 	 remainingchannels: 26.0 	 pruned rate: 89.84%
bn layer name: res4_1_branch2c_bn 	 layer total channels: 1024 	 remainingchannels: 23.0 	 pruned rate: 97.75%
bn layer name: res4_2_branch2a_bn 	 layer total channels: 256 	 remainingchannels: 17.0 	 pruned rate: 93.36%
bn layer name: res4_2_branch2b_bn 	 layer total channels: 256 	 remainingchannels: 24.0 	 pruned rate: 90.62%
bn layer name: res4_2_branch2c_bn 	 layer total channels: 1024 	 remainingchannels: 8.0 	 pruned rate: 99.22%
bn layer name: res4_3_branch2a_bn 	 layer total channels: 256 	 remainingchannels: 12.0 	 pruned rate: 95.31%
bn layer name: res4_3_branch2b_bn 	 layer total channels: 256 	 remainingchannels: 52.0 	 pruned rate: 79.69%
bn layer name: res4_3_branch2c_bn 	 layer total channels: 1024 	 remainingchannels: 23.0 	 pruned rate: 97.75%
bn layer name: res4_4_branch2a_bn 	 layer total channels: 256 	 remainingchannels: 4.0 	 pruned rate: 98.44%
bn layer name: res4_4_branch2b_bn 	 layer total channels: 256 	 remainingchannels: 19.0 	 pruned rate: 92.58%
bn layer name: res4_4_branch2c_bn 	 layer total channels: 1024 	 remainingchannels: 1.0 	 pruned rate: 99.90%
bn layer name: res4_5_branch2a_bn 	 layer total channels: 256 	 remainingchannels: 12.0 	 pruned rate: 95.31%
bn layer name: res4_5_branch2b_bn 	 layer total channels: 256 	 remainingchannels: 31.0 	 pruned rate: 87.89%
bn layer name: res4_5_branch2c_bn 	 layer total channels: 1024 	 remainingchannels: 2.0 	 pruned rate: 99.80%
bn layer name: res5_0_branch1_bn 	 layer total channels: 2048 	 remainingchannels: 2048.0 	 pruned rate: 0.00%
bn layer name: res5_0_branch2a_bn 	 layer total channels: 512 	 remainingchannels: 4.0 	 pruned rate: 99.22%
bn layer name: res5_0_branch2b_bn 	 layer total channels: 512 	 remainingchannels: 13.0 	 pruned rate: 97.46%
bn layer name: res5_0_branch2c_bn 	 layer total channels: 2048 	 remainingchannels: 1978.0 	 pruned rate: 3.42%
bn layer name: res5_1_branch2a_bn 	 layer total channels: 512 	 remainingchannels: 5.0 	 pruned rate: 99.02%
bn layer name: res5_1_branch2b_bn 	 layer total channels: 512 	 remainingchannels: 3.0 	 pruned rate: 99.41%
bn layer name: res5_1_branch2c_bn 	 layer total channels: 2048 	 remainingchannels: 1020.0 	 pruned rate: 50.20%
bn layer name: res5_2_branch2a_bn 	 layer total channels: 512 	 remainingchannels: 2.0 	 pruned rate: 99.61%
bn layer name: res5_2_branch2b_bn 	 layer total channels: 512 	 remainingchannels: 0.0 	 pruned rate: 100.00%
bn layer name: res5_2_branch2c_bn 	 layer total channels: 2048 	 remainingchannels: 1329.0 	 pruned rate: 35.11%
bn layer name: res_conv1_bn 	 layer total channels: 64 	 remainingchannels: 21.0 	 pruned rate: 67.19%
total pruned rate: 0.700037650602
====================================================================================================
op type: ImageInput
in channels: 3, out channels: 3

====================================================================================================
op type: StopGradient
in channels: 3, out channels: 3

====================================================================================================
op type: StopGradient
in channels: 3, out channels: 3

====================================================================================================
op type: Conv
in channels: 3, out channels: 64

====================================================================================================
op type: SpatialBN
in channels: 3, out channels: 64

====================================================================================================
op type: Relu
in channels: 3, out channels: 64

====================================================================================================
op type: MaxPool
in channels: 64, out channels: 64

====================================================================================================
op type: Conv
in channels: 64, out channels: 256

====================================================================================================
op type: SpatialBN
in channels: 64, out channels: 256

====================================================================================================
op type: Conv
in channels: 64, out channels: 64

====================================================================================================
op type: SpatialBN
in channels: 64, out channels: 21.0

====================================================================================================
op type: Relu
in channels: 21.0, out channels: 21.0

====================================================================================================
C_in: 21.0, old_in: 64
op type: Conv
in channels: 21.0, out channels: 64

====================================================================================================
op type: SpatialBN
in channels: 64, out channels: 7.0

====================================================================================================
op type: Relu
in channels: 7.0, out channels: 7.0

====================================================================================================
op type: Conv
in channels: 7.0, out channels: 256

====================================================================================================
op type: SpatialBN
in channels: 7.0, out channels: 256

====================================================================================================
op type: Sum
in channels: 7.0, out channels: 256

====================================================================================================
op type: Relu
in channels: 256, out channels: 256

====================================================================================================
op type: Conv
in channels: 256, out channels: 64

====================================================================================================
op type: SpatialBN
in channels: 64, out channels: 24.0

====================================================================================================
op type: Relu
in channels: 24.0, out channels: 24.0

====================================================================================================
C_in: 24.0, old_in: 64
op type: Conv
in channels: 24.0, out channels: 64

====================================================================================================
op type: SpatialBN
in channels: 64, out channels: 21.0

====================================================================================================
op type: Relu
in channels: 21.0, out channels: 21.0

====================================================================================================
op type: Conv
in channels: 21.0, out channels: 256

====================================================================================================
op type: SpatialBN
in channels: 21.0, out channels: 256

====================================================================================================
op type: Sum
in channels: 21.0, out channels: 256

====================================================================================================
op type: Relu
in channels: 256, out channels: 256

====================================================================================================
op type: Conv
in channels: 256, out channels: 64

====================================================================================================
op type: SpatialBN
in channels: 64, out channels: 24.0

====================================================================================================
op type: Relu
in channels: 24.0, out channels: 24.0

====================================================================================================
C_in: 24.0, old_in: 64
op type: Conv
in channels: 24.0, out channels: 64

====================================================================================================
op type: SpatialBN
in channels: 64, out channels: 31.0

====================================================================================================
op type: Relu
in channels: 31.0, out channels: 31.0

====================================================================================================
op type: Conv
in channels: 31.0, out channels: 256

====================================================================================================
op type: SpatialBN
in channels: 31.0, out channels: 256

====================================================================================================
op type: Sum
in channels: 31.0, out channels: 256

====================================================================================================
op type: Relu
in channels: 256, out channels: 256

====================================================================================================
op type: Conv
in channels: 256, out channels: 512

====================================================================================================
op type: SpatialBN
in channels: 256, out channels: 512

====================================================================================================
op type: Conv
in channels: 256, out channels: 128

====================================================================================================
op type: SpatialBN
in channels: 128, out channels: 61.0

====================================================================================================
op type: Relu
in channels: 61.0, out channels: 61.0

====================================================================================================
C_in: 61.0, old_in: 128
op type: Conv
in channels: 61.0, out channels: 128

====================================================================================================
op type: SpatialBN
in channels: 128, out channels: 69.0

====================================================================================================
op type: Relu
in channels: 69.0, out channels: 69.0

====================================================================================================
op type: Conv
in channels: 69.0, out channels: 512

====================================================================================================
op type: SpatialBN
in channels: 69.0, out channels: 512

====================================================================================================
op type: Sum
in channels: 69.0, out channels: 512

====================================================================================================
op type: Relu
in channels: 512, out channels: 512

====================================================================================================
op type: Conv
in channels: 512, out channels: 128

====================================================================================================
op type: SpatialBN
in channels: 128, out channels: 16.0

====================================================================================================
op type: Relu
in channels: 16.0, out channels: 16.0

====================================================================================================
C_in: 16.0, old_in: 128
op type: Conv
in channels: 16.0, out channels: 128

====================================================================================================
op type: SpatialBN
in channels: 128, out channels: 56.0

====================================================================================================
op type: Relu
in channels: 56.0, out channels: 56.0

====================================================================================================
op type: Conv
in channels: 56.0, out channels: 512

====================================================================================================
op type: SpatialBN
in channels: 56.0, out channels: 512

====================================================================================================
op type: Sum
in channels: 56.0, out channels: 512

====================================================================================================
op type: Relu
in channels: 512, out channels: 512

====================================================================================================
op type: Conv
in channels: 512, out channels: 128

====================================================================================================
op type: SpatialBN
in channels: 128, out channels: 29.0

====================================================================================================
op type: Relu
in channels: 29.0, out channels: 29.0

====================================================================================================
C_in: 29.0, old_in: 128
op type: Conv
in channels: 29.0, out channels: 128

====================================================================================================
op type: SpatialBN
in channels: 128, out channels: 90.0

====================================================================================================
op type: Relu
in channels: 90.0, out channels: 90.0

====================================================================================================
op type: Conv
in channels: 90.0, out channels: 512

====================================================================================================
op type: SpatialBN
in channels: 90.0, out channels: 512

====================================================================================================
op type: Sum
in channels: 90.0, out channels: 512

====================================================================================================
op type: Relu
in channels: 512, out channels: 512

====================================================================================================
op type: Conv
in channels: 512, out channels: 128

====================================================================================================
op type: SpatialBN
in channels: 128, out channels: 21.0

====================================================================================================
op type: Relu
in channels: 21.0, out channels: 21.0

====================================================================================================
C_in: 21.0, old_in: 128
op type: Conv
in channels: 21.0, out channels: 128

====================================================================================================
op type: SpatialBN
in channels: 128, out channels: 43.0

====================================================================================================
op type: Relu
in channels: 43.0, out channels: 43.0

====================================================================================================
op type: Conv
in channels: 43.0, out channels: 512

====================================================================================================
op type: SpatialBN
in channels: 43.0, out channels: 512

====================================================================================================
op type: Sum
in channels: 43.0, out channels: 512

====================================================================================================
op type: Relu
in channels: 512, out channels: 512

====================================================================================================
op type: Conv
in channels: 512, out channels: 1024

====================================================================================================
op type: SpatialBN
in channels: 512, out channels: 1024

====================================================================================================
op type: Conv
in channels: 512, out channels: 256

====================================================================================================
op type: SpatialBN
in channels: 256, out channels: 81.0

====================================================================================================
op type: Relu
in channels: 81.0, out channels: 81.0

====================================================================================================
C_in: 81.0, old_in: 256
op type: Conv
in channels: 81.0, out channels: 256

====================================================================================================
op type: SpatialBN
in channels: 256, out channels: 44.0

====================================================================================================
op type: Relu
in channels: 44.0, out channels: 44.0

====================================================================================================
op type: Conv
in channels: 44.0, out channels: 1024

====================================================================================================
op type: SpatialBN
in channels: 44.0, out channels: 1024

====================================================================================================
op type: Sum
in channels: 44.0, out channels: 1024

====================================================================================================
op type: Relu
in channels: 1024, out channels: 1024

====================================================================================================
op type: Conv
in channels: 1024, out channels: 256

====================================================================================================
op type: SpatialBN
in channels: 256, out channels: 27.0

====================================================================================================
op type: Relu
in channels: 27.0, out channels: 27.0

====================================================================================================
C_in: 27.0, old_in: 256
op type: Conv
in channels: 27.0, out channels: 256

====================================================================================================
op type: SpatialBN
in channels: 256, out channels: 26.0

====================================================================================================
op type: Relu
in channels: 26.0, out channels: 26.0

====================================================================================================
op type: Conv
in channels: 26.0, out channels: 1024

====================================================================================================
op type: SpatialBN
in channels: 26.0, out channels: 1024

====================================================================================================
op type: Sum
in channels: 26.0, out channels: 1024

====================================================================================================
op type: Relu
in channels: 1024, out channels: 1024

====================================================================================================
op type: Conv
in channels: 1024, out channels: 256

====================================================================================================
op type: SpatialBN
in channels: 256, out channels: 17.0

====================================================================================================
op type: Relu
in channels: 17.0, out channels: 17.0

====================================================================================================
C_in: 17.0, old_in: 256
op type: Conv
in channels: 17.0, out channels: 256

====================================================================================================
op type: SpatialBN
in channels: 256, out channels: 24.0

====================================================================================================
op type: Relu
in channels: 24.0, out channels: 24.0

====================================================================================================
op type: Conv
in channels: 24.0, out channels: 1024

====================================================================================================
op type: SpatialBN
in channels: 24.0, out channels: 1024

====================================================================================================
op type: Sum
in channels: 24.0, out channels: 1024

====================================================================================================
op type: Relu
in channels: 1024, out channels: 1024

====================================================================================================
op type: Conv
in channels: 1024, out channels: 256

====================================================================================================
op type: SpatialBN
in channels: 256, out channels: 12.0

====================================================================================================
op type: Relu
in channels: 12.0, out channels: 12.0

====================================================================================================
C_in: 12.0, old_in: 256
op type: Conv
in channels: 12.0, out channels: 256

====================================================================================================
op type: SpatialBN
in channels: 256, out channels: 52.0

====================================================================================================
op type: Relu
in channels: 52.0, out channels: 52.0

====================================================================================================
op type: Conv
in channels: 52.0, out channels: 1024

====================================================================================================
op type: SpatialBN
in channels: 52.0, out channels: 1024

====================================================================================================
op type: Sum
in channels: 52.0, out channels: 1024

====================================================================================================
op type: Relu
in channels: 1024, out channels: 1024

====================================================================================================
op type: Conv
in channels: 1024, out channels: 256

====================================================================================================
op type: SpatialBN
in channels: 256, out channels: 4.0

====================================================================================================
op type: Relu
in channels: 4.0, out channels: 4.0

====================================================================================================
C_in: 4.0, old_in: 256
op type: Conv
in channels: 4.0, out channels: 256

====================================================================================================
op type: SpatialBN
in channels: 256, out channels: 19.0

====================================================================================================
op type: Relu
in channels: 19.0, out channels: 19.0

====================================================================================================
op type: Conv
in channels: 19.0, out channels: 1024

====================================================================================================
op type: SpatialBN
in channels: 19.0, out channels: 1024

====================================================================================================
op type: Sum
in channels: 19.0, out channels: 1024

====================================================================================================
op type: Relu
in channels: 1024, out channels: 1024

====================================================================================================
op type: Conv
in channels: 1024, out channels: 256

====================================================================================================
op type: SpatialBN
in channels: 256, out channels: 12.0

====================================================================================================
op type: Relu
in channels: 12.0, out channels: 12.0

====================================================================================================
C_in: 12.0, old_in: 256
op type: Conv
in channels: 12.0, out channels: 256

====================================================================================================
op type: SpatialBN
in channels: 256, out channels: 31.0

====================================================================================================
op type: Relu
in channels: 31.0, out channels: 31.0

====================================================================================================
op type: Conv
in channels: 31.0, out channels: 1024

====================================================================================================
op type: SpatialBN
in channels: 31.0, out channels: 1024

====================================================================================================
op type: Sum
in channels: 31.0, out channels: 1024

====================================================================================================
op type: Relu
in channels: 1024, out channels: 1024

====================================================================================================
op type: Conv
in channels: 1024, out channels: 2048

====================================================================================================
op type: SpatialBN
in channels: 1024, out channels: 2048

====================================================================================================
op type: Conv
in channels: 1024, out channels: 512

====================================================================================================
op type: SpatialBN
in channels: 512, out channels: 4.0

====================================================================================================
op type: Relu
in channels: 4.0, out channels: 4.0

====================================================================================================
C_in: 4.0, old_in: 512
op type: Conv
in channels: 4.0, out channels: 512

====================================================================================================
op type: SpatialBN
in channels: 512, out channels: 13.0

====================================================================================================
op type: Relu
in channels: 13.0, out channels: 13.0

====================================================================================================
op type: Conv
in channels: 13.0, out channels: 2048

====================================================================================================
op type: SpatialBN
in channels: 13.0, out channels: 2048

====================================================================================================
op type: Sum
in channels: 13.0, out channels: 2048

====================================================================================================
op type: Relu
in channels: 2048, out channels: 2048

====================================================================================================
op type: Conv
in channels: 2048, out channels: 512

====================================================================================================
op type: SpatialBN
in channels: 512, out channels: 5.0

====================================================================================================
op type: Relu
in channels: 5.0, out channels: 5.0

====================================================================================================
C_in: 5.0, old_in: 512
op type: Conv
in channels: 5.0, out channels: 512

====================================================================================================
op type: SpatialBN
in channels: 512, out channels: 3.0

====================================================================================================
op type: Relu
in channels: 3.0, out channels: 3.0

====================================================================================================
op type: Conv
in channels: 3.0, out channels: 2048

====================================================================================================
op type: SpatialBN
in channels: 3.0, out channels: 2048

====================================================================================================
op type: Sum
in channels: 3.0, out channels: 2048

====================================================================================================
op type: Relu
in channels: 2048, out channels: 2048

====================================================================================================
op type: Conv
in channels: 2048, out channels: 512

====================================================================================================
op type: SpatialBN
in channels: 512, out channels: 2.0

====================================================================================================
op type: Relu
in channels: 2.0, out channels: 2.0

====================================================================================================
C_in: 2.0, old_in: 512
op type: Conv
in channels: 2.0, out channels: 512

====================================================================================================
op type: SpatialBN
in channels: 512, out channels: 0.0

====================================================================================================
op type: Relu
in channels: 0.0, out channels: 0.0

====================================================================================================
op type: Conv
in channels: 0.0, out channels: 2048

====================================================================================================
op type: SpatialBN
in channels: 0.0, out channels: 2048

====================================================================================================
op type: Sum
in channels: 0.0, out channels: 2048

====================================================================================================
op type: Relu
in channels: 2048, out channels: 2048

====================================================================================================
op type: AveragePool
in channels: 2048, out channels: 2048

====================================================================================================
op type: FC
in channels: 2048, out channels: 2048

====================================================================================================
op type: Relu
in channels: 2048, out channels: 2048

====================================================================================================
op type: FC
in channels: 2048, out channels: 2048

====================================================================================================
op type: Sigmoid
in channels: 2048, out channels: 2048

====================================================================================================
op type: Mul
in channels: 2048, out channels: 2048

====================================================================================================
op type: AveragePool
in channels: 2048, out channels: 2048

====================================================================================================
op type: FC
in channels: 2048, out channels: 2048

====================================================================================================
op type: AveragePool
in channels: 2048, out channels: 2048

====================================================================================================
op type: FC
in channels: 2048, out channels: 2048

====================================================================================================
op type: Relu
in channels: 2048, out channels: 2048

====================================================================================================
op type: FC
in channels: 2048, out channels: 2048

====================================================================================================
op type: Sigmoid
in channels: 2048, out channels: 2048

====================================================================================================
op type: Mul
in channels: 2048, out channels: 2048

====================================================================================================
op type: AveragePool
in channels: 2048, out channels: 2048

====================================================================================================
op type: FC
in channels: 2048, out channels: 2048

====================================================================================================
op type: Concat
in channels: 2048, out channels: 2048

====================================================================================================
op type: FC
in channels: 2048, out channels: 2048

====================================================================================================
op type: SoftmaxWithLoss
in channels: 2048, out channels: 2048

====================================================================================================
op type: Split
in channels: 2048, out channels: 2048

====================================================================================================
op type: Sub
in channels: 2048, out channels: 2048

====================================================================================================
op type: Abs
in channels: 2048, out channels: 2048

====================================================================================================
op type: Mul
in channels: 2048, out channels: 2048

====================================================================================================
op type: ReduceBackSum
in channels: 2048, out channels: 2048

====================================================================================================
op type: Sqrt
in channels: 2048, out channels: 2048

====================================================================================================
op type: ReduceBackSum
in channels: 2048, out channels: 2048

====================================================================================================
op type: GivenTensorFill
in channels: 2048, out channels: 2048

====================================================================================================
op type: Div
in channels: 2048, out channels: 2048

====================================================================================================
op type: ConstantFill
in channels: 2048, out channels: 2048

====================================================================================================
op type: Mul
in channels: 2048, out channels: 2048

====================================================================================================
op type: Sum
in channels: 2048, out channels: 2048

====================================================================================================
op type: Accuracy
in channels: 2048, out channels: 2048

====================================================================================================
op type: Accuracy
in channels: 2048, out channels: 2048





new weights_map:

res2_0_branch2a_bn_s : [21]
res2_0_branch2b_bn_rm : [7]
res_conv1_bn_b : [64]
res2_2_branch2a_bn_rm : [24]
res2_2_branch2b_bn_rm : [31]
res4_3_branch2a_bn_b : [12]
res2_1_branch2a_bn_s : [24]
res2_2_branch2a_w : [ 24 256   1   1]
res3_2_branch2c_bn_b : [512]
res5_0_branch2c_bn_s : [2048]
res2_0_branch2a_bn_b : [21]
res_conv1_bn_s : [64]
res5_2_branch2a_bn_rm : [2]
res4_5_branch2b_bn_rm : [31]
res5_0_branch1_bn_riv : [2048]
res2_1_branch2a_bn_b : [24]
res2_1_branch2c_w : [256  64   1   1]
res4_2_branch2c_w : [1024  256    1    1]
res3_1_branch2b_w : [56 16  3  3]
res3_2_branch2c_bn_s : [512]
res3_1_branch2b_bn_riv : [56]
res3_1_branch2a_bn_rm : [16]
res4_4_branch2b_w : [19  4  3  3]
res4_4_branch2c_bn_rm : [1024]
res3_1_branch2b_bn_b : [56]
bi_attention_pred_b : [196]
res3_1_branch2c_bn_b : [512]
res5_2_branch2b_w : [0 2 3 3]
res4_3_branch2a_bn_rm : [12]
res2_1_branch2c_bn_b : [256]
res2_0_branch2b_bn_b : [7]
res4_0_branch2a_bn_s : [81]
res3_2_branch2b_bn_b : [90]
res3_3_branch2a_w : [ 21 512   1   1]
bi_attention_pred_w : [ 196 2048]
res3_1_branch2b_bn_s : [56]
res3_1_branch2c_bn_s : [512]
res4_0_branch2a_bn_rm : [81]
res5_1_branch2c_w : [2048  512    1    1]
res2_1_branch2c_bn_s : [256]
res2_0_branch2b_bn_s : [7]
res3_2_branch2b_bn_s : [90]
res4_0_branch2a_bn_b : [81]
res4_0_branch2c_bn_b : [1024]
res5_2_branch2b_bn_rm : [0]
res2_1_branch2b_bn_riv : [21]
res3_1_branch2b_bn_rm : [56]
res3_3_branch2b_bn_s : [43]
res5_1_branch2c_bn_s : [2048]
res4_2_branch2a_w : [  17 1024    1    1]
osme_fc1_2_w : [ 128 2048]
conv1_b : [64]
res2_0_branch2c_bn_b : [256]
res4_0_branch2c_bn_s : [1024]
res4_3_branch2b_bn_rm : [52]
res5_0_branch2b_bn_s : [13]
res3_3_branch2b_bn_b : [43]
res4_3_branch2c_bn_riv : [1024]
res5_1_branch2c_bn_b : [2048]
res2_0_branch1_bn_rm : [256]
res4_1_branch2a_bn_riv : [27]
conv1_w : [64  3  7  7]
res3_0_branch2b_bn_b : [69]
res4_3_branch2b_w : [52 12  3  3]
osme_fc2_2_w : [2048  128]
osme_fc2_1_w : [2048  128]
res2_1_branch2b_bn_rm : [21]
res4_1_branch2c_bn_b : [1024]
res3_2_branch2a_w : [ 29 512   1   1]
res4_1_branch2b_bn_b : [26]
res5_0_branch2c_bn_b : [2048]
res4_5_branch2c_w : [1024  256    1    1]
res2_0_branch1_w : [256  64   1   1]
res4_4_branch2b_bn_riv : [19]
res2_1_branch2c_bn_rm : [256]
res3_2_branch2c_w : [512 128   1   1]
res3_0_branch2b_bn_s : [69]
res4_1_branch2c_bn_s : [1024]
res4_1_branch2b_bn_s : [26]
res4_0_branch2c_bn_rm : [1024]
res2_2_branch2a_bn_riv : [24]
res5_0_branch2b_w : [13  4  3  3]
res4_1_branch2c_bn_riv : [1024]
attention_1_b : [1024]
res4_4_branch2a_bn_s : [4]
res4_5_branch2c_bn_rm : [1024]
res4_0_branch2b_bn_rm : [44]
res4_5_branch2a_w : [  12 1024    1    1]
res2_0_branch1_bn_riv : [256]
res4_2_branch2b_bn_s : [24]
res2_2_branch2a_bn_b : [24]
res_conv1_bn_riv : [64]
res4_4_branch2a_bn_b : [4]
res4_3_branch2a_bn_s : [12]
res4_0_branch2c_bn_riv : [1024]
res4_2_branch2b_bn_b : [24]
res2_2_branch2a_bn_s : [24]
res2_0_branch2a_bn_riv : [21]
res3_0_branch2b_bn_rm : [69]
res4_4_branch2a_bn_riv : [4]
res5_0_branch2a_bn_rm : [4]
res5_2_branch2a_bn_riv : [2]
res5_1_branch2b_bn_riv : [3]
res5_1_branch2c_bn_riv : [2048]
osme_fc2_2_b : [2048]
osme_fc1_2_b : [128]
res4_5_branch2b_bn_riv : [31]
res5_2_branch2c_bn_s : [2048]
res3_2_branch2a_bn_rm : [29]
res5_1_branch2a_bn_rm : [5]
res4_2_branch2c_bn_rm : [1024]
res2_0_branch2c_w : [256  64   1   1]
res5_0_branch2a_bn_b : [4]
res3_2_branch2a_bn_s : [29]
res3_0_branch2c_bn_rm : [512]
res5_2_branch2c_bn_b : [2048]
res4_0_branch2b_w : [44 81  3  3]
res3_3_branch2c_w : [512 128   1   1]
res5_2_branch2a_w : [   2 2048    1    1]
res5_2_branch2c_bn_rm : [2048]
res3_2_branch2a_bn_b : [29]
res5_0_branch2a_bn_s : [4]
res4_1_branch2b_bn_riv : [26]
res3_0_branch2a_bn_s : [61]
res4_4_branch2b_bn_b : [19]
res4_3_branch2b_bn_riv : [52]
res4_2_branch2c_bn_riv : [1024]
attention_1_w : [1024 2048]
res3_2_branch2b_w : [90 29  3  3]
res4_1_branch2a_bn_s : [27]
osme_fc1_1_w : [ 128 2048]
res4_0_branch2b_bn_b : [44]
res3_0_branch2a_bn_b : [61]
res4_4_branch2b_bn_s : [19]
res2_2_branch2b_bn_riv : [31]
res2_1_branch2a_w : [ 24 256   1   1]
osme_fc1_1_b : [128]
res2_2_branch2c_w : [256  64   1   1]
res4_0_branch1_w : [1024  512    1    1]
res4_0_branch2b_bn_s : [44]
res3_3_branch2a_bn_riv : [21]
res4_2_branch2a_bn_b : [17]
res4_5_branch2a_bn_rm : [12]
res3_2_branch2c_bn_rm : [512]
res5_2_branch2b_bn_s : [0]
res2_0_branch2a_bn_rm : [21]
res5_0_branch2b_bn_riv : [13]
res3_1_branch2a_bn_b : [16]
res3_3_branch2b_bn_rm : [43]
res4_3_branch2c_bn_s : [1024]
res3_0_branch1_w : [512 256   1   1]
res4_2_branch2a_bn_s : [17]
res5_2_branch2b_bn_b : [0]
res3_1_branch2a_bn_s : [16]
res4_3_branch2c_bn_b : [1024]
osme_fc2_1_b : [2048]
res4_5_branch2b_w : [31 12  3  3]
res5_0_branch2b_bn_b : [13]
res5_2_branch2a_bn_b : [2]
res5_0_branch2c_bn_riv : [2048]
res5_1_branch2a_bn_s : [5]
res3_3_branch2a_bn_rm : [21]
res4_0_branch2a_bn_riv : [81]
res3_3_branch2c_bn_riv : [512]
res2_1_branch2a_bn_rm : [24]
res2_0_branch1_bn_s : [256]
res2_2_branch2b_bn_s : [31]
res5_2_branch2a_bn_s : [2]
res_conv1_bn_rm : [64]
res5_1_branch2a_bn_b : [5]
res2_0_branch2c_bn_riv : [256]
res3_2_branch2b_bn_rm : [90]
res2_0_branch1_bn_b : [256]
res2_2_branch2b_bn_b : [31]
res2_2_branch2c_bn_s : [256]
res4_2_branch2b_bn_riv : [24]
res4_1_branch2a_bn_b : [27]
res4_0_branch1_bn_rm : [1024]
res4_0_branch1_bn_s : [1024]
res5_0_branch1_bn_s : [2048]
res4_2_branch2a_bn_rm : [17]
res4_0_branch2c_w : [1024  256    1    1]
res4_1_branch2a_w : [  27 1024    1    1]
res5_0_branch2c_bn_rm : [2048]
res2_2_branch2c_bn_b : [256]
res2_0_branch2b_w : [ 7 21  3  3]
res3_0_branch1_bn_rm : [512]
res4_0_branch1_bn_b : [1024]
res4_1_branch2c_bn_rm : [1024]
res5_0_branch1_bn_b : [2048]
res4_0_branch2a_w : [ 81 512   1   1]
res4_1_branch2c_w : [1024  256    1    1]
res2_1_branch2b_bn_s : [21]
res4_2_branch2b_w : [24 17  3  3]
attention_2_w : [1024 2048]
res3_0_branch1_bn_b : [512]
res3_3_branch2c_bn_b : [512]
res3_0_branch1_bn_riv : [512]
res4_2_branch2a_bn_riv : [17]
res4_1_branch2a_bn_rm : [27]
res5_1_branch2b_w : [3 5 3 3]
res3_0_branch2c_bn_riv : [512]
attention_2_b : [1024]
res4_5_branch2c_bn_riv : [1024]
res4_4_branch2c_bn_riv : [1024]
res3_0_branch1_bn_s : [512]
res3_3_branch2c_bn_rm : [512]
res3_3_branch2c_bn_s : [512]
res3_0_branch2a_bn_riv : [61]
res3_3_branch2b_bn_riv : [43]
res5_1_branch2a_w : [   5 2048    1    1]
res3_1_branch2a_w : [ 16 512   1   1]
res2_2_branch2b_w : [31 24  3  3]
res3_3_branch2a_bn_b : [21]
res2_1_branch2c_bn_riv : [256]
res4_5_branch2b_bn_b : [31]
res2_1_branch2b_w : [21 24  3  3]
res4_1_branch2b_bn_rm : [26]
res3_1_branch2c_w : [512 128   1   1]
res3_2_branch2a_bn_riv : [29]
res3_3_branch2a_bn_s : [21]
res3_0_branch2b_w : [69 61  3  3]
res4_5_branch2a_bn_riv : [12]
res4_5_branch2b_bn_s : [31]
res2_1_branch2a_bn_riv : [24]
res3_1_branch2c_bn_riv : [512]
res5_1_branch2a_bn_riv : [5]
res3_0_branch2c_bn_b : [512]
res3_0_branch2a_bn_rm : [61]
res4_4_branch2c_bn_b : [1024]
res5_0_branch2a_bn_riv : [4]
res2_2_branch2c_bn_rm : [256]
res5_2_branch2c_bn_riv : [2048]
res3_3_branch2b_w : [43 21  3  3]
res5_2_branch2b_bn_riv : [0]
res4_2_branch2b_bn_rm : [24]
res5_2_branch2c_w : [2048  512    1    1]
res3_0_branch2c_bn_s : [512]
res4_4_branch2c_bn_s : [1024]
res4_4_branch2a_w : [   4 1024    1    1]
res5_0_branch2b_bn_rm : [13]
res2_0_branch2a_w : [21 64  1  1]
res4_4_branch2b_bn_rm : [19]
res5_1_branch2b_bn_rm : [3]
res4_3_branch2a_bn_riv : [12]
res5_0_branch2c_w : [2048  512    1    1]
res5_1_branch2b_bn_b : [3]
res4_3_branch2a_w : [  12 1024    1    1]
res3_1_branch2a_bn_riv : [16]
res5_0_branch1_bn_rm : [2048]
res4_3_branch2c_bn_rm : [1024]
res3_2_branch2b_bn_riv : [90]
res2_1_branch2b_bn_b : [21]
res2_0_branch2b_bn_riv : [7]
res4_1_branch2b_w : [26 27  3  3]
res5_1_branch2b_bn_s : [3]
res4_4_branch2c_w : [1024  256    1    1]
res2_0_branch2c_bn_rm : [256]
res5_1_branch2c_bn_rm : [2048]
res4_0_branch2b_bn_riv : [44]
res3_0_branch2c_w : [512 128   1   1]
res2_2_branch2c_bn_riv : [256]
res4_0_branch1_bn_riv : [1024]
res5_0_branch1_w : [2048 1024    1    1]
res3_1_branch2c_bn_rm : [512]
res4_5_branch2c_bn_b : [1024]
res4_3_branch2c_w : [1024  256    1    1]
res4_5_branch2a_bn_s : [12]
res4_3_branch2b_bn_s : [52]
res4_2_branch2c_bn_s : [1024]
res4_4_branch2a_bn_rm : [4]
res3_2_branch2c_bn_riv : [512]
res5_0_branch2a_w : [   4 1024    1    1]
res4_5_branch2c_bn_s : [1024]
res4_5_branch2a_bn_b : [12]
res4_2_branch2c_bn_b : [1024]
res2_0_branch2c_bn_s : [256]
res4_3_branch2b_bn_b : [52]
res3_0_branch2b_bn_riv : [69]
res3_0_branch2a_w : [ 61 256   1   1]
++++++++++++++++++++++++++++++++++++++++++++++++++++++++++++++++++++++++++++++++++++++++++++++++++++
computing the params and FLOPs of network
====================================================================================================
feature map shape: (N, 3, 224, 224)

====================================================================================================
feature map shape: (N, 3, 224, 224)

====================================================================================================
feature map shape: (N, 3, 224, 224)

====================================================================================================
conv_params: 9472.0, conv_flops: 118816768.0
feature map shape: (N, 64, 112.0, 112.0)

====================================================================================================
bn_params: 128, bn_flops: 802816.0
feature map shape: (N, 64, 112.0, 112.0)

====================================================================================================
feature map shape: (N, 64, 112.0, 112.0)

====================================================================================================
feature map shape: (N, 64, 56.0, 56.0)

====================================================================================================
conv_params: 16640.0, conv_flops: 52183040.0
feature map shape: (N, 256, 56.0, 56.0)

====================================================================================================
bn_params: 512, bn_flops: 802816.0
feature map shape: (N, 256, 56.0, 56.0)

====================================================================================================
conv_params: 1365.0, conv_flops: 4280640.0
feature map shape: (N, 21, 56.0, 56.0)

====================================================================================================
bn_params: 42, bn_flops: 65856.0
feature map shape: (N, 21, 56.0, 56.0)

====================================================================================================
feature map shape: (N, 21, 56.0, 56.0)

====================================================================================================
conv_params: 1330.0, conv_flops: 4170880.0
feature map shape: (N, 7, 56.0, 56.0)

====================================================================================================
bn_params: 14, bn_flops: 21952.0
feature map shape: (N, 7, 56.0, 56.0)

====================================================================================================
feature map shape: (N, 7, 56.0, 56.0)

====================================================================================================
conv_params: 16640.0, conv_flops: 52183040.0
feature map shape: (N, 256, 56.0, 56.0)

====================================================================================================
bn_params: 512, bn_flops: 802816.0
feature map shape: (N, 256, 56.0, 56.0)

====================================================================================================
feature map shape: (N, 256, 56.0, 56.0)

====================================================================================================
feature map shape: (N, 256, 56.0, 56.0)

====================================================================================================
conv_params: 6168.0, conv_flops: 19342848.0
feature map shape: (N, 24, 56.0, 56.0)

====================================================================================================
bn_params: 48, bn_flops: 75264.0
feature map shape: (N, 24, 56.0, 56.0)

====================================================================================================
feature map shape: (N, 24, 56.0, 56.0)

====================================================================================================
conv_params: 4557.0, conv_flops: 14290752.0
feature map shape: (N, 21, 56.0, 56.0)

====================================================================================================
bn_params: 42, bn_flops: 65856.0
feature map shape: (N, 21, 56.0, 56.0)

====================================================================================================
feature map shape: (N, 21, 56.0, 56.0)

====================================================================================================
conv_params: 16640.0, conv_flops: 52183040.0
feature map shape: (N, 256, 56.0, 56.0)

====================================================================================================
bn_params: 512, bn_flops: 802816.0
feature map shape: (N, 256, 56.0, 56.0)

====================================================================================================
feature map shape: (N, 256, 56.0, 56.0)

====================================================================================================
feature map shape: (N, 256, 56.0, 56.0)

====================================================================================================
conv_params: 6168.0, conv_flops: 19342848.0
feature map shape: (N, 24, 56.0, 56.0)

====================================================================================================
bn_params: 48, bn_flops: 75264.0
feature map shape: (N, 24, 56.0, 56.0)

====================================================================================================
feature map shape: (N, 24, 56.0, 56.0)

====================================================================================================
conv_params: 6727.0, conv_flops: 21095872.0
feature map shape: (N, 31, 56.0, 56.0)

====================================================================================================
bn_params: 62, bn_flops: 97216.0
feature map shape: (N, 31, 56.0, 56.0)

====================================================================================================
feature map shape: (N, 31, 56.0, 56.0)

====================================================================================================
conv_params: 16640.0, conv_flops: 52183040.0
feature map shape: (N, 256, 56.0, 56.0)

====================================================================================================
bn_params: 512, bn_flops: 802816.0
feature map shape: (N, 256, 56.0, 56.0)

====================================================================================================
feature map shape: (N, 256, 56.0, 56.0)

====================================================================================================
feature map shape: (N, 256, 56.0, 56.0)

====================================================================================================
conv_params: 131584.0, conv_flops: 103161856.0
feature map shape: (N, 512, 28.0, 28.0)

====================================================================================================
bn_params: 1024, bn_flops: 401408.0
feature map shape: (N, 512, 28.0, 28.0)

====================================================================================================
conv_params: 15677.0, conv_flops: 12290768.0
feature map shape: (N, 61, 28.0, 28.0)

====================================================================================================
bn_params: 122, bn_flops: 47824.0
feature map shape: (N, 61, 28.0, 28.0)

====================================================================================================
feature map shape: (N, 61, 28.0, 28.0)

====================================================================================================
conv_params: 37950.0, conv_flops: 29752800.0
feature map shape: (N, 69, 28.0, 28.0)

====================================================================================================
bn_params: 138, bn_flops: 54096.0
feature map shape: (N, 69, 28.0, 28.0)

====================================================================================================
feature map shape: (N, 69, 28.0, 28.0)

====================================================================================================
conv_params: 66048.0, conv_flops: 51781632.0
feature map shape: (N, 512, 28.0, 28.0)

====================================================================================================
bn_params: 1024, bn_flops: 401408.0
feature map shape: (N, 512, 28.0, 28.0)

====================================================================================================
feature map shape: (N, 512, 28.0, 28.0)

====================================================================================================
feature map shape: (N, 512, 28.0, 28.0)

====================================================================================================
conv_params: 8208.0, conv_flops: 6435072.0
feature map shape: (N, 16, 28.0, 28.0)

====================================================================================================
bn_params: 32, bn_flops: 12544.0
feature map shape: (N, 16, 28.0, 28.0)

====================================================================================================
feature map shape: (N, 16, 28.0, 28.0)

====================================================================================================
conv_params: 8120.0, conv_flops: 6366080.0
feature map shape: (N, 56, 28.0, 28.0)

====================================================================================================
bn_params: 112, bn_flops: 43904.0
feature map shape: (N, 56, 28.0, 28.0)

====================================================================================================
feature map shape: (N, 56, 28.0, 28.0)

====================================================================================================
conv_params: 66048.0, conv_flops: 51781632.0
feature map shape: (N, 512, 28.0, 28.0)

====================================================================================================
bn_params: 1024, bn_flops: 401408.0
feature map shape: (N, 512, 28.0, 28.0)

====================================================================================================
feature map shape: (N, 512, 28.0, 28.0)

====================================================================================================
feature map shape: (N, 512, 28.0, 28.0)

====================================================================================================
conv_params: 14877.0, conv_flops: 11663568.0
feature map shape: (N, 29, 28.0, 28.0)

====================================================================================================
bn_params: 58, bn_flops: 22736.0
feature map shape: (N, 29, 28.0, 28.0)

====================================================================================================
feature map shape: (N, 29, 28.0, 28.0)

====================================================================================================
conv_params: 23580.0, conv_flops: 18486720.0
feature map shape: (N, 90, 28.0, 28.0)

====================================================================================================
bn_params: 180, bn_flops: 70560.0
feature map shape: (N, 90, 28.0, 28.0)

====================================================================================================
feature map shape: (N, 90, 28.0, 28.0)

====================================================================================================
conv_params: 66048.0, conv_flops: 51781632.0
feature map shape: (N, 512, 28.0, 28.0)

====================================================================================================
bn_params: 1024, bn_flops: 401408.0
feature map shape: (N, 512, 28.0, 28.0)

====================================================================================================
feature map shape: (N, 512, 28.0, 28.0)

====================================================================================================
feature map shape: (N, 512, 28.0, 28.0)

====================================================================================================
conv_params: 10773.0, conv_flops: 8446032.0
feature map shape: (N, 21, 28.0, 28.0)

====================================================================================================
bn_params: 42, bn_flops: 16464.0
feature map shape: (N, 21, 28.0, 28.0)

====================================================================================================
feature map shape: (N, 21, 28.0, 28.0)

====================================================================================================
conv_params: 8170.0, conv_flops: 6405280.0
feature map shape: (N, 43, 28.0, 28.0)

====================================================================================================
bn_params: 86, bn_flops: 33712.0
feature map shape: (N, 43, 28.0, 28.0)

====================================================================================================
feature map shape: (N, 43, 28.0, 28.0)

====================================================================================================
conv_params: 66048.0, conv_flops: 51781632.0
feature map shape: (N, 512, 28.0, 28.0)

====================================================================================================
bn_params: 1024, bn_flops: 401408.0
feature map shape: (N, 512, 28.0, 28.0)

====================================================================================================
feature map shape: (N, 512, 28.0, 28.0)

====================================================================================================
feature map shape: (N, 512, 28.0, 28.0)

====================================================================================================
conv_params: 525312.0, conv_flops: 102961152.0
feature map shape: (N, 1024, 14.0, 14.0)

====================================================================================================
bn_params: 2048, bn_flops: 200704.0
feature map shape: (N, 1024, 14.0, 14.0)

====================================================================================================
conv_params: 41553.0, conv_flops: 8144388.0
feature map shape: (N, 81, 14.0, 14.0)

====================================================================================================
bn_params: 162, bn_flops: 15876.0
feature map shape: (N, 81, 14.0, 14.0)

====================================================================================================
feature map shape: (N, 81, 14.0, 14.0)

====================================================================================================
conv_params: 32120.0, conv_flops: 6295520.0
feature map shape: (N, 44, 14.0, 14.0)

====================================================================================================
bn_params: 88, bn_flops: 8624.0
feature map shape: (N, 44, 14.0, 14.0)

====================================================================================================
feature map shape: (N, 44, 14.0, 14.0)

====================================================================================================
conv_params: 263168.0, conv_flops: 51580928.0
feature map shape: (N, 1024, 14.0, 14.0)

====================================================================================================
bn_params: 2048, bn_flops: 200704.0
feature map shape: (N, 1024, 14.0, 14.0)

====================================================================================================
feature map shape: (N, 1024, 14.0, 14.0)

====================================================================================================
feature map shape: (N, 1024, 14.0, 14.0)

====================================================================================================
conv_params: 27675.0, conv_flops: 5424300.0
feature map shape: (N, 27, 14.0, 14.0)

====================================================================================================
bn_params: 54, bn_flops: 5292.0
feature map shape: (N, 27, 14.0, 14.0)

====================================================================================================
feature map shape: (N, 27, 14.0, 14.0)

====================================================================================================
conv_params: 6344.0, conv_flops: 1243424.0
feature map shape: (N, 26, 14.0, 14.0)

====================================================================================================
bn_params: 52, bn_flops: 5096.0
feature map shape: (N, 26, 14.0, 14.0)

====================================================================================================
feature map shape: (N, 26, 14.0, 14.0)

====================================================================================================
conv_params: 263168.0, conv_flops: 51580928.0
feature map shape: (N, 1024, 14.0, 14.0)

====================================================================================================
bn_params: 2048, bn_flops: 200704.0
feature map shape: (N, 1024, 14.0, 14.0)

====================================================================================================
feature map shape: (N, 1024, 14.0, 14.0)

====================================================================================================
feature map shape: (N, 1024, 14.0, 14.0)

====================================================================================================
conv_params: 17425.0, conv_flops: 3415300.0
feature map shape: (N, 17, 14.0, 14.0)

====================================================================================================
bn_params: 34, bn_flops: 3332.0
feature map shape: (N, 17, 14.0, 14.0)

====================================================================================================
feature map shape: (N, 17, 14.0, 14.0)

====================================================================================================
conv_params: 3696.0, conv_flops: 724416.0
feature map shape: (N, 24, 14.0, 14.0)

====================================================================================================
bn_params: 48, bn_flops: 4704.0
feature map shape: (N, 24, 14.0, 14.0)

====================================================================================================
feature map shape: (N, 24, 14.0, 14.0)

====================================================================================================
conv_params: 263168.0, conv_flops: 51580928.0
feature map shape: (N, 1024, 14.0, 14.0)

====================================================================================================
bn_params: 2048, bn_flops: 200704.0
feature map shape: (N, 1024, 14.0, 14.0)

====================================================================================================
feature map shape: (N, 1024, 14.0, 14.0)

====================================================================================================
feature map shape: (N, 1024, 14.0, 14.0)

====================================================================================================
conv_params: 12300.0, conv_flops: 2410800.0
feature map shape: (N, 12, 14.0, 14.0)

====================================================================================================
bn_params: 24, bn_flops: 2352.0
feature map shape: (N, 12, 14.0, 14.0)

====================================================================================================
feature map shape: (N, 12, 14.0, 14.0)

====================================================================================================
conv_params: 5668.0, conv_flops: 1110928.0
feature map shape: (N, 52, 14.0, 14.0)

====================================================================================================
bn_params: 104, bn_flops: 10192.0
feature map shape: (N, 52, 14.0, 14.0)

====================================================================================================
feature map shape: (N, 52, 14.0, 14.0)

====================================================================================================
conv_params: 263168.0, conv_flops: 51580928.0
feature map shape: (N, 1024, 14.0, 14.0)

====================================================================================================
bn_params: 2048, bn_flops: 200704.0
feature map shape: (N, 1024, 14.0, 14.0)

====================================================================================================
feature map shape: (N, 1024, 14.0, 14.0)

====================================================================================================
feature map shape: (N, 1024, 14.0, 14.0)

====================================================================================================
conv_params: 4100.0, conv_flops: 803600.0
feature map shape: (N, 4, 14.0, 14.0)

====================================================================================================
bn_params: 8, bn_flops: 784.0
feature map shape: (N, 4, 14.0, 14.0)

====================================================================================================
feature map shape: (N, 4, 14.0, 14.0)

====================================================================================================
conv_params: 703.0, conv_flops: 137788.0
feature map shape: (N, 19, 14.0, 14.0)

====================================================================================================
bn_params: 38, bn_flops: 3724.0
feature map shape: (N, 19, 14.0, 14.0)

====================================================================================================
feature map shape: (N, 19, 14.0, 14.0)

====================================================================================================
conv_params: 263168.0, conv_flops: 51580928.0
feature map shape: (N, 1024, 14.0, 14.0)

====================================================================================================
bn_params: 2048, bn_flops: 200704.0
feature map shape: (N, 1024, 14.0, 14.0)

====================================================================================================
feature map shape: (N, 1024, 14.0, 14.0)

====================================================================================================
feature map shape: (N, 1024, 14.0, 14.0)

====================================================================================================
conv_params: 12300.0, conv_flops: 2410800.0
feature map shape: (N, 12, 14.0, 14.0)

====================================================================================================
bn_params: 24, bn_flops: 2352.0
feature map shape: (N, 12, 14.0, 14.0)

====================================================================================================
feature map shape: (N, 12, 14.0, 14.0)

====================================================================================================
conv_params: 3379.0, conv_flops: 662284.0
feature map shape: (N, 31, 14.0, 14.0)

====================================================================================================
bn_params: 62, bn_flops: 6076.0
feature map shape: (N, 31, 14.0, 14.0)

====================================================================================================
feature map shape: (N, 31, 14.0, 14.0)

====================================================================================================
conv_params: 263168.0, conv_flops: 51580928.0
feature map shape: (N, 1024, 14.0, 14.0)

====================================================================================================
bn_params: 2048, bn_flops: 200704.0
feature map shape: (N, 1024, 14.0, 14.0)

====================================================================================================
feature map shape: (N, 1024, 14.0, 14.0)

====================================================================================================
feature map shape: (N, 1024, 14.0, 14.0)

====================================================================================================
conv_params: 2099200.0, conv_flops: 102860800.0
feature map shape: (N, 2048, 7.0, 7.0)

====================================================================================================
bn_params: 4096, bn_flops: 100352.0
feature map shape: (N, 2048, 7.0, 7.0)

====================================================================================================
conv_params: 4100.0, conv_flops: 200900.0
feature map shape: (N, 4, 7.0, 7.0)

====================================================================================================
bn_params: 8, bn_flops: 196.0
feature map shape: (N, 4, 7.0, 7.0)

====================================================================================================
feature map shape: (N, 4, 7.0, 7.0)

====================================================================================================
conv_params: 481.0, conv_flops: 23569.0
feature map shape: (N, 13, 7.0, 7.0)

====================================================================================================
bn_params: 26, bn_flops: 637.0
feature map shape: (N, 13, 7.0, 7.0)

====================================================================================================
feature map shape: (N, 13, 7.0, 7.0)

====================================================================================================
conv_params: 1050624.0, conv_flops: 51480576.0
feature map shape: (N, 2048, 7.0, 7.0)

====================================================================================================
bn_params: 4096, bn_flops: 100352.0
feature map shape: (N, 2048, 7.0, 7.0)

====================================================================================================
feature map shape: (N, 2048, 7.0, 7.0)

====================================================================================================
feature map shape: (N, 2048, 7.0, 7.0)

====================================================================================================
conv_params: 10245.0, conv_flops: 502005.0
feature map shape: (N, 5, 7.0, 7.0)

====================================================================================================
bn_params: 10, bn_flops: 245.0
feature map shape: (N, 5, 7.0, 7.0)

====================================================================================================
feature map shape: (N, 5, 7.0, 7.0)

====================================================================================================
conv_params: 138.0, conv_flops: 6762.0
feature map shape: (N, 3, 7.0, 7.0)

====================================================================================================
bn_params: 6, bn_flops: 147.0
feature map shape: (N, 3, 7.0, 7.0)

====================================================================================================
feature map shape: (N, 3, 7.0, 7.0)

====================================================================================================
conv_params: 1050624.0, conv_flops: 51480576.0
feature map shape: (N, 2048, 7.0, 7.0)

====================================================================================================
bn_params: 4096, bn_flops: 100352.0
feature map shape: (N, 2048, 7.0, 7.0)

====================================================================================================
feature map shape: (N, 2048, 7.0, 7.0)

====================================================================================================
feature map shape: (N, 2048, 7.0, 7.0)

====================================================================================================
conv_params: 4098.0, conv_flops: 200802.0
feature map shape: (N, 2, 7.0, 7.0)

====================================================================================================
bn_params: 4, bn_flops: 98.0
feature map shape: (N, 2, 7.0, 7.0)

====================================================================================================
feature map shape: (N, 2, 7.0, 7.0)

====================================================================================================
conv_params: 0.0, conv_flops: 0.0
feature map shape: (N, 0, 7.0, 7.0)

====================================================================================================
bn_params: 0, bn_flops: 0.0
feature map shape: (N, 0, 7.0, 7.0)

====================================================================================================
feature map shape: (N, 0, 7.0, 7.0)

====================================================================================================
conv_params: 1050624.0, conv_flops: 51480576.0
feature map shape: (N, 2048, 7.0, 7.0)

====================================================================================================
bn_params: 4096, bn_flops: 100352.0
feature map shape: (N, 2048, 7.0, 7.0)

====================================================================================================
feature map shape: (N, 2048, 7.0, 7.0)

====================================================================================================
feature map shape: (N, 2048, 7.0, 7.0)

====================================================================================================
feature map shape: (N, 2048, 1.0, 1.0)

====================================================================================================
fc_params: 262144, fc_flops: 262144
feature map shape: (N, 128, 1.0, 1.0)

====================================================================================================
feature map shape: (N, 128, 1.0, 1.0)

====================================================================================================
fc_params: 262144, fc_flops: 262144
feature map shape: (N, 2048, 1.0, 1.0)

====================================================================================================
feature map shape: (N, 2048, 1.0, 1.0)

====================================================================================================
feature map shape: (N, 2048, 7.0, 7.0)

====================================================================================================
feature map shape: (N, 2048, 1.0, 1.0)

====================================================================================================
fc_params: 2097152, fc_flops: 2097152
feature map shape: (N, 1024, 1.0, 1.0)

====================================================================================================
feature map shape: (N, 1024, 1.0, 1.0)

====================================================================================================
fc_params: 262144, fc_flops: 262144
feature map shape: (N, 128, 1.0, 1.0)

====================================================================================================
feature map shape: (N, 128, 1.0, 1.0)

====================================================================================================
fc_params: 262144, fc_flops: 262144
feature map shape: (N, 2048, 1.0, 1.0)

====================================================================================================
feature map shape: (N, 2048, 1.0, 1.0)

====================================================================================================
feature map shape: (N, 2048, 7.0, 7.0)

====================================================================================================
feature map shape: (N, 2048, 1.0, 1.0)

====================================================================================================
fc_params: 2097152, fc_flops: 2097152
feature map shape: (N, 1024, 1.0, 1.0)

====================================================================================================
feature map shape: (N, 1024, 1.0, 1.0)

====================================================================================================
fc_params: 401408, fc_flops: 401408
feature map shape: (N, 196, 1.0, 1.0)

====================================================================================================
feature map shape: (N, 196, 1.0, 1.0)

====================================================================================================
feature map shape: (N, 196, 1.0, 1.0)

====================================================================================================
feature map shape: (N, 196, 1.0, 1.0)

====================================================================================================
feature map shape: (N, 196, 1.0, 1.0)

====================================================================================================
feature map shape: (N, 196, 1.0, 1.0)

====================================================================================================
feature map shape: (N, 196, 1.0, 1.0)

====================================================================================================
feature map shape: (N, 196, 1.0, 1.0)

====================================================================================================
feature map shape: (N, 196, 1.0, 1.0)

====================================================================================================
feature map shape: (N, 196, 1.0, 1.0)

====================================================================================================
feature map shape: (N, 196, 1.0, 1.0)

====================================================================================================
feature map shape: (N, 196, 1.0, 1.0)

====================================================================================================
feature map shape: (N, 196, 1.0, 1.0)

====================================================================================================
feature map shape: (N, 196, 1.0, 1.0)

====================================================================================================
feature map shape: (N, 196, 1.0, 1.0)

====================================================================================================
feature map shape: (N, 196, 1.0, 1.0)

params: 13851277.0, FLOPs: 1537919025.0
[INFO] finish running src/param_statistics.py, total_time is 5.550s
